-3.435083731066220641e-02 3.854923968747155705e+00 3.787069487655063238e+00
1.339709896065319483e-01 3.366589087661044033e+00 3.829200340140923586e+00
-7.367532717975481260e-01 3.973195999160876291e+00 3.709484539404074077e+00
-4.730200192811514492e-01 3.768575607044270637e+00 3.771144428581460151e+00
-1.803786711627921868e-01 4.088585937118239144e+00 3.767540450963538401e+00
-2.743436023439168592e-01 3.162252001419165737e+00 3.832804317758847112e+00
-5.898755203212369125e-01 3.140919613871204330e+00 3.788456051984256501e+00
-4.653271751443307513e-01 2.075994623531588257e+00 3.664654108823458323e+00
3.033279726044597613e-01 4.111857880270101684e-01 3.546673556569312602e+00
9.245442053173833497e-01 7.950897651367895280e-01 3.678999192826467812e+00
1.390053894823316982e+00 1.139979254382705448e-01 3.603035081070311563e+00
1.427360375153968741e+00 -1.036136754915422786e+00 3.446704720119932119e+00
1.470142286332711823e+00 -1.175673070503372886e+00 3.422699995426707886e+00
5.312693415820151088e-01 4.241216977127470145e+00 3.555415177261612936e+00
5.303077360649124383e-01 3.668473289942374649e+00 3.654079172230278783e+00
8.677577220042932415e-01 2.783115190470660139e+00 3.666206842944558897e+00
1.333267411510227207e+00 2.102023350772141530e+00 3.590242731188402647e+00
1.753366438211343858e+00 1.933627973291316193e+00 3.445124745049338522e+00
-6.747855598908911179e-02 4.862280660523232712e+00 3.599150521672611180e+00
-1.448292320744383466e-01 4.826559603453072000e+00 3.624348399953628785e+00
-1.531949276637360191e-01 4.766030213679645300e+00 3.639701399087877931e+00
-1.228403376436956601e-01 4.604750172206389713e+00 3.668876455994872554e+00
2.318749620843432724e-02 4.371088203835306274e+00 3.688405492686397391e+00
1.924709286427310762e-01 4.455497009934289210e+00 3.631872350203592337e+00
-1.657720740446501639e-01 4.878192099122088621e+00 3.610125900223337680e+00
-1.797875425587942833e-01 4.860722478212233355e+00 3.619766472248906908e+00
-1.108025620627427349e-01 4.876707467374720828e+00 3.601310728967405339e+00
-2.415890846735439801e-01 4.828689845703424410e+00 3.634852510078125931e+00
-2.857330433269366088e-01 4.818539867922336128e+00 3.631482804625842498e+00
-2.685004186776702717e-01 4.801271830038728261e+00 3.641594645077641079e+00
-3.422443930501473663e-01 4.791238988340460025e+00 3.631125948187484465e+00
-5.824768784389404708e-01 4.664094580676871438e+00 3.605925345811518579e+00
-7.504772621521172971e-01 4.380219370105358223e+00 3.631747041835924339e+00
-4.744665136992293752e-01 4.454486370708099052e+00 3.676705504879157704e+00
-1.012764020250436214e+00 3.898928998558133685e+00 3.664526076360841600e+00
-1.423037236469431033e+00 3.919735635780881022e+00 3.491014848565231699e+00
-2.107564159899016243e+00 3.638328455233430514e+00 3.255756560553859202e+00
-2.517368831786731320e+00 3.438172854738726691e+00 3.120352697003995868e+00
-2.629590647318059471e+00 3.334515593727995775e+00 3.091654356713129825e+00
-1.861311424672271952e+00 3.287911777335386532e+00 3.417881071461398079e+00
-1.736763079495365680e+00 2.222986786995770458e+00 3.294079128300599901e+00
-3.113248257376223460e+00 1.946722697712597316e+00 2.676521355104584554e+00
-4.051987721474404225e+00 1.342940672675188463e+00 2.184089435214727537e+00
-4.373349202643225020e+00 7.199919155745105881e-01 1.944093946086523417e+00
-3.553491966227407595e+00 -1.486010139412379250e+00 1.905199318400430109e+00
-2.436408729893560832e+00 -3.543663431650337259e+00 2.014874105154162987e+00
-1.999542898779507860e+00 -3.701347667790517271e+00 2.168777297504717261e+00
-1.803952881419829124e+00 -3.712551870316985525e+00 2.247871394357617625e+00
-1.718198372415891795e+00 -3.713004070078568919e+00 2.283311869647999259e+00
-1.699527425633395650e+00 -3.706586102378019998e+00 2.292146109568576673e+00
6.254358557893878734e-01 -1.251645354544376865e+00 3.360340013847352036e+00
-5.097217505330587928e-01 -2.548488892487525082e+00 2.818370427304489834e+00
-8.076968765621458379e-01 -4.483931113015074743e+00 2.320653763212992438e+00
3.145076582763834949e-01 -4.258487739106026737e+00 2.620974334993425803e+00
1.246660260787159302e+00 -4.004098132265725418e+00 2.885394059437046188e+00
1.275522046774983931e+00 -3.990216144404097776e+00 2.894920219474744982e+00
1.299867283336870294e+00 -3.943797566468040028e+00 2.910690005136237879e+00
-1.521872849419902751e+00 -5.673981956660846926e+00 1.894289318128487443e+00
-1.375395539901138386e+00 -5.656179996167178814e+00 1.926795943158474023e+00
-6.334337985605302812e-01 -5.464676121231448747e+00 2.133418545062814253e+00
8.111809940022995935e-02 -5.260270932615839001e+00 2.340684033375189266e+00
2.204719006265770109e-01 -5.206088684074278383e+00 2.387034508937514232e+00
1.311441962776442427e+00 -4.853124977398638684e+00 2.698232391850499123e+00
1.354907621787459604e+00 -4.848011851178803511e+00 2.692893165749872253e+00
1.413887001534735344e+00 -4.825992991703618173e+00 2.691893422903479660e+00
1.513509877925554248e+00 -2.828528577370426511e+00 3.121153580919090231e+00
1.508034447077462925e+00 -3.702410064820744307e+00 2.927631151625929906e+00
1.578588506264310798e+00 -4.589718616276156737e+00 2.714173795493797670e+00
1.657655362167718360e+00 -4.607937363297070377e+00 2.692495447887274906e+00
1.764434435990346550e+00 -4.508987338358728003e+00 2.690752027119723611e+00
2.596291310657826035e+00 6.106113310753019663e-01 3.264043257389627417e+00
2.218974195135452021e+00 -3.656498168545257443e-01 3.252830882578312099e+00
2.262341786728294668e+00 -2.018505323721579092e+00 2.951284468070694000e+00
3.042767748753007151e+00 -1.248665194669843492e+00 2.760107484528879773e+00
5.439282108114082526e+00 1.791645420438895631e+00 1.053219554342477826e+00
4.788430446447732969e+00 1.272683539837814237e+00 1.659336128751435879e+00
4.569696518398809637e+00 4.331556137931077410e-01 1.999788067324944629e+00
4.860597169844566245e+00 3.138402550138052471e-01 1.801103478102862088e+00
5.874137557155552969e+00 2.292298658885737195e-01 1.040784060898927166e+00
3.159691352166825506e+00 3.523845640894184950e+00 2.225005341353200716e+00
2.364034975280581374e+00 3.718035473449923689e+00 2.664162136319614405e+00
2.614599952812065808e+00 2.566734880457930412e+00 2.803126391968211895e+00
3.457524825258548429e+00 1.243718238241916296e+00 2.622044904308500346e+00
9.683313075324176955e-01 4.935270060594754149e+00 2.960126880276118921e+00
7.554160462951965416e-01 4.877453869390828700e+00 3.126359326367200708e+00
6.127034359963636767e-01 4.790792236768774970e+00 3.267200483435864999e+00
5.981731135368021368e-01 4.757765309603472659e+00 3.296400057197402589e+00
5.877098648365440825e-01 4.697339435438117938e+00 3.339928370392253765e+00
6.994549637517443186e-01 4.553044125973742418e+00 3.359917779130210835e+00
1.038253376691028240e+00 4.338764093166923352e+00 3.283460606188231878e+00
-5.350394889918450719e-02 4.949252839969505935e+00 3.551593272047746552e+00
-6.262149469448875794e-02 4.942001299214472176e+00 3.558365372091704337e+00
-3.127533411290348009e-02 4.926893468625658912e+00 3.559670213572418085e+00
1.204867196075011873e-02 4.912466661774170795e+00 3.557510006277623926e+00
-1.152292163553537106e-03 4.993723690016815375e+00 3.507209593038815409e+00
-2.788383590102604948e-01 4.832424579878914273e+00 3.625211938052556260e+00
-2.392245702575523381e-01 4.849864235744327345e+00 3.619976227560003146e+00
-3.954214505554159986e-01 4.809855453223971011e+00 3.611046644316200371e+00
-3.472757964215029691e-01 4.819918259966681440e+00 3.617110479673340429e+00
-3.403811121048267996e-01 4.831304976854751132e+00 3.611874769180787759e+00
-2.568933225082014715e+00 3.843082328002552117e+00 3.022682996691824275e+00
-2.798688841295803531e+00 3.727779561083567117e+00 2.952406795189804978e+00
-3.942225763682294382e+00 3.181925415143004532e+00 2.484652451445648946e+00
-4.562831799126574772e+00 2.898074721426033395e+00 2.175780945619365081e+00
-4.649572430502158404e+00 2.753068423179890978e+00 2.159403686784178600e+00
-5.493892039562681795e+00 2.339973044593421925e+00 1.700216621655568083e+00
-5.807367265853280891e+00 2.092709670140487699e+00 1.510518821671223533e+00
-5.909785063662081228e+00 1.902023023689547676e+00 1.471136580989205855e+00
-5.933746202836116090e+00 1.782751250429434053e+00 1.477273966909977032e+00
-6.329521785734939954e+00 1.427613715984253684e+00 1.235243578854646529e+00
-6.424023363621077287e+00 1.334784732396986806e+00 1.143643162089513554e+00
-6.489521502582026535e+00 1.250035414429341296e+00 1.075960298979227181e+00
-6.521270829216107678e+00 1.166604558417156046e+00 1.034445091951908147e+00
-6.522845356096802938e+00 8.904875702612453647e-01 9.764654550510249997e-01
-6.491428369046535529e+00 6.071789714391850890e-01 9.423216489565094944e-01
-6.465165369640343052e+00 4.360104652999732822e-01 9.272819207414289000e-01
-6.434791710955656718e+00 2.825921618503947075e-01 9.190469817096976746e-01
-6.319567942790201620e+00 5.468157514576653666e-01 1.061784108863074172e+00
-6.379040383723300955e+00 -2.001011185957179972e-01 8.540609725992172052e-01
-6.356019057306774300e+00 -3.894611308063494204e-01 8.200343025875217462e-01
-6.266093958935460506e+00 -7.687532151669651537e-01 7.787860568652339444e-01
-6.063938872747970166e+00 -1.387784723730550951e+00 7.454730997302546625e-01
-5.819135356034252915e+00 -1.928321436330081573e+00 7.583063110364030024e-01
-5.661121504405207006e+00 -2.241603251879280556e+00 7.756506235785906034e-01
-5.573492818076152489e+00 -2.405591043732139500e+00 7.877510533433773610e-01
-5.398551440432160398e+00 -2.705731825245919708e+00 8.188329767148807559e-01
-5.227742514826256404e+00 -2.969252598356271644e+00 8.566897242252908828e-01
-5.107585410707621065e+00 -3.105825098639383608e+00 8.957314530386463192e-01
-4.933927081784750257e+00 -3.217572921649533235e+00 9.739374949380753543e-01
-4.719900389808214136e+00 -3.252201616645024274e+00 1.096546284511080493e+00
-3.979831894457368513e+00 -5.223961471036630222e+00 1.027465960691803515e+00
-3.753110920017099783e+00 -5.337962120569850200e+00 1.096677041068647052e+00
-3.474070977980591390e+00 -5.417219663119708706e+00 1.219348484825486301e+00
-3.262585866591751760e+00 -5.450301072183997064e+00 1.328892515021652621e+00
-2.086316219294482632e+00 -5.644921311741724956e+00 1.770065140250547620e+00
-1.918408454809582109e+00 -5.660595754079991160e+00 1.803146549314836644e+00
-1.841820525310036594e+00 -5.662638825291966604e+00 1.821373468620597125e+00
-1.774987579823931405e+00 -5.658675267140735876e+00 1.840804437893947876e+00
-1.762761841691476761e+00 -5.653739207092606023e+00 1.846941823814718608e+00
-1.531554282869711736e+00 -5.684878336458044856e+00 1.884101203018108350e+00
-1.534098587552357174e+00 -5.678918016708977667e+00 1.888151932207716266e+00
1.308736936491788239e+00 -4.899401902397332975e+00 2.678123122934772393e+00
1.287096726214556064e+00 -4.899543555334695988e+00 2.682462606189006227e+00
1.492953857438143128e+00 -4.859455774060809752e+00 2.660855085051164970e+00
1.549952820157278310e+00 -4.838687274167353003e+00 2.659111664283613674e+00
1.656731893979906278e+00 -4.739737249229011518e+00 2.657368243516062378e+00
1.677524910727906660e+00 -4.767207022697743213e+00 2.627732814562637298e+00
1.970381462347260415e+00 -4.812244484494506480e+00 2.420260295034115661e+00
2.577187232778391568e+00 -4.738258065671542063e+00 2.093101939813186707e+00
2.963676375995055956e+00 -4.579713015527381970e+00 1.953140665413146015e+00
3.333668400198764648e+00 -1.367980553449145820e+00 2.561422895306797454e+00
2.725100140335436461e+00 -2.931657363960993301e+00 2.537399101948928148e+00
3.296743293161013888e+00 -3.048899686483879545e+00 2.156581524416704809e+00
4.555751876353347107e+00 -2.817670334902520057e+00 1.442340173280164617e+00
6.045957121987647120e+00 -1.534291998293757509e-01 9.618506856480352196e-01
5.682857058005664541e+00 -1.401266269634632300e+00 9.839049583575611990e-01
6.169097110075765222e+00 -2.644148210727113479e+00 3.552573946229494184e-01
6.440179970765370854e+00 -2.507891705458119791e+00 1.752628208480084271e-01
6.804579428038168842e+00 -1.693823170809563017e+00 6.302738484193431967e-02
7.019872824166127678e+00 -6.877903891788452739e-01 1.046733484268196485e-01
7.064537084954836565e+00 -3.645247656404651537e-01 1.302634963805358315e-01
7.079753879341621037e+00 -3.595042586489067826e-01 1.091272436689237485e-01
7.085994780870467302e+00 -3.377904978080432663e-01 9.536511598506446086e-02
7.083060930610070471e+00 -2.644878268173526115e-01 8.018645892756962046e-02
7.063234967569071543e+00 -1.397515190889447312e-01 7.368949247349115828e-02
7.044967186839071083e+00 -6.394540483984813284e-02 7.784646136612166645e-02
6.865727187365086692e+00 3.534213546271217643e-01 1.557637492009251168e-01
6.686985697266822903e+00 5.827901493581097991e-01 2.893751582741496131e-01
6.751138133322818646e+00 2.778113752143747117e-01 3.093890838666504273e-01
6.922957698154911910e+00 -1.048476905035748002e-01 2.304557086157583978e-01
4.524915121527280704e+00 3.154248610458125324e+00 1.112032764297846255e+00
4.122272095261272362e+00 3.454915142297120045e+00 1.353635469446136774e+00
3.891977108247523187e+00 3.497958566590995577e+00 1.594990281954040912e+00
4.195049015926748837e+00 3.067148398549234045e+00 1.576771534933128160e+00
4.893169173153335549e+00 2.457283469490040506e+00 1.228730267830872247e+00
2.545691246974594701e+00 4.774752765707301450e+00 1.835789379092288121e+00
2.014299321119861208e+00 4.824192364942132549e+00 2.221447673349416174e+00
1.949610238358854719e+00 4.486519003216908885e+00 2.543416627691930110e+00
2.856619444487599857e+00 3.954655808935946482e+00 2.243224088374113467e+00
1.221326177758677245e+00 5.673518860519467744e+00 2.007753320956695564e+00
1.170652563511814570e+00 5.644796003374057847e+00 2.082704069391712043e+00
1.067123334963700598e+00 5.516575578205496377e+00 2.319103753186841033e+00
9.687998518636972145e-01 5.350879778819425781e+00 2.596215035999245746e+00
9.586498740826085996e-01 5.297509310572756647e+00 2.668251002838512242e+00
1.033020390293424517e+00 5.272943422319976925e+00 2.638157925933604542e+00
3.982027514986504202e-01 5.298585328077730416e+00 3.072626553492275203e+00
2.667324810555751213e-01 5.240553933372810391e+00 3.178868980609891093e+00
2.119018979160818827e-01 5.181661724663912061e+00 3.262694830389723855e+00
4.083527292797390906e-01 5.351955796324398662e+00 3.000590586653008707e+00
3.159132912702217882e-02 5.114806986418212631e+00 3.367978376085186909e+00
-7.564266855213866436e-02 5.053106235816586356e+00 3.420586097746052268e+00
-9.039636679754282922e-02 4.988828491392923503e+00 3.500527388128185091e+00
-3.897362643962287015e-02 4.982279767134809134e+00 3.522393698286208519e+00
1.337803029600810080e-02 5.026750617182117686e+00 3.478010019277278264e+00
-3.446824580297701557e-01 4.878982086657385864e+00 3.558782158618946756e+00
-3.208847645526928249e-01 4.877137874376710869e+00 3.568150321149587079e+00
-2.453265429439824563e-01 4.893229103242219935e+00 3.572882074076519032e+00
-1.718740467310802544e-01 4.921556966619982099e+00 3.563031746739853123e+00
-1.482506953307580755e-01 4.937678160529935134e+00 3.551876577922473466e+00
-2.125322534873497204e+00 4.098915705165981471e+00 3.092959198193843573e+00
-1.670551227657701032e+00 4.265020118794446091e+00 3.257941284703197216e+00
-1.092277627725529054e+00 4.528088692143213301e+00 3.405630816474400024e+00
-8.694439367779097649e-01 4.664263474563728806e+00 3.420863955430880843e+00
-8.567469302192263214e-01 4.679875262718161899e+00 3.412323917764827463e+00
-3.729958837043006348e+00 3.353668705316517951e+00 2.538924595120535255e+00
-4.351469272010453970e+00 3.111627420881390105e+00 2.235272455217109044e+00
-3.830003948150966675e+00 3.285582676153735449e+00 2.513350791736515433e+00
-5.040591743619506460e+00 2.883860393980590686e+00 1.836396852265981705e+00
-5.246824799946097073e+00 2.801540968707719514e+00 1.655288123656777355e+00
-5.514243752928894793e+00 2.512555356011319851e+00 1.566278321188427913e+00
-5.407151408187098163e+00 2.484979342839564787e+00 1.716593880490754787e+00
-6.385575487506669923e+00 1.684468628753670094e+00 1.095957880002031981e+00
-6.366087312239383955e+00 1.599754724020365337e+00 1.144016363097567490e+00
-6.305560646560905980e+00 1.546885489244367529e+00 1.229106192933875574e+00
-6.465007372133283248e+00 1.526111541161012219e+00 1.052415946332434515e+00
-6.498982284340941717e+00 1.380413322797747533e+00 1.045905359403609625e+00
-6.664533706694698800e+00 7.401093567750847146e-01 8.342241131784210451e-01
-6.640420018203502472e+00 5.328656612223042766e-01 8.119273960184073546e-01
-6.496092019599735146e+00 -5.136798604943905167e-01 6.941756677400025000e-01
-6.494264151888756942e+00 -4.643247082029885453e-01 7.113238454458405968e-01
-4.619027153835666866e+00 -4.907299053655350463e+00 7.263717459457692538e-01
-4.584142393914942382e+00 -4.943657548943646063e+00 7.390524079347565722e-01
-4.547053841180233924e+00 -4.972339544664817090e+00 7.605182761352339282e-01
-4.530229830773362387e+00 -4.982527659775195517e+00 7.725151902919472624e-01
-4.420045638264110899e+00 -5.098451520342620391e+00 7.965852932639546635e-01
-4.344784343004874927e+00 -5.164083139956085589e+00 8.042917578755218733e-01
-4.230770072996907771e+00 -5.221095723149967505e+00 8.499067278015360882e-01
-4.143318452839556798e+00 -5.250521396792296791e+00 8.963362021173907346e-01
-4.193858586433904634e+00 -5.189332776041139184e+00 9.048571711187983757e-01
-3.982640436350096458e+00 -5.352097449261762563e+00 9.413436988697111429e-01
-3.910051478236121980e+00 -5.380082076675913427e+00 9.659150353123895361e-01
-3.742486949714832978e+00 -5.427135368735157783e+00 1.043647084690640492e+00
-2.023561243947478161e+00 -5.661532842742550642e+00 1.774475449973462959e+00
-2.104987166076978777e+00 -5.651339279442273877e+00 1.761230900329970428e+00
-1.623977376309533316e+00 -5.691862915908047604e+00 1.854144330860665768e+00
-1.621877099103623543e+00 -5.686578171706408114e+00 1.861575661882353794e+00
1.211590262409882213e+00 -4.958885239710228987e+00 2.626806622279874937e+00
1.305868464510176352e+00 -4.923646347446094751e+00 2.648288835050048196e+00
1.246902705237646902e+00 -4.916460184969843716e+00 2.672936446151306988e+00
1.433974477690867166e+00 -4.881474633535995089e+00 2.661854827897558007e+00
1.412149028957082386e+00 -4.886446106818465474e+00 2.662854570743950600e+00
1.435194872228153118e+00 -4.899126768807454013e+00 2.641372357973777341e+00
1.534812300429073684e+00 -4.900856569100258575e+00 2.608993765406407928e+00
2.847899616554892877e+00 -4.926416752009531663e+00 1.779893674827618844e+00
3.179381110460359761e+00 -4.946057476593979096e+00 1.491120541537264366e+00
3.761719060056885056e+00 -4.822476185124074277e+00 1.173131489915676839e+00
4.107902494403719906e+00 -4.696037318052353804e+00 1.047539816373189048e+00
4.222684959187388287e+00 -4.348483663946023370e+00 1.238899314276606045e+00
4.513860744223024746e+00 -4.400230571602909535e+00 9.644957818438046893e-01
5.333167713459083359e+00 -4.217699865430170725e+00 4.549483733875009928e-01
5.809551990002619348e+00 -3.929768477479150146e+00 3.041452010892496394e-01
5.941409081928495262e+00 -4.032047346445535752e+00 1.000096978736195186e-01
6.003951577869453438e+00 -4.020660629557465171e+00 3.422280484804516437e-02
6.105819108498494963e+00 -3.885390246660116897e+00 2.047157354398308066e-02
6.199568836178625197e+00 -3.736918899638465685e+00 2.700395323240243131e-02
6.238531566238450843e+00 -3.633465945748932224e+00 6.312545226010909949e-02
6.263691307190177859e+00 -3.556621951324153041e+00 9.448523331644086143e-02
6.459654525557911420e+00 -3.407526786559111898e+00 -2.885088960802724423e-02
6.529301461126642891e+00 -3.260136905232332794e+00 -6.320445101363876550e-02
6.631476814484954296e+00 -3.015831897894337033e+00 -1.050274807702285401e-01
6.728852312542602299e+00 -2.604736005000653165e+00 -9.046719326622459922e-02
6.795628052034770938e+00 -2.185909130640859122e+00 -3.869576875479435740e-02
6.809948619183237462e+00 -2.061815709320486523e+00 -1.713183313614232567e-02
7.025242015311197186e+00 -1.055782927689768114e+00 2.451413044874300312e-02
7.034983378849889668e+00 -1.011243975268727002e+00 2.336183828518946515e-02
7.060303841403626102e+00 -8.560141486778646280e-01 3.060793085032519414e-02
7.095226738653640730e+00 -5.772874775605255637e-01 5.735037096759489778e-02
7.151024375500134589e+00 -3.118761825553605371e-01 -6.428864080345981884e-03
7.147984285536717941e+00 -2.702629081098667507e-01 -1.500431498073969035e-02
7.141084153030142545e+00 -2.190308543983977840e-01 -1.793544114618557395e-02
7.135211004319454098e+00 -2.139204522735126124e-01 -5.712427108680307765e-03
7.127076856800846016e+00 -1.092334833719464104e-01 -2.879640770904126276e-02
7.116575470771298484e+00 -6.405164454287080866e-02 -2.553021786483158917e-02
7.104883655248906749e+00 -4.400230571602910257e-02 -8.943203718549093753e-03
6.864136315914696418e+00 4.022344120236130971e-01 1.086341824831005970e-01
6.734556567366434265e+00 5.711228506902615853e-01 2.117847618332620585e-01
6.683474338877176457e+00 6.200557682645221336e-01 2.737551978348682913e-01
6.250822682649689099e+00 1.190184324298289464e+00 4.527772697129096025e-01
5.683927627320739973e+00 1.860603159985454447e+00 6.587488129243671553e-01
5.623823196359403198e+00 1.838123928463837764e+00 7.888488636079450389e-01
6.169936131320149286e+00 1.172485879412693111e+00 6.133381501195503960e-01
3.306844237233015793e+00 4.288327475180649273e+00 1.393962971075561219e+00
2.979053891983848956e+00 4.545057079582398352e+00 1.531663246667683609e+00
2.901648733999514285e+00 4.588217639959093042e+00 1.598022199632610940e+00
3.280632995630859750e+00 4.199846147132464402e+00 1.616210981609081054e+00
1.301725116092292245e+00 5.866570021386399603e+00 1.600291370725376972e+00
1.200383335788465233e+00 5.879128099102668870e+00 1.695809036027602135e+00
1.106568229829552275e+00 5.876627379939211693e+00 1.808695530726558864e+00
1.428825938236691684e+00 5.648171157016239619e+00 1.831436275363308219e+00
1.885591282955375148e+00 5.379747012997149191e+00 1.767746935448693879e+00
2.011253782966544890e+00 5.343061626314937307e+00 1.685868813557609425e+00
1.788518159437100241e+00 5.530206949331789801e+00 1.619509860592682537e+00
1.557193464532515614e+00 5.713560332179215884e+00 1.569656198925558854e+00
1.029013246623005529e+00 6.005460726471365973e+00 1.625906035533636995e+00
1.023507850730472013e+00 5.987429942001954331e+00 1.675282980584633208e+00
1.028013503776612714e+00 5.947685396691680282e+00 1.764031269937850199e+00
9.116047543082123061e-01 5.970725791772851565e+00 1.831594272870367579e+00
8.764748258420506088e-01 5.927516197687069166e+00 1.939689084553506859e+00
8.990684693515377246e-01 5.901975083442440706e+00 1.985012576319945987e+00
9.070991012620716054e-01 6.010470337083128278e+00 1.742845983517150588e+00
8.985863045455118048e-01 6.035128844564184192e+00 1.686568905959579645e+00
8.750201591391250089e-01 6.042298662470738435e+00 1.678271312744014310e+00
3.889272081962867889e-01 6.129679456159407458e+00 1.292147198250556572e+00
2.830688784665220670e-01 6.057213082318150477e+00 1.426619421327759429e+00
4.897623068395439150e-01 5.966067589409551175e+00 1.725703254001211162e+00
7.089429864601531905e-01 5.945176505243376042e+00 1.859949377197622322e+00
7.370229571975287497e-01 5.999440476633415287e+00 1.739675136996166493e+00
7.496464131925809626e-01 6.069525991488983863e+00 1.575303247755456049e+00
7.361240058642600781e-01 6.105162601615715445e+00 1.484097824757971251e+00
6.872047087647459307e-01 6.119398721820751952e+00 1.431021558765826596e+00
2.945291459182235450e-01 5.622526527163536514e+00 2.406762404560338187e+00
2.684595572534307362e-01 5.362884865260987510e+00 2.954727724086608109e+00
3.649551726424543618e-01 5.407121443142655082e+00 2.900798816375332656e+00
5.066762123797423634e-01 5.517651595710469259e+00 2.723479303840603105e+00
-2.283646933326763051e+00 4.761393804075938263e+00 1.500880973740603475e+00
-1.064306620786125368e+00 4.980372900670300140e+00 2.454284240950861840e+00
-5.522421485966692023e-01 5.179479724609524105e+00 2.600742481804980688e+00
-4.388026626230048799e-01 5.271769337396829513e+00 2.519014185136108086e+00
-3.054990762790512071e-01 5.593111749901004792e+00 1.918441143948973471e+00
-2.336592442761341870e-01 5.917679490825150879e+00 1.236003601345501135e+00
-3.009334931440258432e-01 5.976293841849219746e+00 1.015864040302738580e+00
-5.035473169209773836e+00 3.193639023424990508e+00 1.309486062602845502e+00
-4.339224465213353810e+00 3.428532282713157464e+00 1.708361665553972397e+00
-3.495084646419484464e+00 3.774843749522608594e+00 2.085414543866264570e+00
-3.051473956210966509e+00 4.030677126686037504e+00 2.155690745368283867e+00
-3.592713485307416299e+00 4.118177780552475298e+00 1.377866294020152704e+00
-5.654989566674333723e+00 3.277840798307827264e+00 4.846164914803178549e-03
-5.977151931758247549e+00 2.954918410733058387e+00 6.319900282374015486e-03
-5.985909897020246007e+00 2.919761241317403666e+00 5.747567933526265965e-02
-5.979652650921705614e+00 2.879207639807187302e+00 1.481825929570255995e-01
-5.691454301665652693e+00 2.943874929808599550e+00 5.813354826551840882e-01
-5.285062920749409088e+00 3.101973228381074588e+00 1.062473304885246828e+00
-5.073711290013085851e+00 3.490164930941050514e+00 7.197957807381609729e-01
-5.995373402874110802e+00 2.361605082585807036e+00 9.899170359106642669e-01
-6.291144736089213652e+00 2.024588227743364222e+00 8.676841714406623440e-01
-6.222631024019391610e+00 1.822286040428612530e+00 1.220429950520357965e+00
-6.567746613146100643e+00 2.193615595252426775e+00 1.033385419016630835e-01
-6.595134663766354599e+00 2.116164127653953564e+00 1.319551593440506099e-01
-6.590934109354535053e+00 1.976287300197340668e+00 3.108137855251338899e-01
-6.533768976843492560e+00 1.861932518320712271e+00 5.843674003337540057e-01
-6.476922563441517511e+00 1.883175010735346877e+00 6.934374380087425793e-01
-6.467390955213919490e+00 1.894640726376947137e+00 7.021872309858911976e-01
-6.443418919660087063e+00 2.163345452175815087e+00 4.345312817425038832e-01
-6.578414168967555042e+00 1.439659663850054283e+00 8.865376325847618144e-01
-6.633844052995894636e+00 1.389146771205200359e+00 7.888134503736041747e-01
-6.619910307330229671e+00 1.245151112185247655e+00 8.804983140821655008e-01
-6.657884190923459400e+00 1.269417349993604560e+00 7.827741318710079721e-01
-6.677053647081677923e+00 1.129510557492549694e+00 7.899848112018027502e-01
-6.676416208863542145e+00 1.016831094009739589e+00 8.346136587561706621e-01
-6.663983439514940876e+00 9.803799794931679079e-01 8.785696548580615994e-01
-6.658396320773928068e+00 9.853623491554360792e-01 8.901497824875324039e-01
-6.655563262026658045e+00 5.902705140888852009e-01 8.024012359807083383e-01
-6.670120825435711609e+00 7.351269871128166544e-01 8.226439855489501296e-01
-6.530677129076037701e+00 -3.071526019132758134e-01 7.127757880538171387e-01
-6.539451438907729397e+00 -2.263314288625194737e-01 7.285019881961211086e-01
-5.266642590702248050e+00 -3.893088538986837044e+00 5.950186115855137237e-01
-4.780002096674601297e+00 -4.704326738983071188e+00 6.836252480013669253e-01
-4.722989513480719381e+00 -4.777239864396012337e+00 6.979894006690213759e-01
-4.702095705219594635e+00 -4.798648526602554476e+00 7.094033585065847580e-01
-4.436191349028606901e+00 -5.099979737609177555e+00 7.632042337552429334e-01
-4.415586294832108294e+00 -5.114706194905088488e+00 7.745936747382626830e-01
-4.436869648670983324e+00 -5.088263405232241965e+00 7.845883791072411073e-01
-4.213213281048675540e+00 -5.269007105118240553e+00 8.222326472116059382e-01
-4.140109468989282782e+00 -5.302478059760279194e+00 8.488606753410051775e-01
-4.083960423894328784e+00 -5.326580851871677957e+00 8.720944811635777949e-01
-4.072581879291106155e+00 -5.327553353768577971e+00 8.835792654698227944e-01
-4.070092056507447431e+00 -5.322671775619433276e+00 8.949142245538566076e-01
-3.965473189979613178e+00 -5.374217100250072043e+00 9.204771315580798641e-01
-3.890394409081979088e+00 -5.397320149515078214e+00 9.563834270847917374e-01
-2.273170064151758929e+00 -5.666776725519952151e+00 1.660161529521073653e+00
-2.207285103708009899e+00 -5.663505087485844136e+00 1.695430386829649860e+00
-2.253809921347090128e+00 -5.647073346751670719e+00 1.710886901571973207e+00
-1.977036426308398376e+00 -5.677964583476722282e+00 1.759018935231139613e+00
-1.880829564984000335e+00 -5.700135992269069085e+00 1.742273923577797978e+00
-1.707043203598511916e+00 -5.704889537955596168e+00 1.797248883749603898e+00
-1.716768222567510049e+00 -5.688199008201239693e+00 1.833830754823742026e+00
-8.356706075964986935e-02 -5.399559355563402718e+00 2.127896804600584613e+00
8.017883146171159714e-01 -5.275084560950126900e+00 2.089868439108368836e+00
1.361709686875859360e+00 -4.946591399204041117e+00 2.599614706495971372e+00
1.137475811124300407e+00 -5.005151268329125713e+00 2.569559766920354260e+00
1.308279288540305840e+00 -5.085081662331460528e+00 2.324265913115762583e+00
1.945938158367199300e+00 -5.081030933141853723e+00 2.059851636862041424e+00
2.241093846123761502e+00 -5.000403170832496080e+00 2.107052030048547575e+00
3.963356568204007946e+00 -5.072346518443487717e+00 4.843931156944754624e-01
4.346653072140093776e+00 -4.957953599237568731e+00 2.926549685931058020e-01
4.690382096937608658e+00 -4.818825897892013543e+00 2.073090738315636339e-01
4.424210779441589914e+00 -4.808569680407901892e+00 5.530185156572194893e-01
4.770394213788422988e+00 -4.682130813336182307e+00 4.274268421147316976e-01
5.265770880318473957e+00 -4.588111400256070560e+00 1.702559343311967413e-02
5.446569062103456815e+00 -4.490452596323696532e+00 -2.305946374581724356e-02
5.489007737318589264e+00 -4.390944131920749172e+00 1.001622471907802764e-01
5.465024805384959272e+00 -4.319978734396556774e+00 2.508128701718709275e-01
6.000546459182830361e+00 -4.268210033980075480e+00 -2.856322518138125210e-01
6.065883876541771080e+00 -4.178791617269331127e+00 -2.389685053323181985e-01
6.093271927162024149e+00 -4.107608292149195428e+00 -1.541047753768019501e-01
6.141472063194923336e+00 -4.085929944542672665e+00 -2.063610887892073920e-01
6.164893831568997840e+00 -4.043916228139631919e+00 -1.983059400241298786e-01
6.218561226165140177e+00 -3.930324192848806852e+00 -1.598008579157864373e-01
6.423157101427200644e+00 -3.531124422598712620e+00 -8.979979000364632369e-02
6.434494784606184403e+00 -3.484370780983891525e+00 -6.021067066435900617e-02
6.969063005171800107e+00 -1.598719567939631547e+00 -5.840459571297366981e-02
6.993124935858960001e+00 -1.430087194198217171e+00 -3.799295225787517605e-02
7.092279267918499386e+00 -7.246528420327612574e-01 2.179820778429176001e-02
7.114006649234109858e+00 -5.497550499079590924e-01 3.621411825598283563e-02
7.151274992235470584e+00 -1.610484934025654680e-01 -1.195005972358548912e-01
7.147581119484220480e+00 -1.758757422116006830e-01 -7.661244635408916148e-02
7.143263428989581776e+00 -9.765880393237434676e-02 -1.228321653588477502e-01
7.135532447523470267e+00 -8.735900092907428194e-02 -8.430801458585923669e-02
7.132950005511535352e+00 -1.143438854968316098e-01 -4.101942174654653328e-02
7.134096849485190184e+00 -3.723292976702071572e-02 -1.308655213643309390e-01
7.117496214864161175e+00 3.786491979525814962e-03 -1.341344353034898962e-01
7.097297050815107866e+00 4.943142694998229475e-02 -1.232898133103300098e-01
7.100813857394653539e+00 2.660895946475404922e-02 -7.346611668764864433e-02
7.089122041872261804e+00 4.665829829159576225e-02 -5.687910254136614718e-02
7.026015658276798526e+00 1.598989253339612171e-01 -2.892444017165832909e-02
6.999216012165592637e+00 1.870908411178653086e-01 3.800929682757097500e-02
7.051889112105240720e+00 8.934486614711335817e-02 2.316842754378923078e-02
6.342559304162286971e+00 1.106521920215414179e+00 2.795629682667740701e-01
6.108992679114429336e+00 1.390013033399077669e+00 4.069579926656979318e-01
6.301904911138946908e+00 1.141251406724028916e+00 3.908068337113032586e-01
3.526746802015189530e+00 4.149774557869395863e+00 1.164507005306195886e+00
3.720380919201271563e+00 3.942522690031767585e+00 1.218719218892198031e+00
4.174217861849458089e+00 3.510214269767892414e+00 1.133005571312500237e+00
2.150406001166643488e+00 5.257669421939257681e+00 1.621193351271349448e+00
1.037643179422385264e+00 6.002693046002877786e+00 1.619136659584628379e+00
1.139044889815096662e+00 5.952065741370153873e+00 1.613764744344610591e+00
9.085755607245916687e-01 6.066932653097249606e+00 1.599367902537564667e+00
9.184885422450912440e-01 6.061574358331979440e+00 1.609885633136808547e+00
9.325067348541847823e-01 6.054946635320333392e+00 1.616785765643383277e+00
9.411366676535642961e-01 6.052178954851846981e+00 1.610016389694374883e+00
8.886733230250122295e-01 6.071332066440368713e+00 1.601588039921243434e+00
8.666353948851821531e-01 6.078341162744915316e+00 1.579367597419810032e+00
8.394598236709739369e-01 6.084944368902017509e+00 1.564845447245096333e+00
7.905405265714597896e-01 6.099180489107053127e+00 1.511769181252952121e+00
7.893609934584131516e-01 6.101046494147324140e+00 1.498791592914490822e+00
3.362459359717906437e-01 6.146914804903622631e+00 1.130638332801559454e+00
2.134682525119288854e-01 6.151513077178039524e+00 9.729513725664291623e-01
3.887011083154950225e-02 6.154373376874803014e+00 7.766312977603383461e-01
2.012288939047278125e-01 6.114089460764568607e+00 1.205101468240651563e+00
1.485476216802316951e-01 6.131324809508782891e+00 1.043592602791654445e+00
-1.332488320354727529e+00 5.851802702666248912e+00 -1.358658700532644481e+00
-1.834680672447923655e+00 5.653197112197696050e+00 -1.437602972163333881e+00
-1.637616919720674025e+00 5.640903271691509957e+00 -6.495005105714966032e-01
-6.949819998449950909e-01 5.925089029087244441e+00 2.421720409926940154e-01
-3.543284782452384429e-01 6.062884648002591526e+00 2.699006034816099908e-01
-3.412283056340588705e-01 6.081334943094194756e+00 1.606262586854240448e-01
-3.440722607611271244e-01 6.085263088011084065e+00 1.177925897026442792e-01
-3.596322911115238941e-01 6.082699714663794666e+00 8.520151772922933409e-02
-6.164436183617515441e-01 6.029045940542397730e+00 -3.571833297521039285e-01
-3.432593908282561834e+00 4.971925482232522953e+00 -1.695656486710441779e+00
-3.943841151987228955e+00 4.692512339187960180e+00 -1.597820616606362876e+00
-4.203379298281705090e+00 4.439138819763749133e+00 -9.714340516796694525e-01
-4.298393006018309315e+00 4.275769397464380006e+00 -3.769793277486607197e-01
-3.957254595517577744e+00 4.413055610624208924e+00 -1.880606189198157363e-01
-2.648188043536924496e+00 5.056271634147672778e+00 -6.504593919936495217e-02
-5.255182323250547682e+00 3.826901204003715140e+00 -1.327372470039943630e+00
-5.423294394856645440e+00 3.684681654890705538e+00 -1.222344989269715132e+00
-5.443733279261236291e+00 3.665839090126403299e+00 -1.197256074786670066e+00
-5.482783180359439790e+00 3.628107650983660726e+00 -1.135558048279993848e+00
-5.350206927366948584e+00 3.688827727403539036e+00 -8.098026019579540602e-01
-5.069183844207350909e+00 3.858912043752929399e+00 -4.479774144122443680e-01
-6.082582578580973731e+00 3.074969275148672132e+00 -8.099960126993543952e-01
-6.128023206430231795e+00 3.015167218726708231e+00 -7.528227079034637281e-01
-6.205362986135784631e+00 2.883086751014989790e+00 -5.348760432948871379e-01
-5.936012649833933175e+00 3.107756481958436900e+00 -3.569790226309064729e-01
-6.353959641525102953e+00 2.690596753707613864e+00 -3.863039047601117271e-01
-6.395210611342339924e+00 2.628266737172699763e+00 -3.340557636325541258e-01
-6.409645590478676880e+00 2.605594094909683189e+00 -3.105195832706095227e-01
-6.439855803466404183e+00 2.554729794016369127e+00 -2.404722057443313132e-01
-6.444949861021592952e+00 2.529147818347501353e+00 -1.250087172233377564e-01
-6.481049567289705493e+00 2.476807057991667005e+00 -1.699590079817229482e-01
-6.516326596883128985e+00 2.367055996579354282e+00 -6.320172691868947146e-02
-6.488984855877014013e+00 2.384239587519533021e+00 3.290434289258437062e-02
-6.543393204299365884e+00 2.359117983897096149e+00 -1.939582844850483989e-01
-6.553551354365302117e+00 2.330370609897142398e+00 -1.792781368032753120e-01
-6.583625362605565634e+00 2.231946335284014982e+00 -8.952193231881779012e-02
-6.616115643065857199e+00 2.124110312621059204e+00 1.265614513444383339e-02
-6.595088354152216503e+00 2.176432004312248036e+00 7.232472090389234498e-03
-6.673553185071829041e+00 1.748757269557130067e+00 3.447832495428942434e-01
-6.681902536091429923e+00 1.520211151500830304e+00 5.206126821403568306e-01
-6.671817936589124365e+00 1.413413009013557264e+00 6.910892681624466460e-01
-6.698249829882174211e+00 1.581042915813629435e+00 3.549713646532730027e-01
-6.708514219651133814e+00 1.425404474980372038e+00 4.326434839426395729e-01
-6.717533698028263167e+00 1.188154873561061642e+00 6.013820973870764863e-01
-6.716354164915216529e+00 1.097088379405991132e+00 7.013972434505946207e-01
-6.698448688813472884e+00 8.068905444571533581e-01 6.996592708729418852e-01
-6.670278822942770525e+00 6.255829569166500015e-01 7.323211693150385448e-01
-6.687546860826378392e+00 8.031013283826782256e-01 7.786879894470593033e-01
-6.628739099060908302e+00 3.830268185361048183e-01 7.866423466990127844e-01
-6.633732365102973816e+00 3.818881468472978824e-01 7.539804482569160138e-01
-6.633489920652486660e+00 3.475291372517877453e-01 7.211605523077599944e-01
-6.588896486332459723e+00 6.581413397506734320e-02 7.210025548007006346e-01
-6.569402862875274529e+00 -3.329661256528345520e-02 7.449636939747358300e-01
-6.063380433283363402e+00 -2.216860297454796402e+00 5.294087847316437667e-01
-5.944119556403047788e+00 -2.503919975022041555e+00 5.324025650809235399e-01
-5.341713199315034188e+00 -3.755459089863395938e+00 5.784070805846874830e-01
-5.354271277031303455e+00 -3.729100747133977212e+00 5.829181818207268551e-01
-4.657110001226868690e+00 -4.867442820452154706e+00 6.908468237119589350e-01
-4.639212697409973885e+00 -4.888764311620319880e+00 7.030752859393628595e-01
-4.624788614653434493e+00 -4.905479358229218434e+00 7.157722924980461920e-01
-4.639920962096790724e+00 -4.885890391448809211e+00 7.149577881082057607e-01
-4.533547778421609387e+00 -5.011833473239756032e+00 7.280007547254500055e-01
-4.479528975577006911e+00 -5.062869392114875744e+00 7.398669123245972257e-01
-4.494563255602188612e+00 -5.044854952215160004e+00 7.517330699237442238e-01
-4.348715212016712073e+00 -5.174167739458390258e+00 7.759884113523038973e-01
-4.309218559346824406e+00 -5.203838581646157202e+00 7.810388833883044057e-01
-4.283069971928501474e+00 -5.221697748133761863e+00 7.985357452476526952e-01
-4.268588683178028198e+00 -5.231215735886613594e+00 8.111864421921980428e-01
-4.115707026433461202e+00 -5.318789940316682063e+00 8.370707924004384681e-01
-4.077850278923050631e+00 -5.333614465030768415e+00 8.601547730007995662e-01
-3.976851734582836251e+00 -5.373244598353172030e+00 9.089923472518346426e-01
-3.988903130638535632e+00 -5.370073751832187270e+00 8.937128986812156173e-01
-3.983612938246996027e+00 -5.374069999122809804e+00 8.785832753328082223e-01
-2.947454390571978777e+00 -5.604591086017351564e+00 1.382483634959214669e+00
-2.739649531459642962e+00 -5.635746559952484525e+00 1.393581597782659331e+00
-2.516619705675674723e+00 -5.653058183355280875e+00 1.507309837820949294e+00
-2.515284899150517894e+00 -5.639140782259310924e+00 1.596523947410496413e+00
-2.009782771693923387e+00 -5.699593897374159113e+00 1.692101542801606184e+00
-2.142067546526839283e+00 -5.696477532752160400e+00 1.583478256698302555e+00
-1.979975724758691991e+00 -5.731329603533493078e+00 1.480847979483457477e+00
-8.255288021002580301e-01 -5.591063230499131897e+00 1.921274202696244604e+00
-9.694618069363768464e-01 -5.614825510741868086e+00 1.884716848476650108e+00
-1.008710566965879130e+00 -5.622186015294874828e+00 1.868053559671787323e+00
-1.068362798165631844e+00 -5.636879783451393955e+00 1.816091448513906137e+00
-1.109711835401043345e+00 -5.663861943924201725e+00 1.652493202238796588e+00
-7.727821515969786059e-01 -5.679814243947297392e+00 1.194406671469703252e+00
-3.753121816396896571e-01 -5.676079509771807530e+00 8.253081504093647824e-01
4.340436687465792920e-01 -5.573759779381183499e+00 7.931420372480404435e-01
1.439447184444009320e+00 -5.271033831760519206e+00 1.825454162854647011e+00
1.496792107221705637e+00 -5.347597244405521089e+00 1.284710419038969764e+00
2.619691286272306296e+00 -5.263891254803456654e+00 6.903101770069470788e-01
3.414282542033374224e+00 -5.146539968482598759e+00 6.366536787906018624e-01
3.611272744196992512e+00 -5.103736264544261658e+00 7.099182124520023729e-01
3.385973747320256688e+00 -5.083537100495208350e+00 1.062745714380176842e+00
4.720352589569798418e+00 -4.961345097449445518e+00 -3.116146694402278094e-01
5.151263549124683649e+00 -4.818548040207184968e+00 -6.111016681661757266e-01
5.261785529407648099e+00 -4.771990533428713377e+00 -6.045611161929085320e-01
5.103063413091784462e+00 -4.811966626809678793e+00 -3.883333554973396051e-01
5.446792437889299343e+00 -4.672838925464122717e+00 -4.736792502588818010e-01
5.641676914657110409e+00 -4.609152309644457546e+00 -6.578335170214026917e-01
5.682304066730957892e+00 -4.579647637248598357e+00 -6.123084422287153883e-01
5.716848314783020690e+00 -4.539311963334326627e+00 -4.947501246917107576e-01
5.742166053241805734e+00 -4.507175815217444814e+00 -3.952797976180524309e-01
5.898066007190196913e+00 -4.460433069982420839e+00 -6.158633861375507612e-01
5.886962596176853246e+00 -4.465194787953795874e+00 -5.860236500629278922e-01
5.912280334635640067e+00 -4.433058639836914061e+00 -4.865533229892695655e-01
5.938303613686294113e+00 -4.408353822741719164e+00 -4.917917575767718485e-01
5.960159027464520420e+00 -4.373643404897748610e+00 -4.406032893844916143e-01
5.958107783967697912e+00 -4.367718498383023729e+00 -4.088539627504100826e-01
6.050797838712552057e+00 -4.252456592888278486e+00 -3.696378918602995500e-01
6.114084012574670268e+00 -4.157113269662808364e+00 -2.912248187447236680e-01
6.279619090358730560e+00 -3.859936303453865847e+00 -1.899456926247307942e-01
6.337628692304055456e+00 -3.733974152998273510e+00 -1.580329202936913147e-01
6.385747105488475128e+00 -3.625612380010102775e+00 -1.213557058963276036e-01
6.371287609497596094e+00 -3.652183202145566909e+00 -1.165912638300033999e-01
6.437616597418080566e+00 -3.504553600463248930e+00 -9.456423206997052744e-02
6.518601216165794909e+00 -3.310410077521647843e+00 -9.932867413629473119e-02
6.988635627382514315e+00 -1.488870439109143406e+00 -5.654948705250095048e-02
7.027546599638302638e+00 -1.221802894374804493e+00 -3.515716941565476955e-02
7.060919486862166750e+00 -9.852779022120076169e-01 -9.354542055893264388e-03
7.057356370668483869e+00 -1.003379513150100433e+00 -4.944232332977948827e-03
7.098740821138235901e+00 -7.015307241031101260e-01 1.230746098093353849e-02
7.122884474673875310e+00 -5.225658582190042534e-01 7.897151258018221195e-03
7.144391204298591980e+00 -3.490764231829896480e-01 1.804168084920823936e-02
7.128607798162353681e+00 -7.092998428985114456e-02 -2.932215803425599621e-01
7.134905905685132943e+00 -7.559363484305127445e-02 -2.500365031113205849e-01
7.136341503723413027e+00 -8.283155512333911785e-02 -2.463671472146146957e-01
7.140659194218051731e+00 -1.152292163553538529e-01 -2.459667052570677082e-01
7.105867053525603438e+00 -7.247454612610375324e-02 -4.453704555457650982e-01
7.112039852680715590e+00 -7.229203176450070545e-02 -4.062252111243364050e-01
7.114725810300725151e+00 -1.116088941677352703e-01 -4.285818583732344811e-01
7.125921840542344121e+00 -3.161312188661657974e-02 -2.708649330936618860e-01
7.114385298432061688e+00 4.530169900684483282e-03 -2.420440085300769040e-01
7.106768728953821501e+00 3.863039047601117548e-02 -1.874231807016797924e-01
7.102726172049061759e+00 6.110144971277985636e-03 -3.211054162435859616e-01
7.088713427629866892e+00 2.433434018208926325e-02 -3.455459961286979076e-01
7.071265599479605868e+00 6.110689790267842536e-02 -3.388910321675601134e-01
7.061935574278256134e+00 8.838053653506146301e-02 -3.152676807672379344e-01
7.086569564904768193e+00 8.427532544646765267e-02 -1.765785587085198505e-01
7.070843364762464667e+00 9.567293871433527053e-02 -2.320166150217067846e-01
6.841782392760746845e+00 4.172414510993021630e-01 -9.151596982170477623e-02
6.720230552028070292e+00 6.059803696614934898e-01 9.332749296298870068e-02
6.890935962025900530e+00 3.750424962397090889e-01 4.170044548387130678e-02
5.346777291825781653e+00 2.215356597042783093e+00 4.746326834911366310e-01
4.622097208843527483e+00 2.992979465364666414e+00 6.854258747628536597e-01
4.702147463023632845e+00 2.965871996524190646e+00 8.962190660345707993e-01
5.052844722701454572e+00 2.609906337214423555e+00 8.752462590199165948e-01
1.919081306262058861e+00 5.441022804786683764e+00 1.571339689604225764e+00
2.466240293683335860e+00 5.009902089920703183e+00 1.481809585000559926e+00
2.801113285800680419e+00 4.734847498795018872e+00 1.338067266810892164e+00
1.048869174708447094e+00 5.988367030664513813e+00 1.553148183532806037e+00
1.078289400160877598e+00 5.978355981725839818e+00 1.578896328993581344e+00
1.187800741217652556e+00 5.923282954135858702e+00 1.582644683643817052e+00
1.350480967494848361e+00 5.837787234152105320e+00 1.569171310024583654e+00
8.519334544438146306e-01 6.084998850801002668e+00 1.549647721522956711e+00
8.798799445286744625e-01 6.075807754442067221e+00 1.569648026640710903e+00
8.690026333961231586e-01 6.077692828146981974e+00 1.547648235830170860e+00
3.617598092669263403e-03 6.155068021086875341e+00 6.792775924622854733e-01
6.075276555926954064e-02 6.158301521791694100e+00 7.585242386323470809e-01
1.917762844306597839e-02 6.157631394434165628e+00 7.118686644357005155e-01
-1.210271800454421509e+00 5.884344740930576023e+00 -1.267118213856395892e+00
-1.259861224911463129e+00 5.871941936626416947e+00 -1.311738889125916074e+00
-1.152262198509096169e+00 5.902933964864593541e+00 -1.183935250484597024e+00
-1.477543652309957878e+00 5.801706596548638295e+00 -1.569628957976066053e+00
-1.531385388982855478e+00 5.788012571238510873e+00 -1.602249994993923510e+00
-1.440087346757094489e+00 5.820810674428072318e+00 -1.486462339173963310e+00
-2.245387019763857239e+00 5.389365792263124177e+00 -2.631230552477537454e+00
-2.283695967035850760e+00 5.374800056569221773e+00 -2.620287863066202760e+00
-2.560139846585677059e+00 5.298318366772698518e+00 -2.301217345749743348e+00
-2.710264719241552989e+00 5.276010753232888817e+00 -1.966627659507126147e+00
-2.204522871429420494e+00 5.488738051918607752e+00 -1.939424847343425018e+00
-1.793628561561985357e+00 5.654545539197599169e+00 -1.976268231532696040e+00
-1.827821401365588239e+00 5.629949685900377254e+00 -2.063812470918322983e+00
-4.050227956137157470e+00 4.541055384101876591e+00 -2.350790425637089065e+00
-4.042284495265000999e+00 4.580266006802089507e+00 -2.168954363676422137e+00
-3.615890085136054033e+00 4.824347638354241852e+00 -2.030246172953058537e+00
-2.986485223005536760e+00 5.085601964466776259e+00 -2.337633047031974165e+00
-4.609729817773708938e+00 4.280789904455938100e+00 -1.860047444615797074e+00
-4.866404940276471081e+00 4.104165036133280431e+00 -1.698552199641546689e+00
-4.928342687138686173e+00 4.068765422267137666e+00 -1.602236374519176776e+00
-4.756520398211642409e+00 4.210058779097385795e+00 -1.527187558665985545e+00
-5.506924109800128697e+00 3.609739078740536566e+00 -1.386289195603385815e+00
-5.571730328643955232e+00 3.560735334697594290e+00 -1.323373498654372371e+00
-5.427004612177590559e+00 3.685607847173467011e+00 -1.402421285893135305e+00
-5.972049701918210829e+00 3.202617640377880548e+00 -9.178047944128173707e-01
-6.295100121955597317e+00 2.792513318045742210e+00 -5.881702368829756500e-01
-6.235575923218460659e+00 2.878812646039539125e+00 -6.685909679761848912e-01
-6.209566264642552014e+00 2.914661735572315671e+00 -7.086406119207810939e-01
-6.493419682454472763e+00 2.463290098853244903e+00 -2.747712852509568426e-01
-6.475955509734516724e+00 2.502389033660535667e+00 -2.854224965027164496e-01
-6.624192584590527844e+00 2.084907862205695128e+00 -7.883530783271726697e-03
-6.656682865050818521e+00 1.977071839542739129e+00 9.429454666998990375e-02
-6.667053494522801493e+00 1.905346419527692570e+00 1.013581248735225815e-01
-6.683008518640845885e+00 1.832583119336963495e+00 1.497952571670106703e-01
-6.687348001895079719e+00 1.821109231410515505e+00 1.712774699371837350e-01
-6.677753739483648587e+00 1.888634097013742297e+00 1.659246233618109356e-01
-6.699628221926520411e+00 8.979570386122237569e-01 5.996441248094236398e-01
-6.671215911605330007e+00 7.506516042288724488e-01 5.311276886446516521e-01
-6.642803601284140491e+00 4.439185129377887229e-01 6.220361852926625801e-01
-6.487317709768043450e+00 -5.945010335451468286e-01 6.784494675976986411e-01
-6.535357124198934109e+00 -2.926168312638155466e-01 6.798714451612327681e-01
-6.579708114068473002e+00 5.576222361215350809e-02 6.115130065035200291e-01
-6.558751651623514256e+00 -8.191353512542515550e-03 5.431545678458072901e-01
-6.485863043065116962e+00 -5.184415784657653292e-01 5.932125366341283179e-01
-5.979573652168174824e+00 -2.403866691629233276e+00 4.701733400591338596e-01
-5.938516093092338188e+00 -2.514342362298060074e+00 5.096345794946813834e-01
-6.052091783813468240e+00 -2.241927419178247227e+00 5.158400677891847863e-01
-5.827539188952841620e+00 -2.784444548805918185e+00 5.232032964371403638e-01
-5.675461140218317269e+00 -3.080556393889684497e+00 5.169978081426368499e-01
-5.499204024713814754e+00 -3.434841286615734735e+00 5.390302880925683660e-01
-5.524320180146352399e+00 -3.393909035907565652e+00 5.610627680424998820e-01
-4.675835429908351770e+00 -4.841029995823750376e+00 6.759460243392927392e-01
-4.730083056728695112e+00 -4.769849394798564290e+00 6.729958295092017817e-01
-4.496668980997997167e+00 -5.048423516598742111e+00 7.232771740833653373e-01
-4.546391886107554292e+00 -4.995960171970189378e+00 7.123698979063715075e-01
-4.517867887893442180e+00 -5.021743730665306771e+00 7.014626217293776778e-01
-4.344637241877611800e+00 -5.177687270132885544e+00 7.590935744767504101e-01
-4.377241934325772910e+00 -5.152492115946817997e+00 7.576988378627091958e-01
-4.400315018546336887e+00 -5.133115628572452849e+00 7.444379436495210944e-01
-4.417967153817795811e+00 -5.117705423444267154e+00 7.296379357899787088e-01
-4.161978503242255378e+00 -5.290568316641943269e+00 7.971355604437130316e-01
-4.192447505250167517e+00 -5.278135547293341112e+00 8.131259977960989538e-01
-4.227694569799149704e+00 -5.259489117365389710e+00 8.095819502670608125e-01
-4.054540198441897836e+00 -5.346793636395477556e+00 8.450251496523919492e-01
-4.068168845473241646e+00 -5.338294460153663934e+00 8.210803550480525459e-01
-4.029936172859827970e+00 -5.351258428017378499e+00 7.969748388417043916e-01
-3.722829880560690530e+00 -5.444373441574322570e+00 1.034115476463042915e+00
-3.792890878561714807e+00 -5.425171296276712241e+00 9.829297323657120167e-01
-3.825585466143203384e+00 -5.410858901413094557e+00 9.252660904789477003e-01
-3.792256164438528199e+00 -5.402988991104569649e+00 8.422601932788533752e-01
-3.424685860644746782e+00 -5.446228550234794241e+00 7.476959612088829310e-01
-2.799015732689719815e+00 -5.538417371508976395e+00 7.040777528807049546e-01
-2.787103265476433833e+00 -5.585353527485401592e+00 9.885086788218766518e-01
-3.158939501960817964e+00 -5.571509676953062318e+00 1.272939604763048127e+00
-2.365097372310807966e+00 -5.695118209372460605e+00 1.348595893789933609e+00
-2.201065994938759651e+00 -5.677806585969664255e+00 1.053067005025317027e+00
-1.479014663582578937e+00 -5.729970280153793283e+00 7.272325599497476700e-01
8.221672689328228811e-01 -5.513284871506741958e+00 -3.595696369276899507e-01
1.613263510873939932e+00 -5.330993885689542466e+00 -9.531008926708861573e-01
2.348039089738296337e+00 -5.307762803961919573e+00 -3.947894605271785040e-01
3.024121318825054416e+00 -5.123673915478181407e+00 -9.883207162703747661e-01
4.194980913553016499e+00 -4.949495284419994867e+00 -9.171864248593263325e-01
4.750794350628216201e+00 -4.876685674615126587e+00 -8.210667345733059230e-01
4.752834697745242032e+00 -4.897590379256048898e+00 -6.870276425930414987e-01
4.411192329678889301e+00 -5.016407228659629070e+00 -2.784869507618008555e-01
3.990602965886898001e+00 -5.136035858358101613e+00 5.621442337373716569e-02
5.530670045473169871e+00 -4.670210173838048817e+00 -1.140270732542281173e+00
5.597513887339072625e+00 -4.654677384437144738e+00 -1.038275169450622704e+00
5.491843520160809788e+00 -4.700417662730827395e+00 -1.021729016728579520e+00
5.570346488409712471e+00 -4.652972100998884031e+00 -1.133212602528647084e+00
5.599262756296522703e+00 -4.639171835985734127e+00 -1.128393678563336833e+00
5.652900185848221959e+00 -4.625112781952401164e+00 -1.059771002695542252e+00
5.694886661301770125e+00 -4.616079683100525521e+00 -9.958473906152884858e-01
5.691320821013137632e+00 -4.628038459927949155e+00 -9.226809243720627274e-01
5.695379722487593277e+00 -4.620737885463827688e+00 -9.559339514181574016e-01
5.731386809527429627e+00 -4.598400306879574018e+00 -9.138848217807757912e-01
5.763490268504919634e+00 -4.581990358904996619e+00 -8.485583008016329698e-01
5.769548655672161352e+00 -4.563749819124488738e+00 -9.193084948248303467e-01
5.737900120551203464e+00 -4.580611966860651307e+00 -9.781843589640326631e-01
5.751632283190620143e+00 -4.566849839176791548e+00 -9.783042191418019895e-01
5.773610281241566611e+00 -4.546547159519665371e+00 -9.716383588008670191e-01
5.801652114649652248e+00 -4.547339871149911339e+00 -8.539819738456875253e-01
5.809148823950123663e+00 -4.533651294029683143e+00 -8.778804588358890548e-01
5.848258655137210660e+00 -4.502152584130936219e+00 -7.592052623696717850e-01
5.850233623975452879e+00 -4.507856838954769074e+00 -7.087441275288544063e-01
6.028942424934324862e+00 -4.287167010732249040e+00 -4.208263600525797843e-01
6.014022556897013594e+00 -4.307110109856067126e+00 -4.454276615397003702e-01
5.973218338651460790e+00 -4.340376757376908756e+00 -5.687774049389150433e-01
6.132319104165277146e+00 -3.983269702283385172e+00 -6.869649884092077219e-01
6.283424651002901484e+00 -3.773721422403497616e+00 -4.577078815711409510e-01
6.225951695762588223e+00 -3.973528338744691357e+00 -2.284507747330741800e-01
6.446238357932612573e+00 -3.483131317781960501e+00 -1.562649826715961643e-01
6.445701711227600939e+00 -3.409286551896359097e+00 -4.174348618407023315e-01
6.550056340545353351e+00 -3.077508131641419009e+00 -6.949411384207555553e-01
6.629618981729532123e+00 -2.879559048055647885e+00 -7.153309891162596967e-01
6.699802564003275229e+00 -2.794311220712280441e+00 -4.227114337574947589e-01
6.726855550944764950e+00 -2.502198347014084501e+00 -7.331683628442704492e-01
6.822648349836869741e+00 -1.868481242578827084e+00 -7.620655620664358310e-01
6.903316973570464476e+00 -1.384605704924718683e+00 -7.366170670500833406e-01
6.918171463328993909e+00 -1.617701061546347852e+00 -4.097447417988309137e-01
6.912633378297068809e+00 -1.954077754075704831e+00 -1.083209115639312131e-01
6.902287265679629691e+00 -2.017546442299425813e+00 -1.101760202244039255e-01
7.013830781568583639e+00 -1.025542749657598396e+00 -3.551375344451802030e-01
7.020749982739802775e+00 -6.849219171972332765e-01 -6.431942307638690570e-01
7.036010362645776617e+00 -6.040489863424404193e-01 -6.081541974310341603e-01
7.064033127389216737e+00 -4.885936701062946197e-01 -5.107514584238939115e-01
7.085120346391740931e+00 -4.110005495704578404e-01 -4.281759682257889610e-01
7.089337245373256380e+00 -4.005264044904026099e-01 -4.066229289869340291e-01
7.100544171994672915e+00 -3.884859048145003491e-01 -3.335327374022887259e-01
7.119555630645830746e+00 -3.831058172896344982e-01 -1.945031034749082344e-01
7.130171428663250488e+00 -4.289250943368461688e-01 -6.803699545369545909e-02
7.129517645875419696e+00 -4.853656175913751980e-01 -1.657339367153599571e-02
7.035830572379123460e+00 -3.419747076501667982e-01 -8.242457533791381907e-01
7.056051529187770122e+00 -2.730442090531012278e-01 -7.490716291582789621e-01
7.025871281244485012e+00 -2.978525417563685496e-01 -8.271632590698374532e-01
7.040856527560579892e+00 -2.639593523971885403e-01 -7.803742042206752716e-01
7.032509900635927735e+00 -3.231321428858646150e-01 -8.236900380094811513e-01
7.089043043118731902e+00 -6.091076306632888654e-02 -4.845184240621431271e-01
7.097346084524196463e+00 -1.238319082052405373e-01 -5.408172943793085885e-01
7.063858785312461031e+00 -2.090225295546726814e-01 -7.052000799998162650e-01
6.980825647162872905e+00 -8.957913831275307603e-02 -7.107844746458794605e-01
6.981691909356750436e+00 9.684157544758466296e-03 -5.944193106966677576e-01
7.070189581974632098e+00 -2.795193827475852405e-02 -4.847091107085940154e-01
7.082603282658588739e+00 -1.136437930948617503e-01 -5.623703336181634649e-01
6.968275741731451589e+00 1.103530863961083852e-01 -4.929440497403253518e-01
6.857298837591955909e+00 1.510074794194488090e-01 -6.292087272941672138e-01
6.127756245125202561e+00 8.702775098323951575e-01 -6.491082408987974839e-01
5.352557821308194796e+00 1.854868940117179621e+00 -2.433570222956390749e-01
5.794912703745084492e+00 1.621907064148065736e+00 1.623941963075192507e-01
6.464111144894964411e+00 9.177830016532229074e-01 9.471950548208057930e-02
4.331300073005843743e+00 2.665940970321507120e+00 -5.015031560710232483e-01
2.433728220463450054e+00 3.873278920515532686e+00 -6.064162248533812027e-01
7.648277943450252359e-01 5.005107682809935454e+00 -5.774917846817230194e-01
8.626636644491038064e-01 5.029752569816245078e+00 -4.216027271131301268e-01
1.656650171131427207e+00 4.992252678744193872e+00 4.322158010355996449e-01
2.398636429326578945e+00 4.923273146438040371e+00 1.171344483628936617e+00
2.478139140421874664e+00 4.877238665889834124e+00 1.183619255470478304e+00
3.174899974268762026e+00 4.329646547371618581e+00 1.041560427959477453e+00
3.900533490483271137e+00 3.744573606445996461e+00 8.680001664547810636e-01
-2.531937291575583893e-01 6.101414246965478405e+00 2.368927449809522801e-01
-2.003789762805465446e-01 6.103977620312769581e+00 3.067385394809823418e-01
-4.618702986536701860e-02 6.101787447973533673e+00 4.877328561023160924e-01
1.536171623808773590e-01 6.088153352752289749e+00 6.966900073782056335e-01
2.502952921315040324e-01 6.069801125078862825e+00 7.699381964699105740e-01
3.019904419843538745e-01 6.055638555437456994e+00 7.987945342678363092e-01
4.818569832966777544e-01 5.966312757954987056e+00 8.042944819704712645e-01
-1.600487505561726698e+00 5.751041154586623350e+00 -1.733017448940079808e+00
-1.521989985502722575e+00 5.774814331209157103e+00 -1.648194580408802734e+00
-1.399046132250953534e+00 5.825479773171172049e+00 -1.484806089444789423e+00
-1.317647451070945497e+00 5.850258140829996734e+00 -1.393862179562437520e+00
-2.222583620943273885e+00 5.386137739748204645e+00 -2.647953771371284848e+00
-2.315249158833583287e+00 5.309914838971865336e+00 -2.782284341511124026e+00
-2.292445760012999934e+00 5.306686786456946692e+00 -2.799007560404870976e+00
-2.465229654457145703e+00 5.044699678803049814e+00 -3.230501476278906825e+00
-2.584081917095067737e+00 4.991179385334169716e+00 -3.213824566999297083e+00
-2.873111115310655883e+00 4.942516153159888681e+00 -2.980146254058518185e+00
-2.732441576223797686e+00 5.097190264381095126e+00 -2.783447530054474761e+00
-2.361902008935280239e+00 5.281058501173939490e+00 -2.795131173292018545e+00
-2.338839821094513383e+00 5.244438492770511218e+00 -2.909769261043374744e+00
-3.128369708439782571e+00 4.711774414574454006e+00 -3.142755653867031818e+00
-3.521590090276164986e+00 4.587435824708644638e+00 -2.903067987468098465e+00
-3.781422438825165599e+00 4.537124515090039445e+00 -2.689531632582437659e+00
-3.832128742211419858e+00 4.550919331913289234e+00 -2.606969762859079331e+00
-3.525177723324392165e+00 4.692961814854594849e+00 -2.716167832996684961e+00
-4.793118613855476440e+00 4.084360865851875744e+00 -2.006562891463851805e+00
-4.825535343752137329e+00 4.075333215189898439e+00 -1.961242123792361625e+00
-4.620697024039587042e+00 4.230116290209076091e+00 -2.058236248557107295e+00
-4.357178975024185164e+00 4.399012901160571865e+00 -2.241592355499483435e+00
-5.248423843681335299e+00 3.791852998386032514e+00 -1.626153928174023378e+00
-5.300260646471548931e+00 3.770011205082552053e+00 -1.561652807964518219e+00
-6.062963646756121427e+00 3.088747747402226906e+00 -8.545703783547361487e-01
-6.043532677482769344e+00 3.112700714291414705e+00 -8.716940392060306131e-01
-5.932999800820008218e+00 3.240349079520623121e+00 -9.795028209194935886e-01
-6.348255386701270986e+00 2.673805432440133245e+00 -5.344320158181513625e-01
-6.342553855972386856e+00 2.698992414341353729e+00 -5.359220957554179376e-01
-6.293541939644597960e+00 2.767459816797038119e+00 -6.121395483418587968e-01
-6.447505062084036176e+00 2.522016137770235922e+00 -3.657424360828017695e-01
-6.497445894789537491e+00 2.444907906135374454e+00 -2.746568732630862431e-01
-6.447472372944644370e+00 2.549080021091522763e+00 -3.554698740289947145e-01
-6.690366299098903013e+00 1.201870691630782861e+00 3.623890752002145721e-01
-6.675762426075709577e+00 1.368983020390488248e+00 2.632347431406750204e-01
-6.620158199970616941e+00 9.386359484901077854e-01 2.935457476415265776e-01
-6.585393300227660340e+00 4.008369513146227137e-01 4.152501376913645403e-01
-6.512504691669263046e+00 -1.094132736386001781e-01 4.653081064796855681e-01
-6.422516939114116141e+00 -3.986004693612481553e-01 3.953969337008723106e-01
-6.294661542668759324e+00 -1.211987980272479781e+00 4.684844011905684447e-01
-6.249822939803295618e+00 -1.632708100622036751e+00 5.521468052734437304e-01
-6.261111589273190781e+00 -1.607640978898586370e+00 5.657155222159028218e-01
-5.784787242818540065e+00 -2.730028028098718806e+00 3.478287876962106173e-01
-5.596399732504808711e+00 -3.076467527370787103e+00 3.197025073446969623e-01
-5.532555119178084624e+00 -3.306708032485550675e+00 4.464165080062960089e-01
-5.254084512985979671e+00 -3.919446881716255326e+00 5.905075103494743516e-01
-5.289037375280436493e+00 -3.844196482836815587e+00 5.639639291635034635e-01
-5.316703283585518136e+00 -3.730707963154064277e+00 4.805494177210142825e-01
-5.020163755594711397e+00 -4.121465763156279216e+00 4.191673862284566732e-01
-4.733172180401199469e+00 -4.586667629932942525e+00 4.604701138497303559e-01
-4.794491557709924301e+00 -4.588555427732806891e+00 5.688482314075967716e-01
-4.879998174073474360e+00 -4.527737283894754938e+00 6.465530398363549258e-01
-4.929917214019381433e+00 -4.462214628079261836e+00 6.571824583285201804e-01
-4.540872869740274709e+00 -4.954434068563073446e+00 6.115130065035200291e-01
-4.587294171771281626e+00 -4.907329018699792655e+00 6.101918204531099343e-01
-4.606019600452762930e+00 -4.880916194071388325e+00 5.952910210804436275e-01
-4.296946511600231666e+00 -4.963170241065476773e+00 3.193974087103755299e-01
-4.114018087564895509e+00 -5.089053392767538320e+00 3.257282053725467086e-01
-4.249152265714777776e+00 -5.081142621034774542e+00 4.684026783420893736e-01
-4.425096110300111185e+00 -5.036941456387445726e+00 5.954517426824521564e-01
-4.475273939266201317e+00 -4.993443108237038075e+00 5.781837047988449552e-01
-4.498278921113032958e+00 -4.926133446134804750e+00 4.882340895729871955e-01
-4.123745830628842590e+00 -5.303532284505657834e+00 7.730300442373648773e-01
-4.197590596514443106e+00 -5.263776842815587109e+00 7.679795722013643688e-01
-4.216245198727244237e+00 -5.249227451691379720e+00 7.560289676587889085e-01
-4.090558181861531750e+00 -5.252823257024454406e+00 6.127851588448426368e-01
-3.944764620175040815e+00 -5.307228881351856664e+00 5.656746607916632863e-01
-3.577194316381259842e+00 -5.350468440482082144e+00 4.711104287216927866e-01
-3.587853699917867178e+00 -5.303973587887444552e+00 3.755464538053294721e-01
-3.111910726756117462e+00 -5.116781955256454850e+00 -2.314336587025567216e-01
-2.588309712456379863e+00 -4.918707563303015284e+00 -8.822553553244633084e-01
-2.477733250274429366e+00 -4.897786514092397958e+00 -9.746702764794369367e-01
-2.090661150738614804e+00 -4.929909041734534370e+00 -1.071296648426026898e+00
-1.346334894982015085e+00 -5.052711242048939511e+00 -1.125680479993835137e+00
-1.876048778347980228e+00 -5.630870429993239945e+00 4.317036711851313102e-01
-1.183058091910923038e+00 -5.409510474413192327e+00 -3.676901639715507430e-01
2.076414134153780622e-01 -5.279573869426571697e+00 -1.213151168815830738e+00
6.090068391501648470e-01 -5.390302880925683660e+00 -1.099294896314923609e+00
1.281141854655393035e-02 -5.615604601897367765e+00 -3.274035237663657227e-01
1.336615324202915733e+00 -5.120339623260240280e+00 -1.975064181565105992e+00
1.805219585571253171e+00 -5.035326068082511597e+00 -2.001125597945050849e+00
2.354331749071177704e+00 -4.982080908203511349e+00 -1.919696951720600619e+00
2.714429860419031559e+00 -5.009722299654049138e+00 -1.715275418535294083e+00
2.289345739960697124e+00 -5.146904997205805188e+00 -1.546632148414082808e+00
3.614070389709922448e+00 -4.815369021401352256e+00 -1.818785578418762983e+00
3.912819158704610167e+00 -4.779269315133239715e+00 -1.768555991648636416e+00
4.060609481988937119e+00 -4.763412358433369853e+00 -1.739397279311338140e+00
4.467690058927353824e+00 -4.747729743810253922e+00 -1.598801290788110840e+00
4.770135424768239929e+00 -4.748645039713219163e+00 -1.467276538446049550e+00
4.811511702953144898e+00 -4.758282887643839665e+00 -1.428798697287199104e+00
4.827395900602508227e+00 -4.770168113907631735e+00 -1.396401036055184175e+00
5.390477223002438478e+00 -4.682678356420990617e+00 -1.326296452534970749e+00
5.447478909816523718e+00 -4.671574945407647839e+00 -1.283778778566309509e+00
5.462635774114423803e+00 -4.677807674651644376e+00 -1.250705541786868435e+00
5.422959331177881204e+00 -4.695045747490809163e+00 -1.257763671800502525e+00
5.563942141183909840e+00 -4.634047813386103165e+00 -1.221429693366750779e+00
5.519869008999199522e+00 -4.641615349155255643e+00 -1.259321854111501882e+00
5.504014776394277497e+00 -4.633110724723543683e+00 -1.292395090890942733e+00
5.544421276777232954e+00 -4.612908836579541649e+00 -1.280621552520071704e+00
5.570390073928900954e+00 -4.603862117252918829e+00 -1.266238331187772292e+00
5.617579570735609096e+00 -4.619988759352770202e+00 -1.152807017498955755e+00
5.673298208828573941e+00 -4.597193532817034800e+00 -1.089003265596471426e+00
5.695276206879520409e+00 -4.576890853159907735e+00 -1.082337405255536344e+00
5.638007558760404159e+00 -4.587144346549069773e+00 -1.169650096570472364e+00
5.706932609167570725e+00 -4.474396780692527109e+00 -1.180753507583815809e+00
6.013897248529344708e+00 -4.131446847050511906e+00 -9.083494608437998608e-01
5.996730002158861872e+00 -4.141694892249775606e+00 -9.366609796518660103e-01
5.987320978203983124e+00 -4.059291020033476194e+00 -1.058463437119878670e+00
5.997645298061826225e+00 -3.958398715396284295e+00 -1.155819866512880933e+00
6.238953800955593820e+00 -3.510712779143614348e+00 -1.124530911925230692e+00
6.481915829483583913e+00 -3.065402253686734024e+00 -1.086461685008775380e+00
6.505966863790946242e+00 -3.053606922556268977e+00 -1.043709738874474491e+00
6.574142788087056211e+00 -2.660345679295646359e+00 -1.172278848196546042e+00
6.613244446989294367e+00 -2.356968672982099555e+00 -1.218024574680126815e+00
6.636268497500771524e+00 -2.230080330243745301e+00 -1.222799913126248139e+00
6.668309302294428420e+00 -2.265245671944247974e+00 -1.138742515275724676e+00
6.656671968671022732e+00 -2.587446174357452389e+00 -1.025787918203035387e+00
6.713951513169935659e+00 -1.788450057063367682e+00 -1.236453077012135360e+00
6.798106978438633874e+00 -1.476933455041314458e+00 -1.152395679161611897e+00
7.003092399278445512e+00 -4.452723881275903461e-01 -9.129994909222535204e-01
7.014037812784730264e+00 -4.301754539185744797e-01 -8.948188812306311357e-01
7.017358484527925100e+00 -4.490180186828767184e-01 -8.953745966002880641e-01
6.990956556279317446e+00 -3.506046404495464230e-01 -8.998856978363274361e-01
7.004579755120762030e+00 -3.646636944828793858e-01 -8.886597025502656066e-01
6.997949308014168146e+00 -4.063859327263451005e-01 -9.089514858275949960e-01
7.012248082403039540e+00 -2.837934877230356423e-01 -8.383892543558992827e-01
6.914799033781761750e+00 -1.911143293579801172e-01 -8.809287210841545424e-01
6.829439518545473042e+00 -2.007657977633469162e-02 -8.462864056139174362e-01
6.858840675333259362e+00 4.058084245970936671e-02 -7.625422786825633015e-01
6.350663486636451971e+00 1.658020390890924678e-01 -1.124416499937360259e+00
5.482192051755442108e+00 5.984346266519348090e-01 -1.473174204011281851e+00
4.553654323242386504e+00 1.334054674950574615e+00 -1.627545940693115423e+00
4.509436814025362672e+00 1.762789082640969784e+00 -1.319856692074827365e+00
5.106498496822851507e+00 1.681349540036722656e+00 -9.072543746741815740e-01
2.211567380968308072e+00 2.863628540792145571e+00 -2.150852752738328988e+00
5.269570992772744100e-01 3.587998076950180248e+00 -2.631385825889647201e+00
-2.069958029123942223e-01 4.039887291709618466e+00 -2.677521097950978035e+00
-2.637169079467010513e-01 4.143579965954690358e+00 -2.598726651542500043e+00
-2.615321837973630381e-01 4.246060417947323806e+00 -2.474249132834275500e+00
-2.442913868632488328e-01 4.305916956268274198e+00 -2.388772481515166746e+00
-1.990877552745788093e-01 4.367582293635559054e+00 -2.278751734702872955e+00
-1.292256162048529278e-01 4.447033246926817007e+00 -2.127697945669285939e+00
4.307611343326731013e-02 4.561911055033711193e+00 -1.852245636681004504e+00
2.894187437933383178e-01 4.686353160507595206e+00 -1.506092167378612956e+00
4.588520014498464472e-01 4.749421406773769228e+00 -1.294982981092776875e+00
5.662276520663709345e-01 4.783508006874349405e+00 -1.168239015386735691e+00
-2.431750527530259554e+00 4.868074810480392145e+00 -3.439020048267959151e+00
-2.460236388415080633e+00 4.889423542598049011e+00 -3.423391915543829711e+00
-2.452538096088361375e+00 4.929636632239603244e+00 -3.375232640935170281e+00
-2.417201136406052608e+00 4.963886678037141564e+00 -3.325428012977133641e+00
-2.451551973716714627e+00 5.016123922784902156e+00 -3.275898518608976850e+00
-2.415016412256714595e+00 5.069445357322482693e+00 -3.196937902408591992e+00
-2.530934824634241576e+00 4.939176412752049217e+00 -3.369928828068884830e+00
-2.509463508243865881e+00 4.964883696788584544e+00 -3.341993234363822118e+00
-2.486888933399023394e+00 4.981873876987363836e+00 -3.325703146567013491e+00
-2.523743213968091759e+00 4.868976485908610208e+00 -3.452972862598269188e+00
-2.533026929555302953e+00 4.892725145676600107e+00 -3.423081368719609774e+00
-2.516058542116118790e+00 4.915953503309274275e+00 -3.401798014880736076e+00
-2.547903212073425738e+00 4.915948055119375937e+00 -3.391212181907758971e+00
-2.562844872870331692e+00 4.872624049045721328e+00 -3.431144689769535017e+00
-2.577331609810704638e+00 4.853830517990506799e+00 -3.442062862326325856e+00
-2.633897441432901498e+00 4.834094450082834449e+00 -3.420433548428890802e+00
-2.766348386057724262e+00 4.816921755522452386e+00 -3.335011379008768095e+00
-2.792221839886166901e+00 4.852168820071434574e+00 -3.272095682059755539e+00
-2.935708093150600551e+00 4.665571040139392167e+00 -3.347899072213902372e+00
-3.184698543801391057e+00 4.610631493201927000e+00 -3.192622936008902013e+00
-3.102496254611339932e+00 4.676527350025472707e+00 -3.205671350816045262e+00
-4.641773346662314559e+00 4.094322881081462917e+00 -2.180221220386723058e+00
-4.509202541859722579e+00 4.231464717208979209e+00 -2.229246757189259576e+00
-5.402476861254100982e+00 3.237404332880430946e+00 -1.631046402702964748e+00
-5.408853967530410145e+00 3.452117496784189221e+00 -1.558239516993046525e+00
-5.171882223795927658e+00 3.620387565897346782e+00 -1.776837240294505627e+00
-4.977071297591748156e+00 3.755461813958345108e+00 -1.957537354661315065e+00
-4.879456079178563499e+00 3.767755654464532089e+00 -2.064986555841470839e+00
-5.706218896290853770e+00 3.233819423927152936e+00 -1.282068046938149575e+00
-5.692118980833281050e+00 3.011195488290629552e+00 -1.358152018872074818e+00
-5.918957091356371158e+00 2.969059187614869977e+00 -1.073451407530922497e+00
-6.103045979840108437e+00 3.000250074784345244e+00 -8.254579756315761907e-01
-6.078594503575200036e+00 3.061152665565826325e+00 -8.415383081172891355e-01
-5.931991885688767674e+00 3.235238677395738005e+00 -9.874680745512443014e-01
-6.623596007796631824e+00 1.395954284483498897e+00 1.448864380683736186e-01
-6.584543382603479600e+00 1.561906148794803162e+00 5.097326469128558857e-02
-6.554469374363217860e+00 1.680221764727712674e+00 -1.889159847338958004e-02
-6.494370391591778535e+00 1.786077370362528116e+00 -1.246573089748781865e-01
-6.395120716209013345e+00 1.937866665032425884e+00 -2.933468887102277378e-01
-6.164286358395302479e+00 1.987998184384377920e+00 -6.071707991543371374e-01
-5.943198812310184209e+00 1.680216316537814336e+00 -8.155150290666343116e-01
-6.148432125790381342e+00 5.312911343416094612e-01 -2.502190174729237437e-01
-5.407832431924422423e+00 -6.074459327442163215e-01 -7.758658270795852907e-01
-4.973080498491024848e+00 -2.262298201209106185e+00 -7.659909828883759708e-01
-5.391038386561993079e+00 -2.263109981503997226e+00 -2.896012581549413656e-01
-5.943201536405132934e+00 -2.036892964629348324e+00 2.703718719078387900e-01
-6.137987945754768582e+00 -1.710731628159863016e+00 3.927164242707619768e-01
-5.084032885775979338e+00 -3.197041418016666192e+00 -2.735263738591270921e-01
-4.660613187331667184e+00 -3.247499828762533625e+00 -7.402292169528538190e-01
-4.660065644246857985e+00 -3.757243372055186992e+00 -3.329933666023274785e-01
-4.721376849270733977e+00 -4.327706991767717781e+00 1.969139275050380555e-01
-4.784412406397516193e+00 -4.389091747355224449e+00 3.215249268657781601e-01
-3.698182269459431737e+00 -4.146764432950421408e+00 -9.357702006034450681e-01
-3.468862508437530856e+00 -3.715826232446042710e+00 -1.464108416020014403e+00
-2.822118781954725542e+00 -4.211464412091224574e+00 -1.585022818534555622e+00
-4.233910954473449451e+00 -4.901785485477969218e+00 1.947864093496353977e-01
-3.575039557276364022e+00 -4.840477004549042839e+00 -4.058629064960795896e-01
-1.383423447716723098e+00 -4.259729926402907374e+00 -2.382278239156037980e+00
-9.180853761925952261e-01 -4.352011366905364831e+00 -2.419192449813990731e+00
-1.081114286623301002e+00 -4.549064223252817563e+00 -2.144941466698349952e+00
-3.367880308667012823e-01 -4.671866423567222704e+00 -2.199325298266157969e+00
1.728138594885884616e-01 -4.555800910062433928e+00 -2.482691103082153461e+00
6.200939055938122779e-01 -4.745343436634668066e+00 -2.351623998691574791e+00
1.001377303362365634e+00 -4.931922147902065845e+00 -2.207306896467604584e+00
1.006122676764044765e+00 -4.952361032306656696e+00 -2.181901986970440799e+00
9.352498984681290040e-01 -5.009610611761128318e+00 -2.088920454066013122e+00
1.753657916370918946e+00 -4.912052599341877546e+00 -2.285485697417540596e+00
2.041987022184537537e+00 -4.884067971927727569e+00 -2.247214887474837219e+00
2.160953696810330005e+00 -4.882877542434884255e+00 -2.217928142674921332e+00
2.270356074069133090e+00 -4.883098194125777169e+00 -2.189278836093142555e+00
3.099123825064107773e+00 -4.795913535273458095e+00 -2.061153754247806447e+00
3.253972278362069037e+00 -4.787727629950814467e+00 -2.023207111604069741e+00
5.414171400871443218e+00 -4.640122545123039011e+00 -1.363750033992884747e+00
5.415740479562239251e+00 -4.651185094712142920e+00 -1.349249676577765289e+00
5.374593025353075149e+00 -4.670793130157198547e+00 -1.358694113766985234e+00
5.496485377954415164e+00 -4.618111857932702513e+00 -1.320608542280833797e+00
5.513214045038060895e+00 -4.583259787151369835e+00 -1.335108899695953255e+00
5.555189624111811497e+00 -4.544035543976411518e+00 -1.332910555071868952e+00
5.639315124336067520e+00 -4.491114551396376164e+00 -1.277341742201115515e+00
5.637198502560463176e+00 -4.460937027548040668e+00 -1.304026976324450082e+00
5.660911749094111656e+00 -4.401301140917984078e+00 -1.323348981799828961e+00
5.738853553783458850e+00 -4.313775970197002430e+00 -1.300041625413625335e+00
6.564079981344344006e+00 -2.485717572570824707e+00 -1.256001182368306157e+00
6.550091753779692993e+00 -2.672141010426111851e+00 -1.215030794330846931e+00
6.681910708376277874e+00 -1.753284715362865009e+00 -1.320510474862659267e+00
6.685059762137667505e+00 -1.653776250959916538e+00 -1.342202442943928320e+00
6.878775602172229497e+00 -9.930579173872060572e-01 -1.126947184145259184e+00
6.797769190664920913e+00 -1.205066055006310810e+00 -1.232696550077051922e+00
6.772454176301083706e+00 -1.215482994092430546e+00 -1.254265933885602369e+00
6.870091187473863492e+00 -8.570629252333449299e-01 -1.105652933926587700e+00
6.986009599851390917e+00 -5.061014283454402518e-01 -9.445472345300869321e-01
6.991152691115667395e+00 -5.449878837466854975e-01 -9.485952396247455676e-01
6.524131128912872057e+00 -1.460477197452598519e+00 -1.475078346380842342e+00
6.193589447764914269e+00 -8.450251496523920602e-01 -1.521505096601747375e+00
6.325563675773609340e+00 -3.993468713773560830e-01 -1.327119129209659132e+00
6.779588580973297418e+00 -6.163455509435766810e-01 -1.103530863961083686e+00
6.868407696795197026e+00 -7.432883755809167603e-01 -1.081283180510157482e+00
1.442010557791299385e+00 2.567260630783145370e+00 -2.876935744619471880e+00
2.255784890185331903e+00 2.434894133101750846e+00 -2.458542001356616602e+00
-2.350054920000777869e+00 4.751736887480673133e+00 -3.492235243102517650e+00
-2.421012145240122315e+00 4.787289050663976475e+00 -3.488451475217941411e+00
-2.386230900927470255e+00 4.803184144693136481e+00 -3.469845906714227990e+00
-2.339692462813644180e+00 4.812350724197528962e+00 -3.452381733994271507e+00
-2.511264135005351950e+00 4.860373794058723718e+00 -3.462139442102660780e+00
-2.478288965644086073e+00 4.858908230976000553e+00 -3.456484220987916078e+00
-2.550330380673250907e+00 4.804660604155657211e+00 -3.498707692702053063e+00
-2.554263973780039443e+00 4.825875855620799015e+00 -3.481619445085098796e+00
-2.530038597395921407e+00 4.845451201926462836e+00 -3.471578431101982609e+00
-2.517559518433182486e+00 4.836848510076575458e+00 -3.480745010606373757e+00
-2.593910451672138961e+00 4.774864453600223158e+00 -3.507353970071128035e+00
-2.575490121624978368e+00 4.772442733190296771e+00 -3.513524045131290130e+00
-2.569935692023356921e+00 4.745874635149782250e+00 -3.531249730966379730e+00
-2.723985985501173435e+00 4.714710988929799562e+00 -3.465400183756971675e+00
-2.653407409459781707e+00 4.748639591523319936e+00 -3.487906656228081381e+00
-2.599582017356580010e+00 4.738372477659412496e+00 -3.527261655960606035e+00
-2.923367943030275917e+00 4.108153111139054126e+00 -3.503270551742128536e+00
-2.887941088214640573e+00 4.499128838737214586e+00 -3.425584811978015676e+00
-2.676218980565213013e+00 4.548268787527621981e+00 -3.543085923521084979e+00
-2.601276404415043597e+00 4.528083243953314962e+00 -3.594236254384075124e+00
-3.236878582555215544e+00 4.202899857570627340e+00 -3.270308675773015317e+00
-3.130546260304273076e+00 3.837021216740361229e+00 -3.427123925624369516e+00
-3.153297901320819552e+00 3.793847035888918917e+00 -3.418543026534077711e+00
-3.808331048734342694e+00 3.774715717059991427e+00 -2.919853860545679858e+00
-4.391546156904542642e+00 3.966472932826006215e+00 -2.432910991978661119e+00
-4.153863424388293701e+00 4.293040159442936599e+00 -2.548145656523913782e+00
-4.244959883587807070e+00 1.932445716083321385e-01 -2.004386339599361744e+00
-4.705593443134494791e+00 2.105196921388075015e+00 -2.044035541586410876e+00
-4.699842878696524728e+00 2.455115089910397952e+00 -2.120391923015266133e+00
-4.430737710940110041e+00 2.666545719400251535e+00 -2.370354875562955765e+00
-3.563582013919611047e+00 2.835840048214345099e+00 -3.070553517235858454e+00
-3.128579463750878809e+00 -3.284888031941664455e+00 -1.949324208389178192e+00
-3.358446767857588444e+00 -3.206082689153389342e+00 -1.828221843323135642e+00
-3.363908578230933255e+00 -3.154812498112630426e+00 -1.837908724962842966e+00
-2.871817170209738812e+00 -1.540413039644832338e+00 -2.550657272067167192e+00
-1.990024911026656573e+00 -9.056471586540950636e-01 -3.253530974980281876e+00
-2.481835737268073494e+00 -3.780526211586847207e+00 -2.070238610903719412e+00
-1.712409670648631366e+00 -3.841428802368327844e+00 -2.505282022496691408e+00
-1.642915284397060915e+00 -3.921359196370663547e+00 -2.498872227080990438e+00
-1.634323488926971324e+00 -4.094573497816798913e+00 -2.397791959892296543e+00
-1.933524457683243103e+00 -4.424660255108223694e+00 -2.011400884093807129e+00
-1.084222478960451319e+00 -3.929643169111482148e+00 -2.768669314954526950e+00
-7.662225309590664502e-01 -3.907177558064612199e+00 -2.863339786727519876e+00
2.508591797860089678e-01 -4.342670445324217532e+00 -2.773984024200609522e+00
-9.571380013857475055e-02 -4.261683102481554464e+00 -2.764869202500254808e+00
-2.430519236613176148e-01 -4.146936050932226614e+00 -2.822625463615295427e+00
-3.720841291247701382e-02 -4.113549543233616212e+00 -2.890564391650815690e+00
1.748912542969240036e+00 -4.891613714937286694e+00 -2.310890606914704382e+00
1.996415637777712249e+00 -4.863187784141350001e+00 -2.281816341520834790e+00
2.989721447805305132e+00 -4.795692883582564292e+00 -2.089803060829585668e+00
3.443318670097953671e+00 -4.751407271991808123e+00 -2.001626831415721952e+00
5.430900067955088950e+00 -4.605270474341706333e+00 -1.378250391408003983e+00
5.366499739258707713e+00 -4.615240661856140569e+00 -1.411672312340955138e+00
5.987792246630212034e+00 -3.638421074461707594e+00 -1.321973313850432818e+00
6.298971060878551853e+00 -2.948712922438555761e+00 -1.306320664271759968e+00
6.291340870925564488e+00 -3.176381881921181094e+00 -1.253100021247302687e+00
6.649853559012926851e+00 -1.890589997187339222e+00 -1.324811820787602512e+00
6.624740127675337042e+00 -2.007543565645599326e+00 -1.320036482341481188e+00
6.597883275570197270e+00 -2.031651805946896427e+00 -1.335689131920154038e+00
6.610539420704641067e+00 -1.750666860116588230e+00 -1.383750339110638938e+00
6.647287461570686951e+00 -1.500161812673988404e+00 -1.407057695496842564e+00
4.185610026927427008e+00 -1.243908924888367240e+00 -2.439743022111503290e+00
3.023151541023104016e+00 -2.829817074281444911e-01 -2.756380922638238307e+00
2.130114217889313988e+00 5.762986310939298695e-01 -2.978860481242448621e+00
2.245553189555764106e+00 1.054783184843375521e+00 -2.848948393110372734e+00
3.607905762839658248e+00 9.409568773869106950e-01 -2.304170264674783475e+00
5.350217823746746149e+00 7.297033140687621267e-02 -1.731404784730094626e+00
7.965798450740559089e-02 2.681086938239610085e+00 -3.421713873055061139e+00
-9.088806593589133787e-01 3.102504426896187884e+00 -3.548098258227795565e+00
-1.777572745930816378e+00 4.114701835397169383e+00 -3.516117383523023943e+00
-1.775088371337055548e+00 4.263331179925880399e+00 -3.482442121759787401e+00
-1.682975824721454128e+00 4.292470823598533158e+00 -3.455421823957689487e+00
-1.567757504745897590e+00 4.314427028889884497e+00 -3.424852030436653649e+00
-2.561640822902741199e+00 4.723937498523075540e+00 -3.541759289280776546e+00
-2.544775951071630349e+00 4.752720285757369822e+00 -3.526942936851538590e+00
-2.465273239976334629e+00 4.729780682189321794e+00 -3.522805036623553043e+00
-2.589407522720947874e+00 4.657197172265246543e+00 -3.568109459725346433e+00
-2.593771522829725118e+00 4.683871510008784433e+00 -3.556314128594881385e+00
-2.582545527543662622e+00 4.693795387909080574e+00 -3.554132128540492541e+00
-2.574250658423046900e+00 4.671858251282373864e+00 -3.564641686854889358e+00
-2.586084126882802536e+00 4.190832116945232499e+00 -3.676269649687269325e+00
-2.596560996057807102e+00 4.210628114941790123e+00 -3.669522066497855395e+00
-2.592534783722742819e+00 4.364005556967128996e+00 -3.636239074407318750e+00
-2.580665902028646652e+00 4.493119485279060576e+00 -3.610112279748590502e+00
-2.738407344162762325e+00 3.694354916055666127e+00 -3.700879123459237974e+00
-2.810639445838378325e+00 3.718397778078180060e+00 -3.666833384782897554e+00
-2.708376921441689067e+00 3.983730074329815629e+00 -3.663667986451811576e+00
-1.732548904608800067e+00 1.678859717253062822e-01 -3.595328616458743465e+00
-2.153064717837159581e+00 9.634878667125640339e-01 -3.557648935120038214e+00
-2.591788381706634503e+00 2.452104964991422609e+00 -3.631330255308681476e+00
-2.625289301393115782e+00 3.030901591153859265e+00 -3.716757872918702965e+00
-2.530305558700953306e+00 3.050032909982787199e+00 -3.759384510685335634e+00
-2.417566165129259037e+00 3.014442609470194157e+00 -3.799978973619791311e+00
-1.135198467746686202e+00 -3.424566000466978455e+00 -3.003960292105290808e+00
-1.257613846578291339e+00 -2.599410399374773917e+00 -3.160563062550600932e+00
-1.283397405273407843e+00 -1.701807493105959246e+00 -3.354845514334615419e+00
-1.138829686314102085e+00 -1.677293362657215958e+00 -3.392525195673321114e+00
-5.603790202102257867e-01 -3.873791050366001354e+00 -2.931278714763040583e+00
-8.869707636817002472e-01 -3.723042359966735937e+00 -2.937688510178741552e+00
-6.703534574083814812e-01 -3.643670405429006998e+00 -3.007733163610070370e+00
-2.934803693627434096e-01 -3.746082755047908552e+00 -3.029972674776148622e+00
1.339835204432987315e+00 -4.704155121001265094e+00 -2.461598435889730041e+00
9.503876941013843505e-01 -4.507903148568907170e+00 -2.609707478283124882e+00
3.591108993382279735e+00 -4.735550315291938261e+00 -1.972468119078423676e+00
3.018545096463839617e+00 -4.781026356375537745e+00 -2.089931093292202835e+00
2.977719085458693016e+00 -4.780585052993751916e+00 -2.099127637841037064e+00
2.308229166149238676e+00 -4.607763021220315558e+00 -2.286836848512392883e+00
1.538713204396469747e+00 -4.335236390207580115e+00 -2.519052322465398674e+00
1.383823889674269836e+00 -4.178862443738013077e+00 -2.588415952159402345e+00
2.315039403522486605e+00 -3.164788133816963889e+00 -2.606882591820701478e+00
3.547152997280389020e+00 -2.339360123229829558e+00 -2.516251952857519125e+00
5.909850441940863952e+00 -3.725946245182688799e+00 -1.345280670236636444e+00
5.879013687114797548e+00 -3.759869399586311278e+00 -1.352232560547247830e+00
5.772637779344665709e+00 -3.809063830275704277e+00 -1.387852826104283510e+00
5.395001944713224695e+00 -3.855871953789511863e+00 -1.536245174372405264e+00
4.823091830582615813e+00 -2.762406620666088664e+00 -1.960746338511589526e+00
5.461548860229654245e+00 -1.666955422324625680e+00 -1.884237407765573469e+00
6.487383088046827062e+00 -1.710982244895198567e+00 -1.451770989994638716e+00
-1.054766840273679618e+00 1.752110630439717154e+00 -3.796808127098807439e+00
-1.504882669221123903e+00 2.365481469698659467e+00 -3.775315017948837060e+00
-1.708903760448883258e+00 3.013884170005587837e+00 -3.716809630722739399e+00
-1.707511747929791435e+00 3.300415373152668863e+00 -3.678903849503241563e+00
-8.374276488387967232e-01 2.437127890960176124e+00 -3.678010346359871896e+00
-2.625667950591068500e+00 3.658764615543073084e+00 -3.741473586393693651e+00
-2.587476139401894137e+00 3.904300913798151473e+00 -3.714175430906766717e+00
-1.587981185649494309e+00 1.924001021740493755e-01 -3.633008297797449604e+00
-1.479142696045196326e+00 9.178374835522089548e-01 -3.742843806153191455e+00
6.377351444854734153e-01 -2.732008445126859364e+00 -3.048439314437447756e+00
2.830143965675360196e-01 -1.779926363967010650e+00 -3.220482255055384435e+00
7.995763495182849068e-02 -1.563276368554300244e-01 -3.460965357179512925e+00
5.043334907233451014e-01 6.779455100320782579e-01 -3.514929678125129353e+00
4.299763225777807563e+00 -5.080973727147917174e+00 2.308670469531025338e-02
4.188655565080743770e+00 -5.092545682492540138e+00 1.315656137663007985e-01
