-4.052986240275053414e-02 -4.382520163943798286e-01 1.805881892094357788e+00
4.353296460584335503e-01 -7.781208516054749502e-01 1.787977905801672929e+00
6.165856295521442432e-01 -7.359393754320926462e-01 1.758560692470576337e+00
7.267322449346154123e-01 -6.126784536917689872e-01 1.727832048503694651e+00
7.990864861117787932e-01 -5.175097566232662594e-01 1.705778074475399864e+00
8.008798428552633686e-01 -4.632123376399506220e-01 1.698393881863567767e+00
-1.384907727816930390e+00 1.641680669603805542e+00 1.444549473150589236e+00
-1.647089088428829395e+00 1.360029987259891548e+00 1.447113172137838744e+00
-1.527734110001291112e+00 1.206587672682656320e+00 1.483028376363540124e+00
-1.071244086917329863e+00 6.725026160687510579e-01 1.613439306673591700e+00
-6.158719844975204527e-01 1.752485465399349629e-01 1.738854721601276854e+00
-4.642242592113601241e-01 7.135711017683421531e-02 1.772498340618564816e+00
-4.240653936332066665e-01 4.968460962765182121e-01 1.721769146908367798e+00
-4.633171041851025795e-01 -6.496561139400710561e-01 1.834420298993767462e+00
-8.929684034962967476e-02 -1.038857666441866501e+00 1.832421106802748945e+00
2.591813397777812944e-01 -1.295472842137217917e+00 1.844516096303651764e+00
-8.068872798090391540e-02 -8.637410024940639364e-01 1.856611085804554806e+00
6.452078496876754166e-01 -1.750519551993261480e+00 1.833849629459586295e+00
6.713711373811093175e-01 -1.795475492791786865e+00 1.824487197965766194e+00
7.841899159387518692e-01 -1.724464728487749454e+00 1.818983872976309923e+00
8.909544207341979494e-01 -1.609312737342192046e+00 1.820088235616971195e+00
9.081275063059986996e-01 -1.565145627001281348e+00 1.823641670319009922e+00
1.433450382102425369e+00 -1.054623182665859860e+00 1.680468942261852394e+00
1.490272058550109913e+00 -9.910668661862859219e-01 1.646027864953819364e+00
1.507687955997145224e+00 -9.608287761602336552e-01 1.633625971103000341e+00
1.473944500625065324e+00 -8.768479135663763691e-01 1.633194579446491934e+00
1.560959895385560792e-01 7.336887435327094087e-01 1.578502745234368732e+00
1.448046210663485878e-01 5.492219735669868763e-01 1.622127534635669166e+00
7.762695651252594642e-01 -2.083177983802718125e-01 1.650223456950260070e+00
1.392828078630423239e+00 -6.887882673757347307e-01 1.619896623497726118e+00
1.419086272488288669e+00 -5.503904286823294578e-01 1.583202449195129313e+00
-1.386580294896592624e+00 2.618926979663155574e+00 1.197583912537532935e+00
-1.323961947133026618e+00 2.446031366472575908e+00 1.258455740366035469e+00
-9.590526750830093983e-01 1.992568480269713005e+00 1.383677645322086924e+00
-6.018049188525795845e-01 1.682897061014199336e+00 1.450654281363976894e+00
-6.584589688280204633e-01 1.944776447466542546e+00 1.351900103356094895e+00
-1.798031796493496426e+00 3.033123364743042227e+00 1.030761061323000494e+00
-1.860360495573406547e+00 2.982110685087139945e+00 1.041197041767731424e+00
-1.907113490758187035e+00 2.890732071857959884e+00 1.071024693446305909e+00
-1.790948345493630134e+00 2.795048169896827250e+00 1.130588788281792656e+00
-1.648776446079571967e+00 2.800784446380797377e+00 1.152605785882386824e+00
-1.894185299086428076e+00 2.694675656903243954e+00 1.153549917336345043e+00
-2.015927722195842708e+00 2.491698487230544767e+00 1.171653576338613556e+00
-2.138042374677444180e+00 2.241634301976169752e+00 1.200167332286222743e+00
-2.099913514980059848e+00 2.033268434239886346e+00 1.255098280730810867e+00
-2.038220810456601750e+00 1.850959855104295837e+00 1.309473350212297937e+00
-1.749816999866947720e+00 2.095143555806668445e+00 1.319327568194537781e+00
-2.430995518421875889e+00 1.884116617823524020e+00 1.205896213484653146e+00
-2.426179954987653264e+00 1.810640758339439271e+00 1.220498204783664331e+00
-2.377437627992574853e+00 1.731138973687728289e+00 1.254327938487046046e+00
-2.332158759725462716e+00 1.666067856220015075e+00 1.284246798687282087e+00
-6.063567171025372460e-01 -4.625110180612270749e-01 1.812871669477382319e+00
3.343186734132183036e-01 -1.585491290069803272e+00 1.809722510384871530e+00
3.359567291603597905e-01 -1.560130390857474847e+00 1.815738575171777613e+00
-1.851902754010664731e-02 -1.188337340517174878e+00 1.819597681676141887e+00
6.598924216752182215e-01 -1.932878665580042954e+00 1.796329648271673518e+00
6.919324962778852228e-01 -1.978484158958511374e+00 1.782936786158475506e+00
7.060118873987264454e-01 -1.967041187132731128e+00 1.790091724918563498e+00
7.017731562366348319e-01 -1.941030735340459890e+00 1.800138220324847271e+00
7.319545490735459570e-01 -2.017972518647692226e+00 1.772918639346763081e+00
7.349262213130932642e-01 -2.020659472393943723e+00 1.771295374170701598e+00
7.440803522641995515e-01 -2.002969949381923076e+00 1.777052603963702460e+00
8.145919347942773836e-01 -1.870019971036422701e+00 1.794634895335391001e+00
8.295230162998249446e-01 -1.881620708953726240e+00 1.788722364546047272e+00
8.793906592445953629e-01 -1.845311089499216628e+00 1.785701390402899102e+00
1.086281167515619872e+00 -1.530454342532473255e+00 1.794224456987913330e+00
1.134609358520450195e+00 -1.466605912274063783e+00 1.785160302010878608e+00
1.587278484075337781e+00 -8.794461238861464025e-01 1.578686394825282502e+00
1.621733119406861379e+00 -8.578728434179609952e-01 1.547812310242777878e+00
1.648942840004225419e+00 -8.071633704692042777e-01 1.516506834003765070e+00
1.500202694482930976e+00 -7.384500748729710962e-01 1.596500405143895351e+00
1.551034189643099692e+00 -7.643964341905608029e-01 1.571887662318711465e+00
3.593739008232208626e-02 1.194615937940755934e+00 1.396523256305314264e+00
7.051269182290893500e-01 3.898831513190784137e-01 1.479748567226486955e+00
-1.396465326568583132e+00 3.004624399366512932e+00 9.720326337535493133e-01
-1.471099780787290312e+00 2.876427124528144308e+00 1.069729285929190699e+00
-1.208903629604310748e+00 2.694569657810502061e+00 1.114707412584336810e+00
-1.611692786738528005e+00 3.242967057039762846e+00 8.531977904090007891e-01
-1.643162191807013839e+00 3.206175511477554085e+00 8.878989352585290318e-01
-1.661914170841635174e+00 3.154196514511073524e+00 9.316383515857014075e-01
-1.659160659525521941e+00 3.119717228227750105e+00 9.575292462617401856e-01
-1.645223011377533462e+00 3.099509610489310507e+00 9.701690217974334729e-01
-1.516752110974179502e+00 3.124840928559478481e+00 9.243170189009605187e-01
-1.796993991422696446e+00 3.144211646484291300e+00 9.583969597651166294e-01
-1.793565044027250588e+00 3.118911142103873768e+00 9.785146015294842181e-01
-1.826727969484429170e+00 3.083819279668308599e+00 9.956470130308140432e-01
-1.847885881414776499e+00 3.052718406329239631e+00 1.009362802612598031e+00
-1.811969444641484683e+00 3.053330982481480937e+00 1.018121285787306762e+00
-1.984391759557495138e+00 2.869404068360188909e+00 1.061391101482680233e+00
-2.003992963881643163e+00 2.818220064589273655e+00 1.080782772716523787e+00
-2.010350444350985200e+00 2.790359558864377032e+00 1.093985822500858074e+00
-2.410849528062937619e+00 2.112227897951987288e+00 1.163614900956478904e+00
-2.418271929650060770e+00 2.051533556976448569e+00 1.174494598533618372e+00
-2.422810169876528530e+00 1.991104213732764805e+00 1.187077676880170518e+00
-2.413922269204867188e+00 2.006932589883849705e+00 1.188508664632188072e+00
-2.452937330619478828e+00 1.851973009223295330e+00 1.197804538556147103e+00
-2.450198609874445932e+00 1.821294899707604609e+00 1.206212978215289056e+00
-2.439883419093537231e+00 1.868288241672439565e+00 1.204465225732635592e+00
-2.270466055202004618e+00 1.483759277084424344e+00 1.338621868168769380e+00
-2.264115970018202084e+00 1.441999332186830074e+00 1.334908202280027600e+00
-2.236257929388485444e+00 1.383302950854719660e+00 1.344216401679886985e+00
-2.216385564594533175e+00 1.387595914110772322e+00 1.360347984538117450e+00
-2.097030586166994226e+00 1.234153599533537315e+00 1.396263188763819274e+00
3.838116218906214017e-01 -1.757007682507146340e+00 1.738587258774241917e+00
3.658509384087955119e-01 -1.693782921329288760e+00 1.766379974381687035e+00
4.027719014679565640e-02 -1.346395545819048856e+00 1.779772836494884602e+00
7.257585323384968534e-01 -2.145873982064455010e+00 1.696260341985236453e+00
7.273349607061370126e-01 -2.110255821807949239e+00 1.718531244389375434e+00
7.257967413137873525e-01 -2.076089602612491092e+00 1.739118486785541817e+00
7.101791308005966918e-01 -2.066978610827035823e+00 1.740741751961603523e+00
6.960997396797555803e-01 -2.084597878626424983e+00 1.726341898467355973e+00
7.241821039708563612e-01 -2.176486766557874653e+00 1.673094610030740448e+00
7.223998401556820381e-01 -2.256894473688253022e+00 1.611029676135095290e+00
7.335679538688870682e-01 -2.139233015649407044e+00 1.702267778939012155e+00
7.319915255012466870e-01 -2.169845800142826686e+00 1.679102046984516150e+00
7.364644407054429243e-01 -2.072099846063584216e+00 1.743553193014447222e+00
7.365778350837250965e-01 -2.103022000002099823e+00 1.724538681343151358e+00
7.380112879309227436e-01 -2.099188776997126027e+00 1.726528013153449503e+00
7.939479952089698589e-01 -1.966660329927413908e+00 1.774031629820554290e+00
7.862273171050613296e-01 -2.011403039992865516e+00 1.751299754617746673e+00
8.157776455758802836e-01 -2.009498753966278528e+00 1.734325109207939919e+00
1.248525104433214183e+00 -1.355207028540128311e+00 1.749099657169554067e+00
1.316507499308563256e+00 -1.266637391268612634e+00 1.729884240241084337e+00
1.417455612026687239e+00 -1.174048416306029852e+00 1.685359691099066692e+00
1.460250896899901507e+00 -1.111500323755095332e+00 1.665382559759962078e+00
1.431657025358940905e+00 -1.108920601649175497e+00 1.687853134873684935e+00
2.359161412327702489e+00 -8.183166936113291934e-01 6.757898204913442841e-01
1.789014478324882917e+00 -8.403460166878232718e-01 1.370098668522795382e+00
1.937818716320858448e+00 -8.328545924356591801e-01 1.198292627401796873e+00
1.199201014975644020e+00 4.413876174634002170e-01 1.068412925103045197e+00
1.307893224201887250e+00 1.660512764231778238e-01 1.158568851122921517e+00
1.406413218167664736e+00 3.274755691934062157e-02 1.147254064246503891e+00
1.469867233197266643e+00 -3.159265982748843404e-02 1.122747320514061675e+00
1.635722534553630814e+00 -5.728388179394316992e-02 9.446799376357425393e-01
1.792095847299942202e+00 -7.558598095820563689e-02 7.720554849149681154e-01
1.921886806172211415e+00 -5.030149969645873048e-02 5.963866396468351372e-01
2.056826116328009935e+00 -2.057738201544630219e-02 4.110016217265450855e-01
2.067651581811188688e+00 -3.126973235890238671e-03 3.840741545272964852e-01
2.055179432747738399e+00 6.021487996301958662e-02 3.483241116786580660e-01
3.707503150791365085e-03 2.673606488399378200e+00 2.640646933294553134e-01
-4.050632074378107128e-01 2.550855841361324483e+00 6.893860529568960338e-01
-2.744846506555159715e-01 2.283629663463458304e+00 7.987302798582618379e-01
4.199117082548266544e-01 1.533469153937671692e+00 8.433534328074812070e-01
1.025596686920800860e+00 1.337820712235253895e+00 5.152431016052124724e-01
-4.129539771091427225e-01 3.435324596676817333e+00 -2.449922519214280114e-01
-4.525544986290153671e-01 3.440673853217520950e+00 -2.197114683024511683e-01
-4.921316017446774604e-01 3.442122096635797934e+00 -1.897778175311347348e-01
-5.317937506440513218e-01 3.441885447498513884e+00 -1.577562311423180708e-01
-5.913282643373778402e-01 3.437590019147281239e+00 -1.049723805995515652e-01
-6.704122153560707620e-01 3.420718907735035952e+00 -2.148576958929377528e-02
-7.673446880258975034e-01 3.390340307283721266e+00 9.246079001322060620e-02
-8.667644417323921990e-01 3.353945642045500275e+00 2.156033871849020733e-01
-9.211358135711091855e-01 3.309226350384259163e+00 3.126665098992713610e-01
-9.191169006186502566e-01 3.224361751168354662e+00 4.126840491869274707e-01
-8.948714569752933556e-01 3.141172184127293043e+00 4.929093392739825052e-01
-7.745846725696968749e-01 3.020955654934327939e+00 5.406249541265714109e-01
-2.209045743695942088e-01 2.924570433394471092e+00 2.130002466747719370e-01
-1.587393111001209833e+00 3.345515016529737817e+00 7.343235055415714418e-01
-1.602532493049471540e+00 3.325206329888916734e+00 7.620817098164960335e-01
-1.523465797697038715e+00 3.291248411236173066e+00 7.766331666643163656e-01
-1.481885804747588242e+00 3.442249049037570785e+00 5.817562997532534919e-01
-1.545912954406551298e+00 3.399538809948068341e+00 6.540156347659848990e-01
-1.510345328601236048e+00 3.396421697092898206e+00 6.488574231017355531e-01
-1.690773040114450732e+00 3.294616963799708032e+00 8.155841356042464740e-01
-1.711917394021308159e+00 3.273272937183266507e+00 8.379191304830665432e-01
-1.708752211810127042e+00 3.267372731869822911e+00 8.464298715921805272e-01
-1.690759482090960608e+00 3.276924975692507402e+00 8.386463335611805681e-01
-1.746547051110614923e+00 3.222453767498998367e+00 8.905612380529803751e-01
-1.763452673855380626e+00 3.194296217804905691e+00 9.174788448715086586e-01
-1.760570977589904995e+00 3.190573924083033752e+00 9.226000801080573854e-01
-1.834476996182908159e+00 3.127547603067170723e+00 9.500008455818750308e-01
-1.848989011507847779e+00 3.099270496256846030e+00 9.722544923197536937e-01
-1.829609665749904579e+00 3.113760325725165146e+00 9.704081360298980607e-01
-1.799875687688171855e+00 3.147933940206163239e+00 9.532757245285681247e-01
-1.884936261970889815e+00 3.043845296228658182e+00 1.003266622232340755e+00
-1.904156609089720176e+00 3.028513636756353211e+00 1.000155672115121019e+00
-1.936804329654268964e+00 2.967990619895827908e+00 1.022461085851780638e+00
-1.943996244842057131e+00 2.932922175864471903e+00 1.044766499588440256e+00
-2.130696391040902693e+00 2.628273388038305569e+00 1.086971394166033056e+00
-2.264351386607896810e+00 2.391497298351975775e+00 1.116377514568819285e+00
-2.285397136707552068e+00 2.320877251633975291e+00 1.147684223355422084e+00
-2.458282889517411363e+00 1.981518691125150111e+00 1.153708915975458105e+00
-2.438083899612102812e+00 1.959395694431814050e+00 1.183473707726941271e+00
-2.501897818537991647e+00 1.848778245869953984e+00 1.137118825413738543e+00
-2.473708222606558760e+00 1.873452616074639199e+00 1.167461681984942823e+00
-2.484603943302368556e+00 1.945755090253021624e+00 1.134518149998788417e+00
-2.485222682192560484e+00 1.771115422222558022e+00 1.175870121644084776e+00
-2.519026532396551499e+00 1.761120693815055649e+00 1.129224358099636616e+00
-2.506159968104293423e+00 1.645802308744844789e+00 1.116100191361063754e+00
-2.482885771961875321e+00 1.537864418643696052e+00 1.118450659615239262e+00
-2.454900778930386274e+00 1.626700286194657119e+00 1.177950661976044699e+00
-2.406158451935307419e+00 1.547198501542945914e+00 1.211780395679426414e+00
-2.426791298592305246e+00 1.448890505762652881e+00 1.158265644415775730e+00
-2.349501936864686336e+00 1.433509544386746493e+00 1.241620372833901031e+00
-2.116902950960947383e+00 1.229860636277484653e+00 1.380131605905588588e+00
-2.204212924595458478e+00 1.249272028272768731e+00 1.291103460930584257e+00
-2.189607235653677098e+00 1.007780211507007806e+00 1.115353267521509206e+00
-1.437509161316373518e+00 -2.378225225902599604e-01 1.019323019687579990e+00
-7.722785760287624868e-01 -8.459652011507415859e-01 1.329355575386970800e+00
-7.934857898627110107e-01 -3.920487374347501053e-01 1.667180846693806506e+00
-8.539200632967547389e-01 -2.593514313452045528e-01 1.700989627088157707e+00
-9.186892066049120453e-01 -1.524020444112549610e-01 1.709004884066082308e+00
-1.061728819522346656e+00 3.474305146758908253e-02 1.687456254549697166e+00
1.615931517900619785e-01 -2.698865086161734705e+00 8.114600313680270238e-01
4.083294585513735919e-01 -2.535070604375889936e+00 1.139967242894283306e+00
4.039921235820800871e-01 -2.292813375556725042e+00 1.330350241292119984e+00
3.917332052517039642e-01 -2.191126966832176226e+00 1.401909489273717835e+00
7.944508746256995213e-02 -1.863536770712897805e+00 1.414154849580603779e+00
2.288877851101779604e-01 -2.941033571554418469e+00 6.477764788652848882e-01
3.096048616856523772e-01 -3.128836847846335090e+00 4.874565487357174765e-01
5.791198804581926263e-01 -3.381290942877766881e+00 4.007862673004283782e-01
7.796553733550547483e-01 -3.432317180557159730e+00 5.001468587226018947e-01
7.939874367318506820e-01 -3.346078290778378594e+00 6.148933417110417077e-01
7.744503248823844110e-01 -3.167578283695960728e+00 8.130290644501273478e-01
8.087927983832157164e-01 -3.291043808336228782e+00 6.867520987570153723e-01
8.308307492928402871e-01 -3.409331400550806634e+00 5.587236829384798487e-01
8.333315883529983648e-01 -3.318672595114200874e+00 6.627667226551535729e-01
8.010881433979775146e-01 -3.747155439310052571e+00 1.393012960768926778e-01
8.090294475205002112e-01 -3.751104521788489077e+00 1.362137643638832163e-01
8.206868826269447803e-01 -3.748421265685006443e+00 1.427327085675187401e-01
8.292863671625404498e-01 -3.732390751729158129e+00 1.658528362611839668e-01
8.329211500055204720e-01 -3.681225236172092519e+00 2.334753272402462776e-01
8.405555497781275198e-01 -3.731166831972264841e+00 1.675549844830067914e-01
8.399022995554148441e-01 -3.340785731426816341e+00 6.372024530904710771e-01
8.374014604952567664e-01 -3.431444536863422545e+00 5.331594133737975749e-01
8.349006214350985777e-01 -3.491656951731262115e+00 4.630521064532475140e-01
8.371093467164211210e-01 -3.526665000930706562e+00 4.193595269344960741e-01
8.447437464890281689e-01 -3.576606596730877996e+00 3.534391841772565601e-01
8.596267586385647475e-01 -3.598070180463551981e+00 3.158255293725021895e-01
8.633576801935665124e-01 -3.459846130980339218e+00 4.783763706400125937e-01
7.675616164017418086e-01 -2.097284490970539039e+00 1.709553367743642527e+00
7.645517351869037803e-01 -2.131730498468932478e+00 1.684398303978848155e+00
7.610796486258069038e-01 -2.216834211917301456e+00 1.619076979350360324e+00
7.592973848106326917e-01 -2.435155366538206412e+00 1.445801741502053206e+00
7.742765356721911241e-01 -2.659279355212942342e+00 1.254470914007488558e+00
8.086190091730224294e-01 -2.782744879853210396e+00 1.128193948314376582e+00
1.657686532607853591e+00 -1.138461069739274523e+00 1.434814812284581631e+00
1.553636097605639810e+00 -1.238540236406431738e+00 1.479339361426599053e+00
1.436658703479257060e+00 -1.371606074225394378e+00 1.512950934206546583e+00
1.377321397400334435e+00 -1.450464469035112947e+00 1.520910726542919589e+00
1.324663266711750609e+00 -1.538043138044249414e+00 1.513893833112914589e+00
1.268770931146944170e+00 -1.657488092445859706e+00 1.485249427120763022e+00
1.251425288912539679e+00 -2.117637549324601132e+00 1.137810284611741940e+00
1.254099917182891266e+00 -2.535277672371014646e+00 8.004114747710542321e-01
1.260670628385307968e+00 -2.557390808683630112e+00 7.748472052063719584e-01
1.269535110652758592e+00 -2.572615236515603421e+00 7.520487724337029389e-01
1.731932734335703605e+00 -1.892992193019285008e+00 7.421230666912416174e-01
2.209484530637990218e+00 -1.150487036575136068e+00 7.643668530484000190e-01
1.524546741933489713e+00 -1.033854755773960132e+00 1.628102925352104213e+00
1.718213247111149311e+00 -1.048953463751750581e+00 1.402867178751166621e+00
1.903600730126619345e+00 -9.579655681086085561e-01 1.219444376594193802e+00
1.761804757727518878e+00 -8.910554896365798783e-01 1.401404144761808190e+00
2.086544071271072998e+00 -9.256222867987955460e-01 1.016332859234182484e+00
2.170967418449748276e+00 -1.005352092754661086e+00 8.856421406211955061e-01
2.279633744176601251e+00 -9.697844669493461689e-01 7.532455761436158692e-01
2.330388821386188525e+00 -8.824991442666351160e-01 7.097267858350578829e-01
2.229370453455433498e+00 -8.436011748730759541e-01 8.514586657594773733e-01
2.641117766473942918e+00 -7.511946169538165075e-01 1.866311235338040941e-01
2.666525502494691668e+00 -7.517603562976373777e-01 1.255041583541669503e-01
2.689293121577610357e+00 -7.461756831672399226e-01 6.840392615113731478e-02
2.601817986566035579e+00 -7.506288776099956372e-01 2.715043505828386161e-01
2.569312008974339978e+00 -7.376821977243862571e-01 3.359579617079498925e-01
2.556839859910889245e+00 -6.743403445254764206e-01 3.002079188593114178e-01
2.613869836901288046e+00 -6.822680906245091048e-01 1.746273425545629976e-01
2.637743051172457331e+00 -6.808309401345414846e-01 1.163155160705399982e-01
2.618791399428252564e+00 -6.303482559423493337e-01 1.002689789960209688e-01
2.534788350977775107e+00 -4.523622212049716040e-01 8.442704482144587630e-02
2.452112756281752404e+00 -2.836671302011928297e-01 6.747335272066938561e-02
2.302348363713148771e+00 -2.095330903040331597e-03 1.011921571409481841e-03
2.052969474918826087e+00 4.418116138343683996e-01 -8.077993650256565239e-02
1.768241121242622782e+00 8.958390068334620704e-01 -1.130640555280573722e-01
1.524331046105235510e+00 1.242632294405310756e+00 -9.195421295372085968e-02
1.407193420792149485e+00 1.349513891221808981e+00 -1.277289067541599425e-02
1.476583385015306060e+00 1.072908026163862161e+00 1.871327704029438210e-01
7.475462760873463619e-01 2.524642019216699840e+00 -3.760404093355217414e-01
4.963838909302593083e-01 2.803349377915636875e+00 -4.294158827214997198e-01
3.809114374112955170e-01 2.874266468602832525e+00 -3.430759240403369881e-01
4.459689968555183848e-01 2.738301678852133936e+00 -2.056715187044907966e-01
6.705810743759040848e-01 2.487337733857041044e+00 -1.546070720498074480e-01
4.089839413216762171e-02 3.302098527671151640e+00 -5.373352846087978696e-01
-2.733420790395640551e-02 3.358863506929695486e+00 -5.566850492245805082e-01
-7.151241117317719276e-02 3.393980020317061363e+00 -5.663790360201172991e-01
-1.086441398702322897e-01 3.409962464916898917e+00 -5.510917482610528939e-01
-2.279670720604301537e-01 3.454523990486616736e+00 -4.901903392903900203e-01
-3.634215871088587457e-01 3.487368918665569861e+00 -3.903293335466669345e-01
-1.505014560274383628e-01 3.313769520801086887e+00 -3.360688909910520272e-01
-5.194806002197142059e-01 3.599942420252797870e+00 -4.064399630958672183e-01
-5.582183384265700932e-01 3.608771158640137866e+00 -3.805885099427093743e-01
-5.935456174518304318e-01 3.615503333576847389e+00 -3.538865989524351274e-01
-6.179673154005608238e-01 3.614273251082003480e+00 -3.214792251679410851e-01
-6.258741081905631054e-01 3.608923994541300750e+00 -2.992526944770430020e-01
-1.352950233902795008e+00 3.505407252645567073e+00 4.164112730991592626e-01
-1.389383108116306609e+00 3.492475363331038363e+00 4.598672034806261522e-01
-1.392077457148098496e+00 3.487824961273878532e+00 4.710340846462411912e-01
-1.391946807103555894e+00 3.483851227843641762e+00 4.795349653746349139e-01
-1.237772359257847121e+00 3.545293725206325242e+00 2.775980658679159663e-01
-1.254899840568816760e+00 3.536888983189953706e+00 3.044355570930928345e-01
-1.526267378369162708e+00 3.430144199155948037e+00 5.951540920568114679e-01
-1.526617421884729708e+00 3.424518851955079324e+00 6.086024188115604083e-01
-1.482016454792130622e+00 3.446222782467807111e+00 5.732554190248597692e-01
-1.601542757334682543e+00 3.377804065745589668e+00 6.858400135403976972e-01
-1.632956697761617670e+00 3.348280853321751405e+00 7.359590961935330578e-01
-1.634948494667095797e+00 3.340115225537843902e+00 7.526884646329251582e-01
-1.622960736806525084e+00 3.348632129384907952e+00 7.394817172058207877e-01
-1.708149496038605442e+00 3.305296988667263403e+00 7.695102741415691394e-01
-1.720176695422056978e+00 3.284884768028880409e+00 8.033597286063909326e-01
-1.688781243208972604e+00 3.302782591583614646e+00 7.988547671648542625e-01
-1.757890186581603453e+00 3.255555065576675400e+00 8.254802602045470117e-01
-1.775074365081714234e+00 3.235839234326655323e+00 8.397396032735316984e-01
-1.792916723994897765e+00 3.201547295277015426e+00 8.784798065755677898e-01
-1.781839818803354625e+00 3.194299915447675442e+00 9.038468685258461699e-01
-1.749712233321795818e+00 3.228353972812441519e+00 8.820504969438663911e-01
-1.845553901374451300e+00 3.134794982896509818e+00 9.246337836315965397e-01
-1.868878631968060811e+00 3.124561140256542746e+00 8.992667216813179376e-01
-1.912687070960274571e+00 3.077119150968939287e+00 9.063070335155335444e-01
-1.941497870877079146e+00 3.038886757273992600e+00 9.245635284189650527e-01
-1.936114103003855558e+00 3.024935551102513998e+00 9.620329751556866427e-01
-1.997519623938837974e+00 2.969941742730834999e+00 9.281379164300339601e-01
-2.081272465228540813e+00 2.851203038098308440e+00 9.204961213718868551e-01
-2.142109781724522488e+00 2.759022036388023125e+00 9.218050869124920776e-01
-2.161651823764348723e+00 2.723854988549466505e+00 9.286543538702539680e-01
-2.184977786905548225e+00 2.677063784389394741e+00 9.424034222369688241e-01
-2.197175077856423187e+00 2.610811886330439258e+00 9.979432491910282810e-01
-2.093780358172101952e+00 2.724648749197441600e+00 1.045274309195529883e+00
-1.977199844369706749e+00 2.904472512391544470e+00 1.039085687746020614e+00
-2.403387684952934311e+00 2.283063924119637100e+00 9.791062243726955661e-01
-2.486897714367402479e+00 2.113950999482840487e+00 9.854020774625368295e-01
-2.469374585280034839e+00 2.100910645980389457e+00 1.042676098875759738e+00
-2.443746223240671700e+00 2.108512999515656183e+00 1.094232332018862719e+00
-2.417425169455714506e+00 2.144276600387784004e+00 1.113423097995532185e+00
-2.389803777963282805e+00 2.182847944669987328e+00 1.132308192169875882e+00
-2.580902886510923366e+00 1.879367611959163131e+00 9.757512298326509459e-01
-2.569800097819989304e+00 1.821829825361674926e+00 1.024306209594045836e+00
-2.560758128699575309e+00 1.831824553769177300e+00 1.039494893545908516e+00
-2.538421901273165027e+00 1.913478366513069906e+00 1.052619060284481378e+00
-2.592951039203405195e+00 1.855127098506166083e+00 9.589084670149765621e-01
-2.597545976619013874e+00 1.845440506996169905e+00 9.515181116651941773e-01
-2.604631892714059926e+00 1.803967745687050650e+00 9.502695409565002915e-01
-2.612086340538523288e+00 1.754211032025382533e+00 9.512999507417599920e-01
-2.597113352414915255e+00 1.743323939162703118e+00 9.916104196734862875e-01
-2.621295936131180504e+00 1.733962740216472787e+00 9.311058910268111832e-01
-2.624506722603192177e+00 1.706711113001047941e+00 9.129344419070912764e-01
-2.625728177264905927e+00 1.649628136464278638e+00 8.881590028000241333e-01
-2.623950843640091790e+00 1.597433443669543429e+00 8.724908578356423972e-01
-2.620423292437443763e+00 1.571478456518823563e+00 8.710808233926551347e-01
-2.546130253901173202e+00 1.641811319648348144e+00 1.062160211178855063e+00
-2.553011567096275858e+00 1.639905801074171388e+00 1.046525344999404084e+00
-2.574888054271606830e+00 1.547506638440451887e+00 9.598353428026744627e-01
-2.590733686088952048e+00 1.456219233732934049e+00 8.866109230269543229e-01
-2.493595377971590921e+00 1.419077644655158732e+00 1.072560447743475143e+00
-2.539596519126457785e+00 1.433822611474612430e+00 9.813506935341287374e-01
-2.584127231006425163e+00 1.429712065261883547e+00 8.708528020885007992e-01
-2.552596198558437557e+00 1.225695857970794389e+00 6.992279454632357449e-01
-2.512083591821947959e+00 1.001231686161211609e+00 5.241987923943249861e-01
-2.497543227902437657e+00 9.393171230715493536e-01 4.838932536529588213e-01
-2.441586799862949686e+00 7.825740460482306649e-01 4.272318083919776632e-01
-2.330261868984416118e+00 5.298019537385728617e-01 3.858329999382603681e-01
-2.287980556456241654e+00 6.556327372040960944e-01 6.379764929770060933e-01
-2.122708250109958783e+00 2.142907240015269263e-02 2.331647252475603227e-01
-1.925726191915135610e+00 -3.670317190000383367e-01 1.247917458471332619e-01
-1.721887471477010267e+00 -7.324549633950956373e-01 5.494943665843822489e-02
-1.434125818181758216e+00 -1.178769073575820947e+00 3.684208001339952382e-02
-1.115893123365939932e+00 -1.632068030949210158e+00 6.342196879226140449e-02
-8.876117516700535726e-01 -1.787964347778182583e+00 2.783622453737307212e-01
-7.529682529358606713e-01 -1.763043468055492724e+00 5.403722818706165887e-01
-8.202628862559766532e-01 -1.520874982662808961e+00 7.040558343733586133e-01
-3.195897297124346559e-01 -3.093855914693871334e+00 -3.361231230850129648e-01
-1.131047295985281725e-01 -3.306826580226482903e+00 -3.486926434080750981e-01
3.836181119189877031e-02 -3.383456528993438628e+00 -2.036772567038323822e-01
-7.177494380985224853e-02 -3.153757727569024727e+00 2.800841143569939365e-02
2.846580984635719291e-01 -3.653161360094842269e+00 -2.511821059185272431e-01
3.112429174327938641e-01 -3.676187814171665291e+00 -2.602967953467527629e-01
3.350421788485622443e-01 -3.695047024846618733e+00 -2.654192631308914252e-01
3.531606284219111491e-01 -3.707261571463754457e+00 -2.656066103645750021e-01
3.808904841022651699e-01 -3.724490121677106025e+00 -2.633547459176016625e-01
4.164199009322893663e-01 -3.741062956572565490e+00 -2.509442242336527018e-01
5.023851651460848888e-01 -3.756472266543042338e+00 -1.781561263048009047e-01
5.664431284947986089e-01 -3.758266855834116349e+00 -1.071379667152232568e-01
5.854650354516348632e-01 -3.726982332904134498e+00 -3.094803743790599734e-02
6.005526505011153926e-01 -3.696129201630659722e+00 3.994070465471918213e-02
5.798766646784672130e-01 -3.918282346708948261e+00 -3.755153440621716299e-01
6.032026278196663815e-01 -3.927005086003546364e+00 -3.680202221672372875e-01
6.095428526227485433e-01 -3.928427445922434202e+00 -3.637346541967247937e-01
6.427612427214782764e-01 -3.928273377473680217e+00 -3.232565587927552220e-01
6.704910984018322972e-01 -3.920811534363676909e+00 -2.720898106880998979e-01
7.774392527881919257e-01 -3.878574593548743454e+00 -8.498292378454659624e-02
8.004681719601954848e-01 -3.868150938579912879e+00 -5.267168871207435210e-02
8.026386882662271960e-01 -3.844924811793505093e+00 -1.724334078443210370e-03
7.385548414181231092e-01 -3.932785734200757499e+00 -2.241165933891960116e-01
7.560175756735793007e-01 -3.931109469478324847e+00 -2.133934293559895390e-01
7.728701988719739457e-01 -3.926052326716457763e+00 -1.947375890333902793e-01
7.792757486973272973e-01 -3.914981584262865244e+00 -1.655619550299384235e-01
7.584173458313555605e-01 -3.909859116478726193e+00 -1.611728530618638522e-01
8.215385730116512297e-01 -3.914089219807688202e+00 -1.615623381003113423e-01
8.397334405355817433e-01 -3.901368096131053065e+00 -1.378099134929639535e-01
8.231852565919229869e-01 -3.888787482879680013e+00 -1.011095764524171797e-01
8.253557728979548092e-01 -3.865561356093272227e+00 -5.016222181878603192e-02
8.421689545734685201e-01 -3.865545332974602566e+00 -5.733071860236407108e-02
8.311093050481855871e-01 -3.842225532571353241e+00 -2.373886658385712667e-03
8.587171385171271654e-01 -3.894606340052182425e+00 -1.295210309500543222e-01
8.700306928459551337e-01 -3.904930158666221285e+00 -1.676474255522585610e-01
8.875723101471729715e-01 -3.902058322781465360e+00 -1.820213955471153833e-01
8.880567013500522133e-01 -3.888025768469045129e+00 -1.493502565783561553e-01
8.369207669351473866e-01 -3.782332347529329564e+00 9.993249350394449448e-02
8.451344640750655390e-01 -3.814827232192715467e+00 3.415389371955773745e-02
8.679920591320557932e-01 -3.834438296897582976e+00 -2.625819385786568386e-02
8.883907217469486639e-01 -3.797986934470220621e+00 1.326467716383545117e-02
8.840509216824751215e-01 -3.748673937940961487e+00 1.036856009155667779e-01
9.084553639649450840e-01 -3.851574406041683218e+00 -1.098273855566550550e-01
9.387045469193074920e-01 -3.856996382890197861e+00 -1.789511195003662125e-01
9.987271494582834475e-01 -3.826876617432787953e+00 -2.368981118977421529e-01
1.040376165072775638e+00 -3.797368195580028694e+00 -2.604249802961152160e-01
1.084009582307205788e+00 -3.754783676344709331e+00 -2.624574512720643793e-01
8.877818432374769975e-01 -3.610449888457750056e+00 2.662364421830771821e-01
1.002045167570627449e+00 -3.597651114282943041e+00 8.316491608926157575e-02
1.116196330073085718e+00 -3.560276573710653647e+00 -7.127329694071256327e-02
1.211447607830120177e+00 -3.446741685003207323e+00 -1.048515909357292386e-01
1.315509135760644099e+00 -3.314133122340143789e+00 -1.316175944006846843e-01
1.495859196775687350e+00 -3.047864633919725730e+00 -1.358353722537458952e-01
1.659786793701254037e+00 -2.800586006218803270e+00 -1.335859729019525932e-01
1.694263614889398140e+00 -2.723386620465257035e+00 -1.039604590281420771e-01
1.750096788169883233e+00 -2.310421550427803616e+00 2.772085808294685316e-01
2.227648584472170068e+00 -1.567916393983654677e+00 2.994523671866268777e-01
2.298351211878701505e+00 -1.722151236661275009e+00 -5.434055814896648906e-02
2.460734426673968578e+00 -1.358945345380670355e+00 -5.940879383914363663e-04
2.534699607551293088e+00 -1.159175264537213534e+00 6.534104538992833999e-02
2.555037875334274400e+00 -1.088089314830184229e+00 1.029781185988931508e-01
2.571725337155606805e+00 -1.018965580886473266e+00 1.468987194217989678e-01
2.577019129054758384e+00 -9.785700661710352577e-01 1.831319209257267488e-01
2.560045716192541398e+00 -9.643624901008316375e-01 2.405107088841017537e-01
2.462532713607813228e+00 -9.860528625900694122e-01 4.454118853448277848e-01
2.460179780258457960e+00 -8.572146630048882443e-01 5.340579405669249047e-01
2.533683988337113835e+00 -8.735471511202927974e-01 3.687745412923318367e-01
2.606904710470063780e+00 -8.054908033895421537e-01 2.402481762474266702e-01
2.597128142985995147e+00 -7.594341975931252486e-01 2.810319434537221217e-01
2.557828363078088696e+00 -7.588684582493043784e-01 3.659051705027565604e-01
2.702513427028204962e+00 -8.820554271342266883e-01 -7.909257885182315734e-03
2.705392658198500389e+00 -8.619205297035988922e-01 -7.161101498037903031e-03
2.705227496821437150e+00 -8.360493557890007477e-01 3.133135973840339098e-03
2.702540543075185209e+00 -8.121675136847007481e-01 1.875197903462112389e-02
2.700128447441509039e+00 -8.039020495460015292e-01 2.773232077553406880e-02
2.675643889565687772e+00 -8.015528138394163449e-01 8.774013274342969126e-02
2.719909603713800195e+00 -7.698221086818453074e-01 -1.057156067963358793e-02
2.718330710250979720e+00 -7.584124156409955964e-01 -9.992263312322434768e-03
2.714875879356142718e+00 -7.528265099630079282e-01 7.389122802192300138e-03
2.715709081526998858e+00 -7.496822810608573251e-01 -1.011921571409488130e-03
2.715497083341514628e+00 -7.428502697693558643e-01 -6.505386180145282526e-03
2.713787539834151996e+00 -7.402557570923559149e-01 1.691055293512566150e-03
2.711665092884131045e+00 -7.294426170850776270e-01 -1.769322065479073461e-02
2.690530599357994213e+00 -6.752598250276341529e-01 -2.867645222949225317e-02
2.673701394563809952e+00 -6.355902808427201789e-01 -2.533871335570797231e-02
2.589698346113332494e+00 -4.576042461053425603e-01 -4.118064753028305436e-02
2.568902803174451854e+00 -4.103557667893726890e-01 -5.813433963105955199e-02
2.486905109652942869e+00 -2.442588861053639204e-01 -7.175029285805176182e-02
1.024479998804239456e+00 2.175956771094164743e+00 -3.437747785238803311e-01
9.738235254018539067e-01 2.237713568092304151e+00 -3.178173262779804831e-01
1.873718846354084366e-01 3.158054388467847584e+00 -5.276659487650617875e-01
3.281164939402188563e-01 3.014933427409471900e+00 -5.182073785592196113e-01
4.551440811156551303e-01 2.888716856548271039e+00 -5.214317230547216298e-01
-8.691555840570383551e-02 3.413529457642427989e+00 -5.854933840462053229e-01
-4.364697525792055055e-02 3.379172193570516125e+00 -5.763182997860686330e-01
-1.544197248161238156e-01 3.465465315443257754e+00 -5.965702892377486855e-01
-1.750944780911819487e-01 3.474987978123780685e+00 -5.913356596229178974e-01
-2.072947838805520304e-01 3.488426444497810142e+00 -5.759855119367622844e-01
-2.228199533244910602e-01 3.494258859693802677e+00 -5.652413945945253815e-01
-3.403815750085451008e-01 3.538454318629283613e+00 -5.073856107188111642e-01
-4.254988464804042581e-01 3.568114343835615099e+00 -4.604181522533666859e-01
-4.272601569865481785e-01 3.568480410469851982e+00 -4.573725271584180851e-01
-7.107387074064673849e-01 3.623819332166737350e+00 -2.419379989933492237e-01
-6.863170094577371039e-01 3.625049414661581260e+00 -2.743453727778433215e-01
-6.836399160922054241e-01 3.625414248748228374e+00 -2.797895354829781356e-01
-6.854714818109807206e-01 3.625632409671662337e+00 -2.796157462727848486e-01
-7.479653422679543029e-01 3.625652130433102638e+00 -2.172747217169742895e-01
-1.041863850013934334e+00 3.603359042172343596e+00 4.618602329336944645e-02
-1.112788335986669930e+00 3.583842883631907839e+00 1.235074312583285122e-01
-1.162870442212104338e+00 3.569202683357605821e+00 1.846368615331457630e-01
-1.127752696277148248e+00 3.577979654746164861e+00 1.530774804905879471e-01
-1.283173249736371480e+00 3.536069339042587689e+00 3.016956038004700580e-01
-1.333774258497205878e+00 3.518641116119652246e+00 3.611352113293647692e-01
-1.371254798162237387e+00 3.503864103062857449e+00 4.169572916815397767e-01
-1.338037640611097645e+00 3.513811994661939497e+00 3.873588938547097849e-01
-1.272890105192803434e+00 3.536516753817766645e+00 3.091574469104737544e-01
-1.457342084587445186e+00 3.470168717046788309e+00 5.091161075352046428e-01
-1.487279433001531759e+00 3.454369922037864082e+00 5.376273983876336260e-01
-1.506007993631942599e+00 3.443601153743826693e+00 5.628896937927602151e-01
-1.519355251484309832e+00 3.435678337835154306e+00 5.829789869625570109e-01
-1.478972062244771735e+00 3.456498531725835210e+00 5.486402111044956786e-01
-1.631762359146884611e+00 3.366213188209006280e+00 6.808629863718820285e-01
-1.648252613353812013e+00 3.353785410858797000e+00 7.016831802625630443e-01
-1.639927986930791670e+00 3.357312962061445027e+00 7.053771253898640792e-01
-1.601507013454571915e+00 3.383346832257926540e+00 6.719874111761210411e-01
-1.566650567608700362e+00 3.409324005265266688e+00 6.294928679148725781e-01
-1.777341020099767910e+00 3.249742371142124053e+00 8.080779207810019349e-01
-1.748918472673820723e+00 3.274337858301047177e+00 7.859573891828458558e-01
-1.723563736199442475e+00 3.296931688173772468e+00 7.610291141746158283e-01
-1.754043405553139312e+00 3.271564626223494088e+00 7.767403983046483607e-01
-1.866513373142805188e+00 3.151233470104656487e+00 8.494323575214783872e-01
-1.825346283636012590e+00 3.195759251794264344e+00 8.360592161697207869e-01
-1.815251718873718056e+00 3.210637333753441069e+00 8.170126582610839350e-01
-2.002903391812061784e+00 2.983892948902313602e+00 8.906684696933124812e-01
-2.011568201369928754e+00 2.974441773982011927e+00 8.794522866240963577e-01
-2.465498223109410247e+00 2.206592973991794437e+00 9.153576304690779208e-01
-2.391190394002059794e+00 2.349315822178593027e+00 9.235663974186359981e-01
-2.551798740267692711e+00 2.036330082453505774e+00 9.130194876908027668e-01
-2.573049093267291809e+00 1.985699492550510703e+00 9.106813449125277238e-01
-2.587179018839323330e+00 1.949821264752509720e+00 9.168231295536161118e-01
-2.575130866146841502e+00 1.974061778205506545e+00 9.336658923712904956e-01
-2.625527272007732282e+00 1.818794060647446198e+00 8.905427498391300656e-01
-2.621300866321540912e+00 1.851322224095762969e+00 8.846967766196474070e-01
-2.637482983630962341e+00 1.742256552949742465e+00 8.841717113462973510e-01
-2.634195779208369004e+00 1.760599326184475677e+00 8.907954220950848878e-01
-2.632897906596074478e+00 1.777331159719047982e+00 8.839190390903425287e-01
-2.641655157223193218e+00 1.504095079772225896e+00 7.854779281703266891e-01
-2.636268924254788537e+00 1.480191051811305503e+00 7.978564036169351059e-01
-2.638019141832622871e+00 1.477346331973530713e+00 7.839631271821874137e-01
-2.637014615546753316e+00 1.449263967682429932e+00 7.622197551465788035e-01
-2.447834583596780522e+00 5.324457683191737845e-01 8.947309465500306869e-02
-2.395618937493015022e+00 3.894714804240103634e-01 3.068550480123094157e-02
-2.392083991004827048e+00 3.878975171515501308e-01 5.487178616026672229e-02
-2.289676541940114607e+00 1.311295055550352751e-01 -4.316504915022127686e-02
-2.173907044451955262e+00 -1.083976303522274920e-01 -7.561679464795623140e-02
-2.164989562638133247e+00 -1.044017110653705505e-01 -1.897876779118548921e-02
-5.537466557699640690e-01 -2.795120890204638275e+00 -3.501334915408128023e-01
-4.797161498703683691e-01 -2.886552502980189505e+00 -3.193777315269505368e-01
-3.648957140265270127e-02 -3.409644467638672793e+00 -4.073236997179142671e-01
1.354323291918081429e-01 -3.580693724539397049e+00 -4.038503806092272885e-01
1.331915576731450002e-01 -3.576531411327886989e+00 -3.961974926227699312e-01
3.183325311706104443e-01 -3.765149401576809218e+00 -4.129650700374528083e-01
3.426765786211692366e-01 -3.784013542442122624e+00 -4.144268714792209707e-01
5.111941827719845843e-01 -3.891596458837343953e+00 -4.099921652503156211e-01
5.270484424224599618e-01 -3.897709894883862436e+00 -3.998335080133399444e-01
5.279814809481078175e-01 -3.896833553547355500e+00 -3.928511259158555258e-01
5.863808183110225114e-01 -3.923072026643780408e+00 -3.894801082571405781e-01
5.789436261528192462e-01 -3.919158688045455197e+00 -3.824977261596561040e-01
6.871884206038839649e-01 -3.943280876929809331e+00 -3.180749287242954360e-01
7.172243728251723738e-01 -3.942319489809591460e+00 -2.819686796221401726e-01
7.108249857377690883e-01 -3.940247577310760807e+00 -2.752833414938514189e-01
7.344307371819037700e-01 -3.947450585426859782e+00 -3.016882085149298898e-01
7.050110587556270847e-01 -3.945680647087585591e+00 -3.176706531147676649e-01
7.510294555767533797e-01 -3.944719259967367275e+00 -2.655819594127745709e-01
7.856258338811296094e-01 -3.941933702413913387e+00 -2.790204257868033610e-01
8.269186432421047339e-01 -3.936415586853377224e+00 -2.784029194442014798e-01
8.033856121057816324e-01 -3.935452967185568252e+00 -2.475559509086774357e-01
8.151330231862978781e-01 -3.925159962261280722e+00 -1.907379721037631981e-01
8.389569355538667450e-01 -3.927430314922104593e+00 -2.289001105860781760e-01
8.726017871187446984e-01 -3.926889226530084098e+00 -2.591295727790003389e-01
8.788298500911345679e-01 -3.922998073788379170e+00 -2.407855669966769974e-01
8.810989702043682259e-01 -3.918871504456979959e+00 -2.169973985092189250e-01
8.999655761648615027e-01 -3.923853461815855148e+00 -2.905743268956858527e-01
9.261128407396251871e-01 -3.914409682181093864e+00 -3.022009483123798135e-01
8.986405875055859527e-01 -3.915999668572223591e+00 -2.313713685040757473e-01
9.225187319671158681e-01 -3.910682458268861517e+00 -2.667861584082277804e-01
9.524536152860224592e-01 -3.901614605649057044e+00 -2.987695358217536956e-01
9.593090449817344156e-01 -3.898321238488513529e+00 -2.998073408925536754e-01
9.866296948622006457e-01 -3.891363507342829653e+00 -3.424140459844941531e-01
1.009221059639745732e+00 -3.876611145237835565e+00 -3.629334982632093642e-01
1.041923012298255236e+00 -3.853449110926109533e+00 -3.782737855686447159e-01
1.162637490717590039e+00 -3.752659996847099055e+00 -4.158110224228176444e-01
1.186229684138234708e+00 -3.732316798873757335e+00 -4.287503070228868562e-01
1.221204454552748064e+00 -3.698093882489157380e+00 -4.317441651190545016e-01
1.249254772606508412e+00 -3.669565335970468301e+00 -4.298349489021077163e-01
1.269161648732981540e+00 -3.651653954392243495e+00 -4.477672837893630353e-01
1.295836443676275040e+00 -3.619161534824038018e+00 -4.616050955825595770e-01
1.347384048986247862e+00 -3.554551390154993662e+00 -4.772510546903208639e-01
1.402891829702967108e+00 -3.483327395117881586e+00 -4.840522522920718829e-01
2.194064127739203229e+00 -2.259021850828634381e+00 -4.851294988857525747e-01
2.318666061257472766e+00 -2.007695536842074358e+00 -4.672637215683585477e-01
2.346997400161758396e+00 -1.941703706324612977e+00 -4.398876070463412780e-01
2.453790253551775269e+00 -1.730903557098033563e+00 -4.493979442509644651e-01
2.497378066525374418e+00 -1.616234724607765516e+00 -4.165875274045325871e-01
2.552968427930625062e+00 -1.463828982553740277e+00 -3.533307199893344630e-01
2.721423172154349590e+00 -9.010021486880714914e-01 -8.225652851541409571e-02
2.719486839890421948e+00 -8.962630032044301975e-01 -6.528804584355732410e-02
2.722666812672683179e+00 -8.923422693205647072e-01 -8.146400041502882550e-02
2.723609711579051407e+00 -8.771449575355720896e-01 -7.342532503289402046e-02
2.724543982652289031e+00 -8.523374721911644025e-01 -5.570868597389284221e-02
2.723704617743483158e+00 -8.391553757158605187e-01 -6.322352863026756142e-02
2.721922353928308613e+00 -8.063930282254395676e-01 -4.399948386866733840e-02
2.722596557460051692e+00 -7.937039507861451959e-01 -2.619040374041438010e-02
2.719235400182057116e+00 -7.770177215124037806e-01 -3.387410541662235625e-02
2.713139219801798951e+00 -7.563392705945756189e-01 -5.168318554487531108e-02
2.708395144127798027e+00 -7.189869158789062853e-01 -4.427803962401270083e-02
2.713374636391493677e+00 -7.320371297620775763e-01 -2.588966212844858589e-02
2.687048652416176964e+00 -6.634655771386970269e-01 -5.526127119871421939e-02
2.659352075520753811e+00 -6.114261853403049063e-01 -1.068051788659168388e-01
2.631248757920622516e+00 -5.569216983618653360e-01 -1.531896423212801284e-01
2.621320587082981213e+00 -5.220430666593735003e-01 -1.152616878810697049e-01
2.539322893561472227e+00 -3.559461859753648150e-01 -1.288776411080619355e-01
2.541537781580744948e+00 -3.790823367877004246e-01 -1.783853801565453423e-01
2.339355605103611069e+00 1.417676238045302572e-02 -1.877194630557950938e-01
5.932806197199753662e-01 2.720658992648534724e+00 -4.585976794629015862e-01
7.937865314746768153e-01 2.468112456547851163e+00 -4.052222060769237744e-01
1.164017944018416600e-01 3.223860104299214768e+00 -5.671432155259320540e-01
1.413658132901824127e-01 3.201452389112583674e+00 -5.569685351702861054e-01
2.878393037934232068e-01 3.057408249909279174e+00 -5.472991993265499122e-01
-1.485158218599101076e-01 3.460689193531915731e+00 -6.057133272605447205e-01
-1.475840158818521874e-01 3.460061826808593644e+00 -6.050218680625415457e-01
-1.295395191639046872e-01 3.446216619729857378e+00 -6.050083100390510893e-01
-1.757921000271353562e-01 3.469749650866180701e+00 -6.320836829491026654e-01
-1.669411757831749388e-01 3.467506414252337521e+00 -6.203596902727969153e-01
-1.545639328841565685e-01 3.463402030777557705e+00 -6.089721830885675979e-01
-1.486600299279429160e-01 3.458625908866216125e+00 -6.181152211113636330e-01
-1.883110858990064973e-01 3.479650705656840870e+00 -6.034010679816601552e-01
-5.262300308226842693e-01 3.597543882642611379e+00 -4.308283822596668533e-01
-5.313598938923630444e-01 3.601506523144537564e+00 -4.109399943470438687e-01
-5.177192897135702854e-01 3.599576353618560542e+00 -4.094855881908158746e-01
-5.757081887290069755e-01 3.611783504950155876e+00 -3.813046200925131468e-01
-6.008053227570703259e-01 3.618682073811518407e+00 -3.539987607831273086e-01
-7.050677559447681153e-01 3.625207180753104552e+00 -2.693942291087180196e-01
-7.893456625078211220e-01 3.624377676225018607e+00 -1.914183383734562871e-01
-8.719053977303811154e-01 3.624585976767732198e+00 -1.072772445928959484e-01
-6.937554341635301380e-01 3.620871078331401094e+00 -3.102199029330741653e-01
-7.497648617493888334e-01 3.620842729736830634e+00 -2.543904272953589896e-01
-7.953259834146163554e-01 3.622700178954995742e+00 -1.970979176682856604e-01
-1.190154115664869838e+00 3.562166069166159854e+00 1.947240310098999616e-01
-1.205424147757674147e+00 3.558637285415922502e+00 2.181868069335918259e-01
-1.291542247872632387e+00 3.531824445142546232e+00 3.003213132375935901e-01
-1.250820108045838097e+00 3.543280974991816823e+00 2.522642827025680656e-01
-1.601128621344434455e+00 3.386212505404731399e+00 6.413598361116212843e-01
-1.575234029025625704e+00 3.403640728327666842e+00 6.219730950681379156e-01
-1.706075118444595473e+00 3.310217318646638152e+00 7.394730893726907395e-01
-1.689102938129968701e+00 3.322211239245159042e+00 7.196549566726990754e-01
-1.955087940604681052e+00 3.047478846524048546e+00 8.688375867788120654e-01
-1.932006021886306213e+00 3.075531629672988654e+00 8.564726693556938830e-01
-2.554236719400759359e+00 2.032558486828033306e+00 8.992704193240880217e-01
-2.467936202242477339e+00 2.202821378366321969e+00 9.016085621023630647e-01
-2.370302409993926940e+00 2.392335430713191435e+00 8.960682606852062859e-01
-2.615823424831475563e+00 1.879054544871297194e+00 8.778475096618856277e-01
-2.612963914422620437e+00 1.887999142732099234e+00 8.849420535900620610e-01
-2.594239051434979793e+00 1.933563962040096618e+00 8.861906242987561688e-01
-2.577095547005339604e+00 1.974032197063345651e+00 8.829884656598745440e-01
-2.594166331127168323e+00 1.927950940315128481e+00 8.660655872488486340e-01
-2.630533880318408624e+00 1.780745316543413725e+00 8.607114005177856075e-01
-2.629319820942235264e+00 1.797086432491948660e+00 8.693922331943226833e-01
-2.623879355879870534e+00 1.832207876069674946e+00 8.701699707236276726e-01
-2.618401914389805185e+00 1.859940196845208948e+00 8.633207037658657823e-01
-2.640693770102974458e+00 1.715004925734317620e+00 8.660002622265773331e-01
-2.638620625056554481e+00 1.722851323692408565e+00 8.580971670793452466e-01
-2.523453843339916514e+00 7.883559267930320136e-01 2.264596663578311853e-01
-2.510793114495192491e+00 7.451058318590991769e-01 1.793566276574840579e-01
-2.502135700222865911e+00 7.062793502257616041e-01 1.635233213160391108e-01
-2.500256065148079632e+00 6.876148820700320741e-01 1.703208212750200456e-01
-2.293278045998163872e+00 1.509464057074369481e-01 -1.301964670293873361e-01
-2.252664370359291901e+00 5.462281154708192865e-02 -1.362014388879829729e-01
-2.293211488428302580e+00 1.327034688274956187e-01 -6.735133050925705411e-02
-2.128443294046339584e+00 -2.053091497130238308e-01 -1.686531843857178858e-01
-2.126059547007233430e+00 -1.903509521604957733e-01 -2.203881369293742287e-01
-1.912759791268085818e+00 -6.031545584636555102e-01 -2.357247265920395518e-01
-2.116469094209258717e-01 -3.227719210803578598e+00 -4.391357530164268774e-01
-2.200800000318682836e-01 -3.219155470148094444e+00 -4.243525772216821812e-01
-2.587536457640430276e-01 -3.172073384756777248e+00 -4.041301689121627461e-01
-3.966781861828793110e-01 -2.994389324178955647e+00 -3.915606485891006683e-01
3.253950288614463893e-01 -3.769735711159287739e+00 -4.297733215226064996e-01
3.204734663344816492e-01 -3.766372088786112737e+00 -4.235686769544270702e-01
1.480536165136512317e-01 -3.594319538147109139e+00 -4.221068755126589633e-01
-2.404577093377307379e-02 -3.420429259051380289e+00 -4.292371633209462467e-01
3.457283664540680146e-01 -3.786378801267378247e+00 -4.241048351560874341e-01
3.690296786434666965e-01 -3.804234718204051902e+00 -4.242921823897709555e-01
4.774889363751954052e-01 -3.872512924501006371e+00 -4.262223519157481988e-01
4.940445156043942743e-01 -3.881992448015879837e+00 -4.208213283762641810e-01
4.765978044676082992e-01 -3.874147282605377995e+00 -4.154203048367801632e-01
5.506418683906941780e-01 -3.907145046685493561e+00 -4.272145527257172892e-01
5.624373488272214061e-01 -3.912950345834505850e+00 -4.195062000977087813e-01
5.643440999489880427e-01 -3.914249450994390145e+00 -4.152354226982765684e-01
5.519323457174490910e-01 -3.909468398892688157e+00 -4.122169136503084363e-01
5.286408939087705594e-01 -3.899441624247845795e+00 -4.153931887897996389e-01
5.987925725425615742e-01 -3.927853078745482396e+00 -3.924986173051087102e-01
6.321773565659444261e-01 -3.932662479441754844e+00 -3.955171263530767867e-01
6.485283328951992887e-01 -3.938022828910768602e+00 -3.780211133126898937e-01
6.670498255304860846e-01 -3.938216338882402301e+00 -3.952459658832716549e-01
6.731891450763942686e-01 -3.939780441774141995e+00 -3.895035266613510183e-01
6.788305153959329763e-01 -3.943409061879171951e+00 -3.675888305107289922e-01
6.653932815694942882e-01 -3.943762803037508924e+00 -3.514634103904484830e-01
6.475706434177509463e-01 -3.941363032879732664e+00 -3.518676859999762541e-01
7.734457985965150773e-01 -3.937985852483067539e+00 -3.614297902033803966e-01
7.690271154862799996e-01 -3.942541348375795174e+00 -3.312520950092392447e-01
7.184482925820658838e-01 -3.947096844268522808e+00 -3.472345396090770198e-01
8.307210525573279769e-01 -3.934591416420141652e+00 -3.287044191406601201e-01
8.309909804795433397e-01 -3.929769690247969294e+00 -3.588821143348013831e-01
8.863274370812490588e-01 -3.921527644513480571e+00 -3.555850495314878401e-01
9.087844541714813484e-01 -3.921006276882900377e+00 -3.364164694114386567e-01
8.937375131924716332e-01 -3.927744614557560521e+00 -3.089183326780091110e-01
9.383471081182006568e-01 -3.911021408856118153e+00 -3.480430908281326174e-01
9.505641198305159190e-01 -3.903342637370269763e+00 -3.700169492630757673e-01
9.718588445433561374e-01 -3.895556634244091043e+00 -3.613373491341286270e-01
9.797742651664884672e-01 -3.894656874503373611e+00 -3.413762409136942289e-01
9.724233513395869055e-01 -3.892107966087204218e+00 -3.854657007564332716e-01
1.003347970373282383e+00 -3.875934476610912505e+00 -3.876201939437948218e-01
1.031975120699173631e+00 -3.861656645328078064e+00 -3.860240448147140291e-01
1.064677073357683579e+00 -3.838494611016351588e+00 -4.013643321201494363e-01
1.069232569250411213e+00 -3.834344623280741438e+00 -4.065632178548695408e-01
1.104246781187805615e+00 -3.806169817920388887e+00 -4.169449662056395334e-01
1.119004073483159889e+00 -3.795244516082418862e+00 -4.137785514468685366e-01
1.188248597090693304e+00 -3.732813515552535932e+00 -4.505996781512375815e-01
1.221680217922497036e+00 -3.698358880221012779e+00 -4.546695502934959832e-01
1.241111330679221192e+00 -3.680182500910933019e+00 -4.496765000063098761e-01
1.491304933430549484e+00 -3.370402617467497031e+00 -5.151408001552406635e-01
1.537529165699209832e+00 -3.309469162259493391e+00 -5.193585780083017633e-01
2.162620606170107873e+00 -2.323323858600172542e+00 -5.330534142810554599e-01
2.259652915194726219e+00 -2.136358714669472025e+00 -5.239042135203093586e-01
2.159587306551059349e+00 -2.336221236582181060e+00 -5.147550127595631464e-01
2.425458914647489639e+00 -1.796895387615494499e+00 -4.767740587729816792e-01
2.400922589772886973e+00 -1.848359179689345710e+00 -5.037890368511219741e-01
2.411268594243546559e+00 -1.818710247411324366e+00 -5.200290838972746466e-01
2.685448805644326420e+00 -1.054846273779654231e+00 -2.157118513728241982e-01
2.690275462006859186e+00 -1.049818712159947376e+00 -1.902634412816041065e-01
2.708206564346524292e+00 -9.720350988487294064e-01 -1.455503123583130332e-01
2.715436688509603957e+00 -9.449671212242182206e-01 -1.176972019189566204e-01
2.714193047991269925e+00 -9.536270005917250048e-01 -1.184897300193418906e-01
2.715826173548050892e+00 -7.953913084368876563e-01 -7.148652767378670114e-02
2.716674166289987813e+00 -8.254753300141869365e-01 -8.094016768926874661e-02
2.708501143220540364e+00 -8.677406194236909620e-01 -1.168319535107599505e-01
2.696435734861797773e+00 -9.084911078450556010e-01 -1.615450824340510516e-01
2.642137083330891922e+00 -9.221070610720478733e-01 -2.978414274864658040e-01
2.620913846378273515e+00 -7.618808045593222777e-01 -2.878134202940326736e-01
2.592810528778141776e+00 -7.073763175808827075e-01 -3.341978837493959631e-01
2.553637701272007732e+00 -8.711165672727660958e-01 -4.886903288733311923e-01
2.542679120649107283e+00 -8.746305604519236665e-01 -5.137936256393446088e-01
2.507428259574428164e+00 -8.310834215487949983e-01 -5.710516239338971900e-01
2.470369251185184023e+00 -7.835083171214688447e-01 -6.304764408917117313e-01
2.437587182933322882e+00 -6.239390084742258979e-01 -6.327184449579649206e-01
2.506140247342853122e+00 -4.960313823195126037e-01 -4.303057820814967793e-01
2.303958070865719687e+00 -1.027722831513591811e-01 -4.396398649807465309e-01
2.154403211387419859e+00 -1.882716443761257505e-02 -6.926979083312899688e-01
1.994587393222171601e+00 1.871857699493148230e-01 -8.226799120800132314e-01
1.859052762580391427e+00 3.781246473102518602e-01 -9.133202293027687935e-01
1.829019275454283111e+00 4.271935994166868866e-01 -9.252426621410683172e-01
1.800634937003626534e+00 7.407993105795562805e-01 -6.138284205932610371e-01
1.697014661110331168e+00 6.514063315179047242e-01 -9.612885164113125214e-01
1.141263882958988507e+00 1.480430166043770202e+00 -9.644315127658730225e-01
5.789337657720990959e-01 2.341038032563993898e+00 -9.424206779032290315e-01
5.632742486408475191e-01 2.418504881144575513e+00 -8.798997013992752025e-01
6.872426526978450134e-01 2.419043504441416026e+00 -6.645908930883887011e-01
8.223434265879367988e-01 2.376704262176510873e+00 -4.796175460631664222e-01
8.489035946053582471e-01 2.351133829873877978e+00 -4.632086399971803714e-01
1.067827464997784359e+00 2.077792983381904435e+00 -4.003745964053603279e-01
1.298520932327346777e+00 1.785637297928217793e+00 -3.389271688523169956e-01
-7.284356257040282279e-02 3.239327344006422749e+00 -9.041439124950420014e-01
-9.417156606817354836e-02 3.321268340338791258e+00 -7.866895224513200668e-01
-9.226974513676693135e-02 3.321246154482170532e+00 -7.830473443227999875e-01
-7.408104035078665051e-02 3.309464232069133427e+00 -7.706318924484909516e-01
-3.227425864477153489e-02 3.277467296632117222e+00 -7.516223109675547187e-01
1.277745110149906826e-01 3.122155207360816753e+00 -7.424472267074180287e-01
-2.200368608662174597e-01 3.335616426834257631e+00 -9.236650012258379450e-01
-2.375649201439449798e-01 3.393556023946093347e+00 -8.436061050634361402e-01
-1.984142784944310234e-01 3.400495266877926692e+00 -7.862864793893822313e-01
-1.432811922450793196e-01 3.316246941457034136e+00 -8.683901720036334426e-01
-2.185984778286597374e-01 3.464682647723592801e+00 -6.959629268972628013e-01
-1.978497716982001720e-01 3.469028610526016632e+00 -6.606122294677920781e-01
-1.629230706396975759e-01 3.462679757889804311e+00 -6.334813919161895734e-01
-2.893725929954127363e-01 3.448549832317771902e+00 -7.866241974290488770e-01
-2.907986505570701596e-01 3.464004746549079972e+00 -7.539542910078796956e-01
-2.675749888658429665e-01 3.464174838116503174e+00 -7.436427978697410790e-01
-2.577491194781737494e-01 3.457743404791759012e+00 -7.532825525713168213e-01
-3.623813169428787839e-01 3.508444249907385348e+00 -6.784176119532749905e-01
-3.358914041380886562e-01 3.492654082731591725e+00 -7.064075351751241127e-01
-5.705783256593282005e-01 3.607820864448229692e+00 -4.011930080051361314e-01
-5.533436127080262334e-01 3.600012675465429357e+00 -4.266327902632261471e-01
-5.835508890443280583e-01 3.602561583881598306e+00 -4.089297092277151546e-01
-6.398524304090222881e-01 3.615837353973743618e+00 -3.553520980369733184e-01
-6.547120241543483710e-01 3.623538311316212290e+00 -3.310770732514558001e-01
-6.425738954877946441e-01 3.625187459991663808e+00 -3.317352536645284955e-01
-5.064254561461827286e-01 3.567994786719382638e+00 -5.182751686766708943e-01
-4.729433008631879765e-01 3.547730471791801676e+00 -5.762566724065675272e-01
-4.735546444678397915e-01 3.546967524833577912e+00 -5.776383582549842188e-01
-8.778857186371763488e-01 3.622908479497710221e+00 -1.129568238877253217e-01
-9.260302600510935678e-01 3.616987320875236112e+00 -6.885503856908600784e-02
-9.906798462430184138e-01 3.611911689899518052e+00 -2.818836338384286214e-03
-9.799591473049918955e-01 3.614366924698845462e+00 -9.945426503901528409e-03
-7.929483991134604892e-01 3.611349648198467044e+00 -2.343652266002434204e-01
-8.866540621926050081e-01 3.607285938794158930e+00 -1.329709316545307496e-01
-1.425898563018349829e+00 3.473585338966334479e+00 4.429763713069407860e-01
-1.365263384327132012e+00 3.499352978883370824e+00 3.754118100646097189e-01
-1.312415441309684239e+00 3.515768047687306552e+00 3.048127166556400813e-01
-2.198289300877804386e+00 2.539309335537981660e+00 6.944493584567136280e-01
-2.123201269145968517e+00 2.648596865250206989e+00 6.908749704456448315e-01
-2.059430489385730034e+00 2.730263003469999283e+00 6.749356650114577416e-01
-1.983843275879934920e+00 2.820842925860843842e+00 6.488487952686053939e-01
-1.952023827295882086e+00 2.855968067081340322e+00 6.343910120376269335e-01
-1.902607296769060374e+00 2.895393566843429412e+00 5.944318191690575182e-01
-1.814632979983526129e+00 2.959394833003001768e+00 5.161366986079797270e-01
-1.770009827034306538e+00 2.987591824219975045e+00 4.714876621593699357e-01
-1.710344663296437639e+00 3.004762444696595924e+00 3.880281671960926215e-01
-2.496548561997288473e+00 1.959192324079460201e+00 6.692314347648279371e-01
-2.378389154732072797e+00 2.202456544279674855e+00 6.829521545369722224e-01
-2.271894577858842190e+00 2.410379927431139269e+00 6.816431889963669999e-01
-2.282001468097036856e+00 2.230329375480471832e+00 4.881825192662413992e-01
-2.426135583274412255e+00 1.433547753362037325e+00 2.620334549010962522e-01
-2.488688606015707183e+00 1.812943157237603575e+00 5.592524458546000998e-01
-2.484456037591565636e+00 1.831541067823471813e+00 5.581049440482879209e-01
-2.386838268461685342e+00 1.862782451587803534e+00 3.612707915642673351e-01
-2.640650630937323662e+00 1.476012715481124893e+00 7.637345561347178569e-01
-2.642427964562137799e+00 1.542099452163017803e+00 7.932959775338471742e-01
-2.639133364854004071e+00 1.607028826657878273e+00 8.101683214936822308e-01
-2.631046620115858214e+00 1.664922819508883212e+00 8.127825549321225918e-01
-2.561802096508325022e+00 1.329600852357385454e+00 5.173951296973939851e-01
-2.497751528445151692e+00 9.604047797892654170e-01 2.215923359248274105e-01
-2.522462875077537525e+00 9.567823224221857492e-01 2.798647208859695867e-01
-2.551305721231682977e+00 9.695700036686819567e-01 3.543857807263947612e-01
-2.563966450076406556e+00 1.012820098602614793e+00 4.014888194267418609e-01
-2.311506192307024588e+00 3.039289800335930325e-01 -1.564731491011033260e-01
-2.371055496571431220e+00 4.569990652386408669e-01 -7.123878560819191241e-02
-2.418943668086623866e+00 6.056073281678027165e-01 -1.245119575441978529e-02
-2.398758236204804994e+00 6.316461285546443039e-01 -7.113894925340000230e-02
-2.234495386334751643e+00 3.908038643688260122e-02 -2.143831650707785919e-01
-2.252723532643612803e+00 1.920629607630387481e-01 -2.406598471424946095e-01
-2.094222842756920056e+00 9.959724055945802512e-02 -5.423751717044050791e-01
-1.946290015907091497e+00 -1.000730039292072049e-01 -7.754104794550128466e-01
-1.461745977126600149e+00 -1.202021083861618544e+00 -6.094528766486768667e-01
-1.731023114214266023e+00 -6.885318974770098244e-01 -5.913455200036381587e-01
-1.814618189412445570e+00 -3.224159613363590804e-01 -8.353209201632967318e-01
-1.603447043361269087e+00 -4.583634954207971846e-01 -1.171609204625372769e+00
-1.508148928795813859e+00 -5.665244766357401263e-01 -1.266848156906506873e+00
-1.346681496859934435e-01 -3.074242384893823843e+00 -7.774589735496323373e-01
-3.510924135658513578e-01 -2.883071788585962025e+00 -6.238699858091845130e-01
-5.081608831529362824e-01 -2.683803354611644654e+00 -5.824428287608967025e-01
-7.523630720691589779e-01 -2.321936010013805785e+00 -5.782669575258962968e-01
-9.964654246305898466e-01 -1.709642111170124323e+00 -8.640454417487998251e-01
-6.710223264131325305e-01 -1.949734986421207905e+00 -1.149823925971703575e+00
-2.734604036082062817e-01 -2.572809979034826888e+00 -1.117331506403497654e+00
2.326593807356505395e-01 -3.585869191869906381e+00 -6.097462229751025031e-01
6.526955762970694519e-02 -3.442807393095851598e+00 -5.626037427518746359e-01
-1.223315808574458596e-01 -3.250097344848049907e+00 -5.725023324473552666e-01
-5.226494800736651569e-02 -3.255020139922605082e+00 -6.987386240699964279e-01
3.486963410508451267e-01 -3.787591628095961394e+00 -4.299606687562901319e-01
3.390652141823996546e-01 -3.753399525401113213e+00 -4.780287922196257977e-01
3.839447370303439855e-01 -3.756164129645536143e+00 -5.251712724428536649e-01
4.411041315176947308e-01 -3.795491025600423729e+00 -5.232078241319458867e-01
4.631507102604493498e-01 -3.825581209915672964e+00 -4.966106796868237083e-01
4.820961992667041618e-01 -3.853118788171983056e+00 -4.708442723173774103e-01
4.612451916862725931e-01 -3.852396515284228773e+00 -4.479669564989468555e-01
4.323123695580554093e-01 -3.847439208877153405e+00 -4.230731928232375205e-01
5.381204174236431381e-01 -3.894272319655285752e+00 -4.495705009135678165e-01
5.105310721685517583e-01 -3.881122269417322190e+00 -4.474209379165663969e-01
5.110807883937023011e-01 -3.872226973460120902e+00 -4.691655424997651092e-01
6.323708665375782356e-01 -3.910013184927477958e+00 -4.608113349345842602e-01
5.947867928749843713e-01 -3.909756815028753607e+00 -4.452639796340248646e-01
5.822653419079332204e-01 -3.896884087998545798e+00 -4.676199278218753919e-01
6.850437877972426204e-01 -3.932248343451506756e+00 -4.273390400323096583e-01
6.506988492012311109e-01 -3.926828831698172984e+00 -4.272922032238887780e-01
6.154073140560814004e-01 -3.920720325842014464e+00 -4.285444715753529143e-01
6.411959072821482586e-01 -3.915171396591727859e+00 -4.518001795039207624e-01
8.017906955242909417e-01 -3.921894943695306779e+00 -4.080780188430087607e-01
7.509419446978616852e-01 -3.929148486262597828e+00 -4.100081883689858930e-01
7.248994466682500137e-01 -3.930075362050295062e+00 -4.177276339253045978e-01
7.192580763487116391e-01 -3.922543263727659824e+00 -4.380671342558762893e-01
8.571271521259965498e-01 -3.913652897960818500e+00 -4.047809540396953287e-01
8.503888144513369607e-01 -3.906448657297130200e+00 -4.231816570111596176e-01
9.105457646776253799e-01 -3.897904637403085459e+00 -4.158134875179976819e-01
9.538377662296189108e-01 -3.895534448387469428e+00 -4.023725560487889097e-01
9.511286266267469092e-01 -3.899893969213384270e+00 -3.941453008853804119e-01
9.945475805805130687e-01 -3.874581139357066384e+00 -4.106293923543578583e-01
1.004014778619485293e+00 -3.865261847028897524e+00 -4.212798360797530006e-01
1.028252826977302359e+00 -3.850460183020302019e+00 -4.270900654191248647e-01
1.051968275156948796e+00 -3.841351656330026731e+00 -4.200423582993691451e-01
1.086982487094342975e+00 -3.813176850969674181e+00 -4.304241066501390822e-01
1.088865819811899227e+00 -3.805742123906650676e+00 -4.411201546363650583e-01
1.136238786434461856e+00 -3.772693825375344368e+00 -4.435359479128115900e-01
1.172704939432904103e+00 -3.748860052627056128e+00 -4.426127697678837736e-01
1.238251820270366288e+00 -3.675970885795821541e+00 -4.685073620866924693e-01
1.284357727970384166e+00 -3.625302086917536304e+00 -4.773521235927028483e-01
1.544730941267718594e+00 -3.298130956978865047e+00 -5.284424537467767857e-01
1.564890489650146765e+00 -3.256409221056561609e+00 -5.418081998129941068e-01
1.746050334431835438e+00 -2.974203892297136775e+00 -5.546303923920110623e-01
1.906638959936027833e+00 -2.743189962594168474e+00 -5.438419033365332611e-01
1.898627400600873649e+00 -2.770465008213803149e+00 -5.261536128721026051e-01
2.277176044282094303e+00 -2.090006297451449058e+00 -5.470440619754148859e-01
2.179117023114985674e+00 -2.273524005772853407e+00 -5.578325510308926871e-01
2.208624212420154276e+00 -2.180425988655590341e+00 -6.003196990066009819e-01
2.255379672700114302e+00 -2.058472799908281914e+00 -6.367747590767329768e-01
2.296986781696545243e+00 -1.975710926880958063e+00 -6.381083755691386861e-01
2.348757478120312214e+00 -1.893848813594351421e+00 -6.142672075353095007e-01
2.516812876924868547e+00 -1.382945512053612491e+00 -4.951168320077149465e-01
2.457173596686390127e+00 -1.526553329410047954e+00 -5.620330732176935795e-01
2.422441638147111220e+00 -1.583462516736624082e+00 -6.124504323876145406e-01
2.427997962682938216e+00 -1.473844664270273164e+00 -6.474387608256184645e-01
2.473401318256642778e+00 -1.201985339981507916e+00 -6.661155544572481269e-01
2.631150154113420570e+00 -1.068462227006646392e+00 -3.520081964252388951e-01
2.615638542692971580e+00 -1.134520615093968621e+00 -3.641968595429836975e-01
2.583327307620499447e+00 -1.227025776820430014e+00 -4.068319132294947460e-01
2.538442854582195096e+00 -1.164481381912265467e+00 -5.391076880432520424e-01
2.356502807176021452e+00 -7.361230250230063055e-01 -8.510704132686198742e-01
2.266494786866948274e+00 -5.563682844939445982e-01 -9.217742732227415248e-01
2.192069865738544898e+00 -3.520969398517206916e-01 -9.658144311618795941e-01
2.055816659851780859e+00 -2.105277562091843468e-01 -1.088624240484254768e+00
1.962155368485877238e+00 -5.517376031982253876e-02 -1.147902384278856269e+00
1.938592756207393242e+00 9.269990424568516282e-03 -1.155074578705204580e+00
1.376601589607760578e+00 7.355954946544761563e-01 -1.375833712459175517e+00
1.046333067575360376e+00 1.122461369473176207e+00 -1.461789116292250945e+00
8.940012783767365967e-01 1.334436136553048602e+00 -1.474596518300187675e+00
7.262466211841461794e-01 1.611682926357808077e+00 -1.453643209269784187e+00
6.158633566643901824e-01 1.807034324091030042e+00 -1.429517322742659635e+00
6.096451540727204632e-01 1.915102864236721159e+00 -1.350487603817927651e+00
1.747875737412660918e-02 2.689463213145033560e+00 -1.421367718077422682e+00
-4.180061896806499394e-02 2.772615803758394559e+00 -1.402263230432054586e+00
-5.446258036037884137e-02 2.810568409150405955e+00 -1.382024799003864990e+00
-5.743671769510611674e-02 2.860585190353569285e+00 -1.344381563056950002e+00
-1.493847679108768409e-02 2.908880102573469184e+00 -1.271729045363001021e+00
-8.037073070267777841e-02 2.957866473991372480e+00 -1.283143668594210807e+00
-9.185560914651894060e-02 2.981678060883041326e+00 -1.263818554930228544e+00
-1.043869204942902834e-01 3.018109702548962492e+00 -1.230215609983411618e+00
-1.167456751794583025e-01 3.104092222429018388e+00 -1.137133615984818880e+00
-8.880875150398027940e-02 3.148958187253472651e+00 -1.061047220705063632e+00
-1.837112182930379298e-02 3.072038589802860820e+00 -1.096800961196472191e+00
-2.000215205518219852e-01 3.215157085766057854e+00 -1.063776081069376378e+00
-1.872917690420568271e-01 3.216092589386885248e+00 -1.058824937400250965e+00
-2.628222853587113828e-01 3.383791781937925514e+00 -8.724058120519309067e-01
-2.599714027829865270e-01 3.386286458260133081e+00 -8.684148229554340404e-01
-2.340435316792472131e-01 3.337370342054861272e+00 -9.254435673982421839e-01
-2.221617729114183648e-01 3.285879433934029592e+00 -9.894682519620251471e-01
-4.039563797019694036e-01 3.516783666901486249e+00 -6.694767117352428132e-01
-3.768551232925275163e-01 3.501756446683916835e+00 -6.960849491086752439e-01
-3.346132522872339865e-01 3.473674082392816498e+00 -7.436317049414309377e-01
-3.186677841150968860e-01 3.457717521292368534e+00 -7.685612124972510673e-01
-3.412751720113123000e-01 3.460999795524601907e+00 -7.584235085693057377e-01
-2.854296732549267968e-01 3.387074056170158887e+00 -8.622681081239855772e-01
-7.465516101821970674e-01 3.574312825665843629e+00 -3.268901090881451976e-01
-7.085460052438150580e-01 3.582986263056841203e+00 -3.469153097832608501e-01
-6.619298228415274599e-01 3.577142754932538526e+00 -3.912155352638940209e-01
-5.729509797701238805e-01 3.543442438726109867e+00 -5.027746501845323790e-01
-5.033527150042536036e-01 3.513258580794018648e+00 -5.946130036647910844e-01
-1.657603951919321972e-01 2.913175530924701828e+00 -1.346277221250406386e+00
-3.443984476044324450e-01 2.728154114543468900e+00 -1.351384898463464657e+00
-5.197332724756690281e-01 2.950525420545191846e+00 -1.033141110719336231e+00
-4.204848428841877483e-01 3.348231551418150875e+00 -7.943152943907969554e-01
-3.014540244728253771e-01 3.326956547466751068e+00 -9.065880543660591595e-01
-2.456085257164399294e-01 3.253030808112307160e+00 -1.010432653920738888e+00
-2.082684964766708113e-01 3.197690653867831578e+00 -1.084595042412467292e+00
-1.861282441170744317e-01 3.126968305699859396e+00 -1.158902871519818190e+00
-8.172973767543794121e-01 2.003644152913665710e+00 -1.506588523546843472e+00
-1.197644307369444050e+00 1.935404155592002073e+00 -1.105696257153673479e+00
-1.636856478336452536e+00 1.909743747315297835e+00 -6.002358857704793715e-01
-1.751151848906943531e+00 2.005327812921638753e+00 -3.868720375566503389e-01
-1.769228391862231575e+00 2.121363540689243266e+00 -2.723720640862153375e-01
-1.442286515775305533e+00 2.628306666823235993e+00 -2.582569290852635424e-01
-1.104992472479769949e+00 3.113544629896910720e+00 -2.739078183833849045e-01
-1.058233314557039284e+00 3.136361550883429938e+00 -3.116471930423216907e-01
-9.975673221760710252e-01 3.155246645057773414e+00 -3.691874447349898225e-01
-9.419128682961392940e-01 3.171234019847971819e+00 -4.230460767762569962e-01
-9.229106821007433403e-01 3.176112443209285541e+00 -4.418991247132600386e-01
-8.402572732613416973e-01 3.172542985388577375e+00 -5.437396018865612302e-01
-7.295855926055202501e-01 3.140579328736491593e+00 -7.018545043775762382e-01
-1.438876056593709762e+00 -9.091764043051088484e-02 -1.529310538368931383e+00
-1.454982988500139740e+00 -9.127507923161776171e-02 -1.511070066584170091e+00
-1.631770986980014326e+00 5.022175386738416680e-01 -1.128507015402242741e+00
-1.441636963195362942e+00 1.134424476381946656e+00 -1.152128789965047639e+00
-1.100171978855186916e+00 1.028909774842784675e+00 -1.573338370832169097e+00
-1.196041995502413080e+00 5.770023636985318616e-01 -1.602066590060442275e+00
-1.765782188800525399e+00 5.012832676006037103e-01 -9.568488799920469301e-01
-2.026822210344062736e+00 6.787467021598112549e-01 -5.706522785147296606e-01
-2.224686772613342800e+00 9.503213079552812470e-01 -2.423903439588879494e-01
-2.278634148081091659e+00 1.048054936558623362e+00 -1.467483486158160932e-01
-2.212323087737815275e+00 1.383026860194554342e+00 -1.463329800779780976e-01
-1.713262103442023676e+00 -1.111733275249609798e-01 -1.172547173341381033e+00
-1.584576739758005504e+00 -1.144161602343134188e-01 -1.339411931173974502e+00
-1.573126372646685089e+00 -1.205628750657617987e-01 -1.352741933360081195e+00
-1.606143857488240956e+00 -2.421672528450936612e-01 -1.278190059829905412e+00
-1.510845742922785728e+00 -3.503282340600366029e-01 -1.373429012111039516e+00
-1.469286703282365325e+00 -2.624204748443636492e-01 -1.447607423721437803e+00
-1.451899154429900696e+00 -3.427628569524709401e-01 -1.442890464094417124e+00
-1.436532983625074866e+00 -4.284742163627215938e-01 -1.434233049822090322e+00
-1.428934327732578113e+00 -4.787498325597898674e-01 -1.427542781503441605e+00
-7.500323245764241031e-01 -1.780806943922914609e+00 -1.205584378944377200e+00
-1.129533727544732580e+00 -1.168692997027376501e+00 -1.240912890517227307e+00
-1.107244336926743289e+00 -1.083114752756848542e+00 -1.336086517776090332e+00
-1.049946897109309774e+00 -1.092772995672274483e+00 -1.396975601270852962e+00
-1.035771367276446808e+00 -1.113770676415918981e+00 -1.397149390481046138e+00
-8.931582158251604175e-01 -1.353498717580355670e+00 -1.376109803119341057e+00
4.270777399432246907e-02 -3.175852375667790550e+00 -9.063809863709351156e-01
5.751806583604768264e-02 -3.239406227052183951e+00 -8.673757853370439586e-01
2.935558595159533032e-02 -3.218111502339343843e+00 -8.618810881807181801e-01
-5.304761572703160094e-02 -3.037333747310562604e+00 -9.406014376603543115e-01
-6.296962382672266489e-02 -2.961212840698287163e+00 -9.935738679843943988e-01
3.732449914013479253e-01 -3.694415960480526895e+00 -6.067905738542255234e-01
2.436179613585516268e-01 -3.541757546170547055e+00 -6.858843852536389285e-01
1.744572509871396837e-01 -3.424913267183886667e+00 -7.704728938093777790e-01
1.958246960077912047e-01 -3.438477453412097873e+00 -7.713270492892642105e-01
5.291597964441704383e-01 -3.834979385289603915e+00 -5.355986250544544358e-01
5.236120997414736022e-01 -3.811869117976658838e+00 -5.602323211886689469e-01
6.418405296717306641e-01 -3.889043852778404808e+00 -4.995613986173405019e-01
6.023546350777301273e-01 -3.881585707311171252e+00 -4.990437286295305586e-01
5.587594268185904767e-01 -3.870078643010709918e+00 -5.027389063044217510e-01
5.541916054499625988e-01 -3.865466449928841364e+00 -5.075667952145447304e-01
5.744744085913932041e-01 -3.858686205636120636e+00 -5.216609769064660673e-01
8.069649303072105040e-01 -3.899354113368953545e+00 -4.522500593742794783e-01
7.572131468359025730e-01 -3.906279798277297211e+00 -4.561190262593640132e-01
7.149404621408583793e-01 -3.905075599281843779e+00 -4.686466399643651748e-01
7.061154213962883563e-01 -3.899917387617594766e+00 -4.776577953950286726e-01
7.058467260216632067e-01 -3.899303578917762358e+00 -4.785279739935854315e-01
9.316777931085823417e-01 -3.882431234957928190e+00 -4.347207675489618284e-01
8.757595740443854249e-01 -3.884476031409777264e+00 -4.494595716304656818e-01
8.763585921731369410e-01 -3.877843692827859456e+00 -4.568302062188075996e-01
1.172322849679996670e+00 -3.722334395942154650e+00 -4.761812033821802848e-01
1.167445658866272717e+00 -3.735398167848815731e+00 -4.644374899444340676e-01
1.151782444092251056e+00 -3.756647288300825505e+00 -4.515228562961654535e-01
1.262965631997932325e+00 -3.638507601797050128e+00 -4.890958370304489544e-01
1.263366209964689846e+00 -3.626709656265342918e+00 -4.982142241014446138e-01
1.280841269696046503e+00 -3.593004409868553850e+00 -5.112003455099346505e-01
1.380755274986140702e+00 -3.484635128110896929e+00 -5.179670317791649214e-01
1.466795724602927731e+00 -3.399275044763803155e+00 -5.174234782919645559e-01
1.435797152713830682e+00 -3.441626612504608662e+00 -5.083396025534895335e-01
1.752756625869154705e+00 -2.945284628192410104e+00 -5.751954489315570518e-01
1.942852440678515702e+00 -2.621172681372178292e+00 -6.068941078517874343e-01
2.331035908870951356e+00 -1.743347357566913391e+00 -6.882545742692544044e-01
2.355344212441399243e+00 -1.530568969458345530e+00 -7.255120228204919863e-01
2.378622106226587540e+00 -1.571452573019432863e+00 -6.865129845245508955e-01
2.424025461800292103e+00 -1.299593248730667394e+00 -7.051897781561805578e-01
2.420638421022906606e+00 -1.096031851500297361e+00 -7.623725910477417989e-01
1.801918019044841168e+00 1.966233868461265688e-01 -1.247327068175710929e+00
1.769050905009268426e+00 2.643062726571000498e-01 -1.258630762123818636e+00
1.687508021548477899e+00 3.702178545202496340e-01 -1.287723815438738706e+00
1.673889603226305756e+00 3.946432501117499436e-01 -1.289873378435740126e+00
1.725398999560987745e+00 3.378006203550353859e-01 -1.272702757959119468e+00
-1.243887027851954714e-02 2.604082176488909717e+00 -1.508654273307723725e+00
-2.322489423881726744e-02 2.628141505446172310e+00 -1.500504668642486550e+00
2.369695996579635616e-02 2.581394672999342443e+00 -1.500397437002154666e+00
-8.872247317267861755e-02 2.699498615623006970e+00 -1.492462295617581702e+00
-1.010799953102566179e-01 2.735904373789537658e+00 -1.473250576331881501e+00
-1.260477118413674269e-01 2.878824429590740586e+00 -1.380042862479106791e+00
-1.228689716066962007e-01 2.909571561771472581e+00 -1.355796186288160010e+00
-1.430235897987643390e-01 2.899908388665686232e+00 -1.362778568385644151e+00
-1.513297280079343166e-01 2.954467107738087517e+00 -1.319206778530715107e+00
-1.154268492581329020e-01 2.736606925915851640e+00 -1.475455603970434071e+00
-1.360103940115293120e-01 2.724663539768521492e+00 -1.477553399968654535e+00
-1.546046069546273549e-01 2.773310960599168595e+00 -1.442953324021508221e+00
-1.513013794133637457e-01 2.839347162829869653e+00 -1.403245570861303637e+00
-1.368707122293658651e-01 2.845497575304088755e+00 -1.403139571768561300e+00
-1.198948342719689253e-01 2.824413616229142665e+00 -1.420403865862023940e+00
-4.280970568001742915e-01 2.313188619767407417e+00 -1.564952117029647649e+00
-6.048751948993287275e-01 2.148912211873863498e+00 -1.557275810638979907e+00
-5.716173632777182823e-01 2.292336379639385857e+00 -1.489631133803297036e+00
-3.505229765792603480e-01 2.611095372276144300e+00 -1.429662763358282351e+00
-9.019388848564894312e-01 1.686465286287317955e+00 -1.586874208465809843e+00
-8.648515278726752742e-01 1.712748131096984316e+00 -1.602961419610799743e+00
-8.585063728792330373e-01 1.636259925302881335e+00 -1.626310801156209296e+00
-8.806330672153391825e-01 1.496979582535018949e+00 -1.648147846808659667e+00
-9.193572473987048355e-01 1.379252799473901669e+00 -1.654311817306368448e+00
-1.061773191235587444e+00 8.628449403961165887e-01 -1.657374698067577423e+00
-9.736965730000812780e-01 1.146820207494815280e+00 -1.666570735636744516e+00
-9.792948041539691895e-01 1.000796596861933452e+00 -1.692297701483310046e+00
-1.443912246046546555e+00 -9.799862633519725030e-02 -1.524143698871551766e+00
-1.435370691247682240e+00 -1.316952448988561730e-01 -1.523770236951774715e+00
-1.371636887915144820e+00 -4.884080754752158082e-01 -1.488431864998204235e+00
-3.475599321728432556e-01 -2.411471964595900186e+00 -1.171445275795899743e+00
-4.025106013788715686e-01 -2.293069745455449393e+00 -1.210404872568960011e+00
8.530831634831285981e-02 -3.269141437661506888e+00 -8.604303796672602145e-01
4.808242101537997248e-01 -3.787599023381501340e+00 -5.738679951771015197e-01
4.433436704887678825e-01 -3.737210012806151394e+00 -6.048271255433177451e-01
7.896698225239975333e-01 -3.871926231848155098e+00 -4.825115678045422407e-01
7.304939801793678411e-01 -3.879929163350179344e+00 -4.885387255197582990e-01
6.664877838294351875e-01 -3.869669437210821794e+00 -5.095721501435133138e-01
1.172723427646754191e+00 -3.710536450410446996e+00 -4.852995904531758886e-01
1.113310936164840337e+00 -3.764833869393762633e+00 -4.670702115967247936e-01
1.087712155267637204e+00 -3.781377123147060981e+00 -4.634218707302545370e-01
1.019951618958492290e+00 -3.794901867852392030e+00 -4.723504454723865265e-01
9.332628493093527711e-01 -3.788984406872688115e+00 -4.980318070581211121e-01
1.571596781087465811e+00 -3.227489956951835381e+00 -5.623732563525400963e-01
1.465396783088250610e+00 -3.354571776221232149e+00 -5.495510637735232518e-01
1.399987947580870751e+00 -3.394411411973569326e+00 -5.652500224276555407e-01
2.279265212447183941e+00 -1.825209470853520033e+00 -7.120957423030834788e-01
2.271300489920450971e+00 -1.675226917361481327e+00 -7.551313739563522143e-01
2.309280211359442170e+00 -1.427779430640726099e+00 -7.947442209521251577e-01
2.365531218272945324e+00 -1.215162506266451725e+00 -8.013716293436828897e-01
2.355678232838295916e+00 -1.223828548371908465e+00 -8.071498124457141543e-01
2.367149553258646399e+00 -1.049541388952192067e+00 -8.341808136425246101e-01
2.389284875427883037e+00 -8.956923336702492522e-01 -8.488284092023666849e-01
6.795996250921078063e-01 1.521040144039872422e+00 -1.565403229447596356e+00
3.923568743322558561e-02 2.364053393712507223e+00 -1.555749916722530379e+00
7.737933770169015679e-02 2.397604571660543193e+00 -1.539773634860642781e+00
1.448662484458498045e-01 2.361983946308856996e+00 -1.532672928194516171e+00
-1.174161810684311996e-01 2.669583453065540901e+00 -1.509810402947165731e+00
-1.030693271205549294e-01 2.668705879181444196e+00 -1.507712606948945488e+00
-7.992578102267920703e-02 2.639702801840595470e+00 -1.515754979973850336e+00
-2.593267803934041216e-01 2.476260828665497904e+00 -1.566221641047372160e+00
-1.964163188510025526e-01 2.582095992578066213e+00 -1.533177040158835824e+00
-1.778221059079044819e-01 2.558302893900247899e+00 -1.546222323851647040e+00
-1.908328782681950331e-01 2.499989834868634908e+00 -1.568143182740219244e+00
-6.607391818695644847e-01 1.886066508110942008e+00 -1.629342868227667829e+00
-4.903061987638523411e-01 2.126831121798588686e+00 -1.613669793072926018e+00
-3.215359223570821712e-01 2.289903330696678729e+00 -1.614939317090650306e+00
-9.249554785525927469e-01 1.233229188841019619e+00 -1.680038783152934201e+00
-9.245105288725942172e-01 1.130251070242126454e+00 -1.697892234994428096e+00
-1.417983142395217611e+00 -2.120376270069634361e-01 -1.519053277324753592e+00
-1.421198859057589248e+00 -1.741639046607140473e-01 -1.524220116822133431e+00
-1.099161289831367627e+00 -8.843886397221415452e-01 -1.464990042383542912e+00
-1.845481181066639942e-01 -2.713515146816757095e+00 -1.075867372927509225e+00
-2.597926833824330539e-01 -2.579627199755248235e+00 -1.118416148282718625e+00
-3.338922119470700278e-01 -2.418289185316321532e+00 -1.172529917675120714e+00
1.278141990473894651e+00 -3.550281845303151051e+00 -5.427843775042928698e-01
1.098965314764553947e+00 -3.640834651647014475e+00 -5.360176912350625988e-01
8.913660916292660552e-01 -3.713516750483124795e+00 -5.415308766052387979e-01
8.434064323538523755e-01 -3.714603857457525748e+00 -5.493094844458785708e-01
8.110311048066988215e-01 -3.694364193481746383e+00 -5.632471325938669393e-01
7.343222729939816729e-01 -3.623217848942806185e+00 -6.058784886376079593e-01
6.095638059317789459e-01 -3.477143703858732504e+00 -6.877899038278154631e-01
4.990474262723006427e-01 -3.307807688108141519e+00 -7.768932342058114671e-01
4.564468839183102311e-01 -3.214518626114425182e+00 -8.228438409094862571e-01
2.211150934979702498e+00 -1.949244432480378375e+00 -7.165403089127091452e-01
2.005167581734935478e+00 -2.305901798415186832e+00 -6.829620149176925947e-01
1.729926146859144920e+00 -2.710473219364577968e+00 -6.541401220725774346e-01
1.200746629653534070e+00 -2.679422880476700186e+00 -7.789873325612616251e-01
7.489230317454027563e-01 -2.543340998704949119e+00 -9.100022111904247923e-01
6.273445374654614826e-01 -2.295643304823419051e+00 -9.922957161335396181e-01
1.261029299734005127e+00 -1.320356745432207379e+00 -1.068421552936175800e+00
2.320751531779793098e+00 -1.253492271221009480e+00 -8.217752221489357245e-01
2.171308834132184895e+00 -8.335694700378729616e-01 -9.557247965899453579e-01
2.048671581472413461e+00 -3.284800954792758687e-01 -1.093182201472162607e+00
2.130241580980184235e+00 -4.147991008514081979e-01 -1.044584082545116699e+00
2.748125083144624115e-01 1.599506588715963407e+00 -1.629024870949441484e+00
-4.577065475553143692e-02 1.781931027325016625e+00 -1.647213575735422042e+00
-2.338389287793030819e-02 2.051375790884925721e+00 -1.608792602259202065e+00
4.440868966855522626e-02 2.187122419712189458e+00 -1.581995785104496122e+00
2.744772553699758588e-01 2.051185978556061773e+00 -1.569602519086807257e+00
-8.736851964503753454e-01 1.373541173941731586e+00 -1.675197336219320654e+00
-7.051749875851002214e-01 1.588873400656828583e+00 -1.669033365721611872e+00
-5.526348978437626291e-01 1.558989051789113178e+00 -1.693050788060814549e+00
-1.241774441282653907e+00 -6.446605985577048559e-01 -1.486029629745247993e+00
-1.257318098940443551e+00 -6.095490153606988315e-01 -1.488605654208397411e+00
-1.267968542665838694e+00 -5.560120782404277540e-01 -1.494251954718296416e+00
-1.286550430133036382e+00 -4.324269964839277391e-01 -1.508076208488002168e+00
-1.221124338959396427e+00 -1.656383729805198379e-01 -1.551813159719994450e+00
-1.086855534692570568e+00 1.202042037170648892e-01 -1.607121267727129821e+00
1.138392047074233249e+00 -8.152673708736104530e-01 -1.205878957818392827e+00
3.794225199225468304e-01 -1.545853792122229953e+00 -1.209614809563754889e+00
3.608209116939086747e-01 -1.523570564242190617e+00 -1.214997344889388486e+00
1.812535183985305720e-01 -1.168718880526767201e+00 -1.285354858970713110e+00
-2.474955560767665846e-02 -6.996088026685530759e-01 -1.374235098234914965e+00
-5.609570591716033644e-02 -3.307787967346701580e-02 -1.466112893238054271e+00
-3.661159361406505358e-02 5.635392463727025847e-01 -1.542093289425067404e+00
-4.581379392118204233e-03 6.380590736655377126e-01 -1.547687822936185231e+00
1.987840427714381575e-01 8.514648284974275505e-01 -1.549010346500280688e+00
7.101865260861368601e-01 1.042285381289722368e+00 -1.506804219375097675e+00
1.114973642863782199e+00 9.638189366136312719e-01 -1.443182577873252548e+00
1.440703924669715086e+00 6.090744845385395179e-01 -1.353596088839967626e+00
1.736851831767488363e+00 2.645367590564344784e-01 -1.269247927064283132e+00
1.825480631323325165e+00 1.321796361017355259e-01 -1.240154873749362618e+00
-3.128612524184950505e-01 3.493426890070536306e+00 -6.947143561885689156e-01
-3.871592211451259646e-01 3.526318655057909979e+00 -6.218560030470856592e-01
-4.265046053138636384e-01 3.549825802694842825e+00 -5.536566797958922814e-01
-4.259930980640038167e-01 3.554454018895381928e+00 -5.305464124829472050e-01
-3.384131965072771364e-01 3.526826464664999605e+00 -5.622191879037872209e-01
-2.423656930070874904e-01 3.492712012468322413e+00 -6.155182433391835906e-01
-2.190323345803480981e-01 3.481589503015948495e+00 -6.422558982095685209e-01
-2.107188010856380078e-01 3.476098503502393022e+00 -6.592145205007050590e-01
