7.571795250844958858e+00 4.908610275622525165e+00 9.424785028018632715e+00
7.465541552103140965e+00 4.892655888194812341e+00 9.440871222526389772e+00
7.478578991542095267e+00 4.868202809475684845e+00 9.442378407832958231e+00
6.253214414330949822e+00 4.396877883472726012e+00 9.529743578930473191e+00
4.790430901508195838e+00 4.191854835838439541e+00 9.364159501941847097e+00
3.218551241608802016e+00 3.819625911056748091e+00 9.206220235595667489e+00
4.098541153911195778e+00 3.644769492524287280e+00 9.345093321276616294e+00
9.411541281845701157e-01 2.967739560516389208e+00 8.907052548355611776e+00
-9.619853775738429480e-01 2.304721294191234282e+00 8.569208079237093045e+00
-7.725041038993058114e-03 8.538004185722762873e-01 8.503820306050956290e+00
7.233314669296673216e+00 4.660205506426533972e+00 9.450682253875614336e+00
6.885894129275961895e+00 4.552049201138020251e+00 9.482178415263081916e+00
6.471303555117240869e+00 4.317593059456056537e+00 9.505892228185450321e+00
8.160050249073153239e+00 4.858328739957743281e+00 9.274914647268079904e+00
8.098318689672534987e+00 4.898810705758521067e+00 9.293545291494908156e+00
8.056237846683419690e+00 4.873601169014803780e+00 9.315304921187086862e+00
7.922917850592073208e+00 4.921917059964173724e+00 9.348285344910680195e+00
7.800125228676267675e+00 4.913888289566822998e+00 9.377437632570442716e+00
7.751774953271233670e+00 4.897062829262309513e+00 9.391965065088133002e+00
7.529250217704392512e+00 4.942232542518499194e+00 9.418893824615009791e+00
7.640810584103560288e+00 4.947510556462796139e+00 9.397569731361231860e+00
7.666919847437130286e+00 4.971763059190554834e+00 9.383042298843538020e+00
3.281767063345547797e+00 4.159269833354970913e+00 9.149921420189830457e+00
1.689314037474354491e+00 4.008774801659868992e+00 8.937981366224635238e+00
-9.431656188408649166e-02 3.867821456411297376e+00 8.571912989749263190e+00
-1.719795857419758045e+00 3.222637261090108840e+00 8.353457081435896825e+00
6.116421588217628436e-02 3.142595979048850463e+00 8.768179462674659419e+00
-3.797791781710632808e+00 2.384762576232492659e+00 8.015612612317379870e+00
-4.002046909835107691e+00 2.913314697944195064e+00 7.840320657346518729e+00
-6.645489476764270265e+00 3.228236196620595688e+00 6.691341148391114046e+00
-9.687310347006967248e+00 3.342140436747470744e+00 5.411838245738299413e+00
-1.034747470351207888e+01 3.079277003945114721e+00 5.183485344936549666e+00
-1.084017529945231040e+01 2.267477197965405811e+00 5.118682107496686839e+00
-1.095105370748082585e+01 1.365286388789822780e+00 5.227549024868907601e+00
-7.690054855355834995e+00 1.187988673905275849e+00 6.608721032175115973e+00
-1.096823447382719330e+01 9.343746596763141676e-01 5.244087948042894354e+00
-1.035745192639700818e+01 -6.526226992296551010e-01 5.224798268415853819e+00
-8.064530231240855329e+00 -3.332999902283676263e+00 5.714679338991705215e+00
-6.361789063830030067e+00 -4.575258708710662425e+00 6.206835514383937102e+00
-1.785556128875578574e+00 -1.084863960628806190e+00 8.005824503938594461e+00
-3.217594207592842981e+00 1.941575596447226576e-02 7.932786189367403651e+00
-4.196376391758146696e+00 -2.916913604303606355e+00 7.060309280627413031e+00
-4.949797122764396207e+00 -5.748307336630289477e+00 6.261438029977057340e+00
-4.258675294677208178e+00 -5.566510988796476767e+00 6.455968087891466034e+00
-2.852356788795997744e+00 -4.816110359145975295e+00 6.936588278408702735e+00
-6.510335643037553410e+00 -7.724169966116314789e+00 5.383660184322327957e+00
-6.412546251131487018e+00 -7.774554655148087079e+00 5.379568434098410457e+00
-6.068283350289176425e+00 -7.410486307843788367e+00 5.589433959238593097e+00
9.288353238689769142e+00 2.706469274159760019e+00 8.385864430898438471e+00
9.032647503407964962e+00 3.095856042317375323e+00 8.591025016355377630e+00
8.400151172226486551e+00 3.308701553615034374e+00 8.787709833491343048e+00
7.548259090943517435e+00 3.422938176813318911e+00 8.981185434765414755e+00
6.813136621092686696e+00 3.129994076048296936e+00 8.985970604845205045e+00
4.610009931900910907e+00 1.002043268421440869e+00 8.482542058738063773e+00
2.832178844064324519e+00 -9.366211107796417190e-01 7.984546256625701943e+00
8.293777127889848444e+00 4.649689593736213489e+00 9.217406645171418944e+00
8.183397294468448990e+00 4.738974563608254975e+00 9.261900130799565645e+00
8.001727022972067616e+00 4.770464994253112323e+00 9.309407987040852817e+00
7.834784759984747105e+00 4.757559361894200478e+00 9.343735135277920989e+00
7.589520437739325942e+00 4.549562058845050494e+00 9.352038981320577093e+00
7.967686411865525287e+00 4.200869293964801798e+00 9.190059541433974744e+00
8.503178462878578259e+00 4.188210083538143280e+00 9.067903031947938786e+00
8.643512887925213661e+00 3.890916349131729568e+00 8.962079138901909658e+00
8.198749953922055411e+00 4.854300027902541892e+00 9.252180791332110132e+00
8.244429703270583332e+00 4.794419498365123822e+00 9.229446935396140361e+00
8.172153577466589880e+00 4.949957583557492491e+00 9.244312481727854802e+00
8.210853282315492052e+00 4.945928871502291102e+00 9.221578625791885031e+00
8.533792089904023825e+00 5.733092214999334857e+00 8.611323306681871514e+00
7.911645479877162046e+00 5.022376977926747088e+00 9.293889136051539879e+00
8.008328838459398469e+00 5.006153245596339119e+00 9.279264280909469420e+00
8.118829017475617249e+00 5.014537322035543809e+00 9.246008781540568933e+00
8.192864481261041831e+00 5.063598209524282190e+00 9.197051047418822733e+00
7.817661301064486423e+00 5.303114596931343350e+00 9.100631302996671224e+00
7.883261111727212445e+00 5.275922223244382536e+00 9.108006768736419900e+00
8.127986744167243316e+00 5.326536141980574790e+00 9.018853605944419982e+00
8.361388429208869155e+00 5.493123098926043113e+00 8.843040153396001912e+00
8.459768087603819708e+00 5.720266813036970710e+00 8.648521556966814572e+00
7.422996518962572843e+00 4.926278155090786370e+00 9.434980019122763295e+00
7.443661576816141157e+00 4.969224340214090319e+00 9.406280460129234910e+00
5.707011605378817798e+00 4.816322396622566337e+00 9.166546304502974252e+00
3.547260907006136055e+00 4.529177807379399567e+00 8.942823843730531408e+00
3.270649422681120910e+00 4.369249973347365312e+00 9.008664345582900523e+00
3.440382557319769496e+00 4.321954154582669183e+00 9.079851630290891151e+00
5.032835583190962581e+00 4.472449186277771993e+00 9.291791684256086370e+00
6.667804988489670848e+00 4.631334025154689726e+00 9.506029766008103010e+00
-4.362355889986899715e-01 3.961255483933363131e+00 8.452071700277880240e+00
-2.265970012658836907e+00 3.844623410323876112e+00 8.058323836993652733e+00
-1.360884605390675262e+01 3.874394618185573957e+00 3.680191212599967177e+00
-1.399109231677164900e+01 3.765802776458659906e+00 3.504360567823715300e+00
-1.443391825977244736e+01 3.630551520107564656e+00 3.266855671072951051e+00
-1.496343314624271770e+01 3.444732190961160789e+00 2.988989154116230562e+00
-1.502571485693394671e+01 2.950020104364633688e+00 3.076572093432945465e+00
-1.460665430353901151e+01 2.432631469258241363e+00 3.465466017726055004e+00
-1.687785075345865238e+01 2.907354725629244907e+00 1.784547518176125225e+00
-1.690350155738338245e+01 2.828155862751732919e+00 1.781149187808081846e+00
-1.673591745122368124e+01 2.536495448331469227e+00 1.969702081179707465e+00
-1.607947234667280156e+01 2.320056761417009561e+00 2.517910650045523724e+00
-1.566041179327786637e+01 1.802668126310618346e+00 2.906804574338633262e+00
-1.612110619173829562e+01 1.722609652041527939e+00 2.536833562145490717e+00
-1.590570476923634047e+01 8.685570807943884253e-01 2.526518225446538146e+00
-1.565955791262889818e+01 5.527301247855236077e-02 2.548186163256948689e+00
-1.532605161566655028e+01 -2.349146010908055027e-01 2.744435443954514664e+00
-1.497203499090112366e+01 -5.287011210195756705e-01 2.955676347321225528e+00
-1.482664605087199838e+01 -6.297799591840864686e-01 3.046451310272004775e+00
-1.447781574816909789e+01 1.385808178078127006e-01 3.472096486926437020e+00
-1.422923332595218149e+01 1.111672374560860987e+00 3.862915940736684650e+00
-1.451922036353017198e+01 -1.025802927284694244e+00 3.197513685485549928e+00
-1.365985539388307224e+01 -1.639708729437615364e+00 3.569043459668756579e+00
-6.067962428702986522e+00 -7.955938389513939946e+00 5.363505162561096995e+00
-4.661964844407966879e+00 -6.660085678193286896e+00 6.070054149755830686e+00
-5.003832294839074990e+00 -7.025403327386680274e+00 5.860028163822553537e+00
-4.435915702135649674e+00 -7.391981739954388786e+00 5.461976512837817488e+00
-2.942679023080545520e+00 -8.205111078219742282e+00 4.531023106499989517e+00
-1.747870765468739984e+00 -8.775170968659505633e+00 3.847941510295372680e+00
-1.090182089771377427e+00 -9.037025790762408306e+00 3.511793340989571632e+00
5.850858975645705229e-01 -9.046802437655969698e+00 3.159845514306542480e+00
3.788777323584270995e+00 -8.404466421412214672e+00 2.994026476870885745e+00
1.044034138751570140e+01 6.235907571647151260e-01 7.017798631942508969e+00
1.033580118081443189e+01 7.451570001618670336e-01 7.119032200157504597e+00
6.860203210152960196e+00 -6.407142160849758072e-01 7.152047008336762879e+00
2.674675114156545241e+00 -2.977023363545445278e+00 6.782035880945345596e+00
6.219609339662806491e+00 -5.253876056421677099e+00 4.482420678420092841e+00
1.130876093048743769e+01 -6.541115461598704606e+00 2.397702593047067232e+00
1.210503042399261453e+01 -4.601929584820064534e+00 3.385877464351028099e+00
1.198099996167293391e+01 -2.384470308359356139e+00 4.778975147029748349e+00
1.323841658230476881e+01 -8.684883118830619253e+00 2.843938327901130436e-01
1.374418327139700757e+01 -7.966523071115586774e+00 4.149286879727429600e-01
1.329205633313932111e+01 -6.942949402706389606e+00 1.321027863608707165e+00
1.262491193213458551e+01 -5.704444232689300343e+00 2.491125159083911189e+00
9.546351271015785400e+00 2.293752652834681438e+00 8.156628995734667598e+00
9.680032303891596968e+00 1.991003251463044021e+00 7.997543580866381063e+00
9.653567734516173005e+00 2.155865254882742388e+00 8.055722079848472106e+00
9.792240244205753896e+00 1.852141627267315682e+00 7.887198131900646558e+00
8.672235369889184753e+00 5.518756710622938932e+00 8.529809223789705186e+00
8.578411651869602750e+00 4.932868509092894094e+00 8.803962219534804845e+00
8.718746076916238152e+00 4.635574774686480382e+00 8.698138326488775718e+00
9.012217406001427733e+00 4.105246122765515260e+00 8.453154810631270166e+00
9.270215438327443991e+00 3.692529501440435347e+00 8.223919375467499293e+00
8.573110714954863099e+00 5.756685682326883935e+00 8.572440218069431239e+00
8.436575772259010009e+00 5.507111841638343996e+00 8.804157064783561637e+00
8.373892909585043398e+00 5.373362039851207861e+00 8.916387928068161273e+00
8.369262469555735606e+00 5.310306678907556588e+00 8.940915506441227123e+00
8.402638314519457197e+00 5.160883296080623239e+00 8.948508740400177075e+00
8.451985739138722309e+00 5.016153391451712906e+00 8.936468450175455658e+00
8.608887741072395627e+00 5.470670049377989841e+00 8.618979578809536690e+00
9.301023910601648126e+00 7.277418464427305445e+00 6.648624192972230063e+00
9.152889944862083738e+00 6.910215400915047823e+00 7.119868888578641197e+00
9.034372456933732920e+00 6.579373899266597547e+00 7.526539576449613023e+00
8.807807547826469019e+00 6.099212168158202552e+00 8.152273631350665184e+00
8.776924575898329195e+00 6.019887228943260560e+00 8.240458298641485158e+00
8.840272204715114768e+00 6.067973890188209651e+00 8.151287943621653653e+00
9.412131548334585318e+00 7.633819078118714962e+00 6.143086733584413039e+00
9.380738540314107254e+00 7.506751322215454714e+00 6.320378717726349294e+00
9.358537643440916654e+00 7.379173530219858002e+00 6.490925617815692661e+00
8.814816246039145042e+00 6.684567410625467332e+00 7.489685170721299912e+00
8.736763531683740425e+00 6.282888199568268384e+00 7.971113395946622049e+00
8.810787533983944542e+00 6.295713601530631642e+00 7.933915145661678103e+00
8.850106159034783815e+00 6.319307068858180720e+00 7.895032057049238716e+00
8.926325035754819837e+00 6.430053669806652827e+00 7.745602943479694247e+00
9.306519692765146345e+00 7.864745082352591510e+00 5.883254863623026409e+00
9.246828277733875723e+00 7.915450692970553703e+00 5.832646675629446165e+00
9.210678753346659420e+00 7.933233187291024002e+00 5.818841316680680720e+00
9.083525036304241240e+00 7.965554575614408606e+00 5.809683589989055541e+00
8.983930460475857416e+00 7.624105469393867907e+00 6.280481287671845436e+00
9.138769395069742174e+00 7.306295676441759923e+00 6.654521127118464996e+00
9.323224807474838727e+00 7.404996256422902157e+00 6.478077292882886695e+00
-5.805471494170318936e-01 6.523310044307791600e+00 5.344582250461130890e+00
3.825666113768246390e+00 5.947989332151563779e+00 7.236569731099454117e+00
5.869552658041251370e+00 6.388253633205454918e+00 7.192632127504529294e+00
6.290710663231640964e+00 7.046819112522227258e+00 6.443543837911837713e+00
6.404632095586347162e+00 7.800153882389320614e+00 5.491317915003726569e+00
6.386626102304064467e+00 8.175975982787813123e+00 4.996875173309892837e+00
6.273856549214074541e+00 8.245260660949108811e+00 4.877343343939479325e+00
5.774823482689207310e+00 8.434117283679093191e+00 4.501853626612397186e+00
5.262598246674902391e+00 8.595380380739380044e+00 4.158908796570508493e+00
5.131381433121619651e+00 8.627168809999984589e+00 4.083469300845504968e+00
-2.289718210036869317e-01 4.146243855401239742e+00 8.353204928761034154e+00
-2.475434385816283278e+00 5.008709156800635220e+00 6.684939908895152882e+00
-6.450048230774787505e+00 5.599411182123525066e+00 4.798751939778683528e+00
-8.453189195086933339e+00 4.929206564564767135e+00 4.950794271978629091e+00
-9.159016108712737747e+00 4.351805592840914727e+00 5.393121640372311454e+00
-1.249672095067965927e+01 4.439256725077588506e+00 3.908532651916495571e+00
-1.339099187356749354e+01 4.089119813059485686e+00 3.612258989694756117e+00
-1.347735416470816361e+01 4.006981079222773801e+00 3.641514430721506823e+00
-1.333092796026653559e+01 4.028666209261015929e+00 3.732713468625465492e+00
-1.294868169740164099e+01 4.137258050987929536e+00 3.908544113401716924e+00
-1.466028832363095447e+01 3.608866390069322527e+00 3.126572822709811295e+00
-1.783282743281981553e+01 2.781719655378616540e+00 8.796288755179306751e-01
-1.765389645629127102e+01 2.774281151470149975e+00 1.099872775525781776e+00
-1.756059996659185884e+01 2.788613738739083026e+00 1.200137848239597460e+00
-1.754715564442755849e+01 2.702646868838537220e+00 1.259852186241309902e+00
-1.747950995865287283e+01 2.637780593229959614e+00 1.356718928587081763e+00
-1.772608662095610654e+01 2.710085372747004229e+00 1.039608286233458578e+00
-1.781836303847084579e+01 2.722137124456946999e+00 9.162311285713794495e-01
-1.778412185137293378e+01 2.655121820369420238e+00 9.782320328746929583e-01
-1.731192585249317162e+01 2.346120178809695922e+00 1.545271821958707603e+00
-1.743646062016257758e+01 2.361765106136440195e+00 1.387028826254169678e+00
-1.750654760228934848e+01 2.356246401002500601e+00 1.294259564874925994e+00
-1.736242515637715300e+01 1.629267316401231236e+00 1.293623452445157307e+00
-1.717349976473584405e+01 8.567173665610354760e-01 1.339578277438989495e+00
-1.699733673688818314e+01 1.271554362652010051e+00 1.676694942245969377e+00
-1.703019108427434603e+01 6.029715452520316710e-01 1.440187194709436680e+00
-1.677540799855283637e+01 3.528819377285453696e-01 1.654092893390042951e+00
-1.652715222866471834e+01 1.674121838813841801e-01 1.880285304227623300e+00
-1.516964245759738361e+01 -1.585467250628958213e+00 2.585338567601008553e+00
-1.512336671101736307e+01 -1.616986334986867835e+00 2.615539581158496496e+00
6.051721504144748076e-01 -1.126403248441225813e+01 1.398925847913627951e+00
9.798996789743565916e-01 -1.137269882579311009e+01 1.160165918531157470e+00
1.244012413665807504e+00 -1.143551349554711827e+01 1.009837078371760288e+00
1.591942989778855733e+00 -1.146304398304809880e+01 8.837664716827324796e-01
2.273958667857914229e+00 -1.149003578074369081e+01 6.717920332618746437e-01
3.344180581116819262e+00 -1.151596739105633560e+01 3.605668635692646506e-01
4.561923270655961815e+00 -1.152852917885861572e+01 2.852190597260287341e-02
4.037222207978535593e+00 -1.122665085036377697e+01 5.579508313037155887e-01
7.240913633998236065e+00 -1.058431483412002017e+01 3.921317938680585757e-01
9.018750452577430465e+00 -1.087296660866975806e+01 -4.793823501133628318e-01
1.026430443600547093e+01 -1.082686278436805161e+01 -8.070604818408014802e-01
1.129273777414839763e+01 -1.073513078740131377e+01 -1.016490470542584346e+00
1.185789787965616071e+01 -1.061743852640887908e+01 -1.054938022716623625e+00
1.200011771902165947e+01 -1.003312627909672905e+01 -4.326939900653828941e-01
1.198779662240901978e+01 -9.399185800777399180e+00 2.932650223512120458e-01
1.175212556329362457e+01 -9.195847591470609927e+00 5.968511121439866729e-01
1.344960590898798181e+01 -1.089155713769831380e+01 -2.102483387465665210e+00
1.388838594770574986e+01 -1.058328330045012500e+01 -2.084414356014667291e+00
1.401775746213844087e+01 -1.039698831966705050e+01 -1.964836680703368366e+00
1.411342074853600259e+01 -1.020315168160851549e+01 -1.809252749570116059e+00
1.357178534144446225e+01 -1.015927138543969477e+01 -1.323285776197255625e+00
1.347408764142016402e+01 -8.888221328137412058e+00 -1.919225700266168413e-02
1.408810805842529490e+01 -8.996687093526894330e+00 -5.973267637806606301e-01
1.463448852039835302e+01 -8.979334404902212796e+00 -1.020650989677828413e+00
1.464114191256917863e+01 -8.677129424078573905e+00 -7.841489728839065032e-01
1.477698916615176650e+01 -9.231303696001951664e+00 -1.353716019459164421e+00
1.484037691016682636e+01 -9.109399339190778377e+00 -1.332082466104417495e+00
1.250088146981490489e+01 -3.486984956228591948e+00 3.884222841762630996e+00
1.268670079896130787e+01 -3.706048323258673172e+00 3.605662904950037273e+00
1.347787566228572409e+01 -5.300019995921656069e+00 2.185756808339262225e+00
1.393463877131532769e+01 -5.995537303591121692e+00 1.410192487885928214e+00
1.216681929081933689e+01 -2.603533675389437807e+00 4.500415210217154183e+00
1.298550744941690027e+01 -4.059165221434249737e+00 3.080509113606379135e+00
1.353125179896018970e+01 -4.952135265749491921e+00 2.104414647725413090e+00
1.367994164673297774e+01 -4.964003633695898365e+00 1.749991140234635312e+00
1.374492826793637690e+01 -4.571419111161607596e+00 1.442983797103374988e+00
1.332319718848493295e+01 -1.811573700327380632e+00 1.405842854244536477e+00
1.288559768274493855e+01 7.442515428294034230e-01 1.485030255636826446e+00
1.268023079055402036e+01 1.332472156601933300e+00 1.755905266608701387e+00
1.252096772266480684e+01 1.773762260583109818e+00 1.971650533667287375e+00
1.235287931115538385e+01 2.108185476363141575e+00 2.249585819535334430e+00
1.243238763413386216e+01 4.474976443769015155e+00 1.117546385736653214e+00
1.217073338802232918e+01 4.833348432918447735e+00 1.527489327638235750e+00
1.153306219626354334e+01 5.642345905761608549e+00 2.554146135571898846e+00
1.103934725888124824e+01 6.214761131414298312e+00 3.372140874313589887e+00
1.072276384484779399e+01 6.388081710927139056e+00 3.979645436970550065e+00
1.048604979057727959e+01 6.423927505955997042e+00 4.474053794208720625e+00
1.042661625896348632e+01 6.360597069367042167e+00 4.629162073705298752e+00
1.025058503819586520e+01 5.928000501926037558e+00 5.193531336732807091e+00
1.008736775790538687e+01 5.495925432062591653e+00 5.730095036614027748e+00
1.031766338045210851e+01 4.236697896765829086e+00 5.773556988572280169e+00
1.056733464376502418e+01 3.002783051579774209e+00 5.764445107821539516e+00
1.070600715345460507e+01 2.699059423964345950e+00 5.595921159873712192e+00
1.135410829676455258e+01 1.470508553861745948e+00 4.726521659915575491e+00
1.008194647539582789e+01 7.400073548520457400e+00 4.904358064605512268e+00
9.975343201354768041e+00 7.487524680757130291e+00 5.051391727763855144e+00
9.821340955182019883e+00 7.593176651524843557e+00 5.288787740405020976e+00
9.726646164285639884e+00 7.624575390287930965e+00 5.475289027922076279e+00
9.711998386173126718e+00 7.543009730712271654e+00 5.608482947675992314e+00
9.491536717946075896e+00 7.672174938410986300e+00 5.966757514201045609e+00
9.465616569118653345e+00 7.662891135381928898e+00 6.022391563464061903e+00
9.449364183075191548e+00 7.569571722712074902e+00 6.158525354177178279e+00
9.504837771545114222e+00 7.820618364251519239e+00 5.706587530425638377e+00
9.475662560914908994e+00 7.835415141671905559e+00 5.734444670255420817e+00
9.483209948932975308e+00 7.794400216808348603e+00 5.799299484378775738e+00
9.506184496058587285e+00 7.753740597986645611e+00 5.833563594447130463e+00
9.408142951477657334e+00 7.825661417748785098e+00 5.859758818919859280e+00
9.399380646026157748e+00 7.779603439387962283e+00 5.949656978251226747e+00
9.428383934378045339e+00 7.727138490788568959e+00 6.006952942871296663e+00
9.349981644723397878e+00 7.917496568082512454e+00 5.735585088034914847e+00
9.317545641547804181e+00 7.914631196777247801e+00 5.781545643771356602e+00
9.400595563459589243e+00 7.866676342612341166e+00 5.794904004796500807e+00
8.771211025515629700e+00 8.151969901992307754e+00 5.618402863134817515e+00
8.888811594626295332e+00 8.117596907814354168e+00 5.642047907145860464e+00
8.917259000944962821e+00 8.132542684542613642e+00 5.597674767112533978e+00
8.658441472425641550e+00 8.221254580153601665e+00 5.498871033764404004e+00
8.615225942399639791e+00 8.257576026819135606e+00 5.427706672026854307e+00
4.530960068331273405e+00 9.073284199259227023e+00 2.784905948270070652e+00
1.734174290629575399e+00 9.114241816696676324e+00 1.616613836717183172e+00
1.372604547103468242e+00 8.801933536650675904e+00 2.232336284277641969e+00
4.865039439554672995e+00 8.680390216623967703e+00 3.861185256468304683e+00
6.515665233665346001e+00 8.889929089435350207e+00 3.986470751419690206e+00
-6.352367722978320863e+00 9.134746413757149242e+00 -1.662987005921584327e+00
-6.879567389433938196e+00 9.070911671818466360e+00 -1.751349326233330839e+00
-7.386233805116030560e+00 8.151471327385191756e+00 1.159902304371050394e-02
-6.326585111973551889e+00 7.426320349676680088e+00 2.027072545453713293e+00
-2.563429938600956248e+00 8.073659304219427568e+00 2.244995494704300487e+00
-9.541823984353467125e+00 8.840856740461390473e+00 -2.880838579570326630e+00
-1.202699490186503795e+01 7.621778787893992657e+00 -2.992656829386968642e+00
-1.455034402664795401e+01 6.191528700871213431e+00 -2.650113151327818439e+00
-1.505272957759998320e+01 5.658942136361699404e+00 -1.994590696337235514e+00
-1.514372230876996106e+01 5.440927495229344046e+00 -1.587811124356664383e+00
-1.372128322392533306e+01 5.521358467768118672e+00 -6.081464058293405833e-02
-1.154549217698578012e+01 5.900200669522360997e+00 1.668654710363396854e+00
-1.007605527199220141e+01 6.680011470250097005e+00 1.594963091134604438e+00
-1.687203978045157626e+01 3.627898186278889714e+00 5.473546882168475181e-01
-1.688562737118114043e+01 3.467271201648371992e+00 8.098112382938555953e-01
-1.676608408032550557e+01 3.324249058317399363e+00 1.195822599053869117e+00
-1.664667832729251984e+01 3.209021016647492619e+00 1.533540991834954514e+00
-1.644270400555596368e+01 3.187370271064913219e+00 1.807069336635504397e+00
-1.575995479242275898e+01 3.306111257955074656e+00 2.391479006572032606e+00
-1.506687878110537682e+01 3.505185794759631879e+00 2.848706305753090806e+00
-1.457392603249028262e+01 3.691005123906035301e+00 3.097317381683060589e+00
-1.834442801788957667e+01 3.591049511293188612e+00 -1.160882261357473633e+00
-1.836688679818023573e+01 3.462921568006980255e+00 -9.561170971406613983e-01
-1.834513289923066992e+01 3.439551599641243129e+00 -8.686774263892095282e-01
-1.829447886529620249e+01 3.547467213740114644e+00 -9.796417955568829106e-01
-1.827286250416928581e+01 3.066875676935930439e+00 -1.449190191350577805e-01
-1.816839106637934265e+01 3.000834599092194299e+00 1.124142470481371975e-01
-1.837322499950748167e+01 3.214493875840547688e+00 -5.483690296589112112e-01
-1.833897235092435096e+01 3.126165939984463904e+00 -3.605324791136015339e-01
-1.830647330958003849e+01 3.160183628120563970e+00 -3.245835307177530327e-01
-1.814517582806409379e+01 2.906391960870676083e+00 2.340893741548893403e-01
-1.804084192809679976e+01 2.832746187582767305e+00 4.903223377568627361e-01
-1.794285196019936635e+01 2.807341805590291894e+00 7.122109608939357628e-01
-1.794350526485696307e+01 2.817702988230128547e+00 7.063656034311961429e-01
-1.838211911203902460e+01 2.987986274159387445e+00 -3.490308786942697972e-01
-1.836972351577244922e+01 2.946409736520000155e+00 -3.032021300378692219e-01
-1.831814683227769081e+01 2.931532728703066581e+00 -1.729881964414289319e-01
-1.827933251257657687e+01 2.974031915902749734e+00 -9.553721006012924621e-02
-1.830536154551359829e+01 3.032857988799830373e+00 -1.808679675309062818e-01
-1.798705317795437253e+01 2.747541506449421966e+00 6.022093564848313152e-01
-1.813020139762278049e+01 2.778688092537646703e+00 2.685254065015582059e-01
-1.809637282399282654e+01 2.272732288939260936e+00 1.567300796553581232e-01
-1.799603898236768629e+01 1.727755858905783093e+00 1.905701147705319842e-01
-1.789702321154296527e+01 2.135773271290228426e+00 5.856188566273496932e-01
-1.795771177578846789e+01 1.647365001565282094e+00 2.461296643796107853e-01
-1.777349705457301354e+01 1.383527342519136560e+00 5.298128850860182038e-01
-1.756868604441531545e+01 1.144956527642813526e+00 8.686659649039886189e-01
-1.745772167524764384e+01 4.231580343614627093e-01 7.911404788687520506e-01
-1.731658494623552969e+01 2.576369955415531154e-01 9.257498920474681592e-01
-1.714874295665836001e+01 8.428776231566080523e-02 1.114199632052104150e+00
-1.720635411212201049e+01 1.881345491610570964e-01 1.103070529902456798e+00
-1.628100537205727605e+01 -6.458718844344518706e-01 1.901953242038033398e+00
-1.496018381518254969e+01 -1.732059646606290304e+00 2.713684279106416408e+00
-1.486805066623307070e+01 -1.794163704276593219e+00 2.771868508831117239e+00
-7.116057944742638419e+00 -7.411208381412714097e+00 5.396153203213281735e+00
-6.858042720188791463e+00 -7.546453907021199115e+00 5.387184591027803116e+00
-6.857194570282431734e+00 -7.541897966645829676e+00 5.398995651548103680e+00
-1.089574631054661014e+00 -1.063608063212093136e+01 2.267666312471553258e+00
-1.054622831873044619e+00 -1.064474551494805077e+01 2.263969983487761795e+00
-3.779711288774413869e-01 -1.091755178617967381e+01 1.908629557179299718e+00
1.797160882661898856e-02 -1.105474576427573830e+01 1.728816046288730979e+00
1.074012799495769421e+01 -1.160869080649469787e+01 -1.864411147196458174e+00
1.149071773911434313e+01 -1.158167608582866137e+01 -2.094191002908229571e+00
1.172710514105605561e+01 -1.156448385799707346e+01 -2.158415435344428257e+00
1.195403681769039395e+01 -1.153654648777074598e+01 -2.195464686321498604e+00
1.212771843398769889e+01 -1.149614475236651678e+01 -2.182862783320944633e+00
1.217863035133963656e+01 -1.145936484629213936e+01 -2.125463665333886532e+00
1.272108525462448370e+01 -1.139116900922684295e+01 -2.253786453868852124e+00
1.293518006781123653e+01 -1.129023343962759718e+01 -2.273104787208945599e+00
1.302514126531132099e+01 -1.121737277807733157e+01 -2.209058007793673006e+00
1.289512217696363905e+01 -1.124569410805856506e+01 -2.119182771432746470e+00
1.366528240713524411e+01 -1.086320715400402648e+01 -2.291431702077417309e+00
1.396873095910536300e+01 -1.061374219742508807e+01 -2.210542270129800091e+00
1.357962499733566730e+01 -1.086323580771707853e+01 -2.192358623826591746e+00
1.459729027011340996e+01 -1.002071349060232386e+01 -2.028528154076788326e+00
1.465436273577166659e+01 -9.924935589352553933e+00 -1.953535656275405596e+00
1.463994991810618451e+01 -9.910488387231408680e+00 -1.897603608396642105e+00
1.473561320450374801e+01 -9.716651749172877217e+00 -1.742019677263390021e+00
1.477913246388810364e+01 -9.653711003081435038e+00 -1.744564126982464769e+00
1.480910997848378230e+01 -9.531800915527652407e+00 -1.655405233447854174e+00
1.477033577398094444e+01 -9.533508676825588779e+00 -1.590218036253086886e+00
1.487915111466966778e+01 -9.392543870091797586e+00 -1.625204219890366453e+00
1.490032047787296321e+01 -9.404985312299254829e+00 -1.690391417085133741e+00
1.494839567763269095e+01 -9.295505205467707199e+00 -1.672116078900156788e+00
1.496936446484461491e+01 -9.220472592468050621e+00 -1.631215768888811368e+00
1.443884096767489034e+01 -7.204695340699690753e+00 3.881202740406882179e-01
1.455374808775861162e+01 -7.729316172980571054e+00 -8.404707112601858543e-02
1.470916582735615741e+01 -8.227168706527667297e+00 -6.319805643465296052e-01
1.479512123577148053e+01 -8.383847209499531772e+00 -8.842020081211325877e-01
1.482030784954475600e+01 -8.358545980874046322e+00 -9.276009219106687853e-01
1.468386459873067018e+01 -7.550774886949539244e+00 -2.877692401877146033e-01
1.487913392244183619e+01 -8.229506849512763011e+00 -1.009636502380391709e+00
1.491708863075137081e+01 -7.951164680919369232e+00 -9.948339942173952677e-01
1.493574219794864177e+01 -7.590231049823031206e+00 -9.018469646189514188e-01
1.493080802856097655e+01 -7.305860140003360037e+00 -7.812091019247051626e-01
1.486557498542532585e+01 -6.999930176482878075e+00 -5.067523768212494062e-01
1.498910114239527758e+01 -6.857102878400664459e+00 -1.008622160938327905e+00
1.493408028259158904e+01 -6.441463578344215790e+00 -1.006329863894116494e+00
1.487554074682503646e+01 -6.032512054914254129e+00 -9.706617218861839369e-01
1.482346548872315850e+01 -5.829540613134537530e+00 -7.780915779445773950e-01
1.473396275063191752e+01 -5.008130351796971524e+00 -9.744268197813015231e-01
1.437458215078303070e+01 -2.861256632070149575e+00 -8.522588488100438786e-01
1.404235380942283129e+01 -9.228214825734877280e-01 -6.930645498321583720e-01
1.276079357017283833e+01 3.854342749791333400e+00 5.233486074213414829e-01
1.260818389445444865e+01 4.141223724874416590e+00 8.068083291659382539e-01
1.263492927021779089e+01 4.079222820571102304e+00 7.979199473770078876e-01
1.216135216236889249e+01 4.893819228944749966e+00 1.489901386855776222e+00
1.194905107161923397e+01 5.177920793861725990e+00 1.839172956739687947e+00
1.030349125397627041e+01 7.178070310531174059e+00 4.526266590133250389e+00
1.022987986514402259e+01 7.250839280199671499e+00 4.667443434343631736e+00
9.641762404738484449e+00 7.739751855274344727e+00 5.500292257931815421e+00
9.620243466235946173e+00 7.744731870602894475e+00 5.566161413497235699e+00
9.427346669965540826e+00 7.882636460782663335e+00 5.712003082192588010e+00
9.456034767473846969e+00 7.862452785308381209e+00 5.697504303387948887e+00
9.518408170046845029e+00 7.824904959724194420e+00 5.615589068513047621e+00
9.178695478837296307e+00 8.010884749663693682e+00 5.705808149430605880e+00
9.270822897044160626e+00 7.963044510350997029e+00 5.710455781687745258e+00
9.348187922286301799e+00 7.928184403051148799e+00 5.686873775845418422e+00
9.029094442989435976e+00 8.079785468070083354e+00 5.657406297342078005e+00
9.071398784940360116e+00 8.063424197917022695e+00 5.647629650448514838e+00
7.019007818633330231e+00 8.781486247016308866e+00 4.356395917671949114e+00
7.071679073966702589e+00 8.771182371802577649e+00 4.368780052453301366e+00
6.782007227232292657e+00 8.836707682811367093e+00 4.208754795796890491e+00
6.817406024337531179e+00 8.832048589069007249e+00 4.208714680598616198e+00
-8.024225918461004525e+00 9.094539523601676834e+00 -2.399324393205847006e+00
-9.285172676540923931e+00 9.008005310182689129e+00 -3.078073547996903692e+00
-9.144087524212311635e+00 8.989833125364700805e+00 -2.822258928605498873e+00
-8.733101587155612577e+00 9.017850725987576865e+00 -2.588198208163662528e+00
-8.658630586931787221e+00 9.053748097699932273e+00 -2.740383808928871012e+00
-1.126037627062674140e+01 8.448805176989877097e+00 -5.177215912520630070e+00
-1.145427594685398986e+01 8.372110648633167784e+00 -5.207634694297318845e+00
-1.160295433314155567e+01 8.309863322397601948e+00 -5.202087335450325867e+00
-1.107130187967755752e+01 8.445257847313961008e+00 -4.490311910994789990e+00
-1.016622277622626669e+01 8.722665904861839792e+00 -3.672265595569605079e+00
-9.802366466398559908e+00 8.866771158546201903e+00 -3.616803468584905090e+00
-1.011005576790047122e+01 8.788500675971596010e+00 -4.029508628424762762e+00
-1.235690802321058257e+01 7.989858655025661172e+00 -5.397356659161491876e+00
-1.260187434684025831e+01 7.853793633223872028e+00 -5.339189621664622187e+00
-1.287464050287360884e+01 7.698559277389860789e+00 -5.255125358310772654e+00
-1.392403116674323726e+01 7.073713487593440874e+00 -4.788935177686846956e+00
-1.485755767651319381e+01 6.513166629887155779e+00 -4.349954562977713657e+00
-1.504237985644536657e+01 6.390912697776738760e+00 -4.204743275969518912e+00
-1.520215296042691300e+01 6.278962640880055623e+00 -4.046821201851170891e+00
-1.308179538675901021e+01 7.352250501435593222e+00 -4.010161641371616348e+00
-1.681423951048178012e+01 5.317361223061117137e+00 -3.377252696722181202e+00
-1.708167034514472604e+01 5.094607257789855126e+00 -3.237892497919336865e+00
-1.734773153232375620e+01 4.869177035719474134e+00 -3.068910090562668280e+00
-1.740420227000791087e+01 4.819554535454903643e+00 -3.018920822771023360e+00
-1.751133277236914054e+01 4.713638950527107241e+00 -2.830597159103818594e+00
-1.759042275113705145e+01 4.629053189595699003e+00 -2.640743387159603106e+00
-1.802414254412972028e+01 4.244010324336864315e+00 -2.299259896483400123e+00
-1.806284797972123002e+01 4.196170085024167662e+00 -2.262892603876982545e+00
-1.814712428055167237e+01 4.043199372521317336e+00 -1.989387182046874925e+00
-1.821581869222408301e+01 3.899529655275354223e+00 -1.690878530207028607e+00
-1.820020814935299924e+01 3.904956668527525654e+00 -1.650344987722756951e+00
-1.822773863685398155e+01 3.957931653219255885e+00 -2.024407750139817441e+00
-1.828696013099119000e+01 3.844411372847286845e+00 -1.802880163787208279e+00
-1.827602587409030122e+01 3.846726592861940297e+00 -1.730116924861321070e+00
-1.838273230149835058e+01 3.596018065136517006e+00 -1.346134246985434713e+00
-1.839805057649629916e+01 3.478583687561556559e+00 -1.115941777805705026e+00
-1.836003856076065333e+01 3.585622498041017181e+00 -1.201415803841745289e+00
-1.839458920795953389e+01 3.652397110938901292e+00 -1.630705732796474239e+00
-1.842730028678043297e+01 3.539959940920322179e+00 -1.514388850030566669e+00
-1.843331756652149167e+01 3.481672557828631387e+00 -1.362272018176684529e+00
-1.842198215763786351e+01 3.485323040871538325e+00 -1.279818093496392750e+00
-1.839366655839924292e+01 3.593702845121863554e+00 -1.418897485911321699e+00
-1.843066996343542741e+01 3.366759707002302981e+00 -9.900373626523825132e-01
-1.843068715566325722e+01 3.251090398151385674e+00 -8.744826686536755211e-01
-1.841353504302994182e+01 3.124435255716083937e+00 -6.395451445924279499e-01
-1.839339721349654511e+01 3.132286373092508569e+00 -5.202654678968768875e-01
-1.839497889845705103e+01 3.237863844206284814e+00 -6.358087004103629702e-01
-1.848107184469503039e+01 3.256505949918335308e+00 -1.245955135410776959e+00
-1.846975362803923204e+01 3.144487124110324494e+00 -1.047946516731778299e+00
-1.849582277617452775e+01 2.967980251706031414e+00 -1.191146313083677466e+00
-1.846884243996415975e+01 2.702176947944473717e+00 -1.251995338122274370e+00
-1.842675013548982221e+01 2.392126580487022647e+00 -1.242304652367869799e+00
-1.841108228519263790e+01 2.284537618716950824e+00 -1.230917666800748655e+00
-1.840283001583347655e+01 2.254554373378662824e+00 -1.198252433920733218e+00
-1.839513362850753708e+01 2.590249814018231955e+00 -8.040919571685475331e-01
-1.840225694157242486e+01 2.980135156782963701e+00 -4.683105553898208040e-01
-1.836558591960764986e+01 2.537675981309238438e+00 -6.389835318165960620e-01
-1.833044500591988779e+01 2.059021435507413234e+00 -8.957437237387381179e-01
-1.824503974879517187e+01 1.901374437034370146e+00 -5.141335733036108691e-01
-1.820145172049948457e+01 1.404478937503230496e+00 -7.893123719759931323e-01
-1.818311907488840617e+01 1.361120138911968036e+00 -7.861891172532549099e-01
-1.808758186482827668e+01 1.195702253459048015e+00 -5.594752088381164112e-01
-1.801793614988251591e+01 1.122010634230255377e+00 -2.312240028496248267e-01
-1.805672754661318535e+01 1.239347589180836984e+00 -1.489190774772070625e-01
-1.791033572662722406e+01 8.926376612438312597e-01 -2.207310131297461619e-01
-1.785763008683818498e+01 8.139545652012679655e-01 -1.555151622219259622e-01
-1.775525037010108775e+01 7.295464572907860434e-01 1.515151038797767080e-01
-1.766253268540534194e+01 6.617288492377857434e-01 4.522873990507816355e-01
-1.744741206929129973e+01 3.360392851962005212e-01 5.474521108412264692e-01
-1.744953244405719417e+01 3.009786019049839889e-01 3.169043356196440953e-01
-1.719490981912877814e+01 2.871675122136090746e-02 6.799927259375416755e-01
-1.652926114194539409e+01 -4.604021305872907366e-01 1.675760831200453049e+00
-1.672643307220325326e+01 -3.141593099092007124e-01 1.472984234669494352e+00
-1.673793467262258616e+01 -3.343315238982629278e-01 1.346850589811750876e+00
-1.649908305135834752e+01 -5.575382178357576324e-01 1.409132300502980328e+00
-1.589695965601267247e+01 -1.022186828697450478e+00 1.956498450205048645e+00
-1.550878780528848999e+01 -1.304758285337415336e+00 2.376957304796952108e+00
-1.551764753336436797e+01 -1.295594827903179258e+00 2.378166491487773815e+00
-1.401469724558441854e+01 -2.404155409226523155e+00 3.139329455760849097e+00
-1.416488854792116392e+01 -2.300451890946390243e+00 3.047643304734994896e+00
-1.420928461092493045e+01 -2.270640567886418104e+00 3.013843384818094773e+00
-1.140358179772124991e+01 -4.357232606093085714e+00 3.540441323299606591e+00
-8.701124043388860585e+00 -6.312006102772364180e+00 4.484867705514788305e+00
-8.818799112153463682e+00 -6.168949574985728823e+00 4.903997027821049848e+00
-6.165751820609053802e+00 -7.905553700482168544e+00 5.367596912785015384e+00
-6.508788342532710658e+00 -7.729975208380781559e+00 5.371688663008932885e+00
-6.649128498321955405e+00 -7.737786210558931899e+00 4.961527952888149962e+00
-6.241569545346353109e+00 -8.101843096378010145e+00 4.152776901977242474e+00
-5.752101088238459781e+00 -8.428323502899846886e+00 3.754186561187117466e+00
-5.246236976521841733e+00 -8.607443593934542392e+00 4.160794210889372735e+00
-4.100289030407406443e+00 -9.294158480954234136e+00 3.083517753476906709e+00
-2.623854888686373954e+00 -9.938225181466370017e+00 2.810740135958335717e+00
-2.276566155745704645e+00 -1.006463963271202999e+01 2.957063187032973328e+00
1.303680905726635642e+00 -1.148910166969817759e+01 8.526026933666758234e-01
1.348162929869561877e+00 -1.149231661630268242e+01 8.767864271831082856e-01
1.612275664561012567e+00 -1.155513128605669060e+01 7.264575870237109934e-01
1.215299673964274163e+01 -1.155136045741896211e+01 -2.334354964230279883e+00
1.203563686172171820e+01 -1.156189929307972797e+01 -2.297047829835735744e+00
1.226753709219938493e+01 -1.153508514840506116e+01 -2.343449652753189394e+00
1.237567047451745594e+01 -1.151939437513743236e+01 -2.352544341276098905e+00
1.238659900067573361e+01 -1.151617942853292398e+01 -2.343191769335715158e+00
1.253810264307029243e+01 -1.149247134635316492e+01 -2.393587919852707468e+00
1.268200159002067373e+01 -1.143576564822198094e+01 -2.417863345550908427e+00
1.276555008653957657e+01 -1.139595417930663501e+01 -2.374183625373456508e+00
1.267017333727254247e+01 -1.142794891530121859e+01 -2.311185571855911114e+00
1.293527175969300558e+01 -1.132866953031641444e+01 -2.416126930539918227e+00
1.305613312134906323e+01 -1.126869157815461797e+01 -2.424442238067795685e+00
1.318704047480137653e+01 -1.119616903041837297e+01 -2.394321454906855440e+00
1.322566567999634124e+01 -1.116969299955772854e+01 -2.359169079733870689e+00
1.318621524786545862e+01 -1.118556142584628432e+01 -2.337294835189481113e+00
1.401186625873481795e+01 -1.061842421413789062e+01 -2.367025927852905554e+00
1.401651962173456667e+01 -1.060633234722967266e+01 -2.299288550196452618e+00
1.370473283926612496e+01 -1.084733872771547070e+01 -2.313305946621806441e+00
1.432128624450511012e+01 -1.035522266752151310e+01 -2.213367526236791338e+00
1.437988308769776857e+01 -1.030885522905972351e+01 -2.262055915455845945e+00
1.444486397815855838e+01 -1.023789144331354350e+01 -2.238256141394318721e+00
1.449502516822851739e+01 -1.016639469850458255e+01 -2.153315074421057407e+00
1.445350593801523509e+01 -1.019256126926425843e+01 -2.092173781509323316e+00
1.463880950032669226e+01 -9.994546919842647981e+00 -2.089669446988522417e+00
1.467561232937150884e+01 -9.956609403760946719e+00 -2.150810739900256063e+00
1.475010052182316578e+01 -9.855530565596435366e+00 -2.126403507122013092e+00
1.478290329252583568e+01 -9.803661614228538213e+00 -2.070809573057271091e+00
1.479545361884289179e+01 -9.712038501371399235e+00 -1.854571462134179782e+00
1.480798675293211986e+01 -9.718009935171570746e+00 -1.935111318782554601e+00
1.484482396643260138e+01 -9.659951781784302582e+00 -1.972613298425856421e+00
1.488343771014234385e+01 -9.544511702637803907e+00 -1.868101745437638517e+00
1.491871616165276038e+01 -9.497330498725320425e+00 -1.958991323240628857e+00
1.496590309630785498e+01 -9.366297068935574899e+00 -1.899517676428558843e+00
1.498683176832150821e+01 -9.297172851567372831e+00 -1.834857707553960049e+00
1.497998926164453692e+01 -9.299396379700258564e+00 -1.785166438378062992e+00
1.500095804885646267e+01 -9.224363766700601985e+00 -1.744266128366716906e+00
1.502198414349449251e+01 -9.127852330396683200e+00 -1.780507344635702482e+00
1.503487831436818389e+01 -8.976784224440525151e+00 -1.710855898947332809e+00
1.501557717325592201e+01 -9.037277943437270977e+00 -1.649468184103346280e+00
1.506660370546007321e+01 -8.822799170495612131e+00 -1.769722087042687297e+00
1.508525727265734417e+01 -8.604950720898962402e+00 -1.693531864035703549e+00
1.505433418553093183e+01 -7.163032841921145533e+00 -1.283078886041783662e+00
1.477796339239555756e+01 -5.193485490791922565e+00 -1.200372808686628989e+00
1.478603800873379548e+01 -5.211101793576689012e+00 -1.166996963722908065e+00
1.319621539372083241e+01 2.802688442590542284e+00 -1.223800084478471883e-01
1.302271716118706735e+01 3.229668882273228014e+00 -1.797160882661899550e-02
1.295972483841213219e+01 3.358564745069247071e+00 -4.080288738696660755e-03
1.292694499067990499e+01 3.477231232305471043e+00 1.390793924149287542e-01
1.295562735744560179e+01 3.457918629707988245e+00 2.365249397643641727e-01
1.237916049676726793e+01 4.569333120851375440e+00 1.113294174719640761e+00
1.230845459443855994e+01 4.680051068086795496e+00 1.226482072020199432e+00
1.233493635604181549e+01 4.647695295307748609e+00 1.239622664826142362e+00
1.210085844337214667e+01 4.942736847868226313e+00 1.407292732125000390e+00
1.213487040076563694e+01 4.926175001723796854e+00 1.476760794049832848e+00
1.007869714433565811e+01 7.394703842694391405e+00 4.830104832600889075e+00
1.018546087916981335e+01 7.289974521486975334e+00 4.648950327939456173e+00
8.466278211209381510e+00 8.291530676786520004e+00 5.194918176444555336e+00
8.555947140836329012e+00 8.255593189875892079e+00 5.245354442159821495e+00
8.682527783617693729e+00 8.198984914369086496e+00 5.286151598804176288e+00
8.867189502756769315e+00 8.111585358815908364e+00 5.320748091943940494e+00
9.008721653009004626e+00 8.028489590963237887e+00 5.263962163416207929e+00
9.132075887700644046e+00 7.943336486513386419e+00 5.148665352834974840e+00
9.264559195370853928e+00 7.842664531074225565e+00 4.977138495759231063e+00
9.373913225864967558e+00 7.743001186334514507e+00 4.749891628281313949e+00
7.571766597131907695e+00 8.609919274742292572e+00 4.723862595344290760e+00
8.027584133630774943e+00 8.457384098677840356e+00 5.028187950933823203e+00
7.878636402440514885e+00 8.491338748645224754e+00 4.795399455351525120e+00
4.342584827980574325e+00 8.978853022522928384e+00 1.947822105892707656e+00
4.462162503291873250e+00 9.010624259555701343e+00 2.268010157028184981e+00
5.234918759866047822e+00 8.978600869848065713e+00 2.838568622075064773e+00
3.758203811757097945e+00 9.105307588966862653e+00 2.214347483223191304e+00
-9.592861978042838800e+00 8.929734827608085013e+00 -3.490778707836761807e+00
-1.114114817061468443e+01 8.480289876892124212e+00 -5.146797130743942184e+00
-1.178809170391730454e+01 8.252819510452397367e+00 -5.511656320528493858e+00
-1.185865433768074872e+01 8.228343508762828051e+00 -5.471747428988769535e+00
-1.174642920513876021e+01 8.277622164470766819e+00 -5.448308691711704732e+00
-1.201804348190739269e+01 8.155116079685488018e+00 -5.486137323683807132e+00
-1.214581611915174797e+01 8.095619509902975963e+00 -5.457151227559752016e+00
-1.212467540966150459e+01 8.111997972283868208e+00 -5.428165131435696011e+00
-1.669058154643178327e+01 5.400319453091136701e+00 -3.545341108231607752e+00
-1.665446640650023014e+01 5.429311279957802050e+00 -3.535174770840529668e+00
-1.688524341142623442e+01 5.262987937172418640e+00 -3.434244931983892801e+00
-1.699136530308800985e+01 5.169078258013679594e+00 -3.385631042418775216e+00
-1.709143553055307052e+01 5.081564087608290592e+00 -3.335647505369740973e+00
-1.721662933362268788e+01 4.981711628362433864e+00 -3.234734858740935692e+00
-1.793961409062441703e+01 4.322045846464438235e+00 -2.572238089993339027e+00
-1.794505256536180582e+01 4.328596085268273441e+00 -2.489113668427615611e+00
-1.804342649301414880e+01 4.188565389579996356e+00 -2.487405907129677907e+00
-1.811790322398058350e+01 4.075778644262174844e+00 -2.399450469543278786e+00
-1.816286089976018303e+01 4.041720840927800928e+00 -2.256686209629779505e+00
-1.813252807912265752e+01 4.113217585736760995e+00 -2.225149933044038519e+00
-1.824459848161415820e+01 3.853322677606659141e+00 -2.284119274506382080e+00
-1.829079399779763548e+01 3.800915036433371252e+00 -2.078609113750201409e+00
-1.832421568870223894e+01 3.773332972248895079e+00 -1.894004702037229704e+00
-1.825807145749151417e+01 3.886434908410295819e+00 -2.055944026725558871e+00
-1.841399923318139642e+01 3.202465047101047180e+00 -1.959272129628544912e+00
-1.839862365075735084e+01 3.443488619814676799e+00 -1.815310144509445500e+00
-1.834953410955555597e+01 3.522292061452060974e+00 -2.046465378447743788e+00
-1.843744943194368346e+01 3.125357905276378911e+00 -1.873173452647957093e+00
-1.846953585982003077e+01 3.081076457124821921e+00 -1.673743609801547239e+00
-1.848980549643347615e+01 3.141925482163419048e+00 -1.458920992303256448e+00
-1.847505456495397524e+01 3.314793333010026100e+00 -1.398071967264659321e+00
-1.847464195148601362e+01 2.789983386222999684e+00 -1.813476306874076238e+00
-1.846793125188908391e+01 2.585029107500040002e+00 -1.659502714414382574e+00
-1.842583894741474992e+01 2.274978740042588488e+00 -1.649812028659978003e+00
-1.842003943589289605e+01 2.387031950306262029e+00 -1.798461761234490197e+00
-1.840704784239482805e+01 2.298085094248241589e+00 -1.791527562675750085e+00
-1.839525397410235641e+01 2.127990922825129250e+00 -1.695881468506020617e+00
-1.835241094234604375e+01 1.791321255941770829e+00 -1.417441877288247110e+00
-1.831778579549322572e+01 1.699233952933180136e+00 -1.387917091358801702e+00
-1.829506913178509109e+01 1.612997738129939407e+00 -1.278798021311718713e+00
-1.828685697762420403e+01 1.562125935976273139e+00 -1.170922522411120381e+00
-1.819539432556015868e+01 1.344191525240465257e+00 -1.118400266385622066e+00
-1.822193912533212767e+01 1.438422125985393762e+00 -1.229399020008958621e+00
-1.819872388701687882e+01 1.417321531693426007e+00 -1.293864143634799513e+00
-1.797998144157298128e+01 9.663292804726240082e-01 -5.489822191182378575e-01
-1.805124895667752583e+01 1.105758248186795134e+00 -8.327284779933610270e-01
-1.800311071874907753e+01 1.048869166292073496e+00 -8.683507740604093916e-01
-1.768748433873158277e+01 5.399849532197071866e-01 -1.247353436607746002e-01
-1.778297570285083040e+01 7.169560157754537588e-01 -4.491641443280433577e-01
-1.747023761710903855e+01 4.841274049948808833e-01 -7.673349740646143724e-01
-1.695605819786454305e+01 -1.944899427161337901e-01 7.422744366287710172e-01
-1.690204021801769585e+01 -1.493889983712704261e-01 5.475724564360474889e-02
-1.661854611181743735e+01 -3.119071280632628174e-01 -3.822405321222855368e-01
-1.641732254653393142e+01 -4.575826052229103880e-01 -4.515481332540235426e-01
-1.603621097070591617e+01 -7.510424728228805025e-01 -4.434276709749038758e-01
-1.358133275863360190e+01 -2.700079496149020208e+00 7.559422577548824407e-02
-7.362032879071765734e+00 -7.411357380720589028e+00 1.128239951447900458e+00
-4.981373514548411485e+00 -8.617260356026378076e+00 1.091505891314409560e+00
-3.200625478723066575e+00 -9.651516128661603133e+00 1.747819188785245004e+00
-4.606153142124024491e+00 -9.115038389919538631e+00 2.676910103774651439e+00
-1.577593210282091318e+00 -1.029507279308140255e+01 8.098456227495187676e-01
-8.181895839904489431e-01 -1.062536987418185142e+01 9.419392399222126233e-01
-3.214946604506743483e-03 -1.098597112220677907e+01 1.135174150006640348e+00
-6.955975380660120444e-02 -1.098121460584004083e+01 1.325807302945888333e+00
-3.998052582235568919e-01 -1.087576321106369548e+01 1.588750966144791166e+00
-9.948225327321743583e-01 -1.066785759989631366e+01 1.912325886163091182e+00
-1.436863363995329879e+00 -1.050966618087527138e+01 2.121343261396915647e+00
1.235000247836489429e+01 -1.152090156044400082e+01 -2.402774300257386031e+00
1.223546212580825454e+01 -1.153717686945790355e+01 -2.393679611734476520e+00
1.256561593834343959e+01 -1.147158852028040066e+01 -2.516649886671207703e+00
1.253428023774906919e+01 -1.148555434002225795e+01 -2.459795189232149237e+00
1.249844590420543078e+01 -1.149507883424095667e+01 -2.435519763533948723e+00
1.245575187175698773e+01 -1.149658601954752513e+01 -2.468723686219354008e+00
1.292891063539531693e+01 -1.132516804658138199e+01 -2.554982823993036778e+00
1.278409476962724689e+01 -1.138614314795741045e+01 -2.546667516465158876e+00
1.267153152327123955e+01 -1.142888302634673536e+01 -2.579246788206016383e+00
1.324939668514654301e+01 -1.111772089482284187e+01 -2.799914763167046683e+00
1.311345200893957319e+01 -1.121826104318196293e+01 -2.638176014470086095e+00
1.295222329633494951e+01 -1.128361443191243474e+01 -2.725036880217874380e+00
1.288881836009205628e+01 -1.129782667358654713e+01 -2.818619907047813289e+00
1.344959444750276134e+01 -1.099355862542311790e+01 -2.852425557707324089e+00
1.354968186719565182e+01 -1.090904736414564802e+01 -2.913670003986047252e+00
1.364962601832327849e+01 -1.083577981987003547e+01 -2.886529206982582085e+00
1.382674034944428954e+01 -1.073173245703327083e+01 -2.633425228845957644e+00
1.366145427107141153e+01 -1.088590662548433130e+01 -2.416195699451244572e+00
1.417715233710769596e+01 -1.046425004568682837e+01 -2.584255457247618626e+00
1.417435573471375676e+01 -1.041248997842853008e+01 -2.801484986642331254e+00
1.433182508016587242e+01 -1.026382878436879409e+01 -2.766395649638062171e+00
1.442957435687366541e+01 -1.019770174538590268e+01 -2.640485503742129314e+00
1.445230821280963518e+01 -1.022550157778957747e+01 -2.439296322914287440e+00
1.453330079812424280e+01 -1.011441686302708476e+01 -2.532879349744225905e+00
1.458856234911757177e+01 -1.006441040300760825e+01 -2.398711203746520138e+00
1.457255065426375573e+01 -1.010453133202392273e+01 -2.281328402855054449e+00
1.476612367816220406e+01 -9.817845202189598552e+00 -2.267729350640268926e+00
1.470764718056436671e+01 -9.878803111337795428e+00 -2.409519384309978030e+00
1.468882742183139101e+01 -9.871192685151012114e+00 -2.526902185201444162e+00
1.475159051490190443e+01 -9.773729945573744970e+00 -2.459141884574549408e+00
1.479892644886487396e+01 -9.765976250821699622e+00 -2.212135416575527369e+00
1.485328827326835111e+01 -9.638180690606901635e+00 -2.200181087489963883e+00
1.490165001015860646e+01 -9.551296901888672863e+00 -2.096357223615009424e+00
1.488010241794301614e+01 -9.612770577871815547e+00 -2.063502876228846539e+00
1.499460838604399626e+01 -9.252037522766846322e+00 -1.984922933553272761e+00
1.496896904360449021e+01 -9.321597276573447388e+00 -2.077250927751505660e+00
1.497218972095160616e+01 -9.268421715890347912e+00 -2.110105275137668990e+00
1.501553705805764771e+01 -9.182913305398646031e+00 -1.920262964678673967e+00
1.503543419640140399e+01 -9.029501325714782922e+00 -1.922549530980274923e+00
1.505942308496907955e+01 -8.914743204938940124e+00 -1.855110151939569407e+00
1.505370953458638184e+01 -8.973867276451768404e+00 -1.839373532731056970e+00
1.509097082304004189e+01 -8.607208633487511307e+00 -1.770656198088203181e+00
1.496122107959505598e+01 -7.488911520468877647e+00 -1.656282037067265289e+00
1.485405619277815958e+01 -6.250394888966567919e+00 -1.441425035113311104e+00
1.493269917362245103e+01 -6.525292881251034238e+00 -1.356678813388807914e+00
1.499931332572724152e+01 -6.951860707465762346e+00 -1.358971110433019547e+00
1.505926835491859350e+01 -7.447403751740816702e+00 -1.403716748736030251e+00
1.469932041155126790e+01 -4.918587498507456246e+00 -1.285119030411132179e+00
1.422990382283761512e+01 -2.756521580120121495e+00 -1.369865252135635370e+00
1.389709094573114179e+01 -5.223801119201622045e-01 -1.129575214476153722e+00
1.356486260437094238e+01 1.416055037576499087e+00 -9.703809154982678820e-01
1.335589680582061156e+01 1.551054141252731222e+00 -1.302586333888024583e+00
1.322229027259874101e+01 2.194983303942213748e+00 -8.416741672083967174e-01
1.322808405337798554e+01 2.641448268500698138e+00 -2.888466197984940753e-01
1.340158228591175060e+01 2.214467828818012407e+00 -3.932550194197222959e-01
1.277455308318071836e+01 1.923271604549201541e+00 -2.051164587388377480e+00
1.231828854875822721e+01 2.406441975528123667e+00 -2.282216667959686696e+00
1.226352557237201246e+01 2.868437252561142348e+00 -1.842450941512911111e+00
1.268648876148471949e+01 2.949217800399159373e+00 -1.016490470542584568e+00
1.297167916749769567e+01 2.844150365377719591e+00 -6.441870461069564291e-01
1.229220793913771104e+01 3.847437204945646005e+00 -4.773422057440145916e-01
1.230864370894470916e+01 4.238749502620398957e+00 3.127839316826737659e-01
1.244538495837454128e+01 4.324687718807892267e+00 7.442859272850668173e-01
1.255010281809673955e+01 4.197407925428041864e+00 7.005660919093408268e-01
1.273211120340713975e+01 3.873655352388815754e+00 4.259030600719060367e-01
1.186924475002500579e+01 3.766656657107628980e+00 -1.303302676714340746e+00
1.017407389360269221e+01 3.547455752254894179e+00 -3.644471493908539195e+00
8.123591264584968386e+00 3.819602988086306716e+00 -5.545874584655962281e+00
7.782107773908765402e+00 4.445715271999654661e+00 -4.856729862769405770e+00
1.186860290685262775e+01 5.264237239061515083e+00 1.826032363933745017e+00
1.187604714150370455e+01 4.969046687193164225e+00 1.135454956394556625e+00
9.822957024598190756e+00 4.984645768579024860e+00 -1.306695276339773892e+00
7.480922865269802102e+00 6.478466983380402056e+00 -5.945530843571644741e-01
7.521605407061946913e+00 7.838492550453759478e+00 2.677637908086188734e+00
8.106702766111739678e+00 7.830406472630302872e+00 3.364983176793039377e+00
8.385182472527786146e+00 7.777185066006319758e+00 3.575129508321138516e+00
8.531499792859811748e+00 7.743448184258135747e+00 3.671852982101647456e+00
8.882639584834755908e+00 7.616139737165233292e+00 3.794147029410336547e+00
9.900780509249173633e+00 7.138625609142903450e+00 3.891919229088571797e+00
1.068517590406533380e+01 6.710716789157311624e+00 3.824995616882814087e+00
1.080320627887178908e+01 6.598812578201511236e+00 3.702311879076609191e+00
5.472102735030622611e+00 4.246675119650761054e+00 -7.776365569813013856e+00
5.246741281871568852e+00 4.185402019658984507e+00 -8.004850277694805172e+00
2.696549358700934373e+00 4.688652912745200574e+00 -8.013492237551483655e+00
-2.790871651327632430e-02 5.248225544207696380e+00 -7.975497414043676514e+00
-7.544408031909241030e-01 5.479655853791300935e+00 -7.788331360383797808e+00
-2.091921628834460201e+00 5.937175420845495211e+00 -7.375987237328404333e+00
9.930288102950785012e-01 6.917310060266883553e+00 -3.943891333823458911e+00
5.074658542762603197e+00 7.586804065741934444e+00 -7.538104215037658706e-01
-8.145121664572725351e+00 7.131599718702394952e+00 -7.299877244717967173e+00
-9.116579959681772038e+00 7.477323958910389479e+00 -6.836689973221959704e+00
-9.856814251941193206e+00 7.764199203250860215e+00 -6.427153914045725003e+00
-9.959297122045285278e+00 7.871312513384258303e+00 -6.207746702459010280e+00
-9.796801915323735344e+00 7.976849869299762474e+00 -5.890830905354146552e+00
-9.467318599673980373e+00 8.082255418135222413e+00 -5.510361172698513776e+00
-8.950124809816346172e+00 8.223489569771709640e+00 -4.971631252110512378e+00
-8.418243126647926289e+00 8.329777652969191593e+00 -4.511653196476400396e+00
-7.783838458177143593e+00 8.370569078870936153e+00 -4.170593780753375945e+00
-6.111980262694460819e+00 8.410775969026408561e+00 -3.434256393469113711e+00
-2.759856872319449206e+00 8.423045488955549942e+00 -2.122867638931316581e+00
-2.832591457532283585e-01 8.382087871518100641e+00 -1.274763578513906204e+00
2.609550955130492400e-01 8.309359017047874829e+00 -1.242258806426985718e+00
-1.141864792004432871e+01 8.294218395070858563e+00 -5.614167844345636205e+00
-1.149672928811278894e+01 8.315221566738447478e+00 -5.533599333984208002e+00
-1.142287147734829134e+01 8.343267821074377366e+00 -5.494131709625495574e+00
-1.130364337733623437e+01 8.374752520976622705e+00 -5.463712927848806800e+00
-1.172415953935424326e+01 8.216096911804127600e+00 -5.654603964205528577e+00
-1.172507072742931733e+01 8.229942385951165562e+00 -5.624408681390651310e+00
-1.167221035758979752e+01 8.266286755587140433e+00 -5.568786093612856369e+00
-1.153421980627086896e+01 8.274854215789881451e+00 -5.609445712434560249e+00
-1.200796310565547032e+01 8.138112966360047551e+00 -5.551313059393353733e+00
-1.195086198628415985e+01 8.167419984070292571e+00 -5.550808754043627502e+00
-1.184095207375682435e+01 8.216475140816420719e+00 -5.567278908306287910e+00
-1.237804873270082595e+01 7.973480192644770703e+00 -5.426342755285547881e+00
-1.230737721482778291e+01 8.003669744717036849e+00 -5.455833156759330116e+00
-1.232682162450530683e+01 7.990385883345830109e+00 -5.456337462109057235e+00
-1.673557360666704952e+01 5.356805924449389522e+00 -3.547684981959315031e+00
-1.654091174167260192e+01 5.494137440368106695e+00 -3.658781158207029982e+00
-1.631997442180887248e+01 5.645383199345189063e+00 -3.793826107824146643e+00
-1.741898185520046738e+01 4.788006797383942192e+00 -3.139363840216511381e+00
-1.758312751579385136e+01 4.642222436114694872e+00 -3.023791953989972914e+00
-1.764683618139510202e+01 4.610497045022806439e+00 -2.950180565157727752e+00
-1.774686629366188129e+01 4.482443601390534660e+00 -2.891675413846837017e+00
-1.785086207981515116e+01 4.351415902343399367e+00 -2.803433439129911164e+00
-1.791111510762225123e+01 4.296366388826657889e+00 -2.727117139785496303e+00
-1.790776262319509726e+01 4.328246509969030598e+00 -2.696566550928766404e+00
-1.780395022080535838e+01 4.461726966853472476e+00 -2.781398733792427524e+00
-1.821204213284374518e+01 3.763573517583164385e+00 -2.397026365419025140e+00
-1.814713574203689106e+01 3.858325615905650707e+00 -2.496219789264671807e+00
-1.807601149549761743e+01 3.939232240081099512e+00 -2.614725815707801271e+00
-1.808982831593160512e+01 3.798439355625622404e+00 -2.645276404564531614e+00
-1.834708708246086317e+01 3.139128879769480740e+00 -2.312893333153847930e+00
-1.831368831452669710e+01 3.375619435078181407e+00 -2.303110955517675862e+00
-1.826375062341854871e+01 3.636224955291988081e+00 -2.324016704560885493e+00
-1.823119427464813569e+01 3.546475795268493325e+00 -2.436923795473528109e+00
-1.844186210375379176e+01 2.697082317763713988e+00 -1.962126039448588433e+00
-1.843675601208780890e+01 2.797662581321108011e+00 -2.012906149720485871e+00
-1.841330581332552185e+01 2.874769723145777167e+00 -2.099004826701074133e+00
-1.839761504005789661e+01 2.907595416818887113e+00 -2.149429630931118940e+00
-1.838778108573822578e+01 2.855434197577851219e+00 -2.153229113281899476e+00
-1.839474966875263107e+01 2.499944771961515766e+00 -1.989851372198327750e+00
-1.838116780876567447e+01 2.670136366009006057e+00 -2.092007589973618131e+00
-1.835195248293719672e+01 2.745558669506178884e+00 -2.187229609190167956e+00
-1.833820443141454248e+01 2.659414146584706540e+00 -2.179928643104354080e+00
-1.832920716551601004e+01 1.766272179991148494e+00 -1.458198918734330052e+00
-1.836360308266440811e+01 1.858605904931992070e+00 -1.488176433330006931e+00
-1.836167755314726691e+01 1.908153905542625983e+00 -1.552567057301911024e+00
-1.834937937950507347e+01 1.926956472047771429e+00 -1.604407354956756571e+00
-1.824571024568060196e+01 1.529546664235415854e+00 -1.345950863221897720e+00
-1.824943522837744680e+01 1.569094518990676423e+00 -1.385263757530126760e+00
-1.819621955249607481e+01 1.459837911120940745e+00 -1.350988185976552680e+00
-1.769037263300728924e+01 8.160405555115005649e-01 -1.186521603796980573e+00
-1.771990888042195778e+01 8.620698801592695526e-01 -1.218487686078511212e+00
-1.771367956320431247e+01 8.650384048315236107e-01 -1.236298834112035339e+00
-1.720899598446546008e+01 3.657188011761303148e-01 -1.246677208979703577e+00
-1.031804734020701275e+01 -4.801296389497758277e+00 -7.807219888028101851e-01
-7.808979226009534536e+00 -6.752488172045456594e+00 -3.050302369306280292e-01
-8.364053224522765007e+00 -6.677489943501464076e+00 2.073955750750451910e-01
-6.473613044389283644e+00 -7.184374127402755938e+00 -1.005647905523463725e+00
-4.619809501764914117e+00 -8.325909401707082935e+00 -5.388388046976013701e-01
-3.358341246107435563e+00 -9.260817020446175718e+00 1.535323252786829074e-01
1.567793640418086554e+00 -1.155191633945218577e+01 7.022738532072784201e-01
1.464949733529532949e+00 -1.150776669838066724e+01 6.512587824883490084e-01
1.903993386407381916e+00 -1.153028851684004685e+01 5.116922769515254155e-01
2.380195174371900979e+00 -1.160196864541254413e+01 4.620640459443441372e-01
3.062210852450959919e+00 -1.162896044310813615e+01 2.500896075234863569e-01
1.280621543610389068e+01 -1.133722552903393499e+01 -2.769169329061558660e+00
1.272979598339248852e+01 -1.137803987790612048e+01 -2.699850266444599800e+00
1.262388039846468857e+01 -1.142074537183978400e+01 -2.637253364909791120e+00
1.300018388124246727e+01 -1.117545812662392102e+01 -3.035534245598946690e+00
1.293568437316096187e+01 -1.123709226340016087e+01 -2.930438156864455301e+00
1.285308144917279805e+01 -1.127649111884754873e+01 -2.880987578878200228e+00
1.343767450287286280e+01 -1.085751079584916212e+01 -3.276844355443103041e+00
1.345809886953678713e+01 -1.090402723361882487e+01 -3.141948405133860422e+00
1.325790110718056702e+01 -1.102818950301854883e+01 -3.089437610593583017e+00
1.312305100281220760e+01 -1.108130775627554065e+01 -3.126377977461052726e+00
1.367795880978973422e+01 -1.062567360354020884e+01 -3.405894948289605484e+00
1.361408395265277704e+01 -1.074860949402127908e+01 -3.266907247756445365e+00
1.349357216629596223e+01 -1.078660431752908444e+01 -3.340558751786964375e+00
1.396637562389243747e+01 -1.054261222014320154e+01 -3.073637953216354468e+00
1.393030632990176798e+01 -1.049294387393774741e+01 -3.239766450752980198e+00
1.395555025110114933e+01 -1.039986515245753473e+01 -3.371218224753294468e+00
1.401716719564955760e+01 -1.035875280496959938e+01 -3.331481255491886007e+00
1.434345848766524689e+01 -1.017848656541279873e+01 -2.993258557361074601e+00
1.421153679277087001e+01 -1.023636706577914346e+01 -3.154739422640560509e+00
1.414169623257635244e+01 -1.023166785683850932e+01 -3.281130950915778666e+00
1.460144505850604268e+01 -9.997372175949639228e+00 -2.626462376574164370e+00
1.453010304374756601e+01 -1.004827263181635821e+01 -2.734068530572068223e+00
1.447764955663339492e+01 -1.005474264022364395e+01 -2.850563066358901665e+00
1.452614883134630119e+01 -9.977268730871903912e+00 -2.829181665679017854e+00
1.473755019550610612e+01 -9.747299760653984180e+00 -2.503148257080801020e+00
1.465194436239002407e+01 -9.818189046746228499e+00 -2.657133311025715816e+00
1.461186354857198388e+01 -9.818383891994987067e+00 -2.743358064343735414e+00
1.490418872913507009e+01 -9.473817261794319933e+00 -2.219413459690898982e+00
1.485411350020426546e+01 -9.565107991580045876e+00 -2.305397521819276374e+00
1.484007318080846893e+01 -9.538677806660285086e+00 -2.349403894325528874e+00
1.437169958724993357e+01 -4.247053348663054173e+00 -1.618098099053310479e+00
1.447746044212724570e+01 -5.480108582457530630e+00 -1.799911639114953665e+00
1.444114472620432466e+01 -5.644867432510240590e+00 -1.889953067011586052e+00
1.435910341499199205e+01 -5.823832793494450932e+00 -2.043267624071068767e+00
1.421649961587158728e+01 -6.032649592736906818e+00 -2.283236740144360954e+00
1.390792778000765217e+01 -6.127837227497794359e+00 -2.710045257548730824e+00
1.359572838407125239e+01 -6.104415682448562031e+00 -3.110841934243908646e+00
1.337125519601683088e+01 -5.915134984765399118e+00 -3.354318264794844406e+00
1.313197949979941370e+01 -5.621233849984418107e+00 -3.589960670197187120e+00
1.235489080181167765e+01 -4.491263214268138348e+00 -4.309759134307462602e+00
1.239395154344504490e+01 -9.208271841450237361e-01 -3.333303631642034581e+00
1.313858704602935390e+01 1.636270283871297693e+00 -1.700007603185601734e+00
9.734331090126357111e+00 -4.487824768701822009e+00 -7.476046003308240984e+00
9.320611588844435857e+00 -3.860039107946199088e+00 -7.755729165672499370e+00
8.962881442867384862e+00 -3.249090368980310561e+00 -7.976769638903213888e+00
8.382311370479909485e+00 -1.507139460628247551e+00 -8.106427690466432523e+00
8.118496634404205992e+00 -1.056748937381550985e-01 -7.979170820057024827e+00
8.214245881940927418e+00 -4.051061951382967791e-02 -7.850200457607069637e+00
9.998122903231619674e+00 -2.502099531183074044e-01 -5.881999830991320621e+00
1.202991758059640937e+01 -6.338258634671198877e-01 -3.684460615844810771e+00
8.719645803506091752e+00 2.734492605525247200e+00 -6.409348496754811109e+00
1.029517594644839207e+01 2.834047066155357175e+00 -4.442861362179610474e+00
5.868652931451398658e+00 2.788613738739083026e+00 -9.369311439548711817e+00
5.751218553876438655e+00 2.835525597748874027e+00 -9.425742062034592195e+00
6.273443935746115585e+00 2.845932626329594317e+00 -8.999529541861717163e+00
6.935768782215396833e+00 2.944191939129725100e+00 -8.377549123370560125e+00
6.401772455023692743e+00 2.943676172294777516e+00 -8.805475135583984425e+00
5.787396731976707898e+00 2.969756781915295019e+00 -9.265865804686054474e+00
5.672799071993958719e+00 3.274425982061460072e+00 -8.992698496669966346e+00
5.813586225706825594e+00 3.620562835737412666e+00 -8.465510291699571255e+00
4.991751889416080168e+00 3.248167719420015587e+00 -9.551795476495787085e+00
4.831399980430867380e+00 3.263119226890886182e+00 -9.583704251351214509e+00
4.305552769231335120e+00 3.434222009013451427e+00 -9.549302603460207095e+00
4.381330378770361023e+00 3.704134255226757766e+00 -9.218690331516178560e+00
3.113180077229004805e+00 3.779648250605697868e+00 -9.452424399629213880e+00
1.088709288920471030e+00 4.409628785781153582e+00 -9.156213775576189207e+00
-1.121457617568339238e+01 8.144382398775967147e+00 -5.890578752679282992e+00
-1.130207888460356003e+01 8.204623965097846749e+00 -5.789385299662560769e+00
-1.118650699837702156e+01 8.223988144378825638e+00 -5.794107431573636724e+00
-1.176515154124735929e+01 8.181202420048615309e+00 -5.684065711966258760e+00
-1.170164918238008411e+01 8.196010658954222095e+00 -5.686581507972280569e+00
-1.147706711021606374e+01 8.158182026982119694e+00 -5.798239296995828518e+00
-1.131775819638596836e+01 8.112043818224751845e+00 -5.899432750012549853e+00
-1.133385012163633299e+01 8.110032327568454491e+00 -5.896808069896927407e+00
-1.202740751533299601e+01 8.124829104988840811e+00 -5.551817364743079963e+00
-1.191707925859509132e+01 8.159998672389658481e+00 -5.597978496470891407e+00
-1.191363508228616297e+01 8.151121752085948913e+00 -5.611359780466477432e+00
-1.329473258993843743e+01 7.452137345137113122e+00 -5.180969548930526969e+00
-1.317627240943619071e+01 7.506665361076297671e+00 -5.232127888214718858e+00
-1.685234894884179724e+01 5.251509259723529333e+00 -3.495426340093900741e+00
-1.660203011161388886e+01 5.436319978170479850e+00 -3.647313942243361584e+00
-1.777103283525048383e+01 4.176548022325716758e+00 -2.968232404380894085e+00
-1.773569134557135030e+01 4.340149262371100214e+00 -2.958558910854320878e+00
-1.761217091934400969e+01 4.465343065440715797e+00 -3.061053242443632971e+00
-1.759206174352366148e+01 4.343771091700953768e+00 -3.121071309803702842e+00
-1.798474368868233242e+01 4.062105092393452743e+00 -2.728784785885160602e+00
-1.791608939220819607e+01 4.029531551395205469e+00 -2.826700254128659218e+00
-1.835856575990975159e+01 2.930856501075024489e+00 -2.248451132498449745e+00
-1.832881174427588533e+01 3.044542972982699158e+00 -2.316692815504629355e+00
-1.828737274445914807e+01 3.046972807849563480e+00 -2.371335446296023441e+00
-1.831968840203991888e+01 2.710245833540099181e+00 -2.235419423802106564e+00
-1.829777404229725590e+01 2.850981410569470409e+00 -2.303345915964706947e+00
-1.825046103130473441e+01 2.873021846649565170e+00 -2.363971442041493454e+00
-1.838295580046016298e+01 2.146793489330275140e+00 -1.747721766160866164e+00
-1.837313903836832552e+01 2.301598039468495394e+00 -1.883351251524256753e+00
-1.769153597375722597e+01 9.605183074655474496e-01 -1.361366560844220697e+00
-1.776684939314479905e+01 1.180911206781272371e+00 -1.477459944648317647e+00
-1.778600726569179713e+01 1.437803205783456661e+00 -1.667691945604828696e+00
-1.777309590259027416e+01 1.667852406397923426e+00 -1.862113119409635864e+00
-1.775457987321565412e+01 1.718684093353315623e+00 -1.917603900107388348e+00
-1.670077653753591562e+01 6.743250214957284827e-01 -1.925157018868065562e+00
-1.601637113978826576e+01 -3.738736479109130983e-01 -1.634052486481023081e+00
-8.982681158586760972e+00 -5.233182344855056733e+00 -1.481339657395645881e+00
-1.220880844192668491e+01 -3.048256494194321320e+00 -1.516423263657304510e+00
-1.209591854324187210e+01 -2.851313793640881222e+00 -1.842611402306005619e+00
-1.037176732143811186e+01 -3.285331585249295916e+00 -2.702503600273274298e+00
-6.947213075208623856e+00 -5.650185561652811828e+00 -2.610725757365651933e+00
2.586009064486440412e+00 -1.155728031453563887e+01 2.997178385306676907e-01
1.331990774222649110e+00 -1.117415724805133337e+01 2.460494339830633925e-01
-6.888811077264721527e-01 -9.908952548211788169e+00 -5.784153131659148794e-01
-1.980464415802281275e+00 -8.947345399650238562e+00 -1.279634709732855979e+00
-8.319605584835501055e-01 -9.042808110056430593e+00 -1.521466317154569925e+00
3.866090772142917409e+00 -1.010493248400665856e+01 -1.745567006939306998e+00
6.284882497996732376e+00 -1.137228621232515025e+01 -1.040124053068405940e+00
7.502625187535874041e+00 -1.138484800012743037e+01 -1.372169010665067912e+00
9.882241556904112656e+00 -1.119324062094439221e+01 -2.238737523773603133e+00
1.113299905462251260e+01 -1.133146613271035186e+01 -2.382831315972744335e+00
1.106721012945364002e+01 -1.139774217100111997e+01 -2.279408604080527478e+00
1.091442853145693626e+01 -1.150118207512117152e+01 -2.104993452729076786e+00
1.078712581510664492e+01 -1.156154971778048335e+01 -1.993318471477697695e+00
1.066547934171294543e+01 -1.158795697972980143e+01 -1.927369085515729941e+00
1.048268011392228871e+01 -1.161267940335162230e+01 -1.847763339912871450e+00
1.024516375568630444e+01 -1.162777991013036782e+01 -1.766512871180790922e+00
9.494574011529657298e+00 -1.165479463079640077e+01 -1.536733015469019303e+00
1.318504044563030142e+01 -1.095839478876491491e+01 -3.285073701831822124e+00
1.310623700399291813e+01 -1.105443057343215862e+01 -3.180350111367014510e+00
1.298336988242317425e+01 -1.114858094378054076e+01 -3.089506379504908917e+00
1.350898786391828565e+01 -1.057091635789660522e+01 -3.646568945703993148e+00
1.346060320405758937e+01 -1.068202972637215176e+01 -3.534756426629961368e+00
1.340470554063448994e+01 -1.075293620469222589e+01 -3.471042030286099589e+00
1.336908324456744168e+01 -1.075653511105163851e+01 -3.477810037309134295e+00
1.370320273098911557e+01 -1.053259488205999617e+01 -3.537346722289920198e+00
1.360698356255833197e+01 -1.055078998984842720e+01 -3.592556696599757071e+00
1.363478339496200675e+01 -1.047048509364708302e+01 -3.666483276275581016e+00
1.372185056744377540e+01 -1.044022104192088030e+01 -3.633050123885755323e+00
1.371154669223004419e+01 -1.037199082039992071e+01 -3.699985197576733498e+00
1.364875494544647871e+01 -1.032895867413746060e+01 -3.784668381132521020e+00
1.368550046706519119e+01 -1.025155926443965448e+01 -3.817201806932494002e+00
1.394732663545503826e+01 -1.035405359602896525e+01 -3.457872783767103719e+00
1.387655769495761682e+01 -1.038309699957912713e+01 -3.519386574948522028e+00
1.386625381974388382e+01 -1.031486677805816932e+01 -3.586321648639501092e+00
1.391951534156614123e+01 -1.025065953784980088e+01 -3.573920321630316366e+00
1.385187538653406669e+01 -1.013180966685004059e+01 -3.692873345997067513e+00
1.377018938136358628e+01 -1.011861749736060112e+01 -3.789957856562039318e+00
1.369850352204848143e+01 -1.002556742959344227e+01 -3.900022499139859544e+00
1.366821654735183422e+01 -9.903571380900499932e+00 -3.971759935138461817e+00
1.448606801752826279e+01 -9.977463576120662481e+00 -2.915406418997037452e+00
1.432441522997045880e+01 -1.008473734704715419e+01 -3.098268684956408059e+00
1.417300327945767080e+01 -1.013261197081551401e+01 -3.283188287512958325e+00
1.410536332442559804e+01 -1.001376209981575194e+01 -3.402141311879708585e+00
6.263942364497858684e+00 1.195249524792816098e+00 -9.411787703777953595e+00
6.654693049396779969e+00 1.397556200429711515e+00 -9.070355789785244482e+00
5.242798530955525393e+00 2.360739303209155260e+00 -9.912465493432042862e+00
5.172654241402649511e+00 2.525056886080853769e+00 -9.913743449034191357e+00
5.222156396072399787e+00 2.669225177933931992e+00 -9.846682299005779626e+00
5.438400237738100884e+00 2.632720347504862168e+00 -9.723190526491487518e+00
5.475489603913445080e+00 2.376172193059309823e+00 -9.765666790720731072e+00
5.214162010130711344e+00 2.889767076557531400e+00 -9.791758861826471261e+00
5.086016874616672290e+00 2.898311613789830155e+00 -9.865192597637790328e+00
5.070354755062096430e+00 2.915555418304911495e+00 -9.864218371393999263e+00
5.106349549398829346e+00 2.943498519273850977e+00 -9.824962784511875213e+00
4.948244091516943222e+00 2.912162818679478349e+00 -9.939726636030329132e+00
4.941607891573951861e+00 2.910896324562551207e+00 -9.942064779015423071e+00
4.821623333537305101e+00 2.955321041279372452e+00 -9.932643438163715643e+00
-1.041751583969796258e+01 7.870550324617058280e+00 -6.297610477334716350e+00
-1.035876999719743097e+01 7.876871333716472634e+00 -6.304836943766592761e+00
-1.015024546582811205e+01 7.729654286794591656e+00 -6.452334797076389350e+00
-9.440275225294893602e+00 7.509588039807667315e+00 -6.768024215262600229e+00
-8.410071087685311753e+00 7.170184808699086254e+00 -7.238437953190485885e+00
-1.297020636664678861e+01 7.639148668746507553e+00 -5.281022584167752498e+00
-1.267450577868610218e+01 7.792079266051084474e+00 -5.368680023138404422e+00
-1.237164749320486479e+01 7.917645567390386496e+00 -5.477541209768014063e+00
-1.222316395216605756e+01 7.947726235353052004e+00 -5.550247141267796280e+00
-1.615225850856913326e+01 4.944828568921067813e+00 -4.083331763022851391e+00
-1.623186998491459931e+01 5.240208235295566119e+00 -3.959324223673613918e+00
-1.614447616010403408e+01 5.311939940551557271e+00 -3.994740213006683138e+00
-1.516885161511713243e+01 5.910550390676976740e+00 -4.441543291379188574e+00
-1.420326733118387530e+01 6.471567169277324894e+00 -4.891744700119737388e+00
-1.440896660644620297e+01 5.836686849169868907e+00 -4.926914267520554169e+00
-1.744013975691854057e+01 4.618531546162767398e+00 -3.183353020494932295e+00
-1.733843626780948100e+01 4.721243645971279435e+00 -3.240276486845317550e+00
-1.709645566107989367e+01 4.896638754309130093e+00 -3.389888984178398346e+00
-1.676652534750651569e+01 4.786069806381582303e+00 -3.665784125677096661e+00
-1.824005973346662657e+01 3.069013243929658241e+00 -2.431960972372809948e+00
-1.821554361657878118e+01 3.213324804347999386e+00 -2.480443054857885521e+00
-1.815410432505129634e+01 3.366364285762176500e+00 -2.559051651246512016e+00
-1.802559815275279576e+01 3.546578948635483286e+00 -2.694709790322955101e+00
-1.788054159579508351e+01 3.693595419565994575e+00 -2.836241940575189968e+00
-1.796519612563781720e+01 3.312214498835288179e+00 -2.692870221944974940e+00
-1.692140439729867296e+01 3.330335106969781300e+00 -3.344902654685745436e+00
-1.678129920195645752e+01 3.753745294006106903e+00 -3.538618947149458016e+00
-1.629713168176330740e+01 3.919908175998395805e+00 -3.878165446823302442e+00
-1.568286484282591964e+01 4.078666938537880426e+00 -4.295713084169056728e+00
-1.484641711287832599e+01 1.437900628407836612e-01 -2.812012360817873091e+00
-1.585821410522288843e+01 1.253909406154191108e+00 -2.872385734219796483e+00
-1.577353665240971203e+01 1.333950688195449930e+00 -2.973527610553022615e+00
-1.472974492407056601e+01 1.352071296329942607e+00 -3.625560043293793555e+00
-1.240586575733233232e+01 7.522000828302072284e-01 -4.684125626082881411e+00
-5.798709217889891576e+00 -5.745648272059002970e+00 -2.852557364787366101e+00
-7.862905513974611793e+00 -2.852425557707324089e+00 -4.104042666817303342e+00
-6.867859482280627148e+00 -1.530469313795711050e+00 -5.168820374596204914e+00
-3.772032093676304765e+00 -1.339985160164337330e+00 -6.073154481508126423e+00
1.713176849704596938e+00 -2.910947901246045522e+00 -6.503630674183233928e+00
5.231549083211056050e+00 -4.515223449122760968e+00 -6.413417324008286791e+00
5.643853091068177008e+00 -5.139593587282506704e+00 -6.134903233136576262e+00
1.316951586389837736e+01 -9.416836488017830575e+00 -4.478426350820552848e+00
1.326864624957531014e+01 -9.632541639878141382e+00 -4.333295294208905801e+00
1.330334589608206208e+01 -9.867066550471431441e+00 -4.160479020045792176e+00
1.321996359109886576e+01 -1.011202714335849429e+01 -3.955364280529738430e+00
1.303592079216172550e+01 -1.031388682107176713e+01 -3.762627945052426259e+00
1.168450280048938339e+01 -1.027604672761444604e+01 -3.513810562388477887e+00
6.886094705267330696e+00 -9.200300378478992513e+00 -3.352685003150843723e+00
7.016406061488150492e+00 -7.080716455063505776e+00 -5.005889631436254206e+00
1.110688406054633148e+01 -6.428947636482820194e+00 -6.347032401607918040e+00
1.354254136190293245e+01 -1.018818298190981508e+01 -3.951369952930199325e+00
1.356106312202016184e+01 -1.028690075411878802e+01 -3.871815784010835593e+00
1.353678769632196044e+01 -1.036019695210745262e+01 -3.820565752844875096e+00
1.351426587786258438e+01 -1.039062719536936363e+01 -3.801849147478887581e+00
1.352164134360233305e+01 -1.007572861966340305e+01 -4.033250803349438307e+00
1.348294163875343088e+01 -9.970351724540996941e+00 -4.107796303227200241e+00
1.360180870198102276e+01 -1.021076783853790815e+01 -3.902549756631102706e+00
1.358090868368042514e+01 -1.009831347629149789e+01 -3.984430607050342132e+00
1.359291458944948339e+01 -1.004605483442608183e+01 -4.009147299929552766e+00
1.308933131329185606e+01 -9.255676544324531463e+00 -4.573092488003882572e+00
1.356262761475283618e+01 -9.924058785733141264e+00 -4.080884735928155038e+00
1.351192200413487576e+01 -9.870940532476149443e+00 -4.130713542926705450e+00
1.340879156011579454e+01 -9.710737622798809809e+00 -4.242783945418210578e+00
1.332860700950927502e+01 -9.549577679105512473e+00 -4.337450082601539414e+00
5.042881574987219118e+00 2.739873772836534105e+00 -9.934591890651295998e+00
4.959866037531096339e+00 2.891056493644899916e+00 -9.943039005259214136e+00
4.963906211071519081e+00 2.894919014164397009e+00 -9.940700862274118421e+00
-7.031420607127735423e+00 6.639432081824941712e+00 -7.746021287690262547e+00
-7.024824522383017467e+00 6.704029012530824616e+00 -7.720399137478587193e+00
-6.759875099270429288e+00 6.665443922534133314e+00 -7.781838429006068480e+00
-4.761398959443255308e+00 5.341132343409592309e+00 -8.547345296177924823e+00
-6.100879814257866407e+00 5.403643283805243058e+00 -8.234910939794493956e+00
-6.358419387175040072e+00 5.946505069815435363e+00 -8.056541576041777120e+00
-5.428990358371612146e+00 6.143327424774054357e+00 -8.219804702273139085e+00
-1.170018784301439929e+01 6.095796645562327143e+00 -6.093378272180683730e+00
-1.137602838724982846e+01 6.785204981608967678e+00 -6.109367044064058838e+00
-1.084803787831395638e+01 7.032045258072285421e+00 -6.285719186417868087e+00
-1.018153532048160059e+01 7.225681320139448971e+00 -6.528570866024256958e+00
-8.997930664673377876e+00 6.845303279365585247e+00 -7.084097593203718901e+00
-7.960849635931164237e+00 6.442609726866322717e+00 -7.582758161458901469e+00
-8.814352055887693993e+00 2.852924132314439642e+00 -6.958009794286859062e+00
-1.113776130173186196e+01 3.093225631459142644e+00 -6.036850227070424957e+00
-1.270726843419049601e+01 4.275265794534689689e+00 -5.589548574090803967e+00
-1.239608337969616159e+01 5.116544540502959926e+00 -5.862784651018215776e+00
-9.687304616264356127e+00 5.375654336895419050e+00 -7.029248655678345337e+00
5.080131401955657600e-01 2.839130234850896439e+00 -9.204392128702908238e+00
-2.953624741466655657e+00 2.643574374009204586e+00 -8.389394568346522973e+00
-4.781347674470507236e+00 3.831729239450186064e+00 -8.246865268880055666e+00
-3.297641220376712479e+00 4.850798544167507664e+00 -8.804604062707181100e+00
4.977419302147146674e+00 -1.114170978339051432e+00 -8.436518464832904129e+00
2.953848240428466276e+00 6.523476235843498339e-01 -8.821039832514181001e+00
5.289378006893905138e+00 8.792850309612987303e-01 -9.315751919110706325e+00
6.300710809087012976e+00 7.022394687516152478e-01 -9.415936761427976975e+00
6.376872378380944006e+00 6.164846363276591523e-01 -9.393483711879923703e+00
7.165325138965357610e+00 -5.644380319388345724e-01 -9.039604624937146227e+00
8.495791535653605564e+00 -2.718446526215765768e+00 -8.346305114657956992e+00
4.934301194745525976e+00 2.898334536760271529e+00 -9.951749734027217187e+00
-1.719910472271968527e-01 4.478867618001564743e+00 -9.375477718597641896e+00
-1.770512929522940038e+00 4.878701529938173742e+00 -9.112390786833472589e+00
-3.234270668589482867e+00 5.369035329180257499e+00 -8.855132020304216312e+00
4.814316636708880104e+00 2.942759253477093218e+00 -9.942328393175509760e+00
4.899595817496162908e+00 2.791312918508642049e+00 -9.933617664407504932e+00
4.992708923432038759e+00 2.622313318924141878e+00 -9.923628980037353386e+00
5.003138874983201312e+00 2.595688288755623852e+00 -9.921497143786236705e+00
4.028465633269647128e+00 2.726916563794127946e+00 -9.810452544222014737e+00
2.630112859617071308e+00 3.288300109921550973e+00 -9.700261825306762731e+00
2.250703314344387529e+00 3.711979641860571721e+00 -9.706089990541672208e+00
3.037402467689979790e+00 3.509736004392392417e+00 -9.783036671573245968e+00
5.253228482506687946e+00 2.334114273040637233e+00 -9.910333657180924405e+00
-1.278351596462358408e+01 -3.371046302474978607e+00 2.664136278495782051e+00
-1.067551960276659173e+01 -4.956009247754210811e+00 1.878967233427201622e+00
-7.967308182853229503e+00 -6.982227912558954586e+00 1.535076830854576135e+00
-6.965287837402231119e+00 -7.716095349778079537e+00 2.455921207227431680e+00
