1.676667305503525496e+00 3.811557210698262033e-01 3.243955584292907535e+00
1.589171638344266002e+00 4.465354384609087623e-01 3.246867931835413223e+00
1.416730844569798808e+00 2.927615002660531318e-01 3.289815615322306375e+00
1.287708878560432257e+00 1.353476246307002417e-01 3.327525049133771340e+00
1.452919496217429218e+00 1.733035643092437905e-01 3.300777174605158404e+00
-9.184729089342005270e-01 -8.385394056327519774e-01 3.356004428583560184e+00
-1.498415732297832870e+00 -1.126110367036359250e+00 3.317513730209498135e+00
-2.862082213077794535e+00 -1.774929712792622682e+00 3.155088231260386067e+00
-2.887696955798060294e+00 -1.862809054406286968e+00 3.140146794994532087e+00
7.856479935399781622e-01 -9.299632630609476480e-02 3.379647124367194166e+00
6.609875910174775049e-01 -2.353216573355635111e-01 3.377321222234270337e+00
3.079470568583360990e+00 9.036905087116242630e-01 2.734080065695940309e+00
2.904196945288025411e+00 8.252320647115678476e-01 2.820142420515168169e+00
2.997598813504476212e+00 8.383445864797379743e-01 2.779204555025184931e+00
2.169742654078842037e+00 6.702832477470049843e-01 3.075492679550900110e+00
1.970804467543922911e+00 5.386948375892595120e-01 3.149150222994538950e+00
2.038770508588794161e+00 7.038458167300275514e-01 3.088195683507633404e+00
1.788594884811179231e+00 7.498827753575723065e-01 3.112051089999149145e+00
1.571138938987220568e+00 7.286156804703852741e-01 3.158169554598873496e+00
1.534880709070656657e+00 6.163700290761777723e-01 3.210884039093501841e+00
1.422203672409060760e+00 6.851471539417605117e-01 3.171902316935823141e+00
2.993237250017609652e-01 2.476628542938413280e-01 3.160459673622058485e+00
-5.205448491502975283e-01 -2.393452692304659790e-01 3.221517586537094857e+00
3.601768790110779217e-02 -2.491438774468563155e-01 3.321066197826193278e+00
4.950394437097844214e-01 -1.519370718950089350e-01 3.359556896200255327e+00
9.146699595493446022e-01 6.441754932925811139e-02 3.341937690555728757e+00
-1.666805082869824428e+00 -9.006847274936933267e-01 3.240681429751946840e+00
-1.940267559284240662e+00 -8.474016891443505450e-01 3.167866777337674744e+00
-2.358677473491651799e+00 -1.213057359846313688e+00 3.156110037838439020e+00
-2.706519119396074924e+00 -1.623338544291740293e+00 3.170023703674615945e+00
-2.421498698536519001e+00 -1.602653918913054865e+00 3.228930654104334330e+00
-3.742169785016604244e+00 -2.008941310721693352e+00 2.886297438617224653e+00
-3.764140614395290907e+00 -2.111314799729495206e+00 2.894762132020630929e+00
-3.474778509554279360e+00 -1.980837653924146347e+00 2.992233334994426119e+00
-3.147102633937350902e+00 -1.795614338171308333e+00 3.096181280830668126e+00
-4.229279294018500224e+00 -2.406871358456137866e+00 2.731841633386820067e+00
-4.353037166995405549e+00 -2.483566490326363230e+00 2.667420108156479674e+00
-4.221599841078774062e+00 -2.454011629633914726e+00 2.726933383501190189e+00
-4.081916496318240384e+00 -2.394140523191832237e+00 2.795064424440961481e+00
-3.487199224534195174e+00 -2.117960518387923319e+00 2.991205564564749508e+00
-3.760635857591578812e+00 -2.265261689621414387e+00 2.897443877300385662e+00
-3.520278721535764266e+00 -2.216473407445181287e+00 2.961879318184513110e+00
-3.841559360262425393e+00 -2.345352241015599137e+00 2.859499865325088042e+00
-3.747147613171166736e+00 -2.405265094419041905e+00 2.850882099730027708e+00
-3.631747084268456938e+00 -2.451071450783835814e+00 2.851709087155067213e+00
-3.557564721882005010e+00 -2.407014490895086567e+00 2.882685332484300922e+00
2.236921466709493045e-01 -4.516762785598306129e-01 3.397266330011719404e+00
-2.830284944175144313e-01 -7.164076761983519948e-01 3.374550019180172278e+00
-6.471832624610531770e-01 -9.297207330949506243e-01 3.348672866988500640e+00
5.695677094903638799e-02 -6.456903116047923996e-01 3.345512025628374353e+00
1.255321188347116923e+00 -1.166529377435151713e-02 3.308532169665442169e+00
9.654501681676194158e-01 -1.919465644823638295e-01 3.332954142061132163e+00
8.441215707517668587e-01 -3.398977955427485154e-01 3.327022097646908705e+00
9.419525927734756499e-01 -3.393411693912798399e-01 3.305345484948283730e+00
2.643139280249197753e+00 7.396945288351537418e-01 2.941313969838284859e+00
2.358764943315454055e+00 6.083247932369140187e-01 3.036566620008368744e+00
2.064627781275056417e+00 4.507856767174806545e-01 3.131371981306736885e+00
4.279514804188552013e+00 1.171668229583533005e+00 1.995522644570215887e+00
4.241797418574923206e+00 1.157142274980740515e+00 2.027451118208569270e+00
4.386108712194810799e+00 1.156724805367138842e+00 1.916803779049293111e+00
4.032118335267199427e+00 1.149542340062651435e+00 2.181572947748092961e+00
3.890439088163542447e+00 1.119073022121362060e+00 2.276314694629150370e+00
3.854504894185154740e+00 1.088603704180072684e+00 2.306127988891923497e+00
4.060893919347591030e+00 1.206598508538735626e+00 2.129019487247282072e+00
4.059866148917914863e+00 1.174037866628356852e+00 2.149644474109739356e+00
4.151806873486759919e+00 1.188146351617547891e+00 2.084529154140604135e+00
2.437052423568987880e+00 8.679272784797593676e-01 2.921682958246307305e+00
2.568024569059035755e+00 8.343647094967366895e-01 2.908979954289574898e+00
2.653460719457860773e+00 8.341460349372310512e-01 2.887384847563129853e+00
2.894020626468853052e+00 9.173755602355908589e-01 2.775099437158102589e+00
1.730308174950240696e+00 1.138441624241932404e+00 2.867163414660487852e+00
1.911505890857635448e+00 9.877490093855643138e-01 2.945538364737823933e+00
2.299283475179398462e+00 1.035944882300591230e+00 2.828827776428620489e+00
-3.194795555365513851e-01 2.113863352323005262e+00 1.743470395481934831e+00
-4.450424876046472911e-02 1.590080131741484770e+00 2.201919621534815796e+00
1.062279263116684414e+00 1.274264369051921975e+00 2.671811490901459862e+00
1.185460630436711016e+00 1.321372833021044135e+00 2.660991076107015907e+00
1.221718860353275371e+00 1.493332542764598925e+00 2.536497661429955919e+00
-8.074597868753881080e-01 6.369930279880937629e-01 2.660116377868994242e+00
-1.900790837441862946e+00 7.457438623312940829e-01 2.315270573429796475e+00
-1.974261513534651735e+00 -1.217420911283718585e-02 2.761963059983441493e+00
-2.757609448298739441e+00 -2.002899929027716908e-01 2.417117255544243726e+00
-3.582370368732100019e+00 -1.235896923611399689e+00 2.546580546573703252e+00
-3.509943366673315523e+00 -1.545530160118577800e+00 2.781170638110193938e+00
-3.046218119884728015e+00 -1.413436810523428733e+00 2.984796412020696010e+00
-4.579146661524161388e+00 -2.259321693405027087e+00 2.483574442128526627e+00
-4.527058381449935887e+00 -2.365587589572027749e+00 2.542584765986374062e+00
-4.378522692930508775e+00 -2.304497869448336456e+00 2.618250139476382632e+00
-4.205895031805191309e+00 -2.141034660316842864e+00 2.682671664706722581e+00
-4.743407038822580191e+00 -2.465334995915221317e+00 2.410881054697253223e+00
-4.660946850383571594e+00 -2.451463077040404670e+00 2.471302823439182728e+00
-4.653110349351107899e+00 -2.331325261998586917e+00 2.452614100403620601e+00
-4.737146982569098164e+00 -2.590691181127058318e+00 2.433223630827099360e+00
-4.782345026068357541e+00 -2.593855998388266304e+00 2.397891785862622971e+00
-4.779041052269282552e+00 -2.625583689021983247e+00 2.393903957077457623e+00
-4.588396595391246890e+00 -2.542922717578337544e+00 2.542968440440779521e+00
-4.636373793746768612e+00 -2.576819262252241227e+00 2.504889247828696597e+00
-4.588275330408248642e+00 -2.596843888051328708e+00 2.529329111779255346e+00
-4.515520316510206023e+00 -2.578552755123958651e+00 2.578652152651006446e+00
-4.600101648176418756e+00 -2.692708826988027937e+00 2.475398001553559268e+00
-4.685744545431503205e+00 -2.704411891822657843e+00 2.415626292638524575e+00
-4.719006933882840649e+00 -2.719659472471819051e+00 2.385840829683325115e+00
-4.644556198173359185e+00 -2.799738096162757373e+00 2.382385771643137140e+00
-4.384082990593573648e+00 -2.548997894431510591e+00 2.638165427995717405e+00
-4.402374123520943705e+00 -2.629257421621676638e+00 2.584234317770021327e+00
-4.149987898741781756e+00 -2.611008035655666415e+00 2.659629329986458846e+00
-4.034587369839072402e+00 -2.656814392020459881e+00 2.660456317411498350e+00
-4.298165756163836448e+00 -2.766845466512038332e+00 2.521834538239837276e+00
-4.308262556961370393e+00 -2.816470675866014961e+00 2.481677937312451565e+00
-4.196496001647534335e+00 -2.865936849176715207e+00 2.466698729986320338e+00
-3.970732410512904931e+00 -2.795762195080838008e+00 2.566964991420704223e+00
-9.710522127920435675e-01 -1.323619217132328441e+00 3.192046219767367354e+00
-1.186840268112137275e+00 -1.397877121639337084e+00 3.179432673584978275e+00
-1.488619112031983605e+00 -1.517422527419948430e+00 3.149750584057909197e+00
-1.896069454907083784e+00 -1.722831492965691602e+00 3.075908161213960490e+00
-2.255214587587404118e+00 -1.929194674771095075e+00 2.991402371668304916e+00
-2.393190282833252969e+00 -2.059218567853105419e+00 2.919999164138114445e+00
-1.381373156248289824e+00 -1.849133942635025063e+00 2.873167025294185883e+00
1.547877929707451583e-01 -6.451336854533238352e-01 3.323835412929749822e+00
-1.900778909738616851e-01 -1.033406269459785642e+00 3.173140810122840438e+00
2.919651272793446495e+00 7.706906536697974985e-01 2.809858752366783285e+00
2.508670329757602069e+00 5.952679340838906707e-01 2.954494081924847304e+00
2.113479677868600248e+00 4.098199799199240823e-01 3.083277493869299057e+00
1.915881369998288175e+00 2.248511218363288267e-01 3.091032488929582378e+00
2.215833287370992277e+00 2.103510105905687377e-01 2.897954780589412582e+00
3.767396877381382403e+00 1.048958006541713450e+00 2.364816264762135134e+00
3.608012942759939001e+00 1.025029045880181400e+00 2.456595965337162735e+00
3.355803645578922634e+00 9.334461524087089845e-01 2.588164495989498715e+00
3.277856104867893361e+00 8.657922195987686198e-01 2.618818693331096625e+00
4.367795711811489845e+00 1.121460550721054661e+00 1.926902567797368571e+00
4.133193692571754951e+00 1.091408702393366958e+00 2.100738902851589707e+00
4.046085675767982615e+00 1.051763004755007502e+00 2.159427178721802232e+00
5.503611253388815072e+00 1.246083182183277183e+00 6.151772587516021185e-01
5.427963771453675257e+00 1.239850957237368601e+00 7.153779178181348675e-01
5.283596815218641218e+00 1.218715067085885062e+00 9.090003246065276876e-01
5.210887524183040576e+00 1.198519477540275657e+00 1.008992248866259489e+00
5.358673755348525525e+00 1.192173939413532224e+00 8.180396596543756393e-01
4.993085674964953924e+00 1.208723627667021683e+00 1.278878402257489277e+00
4.862938528949404926e+00 1.217393079976146764e+00 1.424497767333328335e+00
4.789897250173463128e+00 1.214518503493919210e+00 1.508584099314842053e+00
4.760893051780861640e+00 1.197601044390352198e+00 1.546788532811005368e+00
4.892376100559936880e+00 1.184353341985396657e+00 1.401045914801626768e+00
5.065794966000555455e+00 1.228919217212631310e+00 1.178886477997757476e+00
4.465278842488531019e+00 1.208946278127609242e+00 1.826668113571639607e+00
4.317663575069569326e+00 1.198976706164696315e+00 1.952767792285795334e+00
4.445371505771361420e+00 1.182498584130681429e+00 1.863761282715406420e+00
4.319798633950560074e+00 1.447780644069048384e+00 1.662320266449419215e+00
4.270147581239550405e+00 1.356253413212722858e+00 1.811661074937934712e+00
4.310111350964463739e+00 1.234346322189451062e+00 1.925677990264137440e+00
4.494283040881133395e+00 1.225863737231176254e+00 1.788463680075476070e+00
3.891600051279463290e+00 1.152051133645342507e+00 2.255500852465302408e+00
3.933607434160482530e+00 1.298036281620718047e+00 2.076368617169964903e+00
3.890353606290281707e+00 1.433366014696549673e+00 1.935403044310512133e+00
3.729373347384446369e+00 1.471182797837226053e+00 1.941462317559357276e+00
3.061103893535434217e+00 1.336363968050421125e+00 2.299040945213401521e+00
2.799308698845909937e+00 1.111848809855514597e+00 2.634726273559856669e+00
3.239631791866320221e+00 1.022070975475233512e+00 2.602593041015783815e+00
3.425081733980827270e+00 1.008385923951266916e+00 2.561573669553621535e+00
1.475109000155621297e+00 2.113541304335369908e+00 1.733936184687492110e+00
1.871291639364561776e+00 1.766043573874532591e+00 2.084101744774297771e+00
2.379880953961527545e+00 1.411152655351865848e+00 2.414767498004829260e+00
-1.079051601830761209e+00 3.115591629912598304e+00 3.081084784422619682e-01
-1.247770952192551963e+00 2.954816129912482214e+00 4.738995776572190177e-01
-4.487023045505549312e-01 2.614844780199718333e+00 1.124100549039449115e+00
3.284273209214110811e-01 2.397527990913626894e+00 1.608762890925423905e+00
3.304013558085840963e-01 2.401579434116102529e+00 1.603995785528202322e+00
-1.909283362152842889e+00 2.230560024978421652e+00 1.125366873534040302e+00
-1.096609181008517453e+00 2.331180141609097145e+00 1.258808053595960263e+00
-2.358673497590569212e+00 3.189825679013115423e+00 -3.437106846803092419e-01
-2.800384180088569153e+00 2.751796680916973159e+00 -1.725938659661211683e-01
-2.963851365121144443e+00 2.475495411130066437e+00 2.749335598147265025e-02
-2.481908539575202077e+00 2.451987895983218202e+00 4.412991767360209261e-01
-1.963466942097240375e+00 2.770121609003539209e+00 4.751659021518103709e-01
-2.427724959630805035e+00 1.912426311958099978e+00 1.091500148118250912e+00
-3.159380216478317571e+00 1.258036728786067870e+00 1.029668922442781520e+00
-3.410112466407400511e+00 2.176507649769726382e-01 1.661548941639527044e+00
-2.684138772205950652e+00 5.576280785413595398e-01 1.970424768990599151e+00
-4.295547625301392003e+00 -4.664606667329478373e-01 1.466276535902137690e+00
-4.541133071279930711e+00 -1.054486496996122291e+00 1.642709134362851708e+00
-4.706258207063666710e+00 -1.655465812984190155e+00 1.925860881713905792e+00
-4.694231106290859934e+00 -1.842243706060058717e+00 2.089721680953590788e+00
-4.615866095966229210e+00 -1.880205609590225313e+00 2.213948710258162755e+00
-4.534596689901255750e+00 -1.858228816359915658e+00 2.293689382357138040e+00
-4.460633002074308351e+00 -1.786225247766355384e+00 2.324649724082044511e+00
-4.891495438470291113e+00 -2.396039015958448370e+00 2.236211768366370478e+00
-4.861012204875214238e+00 -2.478835168038878933e+00 2.296214079544157016e+00
-4.849412513468714714e+00 -2.475670350777670947e+00 2.308463830777550907e+00
-4.816839943855090844e+00 -2.367173974103713885e+00 2.312451659562715811e+00
-4.906643621592403193e+00 -2.479411673695757656e+00 2.239307007358644519e+00
-4.921901141994269757e+00 -2.565533667031213216e+00 2.241748210622943382e+00
-4.897216760127172996e+00 -2.586812689621646122e+00 2.279433789027915935e+00
-4.937709324695981117e+00 -2.593603528669564451e+00 2.226627858808403637e+00
-4.934254266655793586e+00 -2.624496280076078047e+00 2.223121114054150471e+00
-4.913013015125638816e+00 -2.648842710351211771e+00 2.244491582369467331e+00
-4.825123733759268951e+00 -2.608723880484104196e+00 2.359311629714217595e+00
-4.843822396547536435e+00 -2.612049721739129193e+00 2.336994896941404498e+00
-4.863073709586189786e+00 -2.643186991062180802e+00 2.305559435037209060e+00
-4.842305590284784245e+00 -2.674367995297133760e+00 2.319697739284513727e+00
-4.810233984207481051e+00 -2.675338115161122410e+00 2.355940065596750177e+00
-4.892244895824232387e+00 -2.680023714586164729e+00 2.258629886616772886e+00
-4.919609035020543253e+00 -2.712868633423900722e+00 2.199577815797565172e+00
-4.930622281017459585e+00 -2.744262348366736326e+00 2.161270008873271475e+00
-4.874687316646476809e+00 -2.828754222258604845e+00 2.160643804452869077e+00
-4.735783248497999587e+00 -2.755416738852061176e+00 2.352485007556562202e+00
-4.739284029400629983e+00 -2.871783411717677925e+00 2.256564406004715639e+00
-4.736528729950859606e+00 -2.992947009238631217e+00 2.161816695272035016e+00
-4.674039492646332228e+00 -3.000143390196905013e+00 2.206064498412716457e+00
-4.595664542568996147e+00 -2.972926359340625435e+00 2.290556372304585420e+00
-4.753336851774673910e+00 -3.093664535445812991e+00 2.049298694653716169e+00
-4.735842887014229063e+00 -3.170142980707074010e+00 1.971705009138976950e+00
-4.664415824077546624e+00 -3.234818963606656439e+00 1.951406046165237607e+00
-4.610359472967769712e+00 -3.258541177411929279e+00 1.966254048755665673e+00
-4.483897987255160089e+00 -3.022392532651325681e+00 2.275577164978454636e+00
-4.490722621462274411e+00 -3.149810222574138230e+00 2.128339608162274299e+00
-4.381906184751222177e+00 -3.222791862833850107e+00 2.078412230326071253e+00
-4.501543036256718366e+00 -3.331522817671641157e+00 1.916326670919462627e+00
-4.468904864275241806e+00 -3.415358667884993871e+00 1.815529626690642218e+00
-4.402646472745054496e+00 -3.516213362679502019e+00 1.701270181398442771e+00
-4.338284586030943579e+00 -3.550740087674889800e+00 1.672959777744635446e+00
-3.115508135989878191e+00 -3.106872478839949547e+00 1.951487552137417092e+00
-3.251096302636033997e+00 -3.277245804051818645e+00 1.764600321781796044e+00
-3.271592072713328747e+00 -3.493371810963874502e+00 1.488255317082987972e+00
-3.211090785949761717e+00 -3.687880843693536193e+00 1.219082837935962615e+00
-3.051531911680713360e+00 -3.794015535124833693e+00 1.039403916241861126e+00
-2.951464445300424622e+00 -3.851475257560732501e+00 9.385810286560080096e-01
-2.774002088459492921e+00 -3.832168281906932261e+00 9.177353792835044599e-01
-1.918348416619618968e+00 -3.677507717770808426e+00 8.974821391722070940e-01
-2.545747595297041421e+00 -2.196929865677006877e+00 2.835853193640372361e+00
-2.656649392125560283e+00 -2.300655161052660880e+00 2.751542223247730234e+00
-1.801425117602533543e+00 -2.611765444811771975e+00 2.136064783964443325e+00
-6.575345209278303793e-01 -2.683697447185857676e+00 1.704943913998135940e+00
2.661046738722163241e+00 -2.709576587328065087e-03 2.371203549850238623e+00
2.169054823191669978e+00 -1.679341098981116109e-01 2.567026617887473883e+00
1.717145954418546783e+00 -5.802827629061364512e-01 2.434821943062031036e+00
1.287064782585161327e+00 -9.863196729466142676e-01 2.292707334789903850e+00
1.223583557960695289e+00 -1.465111596885134926e+00 1.770110920681336353e+00
1.337783364736666147e+00 -1.873500252415567946e+00 1.189651230177054320e+00
4.609168690593735462e+00 7.501292812246512787e-01 1.473284061559020364e+00
4.329151941245775070e+00 7.759269153946853903e-01 1.717998785200618439e+00
3.864520189010510087e+00 6.815390237099188120e-01 2.014269018171465753e+00
3.411076622419766391e+00 3.864893923712210411e-01 2.141014780811433038e+00
3.856290073770936910e+00 1.734288051933242369e-01 1.614263550072259301e+00
5.157739666470481765e+00 7.863000413174129344e-01 8.674322787950603519e-01
4.921992587719153711e+00 7.882482328475534095e-01 1.151315591945187400e+00
4.781223821963256349e+00 5.312022520003824022e-01 1.114210495098174381e+00
4.804206518167291051e+00 2.897596949492039498e-01 8.934863585848781264e-01
4.902691575916975353e+00 1.122361092316109366e+00 1.371530813119998138e+00
4.741331618457818031e+00 1.119130672687050021e+00 1.554366600273143550e+00
4.719786210494897105e+00 1.107882848526299924e+00 1.575480622968676636e+00
4.701473210111577039e+00 1.072618593880215743e+00 1.585579411716752096e+00
4.749937456349632825e+00 1.007175262071822397e+00 1.510389158406033161e+00
5.342368585011573856e+00 1.122514164507763423e+00 8.233136924395417777e-01
5.186256816980550077e+00 1.120611695840064925e+00 1.026269527017740213e+00
5.196572292337589438e+00 1.058619446170777634e+00 9.967544253361116935e-01
5.308412401821440696e+00 9.799800986714937157e-01 8.306154347764866941e-01
5.809399793549776980e+00 1.263286906164742485e+00 -8.297109172803500410e-02
5.768937048239083154e+00 1.313834524569724715e+00 -4.614033205567464116e-03
5.727510146916023892e+00 1.259664860279114063e+00 1.161161910974560785e-01
5.671201447843340127e+00 1.257325042492404510e+00 2.511596592953894702e-01
5.674193313407485562e+00 1.311502658585179226e+00 2.215073890264345757e-01
5.608994499515630672e+00 1.279134847877273273e+00 3.757803028070710871e-01
5.554504775187924182e+00 1.222617413997789004e+00 5.173323210761066049e-01
5.761688980566744611e+00 1.374862618226646793e+00 -1.609643553015068645e-02
5.755098924523463388e+00 1.395364352155564092e+00 -2.523305621640146296e-02
5.716178828832553904e+00 1.390092307320938803e+00 7.336929061519965878e-02
5.684333849116920412e+00 1.369598525194185568e+00 1.735838653355190886e-01
5.657069107447658673e+00 1.378427013546587476e+00 2.144899236168468226e-01
5.596035049939112938e+00 1.343796915123069313e+00 3.602583849832577956e-01
5.558100977716520674e+00 1.302600616062761674e+00 4.736252404825666007e-01
5.741849234167966110e+00 1.472689664347273553e+00 -1.312504585657822687e-01
5.688277942990183966e+00 1.460871298381268168e+00 -4.540479035551957254e-03
5.665996993327108378e+00 1.412110847512608514e+00 1.331211200248253457e-01
5.688914087163292166e+00 1.398920795673340933e+00 1.142753488965273928e-01
5.572994703169390718e+00 1.358565399691859188e+00 3.774919282228373918e-01
5.114153850859940675e+00 1.402296335691890716e+00 8.327047707950353539e-01
4.801522784936995691e+00 1.342009747586746737e+00 1.298869232897380321e+00
5.009084700918598365e+00 1.244874508254373735e+00 1.226909399215720953e+00
5.210161922235589493e+00 1.250055107364114848e+00 9.852640712093647668e-01
4.632429699873505058e+00 1.508067232174192140e+00 1.196155804347074136e+00
5.113551501846030689e+00 1.513096747042820489e+00 6.032813627144992807e-01
5.132285947744034793e+00 1.563771594282424182e+00 4.605683813295433082e-01
4.473992029709557450e+00 1.905941617293489543e+00 4.445653794748177234e-01
3.905539560472672367e+00 1.935122743284237057e+00 1.061818058591181613e+00
3.771788260126362591e+00 2.274760117306119600e+00 4.062575725505243041e-01
3.469102910759838565e+00 2.427390983939923697e+00 2.072259523401800974e-01
3.171264184812174758e+00 2.567716436725186568e+00 3.262425632768961581e-02
2.282405775086650657e+00 2.415638220341769671e+00 7.408614558026971331e-01
1.507260124254562683e+00 2.181507345380241158e+00 1.577082911104689789e+00
2.651967768601599662e+00 1.893469215599508315e+00 1.707023310263979576e+00
3.111977535829134056e-01 3.401866447563499651e+00 -7.484534389186221492e-01
-1.959721643278067651e-02 3.385964831186362822e+00 -5.835728210514247172e-01
-1.595926694282442937e-02 3.319324753152312013e+00 -4.240795491502280523e-01
4.971367315304969781e-01 3.013802598363838570e+00 1.173208891252776470e-01
-1.639063233070731540e+00 3.687234759767723968e+00 -8.693009523035624131e-01
-1.812706736922479633e+00 3.662045438463223501e+00 -8.748831174225772944e-01
-1.926944314758728627e+00 3.636450575248366679e+00 -8.567709000438934464e-01
-1.666667914282498053e+00 3.583195368206598008e+00 -6.286754429247184417e-01
-1.934995514449615595e+00 3.543247502086012801e+00 -6.431616385166917249e-01
-1.917950826511427120e+00 3.468751043514088472e+00 -4.754342754748399624e-01
-1.838617684273347930e+00 3.403741084923625149e+00 -3.014548079816699033e-01
-1.592147600304082866e+00 3.421113784701071747e+00 -2.332919598332436895e-01
-2.275098068898083081e+00 3.639345031236004502e+00 -1.069175463543273752e+00
-2.358868316743583993e+00 3.598848490766114683e+00 -1.074360038554096564e+00
-2.436221460242866677e+00 3.555743759186485775e+00 -1.065609080272791775e+00
-2.324997615426712461e+00 3.556501168342590891e+00 -9.331022369651230663e-01
-2.195271914925846168e+00 3.596502709127781916e+00 -8.712570956358667296e-01
-2.473348424545830149e+00 3.493936388917507241e+00 -9.726564888785981244e-01
-2.578266490246059917e+00 3.370975684107527126e+00 -8.811232941706497179e-01
-2.689695093967933381e+00 3.166369850580331935e+00 -6.557294618366389383e-01
-2.438006639828648403e+00 3.254835637603578746e+00 -5.176901521734792455e-01
-2.977496657634291388e+00 2.972232564601830163e+00 -6.879521521550546748e-01
-3.216537770431990850e+00 2.654311562289391357e+00 -5.350986350606632413e-01
-3.404160542487767227e+00 2.350731635179435397e+00 -3.104005854159885280e-01
-3.355141658048783171e+00 2.319089426418980082e+00 -1.540979741330321118e-01
-3.518608843081358462e+00 2.042788156632073360e+00 4.598924781456169286e-02
-3.800768603112473443e+00 1.508236207970173881e+00 1.759018156662781052e-01
-4.065193856367686820e+00 8.701855902942894350e-01 4.562883238148570664e-01
-4.118737316237895740e+00 5.981484744177412161e-01 6.783503510422194127e-01
-4.044815375372309063e+00 5.739252970761472561e-01 8.343965167053920551e-01
-4.525680731725050698e+00 -2.504638766060535704e-01 9.140695984859750212e-01
-4.658736249382024575e+00 -6.686074054409759659e-01 1.103658453626760405e+00
-4.748953420831857564e+00 -1.046399514195498259e+00 1.346045287184894690e+00
-4.787561408287835718e+00 -1.240504992965344222e+00 1.488935196167996189e+00
-4.969363461159682416e+00 -2.333826103779114369e+00 2.075639039321432566e+00
-4.945186006680530433e+00 -2.332953393491632887e+00 2.127329729287466442e+00
-4.930037823558418353e+00 -2.249580735754324046e+00 2.124234490295192401e+00
-5.008907773320452783e+00 -2.564072523383607916e+00 2.073488076836114136e+00
-4.989288689431720769e+00 -2.562158127012663655e+00 2.120119432675406035e+00
-4.981340863168965072e+00 -2.556778732848826508e+00 2.137251590437396764e+00
-4.976981287632639805e+00 -2.532034712465501602e+00 2.138317131927350623e+00
-4.985901221709926112e+00 -2.446785429417526636e+00 2.084185238697018328e+00
-5.018225297505931159e+00 -2.622345317590759617e+00 2.060987843834559463e+00
-5.016678671985064675e+00 -2.675240705584615242e+00 2.044493818196216672e+00
-5.008019159428643619e+00 -2.711914417164240199e+00 2.051376102969019399e+00
-4.969244184127225239e+00 -2.629875674239915195e+00 2.170744581151485608e+00
-4.984489776825844487e+00 -2.684532386413061023e+00 2.114501484446653645e+00
-4.984666704423990069e+00 -2.739809339154986478e+00 2.090445294950500799e+00
-5.008196087026789201e+00 -2.767191369906165210e+00 2.027319913472866109e+00
-5.014621143175170381e+00 -2.835737892508996882e+00 1.929321903605716537e+00
-5.011963253301908061e+00 -2.920740669689892322e+00 1.832977868588645531e+00
-4.986477727366803947e+00 -2.975091237479730921e+00 1.827749558665921370e+00
-4.976619480634186132e+00 -2.894100144490491466e+00 1.948911168236333147e+00
-4.920684516263202468e+00 -2.978592018382360873e+00 1.948284963815931192e+00
-4.908653439589313550e+00 -3.103512842425727225e+00 1.824566849849844852e+00
-4.861918710321893045e+00 -3.121330843124348497e+00 1.884883257213103347e+00
-4.815826089079201289e+00 -3.086468154487538751e+00 2.005050891513035172e+00
-4.894320316188994546e+00 -3.214122410524725026e+00 1.684048565862108493e+00
-4.882919419836590613e+00 -3.265526835612861056e+00 1.606532410418467061e+00
-4.808053202464048326e+00 -3.340599799841663220e+00 1.606132832359734142e+00
-4.755867512813315656e+00 -3.330811131377977574e+00 1.726222936588568846e+00
-4.684440449876633217e+00 -3.395487114277560892e+00 1.705923973614829059e+00
-4.646687281153268678e+00 -3.499182590395100156e+00 1.570031650535905987e+00
-4.582208105357239880e+00 -3.522550949004081833e+00 1.604172713126347904e+00
-4.591915267848746929e+00 -3.599224213418356300e+00 1.455489916266889949e+00
-4.569417631576705219e+00 -3.622713837010336224e+00 1.426988669361150874e+00
-4.486607563842488489e+00 -3.671537902296306832e+00 1.411277896235946461e+00
-4.428684648930545364e+00 -3.679897234321042099e+00 1.461412020928408939e+00
-4.364322762216433560e+00 -3.714423959316429436e+00 1.433101617274602058e+00
-4.314516649363229206e+00 -3.770478200719870276e+00 1.333723969732026449e+00
-4.260881743768137220e+00 -3.807104201486511741e+00 1.277822800520239888e+00
-4.217303879959759527e+00 -3.806517756076928993e+00 1.297752004693360828e+00
-4.104775939588734879e+00 -3.905201608880709774e+00 1.118073082999259116e+00
-3.972813794729289860e+00 -3.956608021919386431e+00 1.044429455209407109e+00
-3.543875694456956271e+00 -4.110119550642835407e+00 6.227453864610357215e-01
-3.408023130388852184e+00 -4.144544890160633877e+00 4.876899905598564566e-01
-3.096509292669926250e+00 -4.163847889913352418e+00 3.219704575643739797e-01
-2.683554314746908531e+00 -4.169298850296664583e+00 1.509093014653327680e-01
-2.550602170518065037e+00 -4.152580186247194050e+00 1.404347900650160519e-01
-2.999580800193813346e+00 -4.065981084781906674e+00 5.211750294717816256e-01
-2.143927128353939171e+00 -3.911320520645783727e+00 5.009217893604842597e-01
-1.519476080328759915e+00 -3.973340601622644019e+00 9.988457493052009528e-02
-5.433347141518594103e-01 -3.092086102716291141e+00 1.124484223493854351e+00
-8.065910524889886579e-01 -3.287835616583510756e+00 9.784692562603644062e-01
-8.789285967734301597e-01 -3.500592047328640266e+00 5.616119314254429673e-01
-8.921782871289266614e-01 -3.699898004713637167e+00 1.052878245008486008e-01
-4.967789004331242264e-01 -3.568768811130853535e+00 -6.139785245754028620e-02
5.847258323651812750e-01 -3.064719975569440091e+00 -1.727966369212989850e-01
4.612733085913676589e+00 2.012382453108094715e-01 1.022078927277397131e+00
3.071399489387064197e+00 -8.072192448599320169e-01 1.059189987976032921e+00
2.240949054505477100e+00 -1.736697447988885257e+00 4.104799794995226958e-01
2.982440690629658775e+00 -1.641073051067642119e+00 -2.819331336694455570e-01
3.742634965443188744e+00 -1.075391784884854429e+00 -1.819471732613364701e-01
4.494368522754394135e+00 -4.329696639693998428e-01 6.072990107577791452e-02
5.133124862872319838e+00 6.586278937253581267e-02 -1.596006212304085514e-01
5.028982097883063496e+00 1.274475091809263438e-01 1.615428489089261732e-01
4.756098115076066613e+00 1.934872261516074401e-02 4.808613804516598811e-01
5.570422295169388249e+00 6.795669767732865907e-01 8.660506531690932708e-02
5.537161894668590989e+00 8.203814653916261523e-01 3.071502862815194135e-01
5.463510315076575807e+00 8.300349532185263834e-01 4.458694750296872678e-01
5.312837579725617765e+00 6.363548958644456022e-01 4.826863190482609256e-01
5.701911307800085815e+00 8.155268901706024254e-01 -5.833044477283951673e-02
5.683314030489408530e+00 8.295717607424827333e-01 2.707588636787108642e-03
5.626814488164792571e+00 8.216418260345945690e-01 1.270300395673248650e-01
5.584552647614529519e+00 6.961902191967918041e-01 7.569718069866346322e-02
5.644310440875779378e+00 1.020971638826082772e+00 2.567656798208958202e-01
5.585093370161671622e+00 1.105994295512388037e+00 4.207040091316783803e-01
5.537619123293012535e+00 1.101978635419649466e+00 5.212187643836827533e-01
5.521313952956061755e+00 1.032318860513880887e+00 5.264927971688488917e-01
5.786104989110811836e+00 1.040747770807550099e+00 -6.894610066156431349e-02
5.749399470322531513e+00 1.118603865793695640e+00 4.943834200312678673e-02
5.693090771249847748e+00 1.116264048006985865e+00 1.844818102010601368e-01
5.700809983200395337e+00 1.028901573533971048e+00 1.324432288903580612e-01
5.840169292022752145e+00 1.367865032322468588e+00 -3.923677621208388477e-01
5.836199354792454663e+00 1.310299948507898549e+00 -3.046534204020740488e-01
5.843403687552892301e+00 1.251460588396573259e+00 -3.005343868812055397e-01
5.824798458440051618e+00 1.339667941849496113e+00 -2.527937546400583213e-01
5.813331959719795883e+00 1.338109388625383644e+00 -1.788300668131116988e-01
5.805700217593050994e+00 1.326169757676379790e+00 -1.187144424544903931e-01
5.813618224597694173e+00 1.267034192934451742e+00 -1.095778217682396166e-01
5.822554062279308162e+00 1.214757057558834452e+00 -1.137167347945177154e-01
5.811031900943905093e+00 1.450593594084506499e+00 -3.771380730265466719e-01
5.820973641599244353e+00 1.425074272990206836e+00 -3.718700040930034145e-01
5.829140142421507242e+00 1.420277348334870959e+00 -4.237296698550190865e-01
5.803390219064455735e+00 1.422468069831008597e+00 -2.429374958579801624e-01
5.796869741290107569e+00 1.445086971086047889e+00 -2.688166360001935096e-01
5.787079084875881740e+00 1.437745469738283877e+00 -1.988467408100349498e-01
5.779377764480203794e+00 1.423688671463158029e+00 -1.219885969954510180e-01
5.783445111287007556e+00 1.522813849287031340e+00 -5.379990548999236122e-01
5.791615588010351701e+00 1.496602721404477698e+00 -4.431439948380315186e-01
5.804352387126280099e+00 1.473560386684213741e+00 -4.038779957529955444e-01
5.811244611651788183e+00 1.473985808099979256e+00 -4.612204291069781359e-01
5.749550554563644056e+00 1.486746462622399623e+00 -2.081086023803661866e-01
5.746604411861942374e+00 1.517130298690427592e+00 -3.173444966555607483e-01
5.707881123274588298e+00 1.553827865676543851e+00 -3.092773933603463199e-01
5.675990420696512828e+00 1.562300510882113969e+00 -2.160445009398773153e-01
5.753506576140154039e+00 1.567324061899119103e+00 -6.345140536635169859e-01
5.726754725710459404e+00 1.598874824934690464e+00 -7.220872508938736001e-01
5.651733448195722431e+00 1.674657487506615139e+00 -8.667981225724941119e-01
5.563386938204932797e+00 1.759123518041451950e+00 -9.992512912155571136e-01
5.622890273796938843e+00 1.674754897083122307e+00 -6.917551015399105996e-01
5.590999571218862485e+00 1.683227542288692424e+00 -5.985222091194416505e-01
5.492836561456813982e+00 1.798602227834370737e+00 -9.364956685385411594e-01
5.311980773042463966e+00 1.919771789206946133e+00 -1.086556115122884192e+00
5.117358427131968313e+00 2.045050444347685126e+00 -1.221591631518653909e+00
4.705303990804005743e+00 2.159458985930457153e+00 -7.275302594750213681e-01
4.340240729363247674e+00 2.245578991315372086e+00 -2.109951065658396963e-01
4.199587264738726233e+00 2.504165633831787030e+00 -1.310562357979305093e+00
3.493027895520288695e+00 2.804755683328139959e+00 -1.377059303574406979e+00
2.986967254011423378e+00 3.012442840193822136e+00 -1.360871422319372082e+00
3.025778012422580154e+00 2.950603662716188680e+00 -9.768709440254326193e-01
2.121890696607400706e+00 3.245482330308364194e+00 -1.521241380409132260e+00
1.468691895809403292e+00 3.347643108608283402e+00 -1.513060963933082981e+00
1.018341580260393009e+00 3.360405751081244841e+00 -1.143292223561874099e+00
1.713152161781758887e+00 3.193089893801371204e+00 -7.817038996667141637e-01
-4.749770468504191934e-01 3.669464469882085300e+00 -1.780398564730802713e+00
-7.604785517408875206e-01 3.679233258840361120e+00 -1.569089361979491226e+00
-8.876735912031118447e-01 3.667035194321032421e+00 -1.349247875506380812e+00
-8.010406945786291422e-01 3.631725216812506041e+00 -1.167674436946744887e+00
-3.836128279384523609e-01 3.569182304843372844e+00 -1.110041762813782196e+00
-1.932256118604172901e+00 3.718737811990312281e+00 -1.228517651203357319e+00
-1.869699290981253093e+00 3.715511368262334635e+00 -1.141453369311486554e+00
-1.725696129695214243e+00 3.722544737276249904e+00 -1.050874390863198560e+00
-2.073070607222512685e+00 3.686876928670351550e+00 -1.139385900748888236e+00
-2.138215746449761756e+00 3.670589649888269079e+00 -1.101688394640669477e+00
-2.108487934060250701e+00 3.661836703656422998e+00 -1.016691581311396586e+00
-2.335921403649285466e+00 3.645062376991804687e+00 -1.236787525453749925e+00
-2.351437357621476210e+00 3.634021299687314244e+00 -1.198072188668559690e+00
-2.304825881287594136e+00 3.648097977467850583e+00 -1.154172276872546421e+00
-2.428852127587528997e+00 3.601784693715111896e+00 -1.211904348532557130e+00
-2.466010899099147835e+00 3.575364831025757972e+00 -1.173189011747367116e+00
-2.521502550499497008e+00 3.556028036113842550e+00 -1.219999283135345225e+00
-2.527881883785436656e+00 3.551807617115385174e+00 -1.225356809843231476e+00
-2.603565148830313536e+00 3.494349882630026549e+00 -1.230249156124533227e+00
-2.638394042307926846e+00 3.459489181943757430e+00 -1.165616908136851482e+00
-2.584572269361984365e+00 3.493178979761402125e+00 -1.105163332186267056e+00
-2.703994422209056392e+00 3.415527643680974723e+00 -1.218385067296085866e+00
-2.711306104298706110e+00 3.408484334914354985e+00 -1.219450608786040391e+00
-2.794625087371409133e+00 3.310907770561889230e+00 -1.162684681088935967e+00
-2.900018273250928313e+00 3.167073585071831676e+00 -1.009632368940448721e+00
-2.866068053912418812e+00 3.176838398129025798e+00 -9.133459844890655654e-01
-3.065823288119671641e+00 2.989573457170621840e+00 -1.018564230720980568e+00
-3.249215701424286618e+00 2.723219891890677147e+00 -8.518606622077228296e-01
-3.413613247310030907e+00 2.470742221386631687e+00 -6.188430395491315572e-01
-3.435311727464605891e+00 2.428939597411330809e+00 -5.364067065166147064e-01
-3.622934499520382268e+00 2.125359670301374848e+00 -3.117086568719399930e-01
-3.821155035910015041e+00 1.692883018066133838e+00 -1.972384888223985555e-01
-4.049027842568603042e+00 1.130909279642235976e+00 1.050989691994574371e-01
-4.294521842822256907e+00 6.069709989185203547e-01 1.477246046987153449e-01
-4.453206018853283155e+00 1.356855762226633622e-01 4.542466986092914549e-01
-4.472137271854842666e+00 2.157323927049468668e-02 6.920075712586126748e-01
-4.969224304621815413e+00 -1.831455098474270349e+00 1.657642618826541181e+00
-4.990449652547642501e+00 -2.102070829714032918e+00 1.794238676396963772e+00
-4.982780139360619920e+00 -2.176634878604349232e+00 1.917229200465058625e+00
-4.966242378810375335e+00 -2.063675552965936966e+00 1.908683001089472864e+00
-5.059783403564693138e+00 -2.472885232069786721e+00 1.666693757639530427e+00
-5.047678772720789020e+00 -2.476056013182617477e+00 1.761813215123370302e+00
-5.033363540875338771e+00 -2.474638604446913082e+00 1.869132725077079504e+00
-5.026866918507483462e+00 -2.457152591488631632e+00 1.900997584298122822e+00
-5.017549394322005085e+00 -2.398879797281479931e+00 1.913497817299677495e+00
-5.059206897907815303e+00 -2.750681440663494737e+00 1.764983996236201058e+00
-5.036848418173641484e+00 -2.692726718542896691e+00 1.979623016143619685e+00
-5.039059019175188503e+00 -2.786090815699069356e+00 1.872303506189910260e+00
-5.037729080263286363e+00 -2.887279486184458843e+00 1.779503986987370556e+00
-5.033284022853701245e+00 -2.899135623210742807e+00 1.795707771846733136e+00
-5.019205357122624278e+00 -3.039186738821353817e+00 1.603868556693581304e+00
-4.988775798192154554e+00 -3.145120647248013768e+00 1.491016580384380896e+00
-4.977619419756288188e+00 -3.176524301943554285e+00 1.475476771005698851e+00
-4.998677779836673274e+00 -3.089813875247974462e+00 1.600155065083068484e+00
-4.973192253901570936e+00 -3.144164443037812173e+00 1.594926755160344323e+00
-4.940367214569244325e+00 -3.238826671897231613e+00 1.515253673379761468e+00
-4.941055045456415939e+00 -3.196304409826103754e+00 1.623732158498850664e+00
-4.938538300071561693e+00 -3.287795857572691105e+00 1.390575379302392056e+00
-4.934131013722253378e+00 -3.299962114883364883e+00 1.351424681348731616e+00
-4.900200673889154146e+00 -3.359664245529466520e+00 1.257050705317751982e+00
-4.856127810396077216e+00 -3.428399623433689758e+00 1.188184122677826027e+00
-4.839631796807193354e+00 -3.448913285065852374e+00 1.194191709212606201e+00
-4.877398881184345392e+00 -3.376893812867964861e+00 1.333171319481639694e+00
-4.802532663811803992e+00 -3.451966777096766137e+00 1.332771741422906775e+00
-4.708138808275414533e+00 -3.553541109987102153e+00 1.304179048792283302e+00
-4.656394443644773951e+00 -3.575855854809374623e+00 1.421348853676448254e+00
-4.744772760844219839e+00 -3.551159545239032767e+00 1.165199438523249809e+00
-4.733256563360439984e+00 -3.563532549405965977e+00 1.137117649181653256e+00
-4.628022413524197631e+00 -3.647060267285469504e+00 1.115043446374836655e+00
-4.565296610105296082e+00 -3.680491631532789132e+00 1.231793793694858863e+00
-4.482486542371078464e+00 -3.729315696818759296e+00 1.216083020569654449e+00
-4.436815366643069858e+00 -3.777523497437031974e+00 1.087134608730303320e+00
-4.359651078445178740e+00 -3.803786312033650585e+00 1.154641433200213063e+00
-4.377741428367912135e+00 -3.819580579081575333e+00 1.024243805416502395e+00
-4.327446279681631758e+00 -3.842378395885300613e+00 1.007763695431946438e+00
-4.168356561740250044e+00 -3.910068111804978930e+00 9.927328013917503524e-01
-4.060989340973557127e+00 -3.952646036491254122e+00 1.008616526214018094e+00
-4.148353803397112571e+00 -3.905788054290292965e+00 1.098143878826138398e+00
-3.918353889659698552e+00 -4.009266843798867441e+00 9.283152520624922133e-01
-3.810901187019744452e+00 -4.044133508336758887e+00 8.156342394998145062e-01
-3.688670060058296674e+00 -4.076097765084850444e+00 7.360486275430337955e-01
-3.748081949925418321e+00 -4.048934408893177128e+00 8.481372308445055408e-01
-3.405520300657784105e+00 -4.164203733060183765e+00 3.851236703495816704e-01
-3.484463804589834179e+00 -4.137282906834507834e+00 5.106567831595639761e-01
-2.119177144118991052e+00 -4.249534522080338661e+00 -2.892786109182917120e-01
-1.949479722091048028e+00 -4.242129406315264362e+00 -4.027229964886979707e-01
-1.785455910907004062e+00 -4.228933390624373345e+00 -4.664984377932260839e-01
-1.749698644526761937e+00 -4.195040821851551804e+00 -2.808556644762454924e-01
-1.668960021256224557e+00 -4.198563470210132209e+00 -3.838255386463350627e-01
-1.457714432922224024e+00 -4.182993841573336091e+00 -4.967749245320423057e-01
-1.343711433249808129e+00 -4.160599578729423875e+00 -4.693889178797814865e-01
-1.307268323932934795e+00 -4.169422103230203014e+00 -5.627967499478548907e-01
-1.215039346535650600e+00 -4.141366157245640167e+00 -6.479426595676998080e-01
-1.064990827654553440e+00 -4.092613658179143243e+00 -7.603871060160033446e-01
-8.796979336327815924e-01 -4.024782797771057297e+00 -8.352254920809722982e-01
-6.038697960746233218e-01 -3.916107505548414469e+00 -8.820099201119178112e-01
-5.217654507824467380e-01 -3.871855726506651330e+00 -7.960588905229842860e-01
5.597392820158587634e-01 -3.367806890945237885e+00 -9.074576749867429015e-01
7.684581852122996937e-01 -3.286442063254298329e+00 -1.036648616792090971e+00
1.434799327036581751e+00 -2.955285286240149745e+00 -1.079888529008505405e+00
1.979362594622754434e+00 -2.677019921318774198e+00 -1.075769495487636895e+00
2.073965184965944175e+00 -2.616375502116257579e+00 -1.011427488278935138e+00
2.154081579717161077e+00 -2.559818309225954103e+00 -9.300586846869136615e-01
2.628448325751505887e+00 -2.234211890122165034e+00 -9.949076192835601962e-01
3.061577025764182558e+00 -1.899166681849898897e+00 -9.735172714628337332e-01
3.348814011476908270e+00 -1.658340389466417708e+00 -8.112985193699812081e-01
3.575621276645541524e+00 -1.466246716644022952e+00 -6.678539721859522160e-01
4.327354833956747804e+00 -8.238245957285684762e-01 -4.251768978488377759e-01
4.577258108510250167e+00 -5.745793328041230996e-01 -4.277930407607407060e-01
4.935570289913908226e+00 -1.961232485689202165e-01 -3.475971279878855014e-01
5.051539372671332906e+00 -5.463484471719543684e-02 -2.459929758394351906e-01
5.393776986000792029e+00 3.064366120373148705e-01 -2.674012152150301858e-01
5.502653061228072850e+00 4.541015782198014050e-01 -2.321906352335519896e-01
5.518520882446012799e+00 4.871651716170431468e-01 -1.567061652427712559e-01
5.495585897054961144e+00 4.654766312151727981e-01 -1.067271006925034071e-01
5.481455544609818986e+00 4.488533887916677512e-01 -9.581921607425754328e-02
5.702066367942280500e+00 7.819265501273017227e-01 -1.429038246368880549e-01
5.659170371169452096e+00 7.130221964270976320e-01 -1.026299346275854757e-01
5.774527165160261433e+00 9.393523534659002916e-01 -1.570938155982583850e-01
5.761758558835677668e+00 9.225482075431680196e-01 -1.083532442350084446e-01
5.751369529308622219e+00 8.989969574844184352e-01 -1.030454162906460497e-01
5.738364356869664284e+00 8.548525277718671544e-01 -1.473449061453919740e-01
5.819661594242211855e+00 1.160416429521700987e+00 -1.460805696013416366e-01
5.818335631231391858e+00 1.158523900606707402e+00 -1.395958749367311180e-01
5.805334434693514289e+00 1.078775276705568054e+00 -1.372500932983986288e-01
5.800199558446215597e+00 1.006958575462858052e+00 -1.766572368718427877e-01
5.838863208517340198e+00 1.183973643432073564e+00 -2.675403717528974101e-01
5.828766407719806253e+00 1.182118885577357892e+00 -1.926980097868465913e-01
5.825873939682709945e+00 1.127778257540224649e+00 -2.250618445936705403e-01
5.814272260325669350e+00 1.427626801484799035e+00 -5.870696260529727484e-01
5.815816897895995652e+00 1.426833609218956189e+00 -5.761259583249896954e-01
5.823770688010374563e+00 1.398644470548147556e+00 -5.439032680065738479e-01
5.834799837611619466e+00 1.346232154535744963e+00 -5.125413602723936091e-01
5.832030622508062478e+00 1.321661085849483275e+00 -5.581429577314681589e-01
5.745554773976315310e+00 1.527356316273124293e+00 -9.229915205138020662e-01
5.768547409933054482e+00 1.509854399710514938e+00 -7.953273247239109889e-01
5.790375106872792443e+00 1.442546370294701452e+00 -7.248167069866114920e-01
5.748987964560552832e+00 1.564437557713645566e+00 -7.806642015337921237e-01
5.778926499707405462e+00 1.519927345101557803e+00 -6.841492027701988610e-01
5.792444563385932277e+00 1.494934830900612299e+00 -6.575802437902724673e-01
5.626472560671746947e+00 1.694336209911575075e+00 -1.104322429107440939e+00
5.673109880362662061e+00 1.653879428452504463e+00 -9.697441413360922136e-01
5.691552097531144661e+00 1.615651139549849180e+00 -9.751056439450604962e-01
5.697112395194209533e+00 1.589088144421545667e+00 -1.016337726115105644e+00
5.569501874068923719e+00 1.765743393342847911e+00 -1.138630479543323526e+00
5.597885831892746467e+00 1.730417512229993848e+00 -1.128497895636052073e+00
5.481155364078134085e+00 1.850209423877684500e+00 -1.271083648186386528e+00
5.418155223484580674e+00 1.881595187018356041e+00 -1.396962664390495767e+00
5.319403780362407907e+00 1.945804001540813566e+00 -1.534493058715169500e+00
5.278545432894063083e+00 1.980207473602662027e+00 -1.560187319457073674e+00
5.334603650198585179e+00 1.954564899574823045e+00 -1.439091312254513477e+00
5.164371469475124599e+00 2.062474830839197359e+00 -1.629727817330384854e+00
5.062331956158204527e+00 2.139016890517768221e+00 -1.643667326523594374e+00
4.872729185363630755e+00 2.244195377738864128e+00 -1.869422965856059937e+00
4.652951313307831960e+00 2.331559840162420461e+00 -1.996729330548578041e+00
4.350933915323070167e+00 2.470521558876585200e+00 -2.073891630795928531e+00
4.314643878197851556e+00 2.508618643043536878e+00 -1.972506153206984081e+00
4.611641701066688803e+00 2.389757092249015447e+00 -1.804623730022937522e+00
3.790262284503501000e+00 2.716774956236886140e+00 -2.203344982072683589e+00
3.533625821467767381e+00 2.816876217776371316e+00 -2.255381575432844343e+00
3.333900406518628401e+00 2.911542422536871566e+00 -2.155216699476048881e+00
3.180975323204763061e+00 2.993169659699217888e+00 -2.001794628526943232e+00
2.369094334326280471e+00 3.229576738030145222e+00 -2.110106125800591759e+00
1.652760212297944120e+00 3.336041429251242363e+00 -2.154240615760437905e+00
1.394143750523414882e+00 3.396719643612955419e+00 -2.029741237231754702e+00
2.083079938196244374e+00 3.307321507785998094e+00 -1.905241858703071722e+00
4.246799102135977999e-01 3.522809382574406012e+00 -2.162929947574972811e+00
7.797537201860323119e-02 3.570911821814007681e+00 -2.144261104044820065e+00
-1.168358291932835302e-01 3.617300647687303083e+00 -1.986704095970518447e+00
2.656060958765435465e-01 3.581960850920661965e+00 -1.872693144495938489e+00
-1.668129057930103354e+00 3.721964255718289483e+00 -1.472272194733671880e+00
-1.661057917855909727e+00 3.737969245523556250e+00 -1.357780159228179961e+00
-2.189912400267418402e+00 3.633800637177267756e+00 -1.527656496804809416e+00
-2.178032407834643802e+00 3.650149542426120775e+00 -1.436312157398251799e+00
-2.158588263593516743e+00 3.667351278457045005e+00 -1.347144623834045429e+00
-2.092490896057147776e+00 3.678801873572972614e+00 -1.340942218146251141e+00
-2.010682755395574173e+00 3.691431323359689820e+00 -1.343009686708849459e+00
-1.873750734183729172e+00 3.694657767087667466e+00 -1.459569190776939474e+00
-2.451399462623093939e+00 3.586207113276152381e+00 -1.341679747796947542e+00
-2.426051105275316644e+00 3.597671624045866601e+00 -1.333584813194159446e+00
-2.355365547890412969e+00 3.627860640960880900e+00 -1.325955059017956073e+00
-2.488854438765315535e+00 3.546613102351857449e+00 -1.448080824600733507e+00
-2.461050962499453210e+00 3.577788142735187638e+00 -1.360123952915971435e+00
-2.396701003488588277e+00 3.597043431674923131e+00 -1.430101799908293891e+00
-2.337573390548823848e+00 3.611072398642475534e+00 -1.513351204712063192e+00
-2.575395889664914506e+00 3.501152649381190862e+00 -1.451317208081415844e+00
-2.625003207464022825e+00 3.473410799582098640e+00 -1.369318224167910270e+00
-2.669165528731442638e+00 3.450388344367244287e+00 -1.283017315283767834e+00
-2.663267279476414728e+00 3.420974628163204745e+00 -1.492378326504938402e+00
-2.748116984465656998e+00 3.326890892911204656e+00 -1.529137519957824098e+00
-2.821293443878383655e+00 3.254185577776685712e+00 -1.527258906696617125e+00
-2.787917742246210917e+00 3.318203549047210821e+00 -1.405264345849543517e+00
-2.874477084700677754e+00 3.194954591408791345e+00 -1.479235985478653870e+00
-2.963670461621916719e+00 3.107735249374725672e+00 -1.302354110195682591e+00
-2.960430102240152905e+00 3.133407642660678949e+00 -1.171616542869468036e+00
-3.435715281424421175e+00 2.390904139711148790e+00 -9.327503697193730847e-01
-3.255563227501570900e+00 2.631585311705140207e+00 -1.230191505558845488e+00
-3.330538782153865895e+00 2.434817967160948893e+00 -1.360929072885060043e+00
-3.600112827310164576e+00 2.138426469207102887e+00 -6.997327470607819233e-01
-3.801420650889907549e+00 1.671536405157308280e+00 -6.333133315367773797e-01
-4.047238687081739172e+00 1.177003888835468581e+00 -2.894714421207648103e-01
-4.123313578383185352e+00 1.030887536124389880e+00 -1.589843565627110378e-01
-4.066649036163669351e+00 1.168944737342418216e+00 -1.546128533231406477e-01
-4.474950221870300560e+00 1.313458801917483376e-01 2.781301842845897432e-01
-4.597046168194962590e+00 -6.439130838211746255e-01 2.737586810450193808e-01
-4.749832094970961371e+00 -1.504158921410665428e+00 3.781598796045999022e-01
-4.779722919304831841e+00 -1.261155823184833658e+00 8.098811106342770350e-01
-4.877412796838132891e+00 -1.964057363407905266e+00 7.839264283715072779e-01
-4.927495234816530179e+00 -2.141967009120552934e+00 9.864309981769080471e-01
-4.964880632689818718e+00 -2.143992730721790974e+00 1.268378047500140271e+00
-4.975474421122592084e+00 -1.964484772774211629e+00 1.528358243345768086e+00
-4.930616317165837259e+00 -1.637349619704424608e+00 1.514752709843439682e+00
-5.001528500912409747e+00 -2.932213132261770827e+00 1.324513794875760153e+00
-5.023650414532210284e+00 -2.848699330036053912e+00 1.409033500075202783e+00
-5.037084984288015654e+00 -2.747510659550663981e+00 1.409884342906733812e+00
-5.049189615131918885e+00 -2.652393190017365399e+00 1.406713561793903056e+00
-4.971098941981940023e+00 -3.038147040688431666e+00 1.211661818566559967e+00
-4.967940088572356139e+00 -2.857490047328177685e+00 1.011063693329939506e+00
-4.926296500640331644e+00 -3.098451520348444177e+00 9.890968398523348748e-01
-4.889843451570753174e+00 -3.342858111656193731e+00 1.003344481379393027e+00
-4.915923374717603878e+00 -3.324097822401157032e+00 1.149252099283671225e+00
-4.878875928436278819e+00 -3.383267182302280851e+00 1.026867900130569167e+00
-4.874919906859769725e+00 -3.410881803266752055e+00 1.089661293867863145e+00
-4.852796005289428116e+00 -3.402027471557317995e+00 8.809602822262910804e-01
-4.846237756454803147e+00 -3.406148493028726687e+00 8.579020439016994404e-01
-4.822700422049840618e+00 -3.437687328361052952e+00 8.192900805446392543e-01
-4.798600497641785090e+00 -3.473671221102964779e+00 7.894887139851124447e-01
-4.796998209505771271e+00 -3.486736032058151302e+00 8.156262876976505538e-01
-4.830847043366692795e+00 -3.479617181170974849e+00 1.020794711227937412e+00
-4.807631756949365176e+00 -3.495186809807771411e+00 9.312792863190630932e-01
-4.779840208386747946e+00 -3.525707814463125533e+00 8.965537662695789445e-01
-4.775043283731412735e+00 -3.543024851625425686e+00 9.639949883716368850e-01
-4.769206660943154930e+00 -3.517257036713506313e+00 7.809007676481665161e-01
-4.712051094940022722e+00 -3.545358705560512469e+00 6.652259015708035239e-01
-4.638799093406739793e+00 -3.596124998525000116e+00 5.756886092059786408e-01
-4.621358803310900321e+00 -3.618135586914505542e+00 5.938823325568418632e-01
-4.669809133895170383e+00 -3.626552569504929213e+00 9.419207855648203953e-01
-4.600010202451533914e+00 -3.659347789579141530e+00 7.769984207362625739e-01
-4.493503764269076939e+00 -3.744473819693576733e+00 8.040126806373640855e-01
-4.454905716565803253e+00 -3.793317764484956722e+00 9.567369809465929853e-01
-4.514852365128443346e+00 -3.703261617028941188e+00 6.208965924579432638e-01
-4.460293062531803798e+00 -3.712135828243785074e+00 5.230297873264970754e-01
-4.326573569394150276e+00 -3.758365618073803205e+00 4.097702811564000736e-01
-4.083813001134315002e+00 -3.875563254265541158e+00 3.761838567668859823e-01
-4.130782308565570382e+00 -3.903400525690600364e+00 6.438812766125191489e-01
-3.971692590624188224e+00 -3.971090241610277349e+00 6.288503825723229523e-01
-3.674585430475596937e+00 -4.058925848312041396e+00 3.332381612305336249e-01
-3.572037001820191016e+00 -4.108861177950407395e+00 3.958168563094039416e-01
-3.654324238562135729e+00 -4.098470160472810875e+00 5.946317899107836924e-01
-3.323233063915838947e+00 -4.174594750537781174e+00 1.863087367482021139e-01
-3.268675749269740471e+00 -4.154464763360022239e+00 4.657768117468572694e-03
-3.024135965275747573e+00 -4.175063906865447372e+00 -1.098243276353186304e-01
-2.826330910549175179e+00 -4.202698407335327957e+00 -1.331489513323988183e-01
-3.000093691433380894e+00 -4.206133585870106550e+00 6.230435790421796211e-02
-2.638912897399118052e+00 -4.225436585622825092e+00 -1.530841193571426395e-01
-2.532132122042008326e+00 -4.244083561697026497e+00 -1.182174548192504726e-01
-1.651468044446320338e+00 -4.214711592454348121e+00 -6.464636243652257530e-01
-1.568781229645642483e+00 -4.193164196540886124e+00 -7.274507414533829541e-01
-1.490853568440022148e+00 -4.191629498723264291e+00 -6.611903619726552384e-01
-1.421271323605350911e+00 -4.191816366074115230e+00 -5.901827566001156544e-01
-1.428062162653269018e+00 -4.169815717437313829e+00 -7.563157833081177728e-01
-1.266250940421313365e+00 -4.141946638803600145e+00 -7.704540875554232171e-01
-2.782991600805713173e-01 -3.800772579013555585e+00 -1.112900435691682288e+00
-1.252051009707238205e-01 -3.729429009999593259e+00 -1.179433164396521683e+00
6.500001883775929912e-02 -3.644623039922253227e+00 -1.229946987642307477e+00
1.695483257373709141e-01 -3.599015478611555796e+00 -1.249273842801517764e+00
2.163904043340043049e-01 -3.584477596305517544e+00 -1.208459230245073845e+00
3.357449668626836803e-01 -3.523197032929893613e+00 -1.297346462783004917e+00
7.829682362107646121e-01 -3.294737780861723309e+00 -1.300374111456886750e+00
1.329954815506367183e+00 -3.024861567223198211e+00 -1.254726791135370112e+00
2.727883623859769013e+00 -2.138386710196284568e+00 -1.192301168248153465e+00
2.548331931000288986e+00 -2.290769083012468510e+00 -1.076276422875581673e+00
4.123961650259537315e+00 -9.826519041985436465e-01 -8.110540014534431963e-01
4.609107064126965803e+00 -5.255008098489101220e-01 -6.995916025723738496e-01
4.738264210773117213e+00 -4.317152671780541962e-01 -5.587631983002475655e-01
5.130963960634296051e+00 3.375540018549565320e-03 -5.506285046866405963e-01
5.299172407707060550e+00 2.111501667080345479e-01 -4.809210189678886915e-01
5.344632860677727137e+00 2.585727268626281661e-01 -4.088597998086405672e-01
5.277807903243366461e+00 1.649482081855901394e-01 -3.690053673634804965e-01
5.613984255373438259e+00 6.641126492678660620e-01 -3.685183194809453777e-01
5.692333362093742188e+00 7.910790744178801681e-01 -2.978943885628110855e-01
5.671412170600681257e+00 7.215266488413230039e-01 -2.228293761361727632e-01
5.635114181673299250e+00 6.486006711967574612e-01 -2.183882946276688164e-01
5.812288285685792033e+00 1.077465217299075739e+00 -3.990850469987417548e-01
5.818653703317944625e+00 1.082049431246528526e+00 -3.616042274994875072e-01
5.814560513154108712e+00 1.062672877323794562e+00 -3.286082244206384173e-01
5.802543352134007293e+00 1.021601819147567092e+00 -2.866883113634212110e-01
5.776870958848054016e+00 9.539955971506094423e-01 -2.671248900898368639e-01
5.817693523206660444e+00 1.314818560087499977e+00 -6.495270561488446504e-01
5.824263699744532730e+00 1.242648003648499033e+00 -5.358739357716376661e-01
5.819361413710526065e+00 1.170576844736545885e+00 -4.947591426835091788e-01
5.838600799045933876e+00 1.249490529410482109e+00 -4.444898373542612302e-01
5.844604409679631907e+00 1.216496514282173980e+00 -3.658942247668786063e-01
5.840063930644080692e+00 1.149009569317674284e+00 -3.329002096385704768e-01
5.550626283682512430e+00 1.652263224662704033e+00 -1.350870043147803790e+00
5.618769252325528818e+00 1.594644466183528397e+00 -1.208389651976140344e+00
5.667211631107634595e+00 1.532912638035106800e+00 -1.115043446374836655e+00
5.619244372504818230e+00 1.529884989361225189e+00 -1.232006504402741731e+00
5.310515653493776078e+00 1.718330772940958928e+00 -1.844847921268715885e+00
5.392534516912692588e+00 1.704995600712201353e+00 -1.673933873509705794e+00
5.454488995521701078e+00 1.634027754350480865e+00 -1.570918276477174302e+00
5.406110231156905144e+00 1.582778389404539521e+00 -1.697053738301067094e+00
5.384646329166163703e+00 1.835425035704566943e+00 -1.564938521249967351e+00
5.476030427583540749e+00 1.768713391451041561e+00 -1.428926921138586659e+00
5.504617156362540342e+00 1.732632089132623010e+00 -1.404751454609975525e+00
5.488671805073503052e+00 1.723231071024424521e+00 -1.453885640180335725e+00
5.099890305728555617e+00 1.968273806505281165e+00 -1.945163881466624556e+00
5.218837338396338232e+00 1.919992451716993065e+00 -1.795041808415511753e+00
5.255004122588017523e+00 1.838335395296532226e+00 -1.826896727883849936e+00
5.248424006297440769e+00 1.775557905163565708e+00 -1.910933361101839534e+00
4.858767808714471670e+00 2.206199679049501317e+00 -2.005573722505307632e+00
4.983171765617188775e+00 2.135804362443578075e+00 -1.900914090375402488e+00
5.083728267830553094e+00 2.063381336285874834e+00 -1.846398522690664734e+00
5.005639582631115303e+00 2.077259219012314251e+00 -1.970826334999873142e+00
4.462869446432887521e+00 2.302122268551888951e+00 -2.321850689720373229e+00
4.389353047477657199e+00 2.376284751432931497e+00 -2.278487524570418810e+00
4.618637299020326381e+00 2.292679503482330183e+00 -2.157962059173113900e+00
4.813830186736077543e+00 2.180578972477612787e+00 -2.126230392638315703e+00
4.007262989653581187e+00 2.549868616768450558e+00 -2.391784801800794114e+00
3.812499499254676127e+00 2.623402907278549634e+00 -2.452697594326340713e+00
3.704521977671909383e+00 2.696855691816470113e+00 -2.409006417337128170e+00
3.826552321628720499e+00 2.678677872069934907e+00 -2.304730459661628039e+00
2.348258624706482056e+00 3.086573515866209316e+00 -2.470125956718934201e+00
2.088266501157608257e+00 3.176011410703986293e+00 -2.388894321714238878e+00
2.522019417640146255e+00 3.147949500867799344e+00 -2.263528196749697852e+00
1.287001168167850595e+00 3.298854826432049858e+00 -2.450773258202691540e+00
8.269854370886943196e-01 3.376784475588210821e+00 -2.438529470820920420e+00
5.478990485939029265e-01 3.441885879903559431e+00 -2.388075286091363658e+00
4.839705350977209219e-01 3.461228638667097179e+00 -2.365824155686401919e+00
4.419333329585869996e-01 3.481000794747482363e+00 -2.334166043321618478e+00
6.832963719881270936e-01 3.462131168212692955e+00 -2.287429326103656013e+00
-1.201489475648469307e+00 3.620207031378185558e+00 -1.967079048230164107e+00
-1.355613293138533848e+00 3.671261577171112567e+00 -1.784889345002830474e+00
-1.149991616884908252e+00 3.698568065801734583e+00 -1.797592348959562880e+00
-8.574189719202462978e-01 3.704804266648725530e+00 -1.894409516205382449e+00
-2.101907817769673947e+00 3.424238842951460526e+00 -2.022085639698519177e+00
-2.105601429874777164e+00 3.428669984707259477e+00 -2.010963056421849693e+00
-2.089129271692384826e+00 3.499882348985517311e+00 -1.864663812261002418e+00
-2.066315551284331420e+00 3.570235918630081606e+00 -1.722932878443280469e+00
-1.918654561002926862e+00 3.592964157164873829e+00 -1.737238170536026693e+00
-1.549621362331872865e+00 3.572935555464704649e+00 -1.938440632737098879e+00
-2.558826321906015444e+00 3.395590487705690386e+00 -1.766490862746248558e+00
-2.549542592879733061e+00 3.423566915668616595e+00 -1.711400777355173375e+00
-2.533024711834899190e+00 3.448859610401246112e+00 -1.671405200421605119e+00
-2.446483260935300663e+00 3.494320063371912699e+00 -1.668168816940922783e+00
-2.646502892564501774e+00 3.232254507408818256e+00 -1.951867250690740629e+00
-2.652337527402218509e+00 3.233848843742668233e+00 -1.942356895302789432e+00
-2.640397896453214432e+00 3.285799955229567804e+00 -1.866204473930246355e+00
-2.549940182987925574e+00 3.342436666141509249e+00 -1.872794529973527577e+00
-2.470587161244437002e+00 3.344661182796843324e+00 -1.960767305262617111e+00
-2.711510863204424471e+00 3.323396075860197030e+00 -1.669462972743087636e+00
-2.721333326827306553e+00 3.266902497387204729e+00 -1.759900806702966891e+00
-2.795889423915459471e+00 3.200198804935843189e+00 -1.744685033262461493e+00
-2.732263078901503217e+00 3.214355000738017054e+00 -1.839168346573194279e+00
-2.785166418697522683e+00 3.131684089541666882e+00 -1.843213825924047145e+00
-2.854502157665115281e+00 3.031803490512228638e+00 -1.838717081800396391e+00
-3.073148885863108859e+00 2.846295897832033184e+00 -1.553207625107764445e+00
-3.025549398110369825e+00 2.899942731130371598e+00 -1.601230546325727699e+00
-3.023412351278837562e+00 2.900000381696059559e+00 -1.606224278084618540e+00
-3.029121745232474350e+00 2.814275978468795181e+00 -1.696210847271700350e+00
-3.046126674159843617e+00 2.710196827896850458e+00 -1.781585371203755708e+00
-3.145643478240286672e+00 2.569539387371246875e+00 -1.715587401194434536e+00
-3.283953149177016417e+00 2.392627692830160857e+00 -1.601437293181987576e+00
-3.923949970432500045e+00 9.567866797101167720e-01 -8.706686622757425775e-01
-3.660186704707426131e+00 1.433364026746008824e+00 -1.234529213639219636e+00
-3.555974361449236731e+00 1.563908762869750335e+00 -1.403025913540422831e+00
-3.604742764120060450e+00 1.266537205299211655e+00 -1.425388369175678571e+00
-4.432644646408136602e+00 -1.204904774677837853e+00 -5.296655662322206082e-01
-4.517522182704952094e+00 -1.345240167215806082e+00 -3.784143372738427158e-01
-4.398457860955253373e+00 -5.693112638705798423e-01 -3.691624154562162530e-01
-4.200287023329144276e+00 3.520640528534218494e-01 -4.952779977746996631e-01
-4.073199333196131811e+00 2.036277618610430329e-01 -8.588542722108191141e-01
-4.713058985864289063e+00 -2.043831830666077209e+00 -3.483088142815490146e-02
-4.750692877555197313e+00 -2.552560301800910203e+00 2.505493584793148654e-01
-4.812949524646431776e+00 -2.874459193145809888e+00 5.239323168720928514e-01
-4.855960822550636102e+00 -2.625931580366650753e+00 5.327429136696262280e-01
-4.847521972504263310e+00 -2.207060461633737258e+00 3.522051973418300341e-01
-4.695187310501061084e+00 -2.892613157485853570e+00 2.621053149739135391e-01
-4.639669815743679315e+00 -3.248605400608212346e+00 2.950377036354519533e-01
-4.616239830667928423e+00 -3.447140033183317076e+00 3.296260550976097825e-01
-4.642641801802414925e+00 -3.463427311965399547e+00 3.934591469678257458e-01
-4.736369693907582779e+00 -3.459566712014855661e+00 5.936417905413857721e-01
-4.712269769499528138e+00 -3.495550604756767488e+00 5.638404239818588515e-01
-4.643156680992523100e+00 -3.530590220991722816e+00 4.423647182259753396e-01
-4.652233663162545163e+00 -3.552914905566700199e+00 4.908329403651138789e-01
-4.554517942272212849e+00 -3.524465345375026093e+00 2.421820746524154244e-01
-4.498062134859497796e+00 -3.555222916144754386e+00 1.800049455828189038e-01
-4.578981661629263122e+00 -3.603681198531187846e+00 4.012956480002889403e-01
-4.513448872046526006e+00 -3.612114084725938756e+00 2.906502967915539082e-01
-4.457617281103672724e+00 -3.627101243854233825e+00 2.115000460032434304e-01
-4.451150477993930821e+00 -3.649553157263832670e+00 2.424723154313955520e-01
-4.349643735421986790e+00 -3.636444611396744353e+00 6.372574254100413227e-02
-4.161991144108097451e+00 -3.684924761239129154e+00 -6.945700395059095644e-02
-4.001394559656667127e+00 -3.754395680843506167e+00 -1.349818417311636765e-01
-4.101931182364621620e+00 -3.762870313999617355e+00 -3.969937230296525545e-03
-3.859170614104787678e+00 -3.880067950191356196e+00 -3.755636161981065063e-02
-3.551632677467781107e+00 -3.952447241437157643e+00 -2.373811740959977656e-01
-3.361453401016330389e+00 -4.054387357227029476e+00 -2.254415431469938280e-01
-3.418853484936000164e+00 -4.097680944108049950e+00 -5.353153216696280442e-02
-3.197880854605084089e+00 -4.037694536534591094e+00 -4.474121246494720539e-01
-2.869976364675945746e+00 -4.068565420485153794e+00 -5.213917160807461926e-01
-2.537698383556695525e+00 -4.110590694921041788e+00 -5.732255384857295466e-01
-2.678463173411510745e+00 -4.143612541356922918e+00 -4.418180318272114659e-01
-2.465150116514912337e+00 -4.222001407088047387e+00 -3.485374285937594130e-01
-2.324210387012492163e+00 -4.189894017901006684e+00 -4.799449352522774936e-01
-1.951030323512996656e+00 -4.184558358649070442e+00 -6.355179686867016287e-01
-1.815491855630364082e+00 -4.227907608145238250e+00 -5.826881830606975843e-01
-1.300674291988571429e+00 -4.129114418061704761e+00 -8.667146286497737773e-01
-1.235560959969977723e+00 -4.103281000781933585e+00 -9.041855083963231676e-01
-1.093991050146073452e+00 -4.059796570648981806e+00 -9.550352952835313713e-01
-9.629016155741090266e-01 -4.042934774160560352e+00 -9.456183735710051996e-01
-8.021082240191245161e-01 -3.964400788039947887e+00 -1.053997461163046268e+00
-5.786268001055170362e-01 -3.898744745523672339e+00 -1.099656709187808890e+00
-5.541272976387296989e-01 -3.909447871236199301e+00 -1.066116007660736775e+00
1.070042209979132020e+00 -3.084965263878573616e+00 -1.475590084186533701e+00
1.617028789274734368e+00 -2.815089050240048518e+00 -1.429942763865017064e+00
1.521744331895994895e+00 -2.783359371655790504e+00 -1.595153381522014024e+00
2.062814770381701468e+00 -2.401247446375762706e+00 -1.630795346770880228e+00
2.542753741782355803e+00 -2.172476086072661072e+00 -1.471620146956237329e+00
2.259172597114454728e+00 -2.486095163414463904e+00 -1.256643175456855444e+00
3.011464768527670088e+00 -1.824767632854482180e+00 -1.407278139747535350e+00
3.068902623507618888e+00 -1.670160743382964386e+00 -1.595572839086156547e+00
3.379136221078166802e+00 -1.344898239722761124e+00 -1.624692338610134179e+00
3.724395519229883877e+00 -1.021651517911090989e+00 -1.582036883852761644e+00
3.985844810525280835e+00 -9.282874207549186574e-01 -1.256327091320842637e+00
3.836724664546811603e+00 -1.223478196582024502e+00 -9.732727535462957213e-01
4.628171509814769102e+00 6.469188650391052842e-02 -1.517991081274663312e+00
5.080456101240133471e+00 7.231368887795004419e-01 -1.496642480415297127e+00
5.141796303131985546e+00 7.067581642725334623e-01 -1.371463222801605708e+00
5.161308037691505923e+00 3.810583114933192017e-01 -9.607943880006916126e-01
5.001806813988145528e+00 -9.041000265230621225e-02 -6.914569089587666584e-01
5.510294743107522208e+00 9.765369683345513918e-01 -1.013089414931177545e+00
5.618783167979315429e+00 9.879080454288410307e-01 -7.697185458552681103e-01
5.678809334563593936e+00 9.196378479512029580e-01 -5.450304359632980322e-01
5.671736206538859015e+00 8.265262205137324791e-01 -4.493563402785305527e-01
5.568523802402772560e+00 6.166900891132723883e-01 -4.405795386401935021e-01
5.419707812857069484e+00 1.478405022152532666e+00 -1.652275152365950239e+00
5.488262287262065442e+00 1.469007979945416098e+00 -1.500622357398298412e+00
5.530074850990071234e+00 1.388130200137011716e+00 -1.375936111518764937e+00
5.490783008548002719e+00 1.302236821113766041e+00 -1.423758249732091530e+00
5.661056936232823134e+00 1.449007209552820363e+00 -1.107320258523208478e+00
5.732016830792379558e+00 1.385539900582141382e+00 -9.116860457873641188e-01
5.752765070588376162e+00 1.311017598653184901e+00 -8.331003729526862411e-01
5.050531481747067453e+00 1.707800598925495184e+00 -2.196854323556449717e+00
5.084048327867647821e+00 1.761626347772520473e+00 -2.139221649423487026e+00
5.159558641215459929e+00 1.738689374430927304e+00 -2.046762069763451652e+00
5.221650288411796126e+00 1.681462242208320079e+00 -1.980676629930328447e+00
4.903788924615586353e+00 1.771798690690610911e+00 -2.346566878796124911e+00
4.979424478847479740e+00 1.711201982301077340e+00 -2.278899030332397935e+00
4.882100384213716282e+00 1.836339492953408703e+00 -2.349938442913592773e+00
4.876649423830404118e+00 1.937669307927206264e+00 -2.275382345825439856e+00
4.897002061468748835e+00 2.035939667018466626e+00 -2.172372712644531578e+00
4.955266903873737583e+00 2.012155826746425458e+00 -2.121628287135993940e+00
5.049517626971177897e+00 1.903170414239391706e+00 -2.095965833602745576e+00
4.484619613301527252e+00 2.137629301040179008e+00 -2.466875657584465031e+00
4.645311619378923673e+00 2.098806614925776692e+00 -2.369356743797687237e+00
4.746635470501098908e+00 1.962598207710841258e+00 -2.397271545293843342e+00
4.741413124429997517e+00 1.865502727389287463e+00 -2.479147276273808931e+00
3.875207411118709366e+00 2.540129647068289032e+00 -2.522494537819435667e+00
4.155973617820611921e+00 2.405368467847171843e+00 -2.459210120298524593e+00
4.212616292584176136e+00 2.327852312403530632e+00 -2.506716174375838602e+00
4.072098008596439556e+00 2.353743380248989769e+00 -2.588152568286252730e+00
3.263892740268191872e+00 2.793460148354406591e+00 -2.552900241343414312e+00
2.823782357955665123e+00 2.876610155631127874e+00 -2.592518107674199879e+00
2.676232692904554344e+00 2.965071966753293875e+00 -2.536781938357313138e+00
2.981736956138159034e+00 2.963845401269521229e+00 -2.444924707711188194e+00
1.546993291716724173e+00 3.209416931594273326e+00 -2.532004893207386420e+00
1.818330649002854571e+00 3.112675306469010472e+00 -2.587741062524273605e+00
1.541673536069116057e+00 3.106405310462823532e+00 -2.667626855012739551e+00
-5.642062068813953335e-01 3.522358117801608124e+00 -2.331734779810024527e+00
-1.017679592730253546e+00 3.504319454592939920e+00 -2.237690803568844089e+00
-9.908820194381167124e-01 3.544084429263756331e+00 -2.192814808057219622e+00
-6.427501327547131549e-01 3.591355905177237240e+00 -2.221453223550285294e+00
-1.675512306239228089e+00 3.395713740639230149e+00 -2.185491198264324364e+00
-2.031144730313672486e+00 3.382255315476932367e+00 -2.092266257646019145e+00
-1.739092928390742143e+00 3.438661424126122412e+00 -2.117157386369375782e+00
-2.556784696700449722e+00 3.251879555149172596e+00 -2.005766553707780897e+00
-2.496973228774594933e+00 3.301313921251217476e+00 -1.994425295871605996e+00
-2.421530505745174811e+00 3.350179733498547918e+00 -1.996272101924157383e+00
-2.422580143630800986e+00 3.328348060657728702e+00 -2.021576724360032884e+00
-2.428939597411330809e+00 3.303482775291404661e+00 -2.046267070078752415e+00
-2.642067774907621125e+00 3.214424579006950999e+00 -1.971446575568652770e+00
-2.615021707797863915e+00 3.219358672249613029e+00 -1.989143311284275795e+00
-2.616297972045160236e+00 3.203908320645274088e+00 -2.000484569120450917e+00
-2.721756760292531663e+00 3.124068251019250564e+00 -1.953431767766475868e+00
-2.663018785658795018e+00 3.205144825881750759e+00 -1.958896643803574200e+00
-2.658583668001913924e+00 3.187314897479883058e+00 -1.978475968681486119e+00
-3.062288712057845697e+00 2.544817234443872422e+00 -1.839454611451092569e+00
-2.973377624113422879e+00 2.663223544564513379e+00 -1.904599750678341863e+00
-3.019641209102637447e+00 2.488464800459287307e+00 -1.905243846653612794e+00
-3.332721551847840136e+00 2.095256135259622621e+00 -1.623799748817243316e+00
-3.260358164206365483e+00 2.067480490301333962e+00 -1.725304503438645387e+00
-4.657553418810153723e+00 -2.383884686351020576e+00 -2.327492493355616879e-02
-4.596602855224329431e+00 -2.062260132180773642e+00 -1.860821103865327175e-01
-4.487844069078964715e+00 -2.198884021058769900e+00 -2.924016812181393643e-01
-4.328708628275141024e+00 -3.492829100466193104e+00 -9.600409547456680015e-02
-4.438258618735806849e+00 -3.285505738549505672e+00 -3.449094188565079988e-02
-4.405113519366386399e+00 -2.884848222672865337e+00 -1.945507796910210530e-01
-4.323951462630624576e+00 -2.771280584168919425e+00 -3.216782288348528640e-01
-4.472938415922849131e+00 -3.522737816354931883e+00 9.964204496452304383e-02
-4.386818410537933310e+00 -3.531526545696514141e+00 3.540539913449228249e-03
-4.301207320491504227e+00 -3.576615251916021698e+00 -6.290471896758778603e-02
-4.356110538531728693e+00 -3.613992697987145508e+00 3.275347311285201762e-02
-4.243097538228711940e+00 -3.537917806685700661e+00 -1.624493543556038422e-01
-4.128804297777315391e+00 -3.574281397980934916e+00 -2.248093748749686316e-01
-3.967569581202238016e+00 -3.661886402419946229e+00 -2.837262650573912914e-01
-3.949113448379968361e+00 -3.711380407038220586e+00 -2.588907989491817663e-01
-3.788516863928539369e+00 -3.780851326642598487e+00 -3.244156367297544308e-01
-3.570055015130854326e+00 -3.840648878914665776e+00 -4.276181011131362508e-01
-3.377740679798413304e+00 -3.905018717430941422e+00 -5.044185943620322909e-01
-3.371709237857141161e+00 -3.919270334859081384e+00 -4.921748069802615588e-01
-3.388060131056534807e+00 -3.935754420744718818e+00 -4.593517555984760192e-01
-2.864650645176714416e+00 -4.012387926148174522e+00 -6.349673063868558343e-01
-2.534112120780803945e+00 -4.034865682914805518e+00 -7.102589451751634142e-01
-2.185024029887199237e+00 -4.071686502834460875e+00 -7.748733016079766278e-01
-1.988403793683038545e+00 -4.129454357604209314e+00 -7.521231956172338418e-01
-1.972734767519194410e+00 -4.114570571904043739e+00 -7.755810120005584007e-01
-1.696815184236151852e+00 -4.127889840528473187e+00 -8.297467003900872440e-01
-1.470160991259172656e+00 -4.158518194513039390e+00 -8.485845197162213971e-01
-1.505989823858889354e+00 -4.171350415254935662e+00 -8.225761627888455996e-01
-3.319479813294507475e-01 -3.771134224398387413e+00 -1.233732045472294869e+00
-1.543544197528159134e-01 -3.710493781096952048e+00 -1.266724072650061927e+00
1.716396497064605342e-02 -3.586769703279243604e+00 -1.367280574863426468e+00
1.412697292922191761e-01 -3.556354060002560935e+00 -1.364044191382744131e+00
1.396706218770711772e+00 -2.658106559872083885e+00 -1.921250824409420188e+00
1.662813278183577381e+00 -2.390536368861071903e+00 -2.028751237862356671e+00
2.005593602010717458e+00 -2.085646382344623628e+00 -2.119588649880969289e+00
2.273219455636876329e+00 -1.990596503129717698e+00 -2.019264737880896554e+00
2.394406908564320258e+00 -2.033613764885544573e+00 -1.870772784273371458e+00
2.744622167414649816e+00 -1.471711592681121283e+00 -2.209609014227247314e+00
3.176043217912641659e+00 -9.879875634504794446e-01 -2.251461336966072313e+00
3.524260586469306400e+00 -8.412489822200800438e-01 -2.090236560143699407e+00
3.836446351471077154e+00 -2.636718200001897938e-01 -2.290703480644616263e+00
4.025575990036901253e+00 9.893632252248237002e-02 -2.354361632867227883e+00
4.291836121641420476e+00 4.821595121549065999e-01 -2.342145676793030873e+00
4.406095566933620589e+00 6.018261829185166389e-01 -2.301068654765180632e+00
4.556643061400498240e+00 6.239321929339886053e-01 -2.138468216168463609e+00
4.750456311440823143e+00 6.309874294038544384e-01 -1.912006854393957678e+00
4.366722218519371701e+00 -2.867221065226173773e-02 -1.843700873806582541e+00
4.790585081060635630e+00 1.528467580625520794e+00 -2.468784090103786522e+00
4.862684071280162001e+00 1.537713538591524376e+00 -2.389470827371117156e+00
4.933791074179748826e+00 1.534312155215942441e+00 -2.307426120595169383e+00
4.974446650692915917e+00 1.427752042368879426e+00 -2.228584002140707732e+00
5.168259900733241707e+00 1.434807278838745592e+00 -2.002122640366201800e+00
5.223212817536990293e+00 1.537966008310226451e+00 -1.957246644854577333e+00
5.334689132071845918e+00 1.503866692681144590e+00 -1.803126803265594935e+00
5.348286713772011147e+00 1.399493325429137291e+00 -1.758348217330477858e+00
4.747539987997235755e+00 1.781307058128021481e+00 -2.496800277077531049e+00
4.758213294451648423e+00 1.777072723475777272e+00 -2.489480643185717490e+00
4.779901834853518494e+00 1.712531921212979258e+00 -2.486109079068250072e+00
4.783438398865885510e+00 1.642689254857442327e+00 -2.497754493337192017e+00
4.633566807582933933e+00 1.798614155537616277e+00 -2.563193849244503220e+00
4.702984052522705127e+00 1.788495487284131436e+00 -2.523144597646329146e+00
4.709110916089943366e+00 1.704299818022865232e+00 -2.540797598450051265e+00
4.276067697950528768e+00 2.176294939061845124e+00 -2.582242391327979281e+00
4.483017325165514322e+00 2.024604373033914939e+00 -2.548312051494879160e+00
4.569069740232036381e+00 1.898804874851444335e+00 -2.572718120286241472e+00
3.069435394252595817e+00 2.669702275377501266e+00 -2.704395988218330160e+00
3.307226086160031109e+00 2.660925473739164104e+00 -2.649307890777795382e+00
3.540605515817077276e+00 2.624919713541302269e+00 -2.612061649442374733e+00
3.645807858444664706e+00 2.538292780768442558e+00 -2.638495427785515712e+00
2.274173671896536852e+00 2.921354946407048736e+00 -2.697605149170411831e+00
2.476493362301628309e+00 2.846981740768664615e+00 -2.713075380280160154e+00
2.180266864242682345e+00 2.861275105158164855e+00 -2.763014685819608740e+00
-8.986729215462420095e-01 3.456054003408979725e+00 -2.321687677776014702e+00
-9.095529748569144424e-01 3.462862734011766364e+00 -2.314224911445251553e+00
-5.221690047422615777e-01 3.502585961721222940e+00 -2.363392892174808413e+00
-2.043227493701625264e+00 3.355857320243528896e+00 -2.116956603364738676e+00
-1.668482913126394296e+00 3.385302843656223359e+00 -2.194186493930482040e+00
-1.659596774208304426e+00 3.376830198450653242e+00 -2.201649260261244745e+00
-2.565971016150224049e+00 3.228519148342354761e+00 -2.017107811543955798e+00
-2.519331708508768752e+00 3.253919192404197247e+00 -2.030148767092651241e+00
-2.871507086592484548e+00 2.927724339940283471e+00 -1.924091605732451749e+00
-2.801378155359048883e+00 3.005236519482843427e+00 -1.947438096885482528e+00
-2.809906463179766334e+00 2.910536519563146296e+00 -1.966287843914862332e+00
-2.890641110549221349e+00 2.810773209615624602e+00 -1.942088521979759896e+00
-2.936904695538435472e+00 2.636014465510398086e+00 -1.942732617955030827e+00
-2.926000786821272293e+00 2.517777131185738426e+00 -1.975410548947326594e+00
-4.406682012343203780e+00 -2.085316382554823988e+00 -4.195291303619712586e-01
-4.299807803310669030e+00 -1.431389991858835753e+00 -6.359851370638270884e-01
-4.129482188911782536e+00 -1.425267104192679657e+00 -7.679393301211091538e-01
-3.816556906308775421e+00 -3.575651095903655818e+00 -4.367169507391088779e-01
-3.959238080485075528e+00 -3.218396504187788221e+00 -4.399712257746598576e-01
-3.871643015798768239e+00 -2.526309414907537576e+00 -6.697763203590602066e-01
-3.550388220429139707e+00 -2.642775485300202121e+00 -8.374102497254868327e-01
-3.616358359130887212e+00 -3.772547657233010110e+00 -4.524535672213457760e-01
-3.467898212732017260e+00 -3.723053652614736198e+00 -5.740008391967037493e-01
-3.230980231112063450e+00 -3.762017483217545699e+00 -6.955481111720617227e-01
-2.850556075841310211e+00 -3.982938426834396584e+00 -6.706689101519509588e-01
-2.855446434172070891e+00 -3.908038414302659191e+00 -7.154156888784130031e-01
-2.650790901881352024e+00 -3.854182846197519829e+00 -8.005337671906843644e-01
-2.265120545133005869e+00 -3.945634534933288862e+00 -8.424715718027701028e-01
-1.909104446604156458e+00 -4.085005771458891211e+00 -8.290389899975056931e-01
-1.877412539080176801e+00 -4.064736627743265274e+00 -8.511092169032401511e-01
-1.568236531197419792e+00 -4.074195296417152612e+00 -9.074179159759235835e-01
1.154428722492330417e+00 -2.718144654159607487e+00 -1.931759130968933036e+00
1.305379770919023352e+00 -2.621102848502659732e+00 -1.975187898486738813e+00
1.283283700656256077e+00 -2.685089012564529920e+00 -1.930631963012209074e+00
1.571777071110868507e+00 -2.354162837813131848e+00 -2.095250171407999407e+00
1.815788060260967063e+00 -2.150578810863990054e+00 -2.158194649386406372e+00
3.192636641078032245e+00 -6.420921211256553907e-01 -2.491170401145533564e+00
3.488228982914411969e+00 -4.104104012305890836e-01 -2.451928257466989169e+00
4.454446499990842412e+00 1.141717766733433947e+00 -2.607596712527379346e+00
4.560746191317038623e+00 1.246586133670140040e+00 -2.568996676873565033e+00
4.641987766074438859e+00 1.462079972310171838e+00 -2.572958662301697341e+00
4.659656670482489105e+00 1.492408145763052696e+00 -2.565637040459343154e+00
4.685527858822538860e+00 1.510802652118552913e+00 -2.549568436236765656e+00
4.732944455125509542e+00 1.514023131994907567e+00 -2.513844965015720412e+00
4.740091137320259662e+00 1.399801457762986256e+00 -2.484874561782314473e+00
4.472163115211874818e+00 1.586307001614743362e+00 -2.674415706110116808e+00
4.492283162636927507e+00 1.701671747407716317e+00 -2.646288193906077613e+00
4.549325415459224864e+00 1.796214699234677914e+00 -2.606439725312540645e+00
4.613822482810122416e+00 1.696023979920850078e+00 -2.596915454270802837e+00
3.642994908429206813e+00 2.206585341454447846e+00 -2.738187171513562834e+00
3.815250822803364361e+00 2.204016909355527520e+00 -2.700372376323427748e+00
4.020142921208457842e+00 2.154228688057191921e+00 -2.665807880267760943e+00
4.224112610562546166e+00 1.976780246870047719e+00 -2.659897703309487937e+00
4.334272901839287151e+00 1.730546729015156160e+00 -2.690221900861287541e+00
2.773208896193649853e+00 2.683995639767001506e+00 -2.754335293757778746e+00
2.943946016354514583e+00 2.591160337454724516e+00 -2.763495769850520922e+00
2.540107779612338579e+00 2.634948924020443783e+00 -2.814645737269414028e+00
-8.897867826281521397e-01 3.447581358203409163e+00 -2.329150444106776963e+00
-4.550776619354126584e-01 3.473237847885035201e+00 -2.393106788910532412e+00
-7.717780626157024759e-01 3.410303309659332260e+00 -2.364838132218085143e+00
-2.318733583272148291e+00 2.728140069479552565e+00 -2.200327273151506891e+00
-2.377048124440659826e+00 2.983200087736305406e+00 -2.130492558598133357e+00
-2.345417843383450052e+00 3.005160977362286712e+00 -2.132647496984533486e+00
-1.950819600755654637e+00 3.049062877108841274e+00 -2.210799796601282008e+00
-1.497710009855792279e+00 3.056879498635894699e+00 -2.310032323754367400e+00
-1.696123377447898095e+00 2.754198125170451927e+00 -2.333267489677104845e+00
-2.799322614499696549e+00 2.788999187340492458e+00 -1.999609870882428142e+00
-2.732056332045243785e+00 2.947138664923295792e+00 -2.000339448730960701e+00
-2.716816703198246419e+00 2.958797994846024793e+00 -2.004651313454302031e+00
-2.666489747303310676e+00 2.983408822543105909e+00 -2.021274555877807355e+00
-2.561535898493342955e+00 2.753748848348195555e+00 -2.104150225979876332e+00
-3.808227393542154449e+00 -1.541733174585344646e+00 -9.355732594875357799e-01
-3.813447751662714325e+00 -1.060698842436621492e+00 -1.015944111907995717e+00
-3.619745826852683201e+00 -4.774202380652586841e-01 -1.196255201874122598e+00
-3.324439749894201324e+00 2.683176604144125732e-01 -1.446522271376620816e+00
-3.172633882734895661e+00 5.708956604517245736e-01 -1.561316475364338929e+00
-3.096103750759570783e+00 6.540456677284459674e-01 -1.607283855722950294e+00
-2.849232100781030841e+00 7.072670796110190894e-01 -1.718670712483463037e+00
-2.606429785559835732e+00 6.816583007423762108e-01 -1.814847759655093151e+00
-2.529979171606148824e+00 4.884951105289451201e-01 -1.813374688304242310e+00
-3.026324698821343695e+00 -3.708161915112407225e+00 -7.806661894843331950e-01
-3.084669059247969969e+00 -3.428409563186394227e+00 -8.300071219109528275e-01
-2.673678176459421074e+00 -1.581452426393719302e+00 -1.333189211036508448e+00
-9.402012083468901382e-01 -1.278389366424413254e+00 -1.787030367735444214e+00
3.539665215211204585e-01 -2.599919247538192923e+00 -1.780933323426320936e+00
2.177938974159219498e-01 -2.773556787538318247e+00 -1.711891801138790248e+00
-4.071322707885460107e-02 -3.032067887934176476e+00 -1.596674163685848136e+00
-1.955944537250248860e+00 -3.955093203607175312e+00 -8.987802708754537573e-01
-9.339272364396213888e-01 -3.557761528985559529e+00 -1.238709873626857805e+00
2.612147131315635806e-01 -3.243838295210990541e+00 -1.573794840909942927e+00
-1.753968762288745167e-02 -3.452427981622269382e+00 -1.439568420384343961e+00
-3.938229419168214340e-01 -3.721922508756929648e+00 -1.263380339840167732e+00
-6.436168791905715336e-01 -3.861216215211435543e+00 -1.162823837626803192e+00
-9.331976585910891631e-01 -3.981262584528368453e+00 -1.063414382875572439e+00
1.932281961961205496e+00 -1.970685190511464624e+00 -2.236080563630666873e+00
2.294717152786814651e+00 -1.572914178820297604e+00 -2.338658811544187532e+00
2.656832283575328191e+00 -1.195875503320799060e+00 -2.432704775735908598e+00
2.612825022450103507e+00 -1.314719162560451737e+00 -2.391027392644688554e+00
2.476996313788490944e+00 -1.566761471896027436e+00 -2.309932926227319605e+00
3.236643902203257817e+00 -5.232484618860026027e-01 -2.532847784236753608e+00
3.283521763909627911e+00 -3.052100465535426688e-01 -2.570990591266147263e+00
3.766484408083082602e+00 3.379873750728862314e-01 -2.606698158882865268e+00
4.205101839539349129e+00 7.238386353204592227e-01 -2.594939431433088917e+00
4.215478941363159038e+00 6.726230655337144260e-01 -2.581212632947762042e+00
4.457589449796098613e+00 1.413981508971651646e+00 -2.653647586808711267e+00
4.524537660163998609e+00 1.398827361997915686e+00 -2.623317425405288894e+00
4.444069398167032503e+00 1.192933336520178633e+00 -2.621323511012706220e+00
2.601231294895226309e+00 2.527225860106919519e+00 -2.836873012267884686e+00
3.239156671687030364e+00 2.208243292205608110e+00 -2.794883520941733757e+00
3.144585888552495323e+00 1.941736654734010026e+00 -2.842419394277162059e+00
-9.701914302078080699e-01 3.107621936193890821e+00 -2.388073298140822587e+00
-3.744046410327269703e-01 3.105455070104244708e+00 -2.466796139562827062e+00
1.694807354189782622e-01 2.949542097127316076e+00 -2.558925719433063239e+00
6.057543731874530657e-01 2.778785097461041964e+00 -2.638843319130183662e+00
7.948581683962445688e-01 2.645294218635597883e+00 -2.681313894487246774e+00
8.559816836791324102e-01 2.537571154722074063e+00 -2.703541169485717433e+00
-7.965022034936182216e-01 7.915581704982513900e-01 -2.267215845003177854e+00
-7.350824835801272883e-01 9.810019052495470016e-01 -2.300241667340141127e+00
7.238386353204593338e-01 1.002891228656054290e+00 -2.495194013040435976e+00
2.374517463402018524e+00 7.260392965693016620e-01 -2.676061729158031532e+00
2.651367407538230303e+00 -1.714329028502006302e-01 -2.594356961924587868e+00
2.595871780236799431e+00 -1.007783574937355819e+00 -2.476944627074426197e+00
3.421435832688707102e+00 1.044264455314507511e+00 -2.760714627043718394e+00
3.863476514976505793e+00 1.023436697496872938e+00 -2.699777979111680715e+00
3.953077421758641741e+00 9.945617158894332066e-01 -2.684180519167310486e+00
3.938503756342865980e+00 8.222362232463414911e-01 -2.663412399865904945e+00
4.843343300467164991e-01 -3.277540020731880333e+00 -1.560990451475621654e+00
8.722649865601332930e-01 -3.029638612373124484e+00 -1.702934096001226028e+00
9.856875046745890989e-01 -3.002656159680678005e+00 -1.693552957398436920e+00
9.503596356111940757e-01 -3.065165276490614765e+00 -1.635967994078457277e+00
6.091577445135759605e-01 -3.319296921844739234e+00 -1.470757376421460760e+00
2.889028882660503172e-01 -3.537734915235931865e+00 -1.338161075339448614e+00
